Size of B3 group data = 25
Size of B3 group data = 50
Size of B3 group data = 75
Size of B3 group data = 100
Size of B3 group data = 125
Size of B3 group data = 150
Size of B3 group data = 175
Size of B3 group data = 200
Size of B3 group data = 225
Size of B3 group data = 250
Size of B3 group data = 275
Size of B3 group data = 300
Size of B3 group data = 325
Size of B3 group data = 350
Size of B3 group data = 375
Size of B3 group data = 400
Size of B3 group data = 425
Size of B3 group data = 450
Size of B3 group data = 475
Size of B3 group data = 500
Size of B3 group data = 525
Size of B3 group data = 550
Size of B3 group data = 575
Size of B3 group data = 600
Size of B3 group data = 625
Size of B3 group data = 650
Size of B3 group data = 675
Size of B3 group data = 700
Size of B3 group data = 725
Size of B3 group data = 750
Size of B3 group data = 775
Size of B3 group data = 800
Size of B3 group data = 825
Size of B3 group data = 850
Size of B3 group data = 875
Size of B3 group data = 900
Size of B3 group data = 925
Size of B3 group data = 950
Size of B3 group data = 975
Size of B3 group data = 1000
Size of B3 group data = 1025
Size of B3 group data = 1050
Size of B3 group data = 1075
Size of B3 group data = 1100
Size of B3 group data = 1125
Size of B3 group data = 1150
Size of B3 group data = 1175
Size of B3 group data = 1200
Size of B3 group data = 1225
Size of B3 group data = 1250
Size of B3 group data = 1275
Size of B3 group data = 1300
Size of B3 group data = 1325
Size of B3 group data = 1350
Size of B3 group data = 1375
Size of B3 group data = 1400
Size of B3 group data = 1425
Size of B3 group data = 1450
Size of B3 group data = 1475
Size of B3 group data = 1500
Size of B3 group data = 1525
Size of B3 group data = 1550
Size of B3 group data = 1575
Size of B3 group data = 1600
Size of B3 group data = 1625
Size of B3 group data = 1650
Size of B3 group data = 1675
Size of B3 group data = 1700
Size of B3 group data = 1725
Size of B3 group data = 1750
Size of B3 group data = 1775
Size of B3 group data = 1800
Size of B3 group data = 1825
Size of B3 group data = 1850
Size of B3 group data = 1875
Size of B3 group data = 1900
Size of B3 group data = 1925
Size of B3 group data = 1950
Size of B3 group data = 1975
Size of B3 group data = 2000
Size of B3 group data = 2025
Size of B3 group data = 2050
Size of B3 group data = 2075
Size of B3 group data = 2100
Size of B3 group data = 2125
Size of B3 group data = 2150
Size of B3 group data = 2175
Size of B3 group data = 2200
Size of B3 group data = 2225
Size of B3 group data = 2250
Size of B3 group data = 2275
Size of B3 group data = 2300
Size of B3 group data = 2325
Size of B3 group data = 2350
Size of B3 group data = 2375
Size of B3 group data = 2400
Size of B3 group data = 2425
Size of B3 group data = 2450
Size of B3 group data = 2475
Size of B3 group data = 2500
Size of B3 group data = 2525
Size of B3 group data = 2550
Size of B3 group data = 2575
Size of B3 group data = 2600
Size of B3 group data = 2625
Size of B3 group data = 2650
Size of B3 group data = 2675
Size of B3 group data = 2700
Size of B3 group data = 2725
Size of B3 group data = 2750
Size of B3 group data = 2775
Size of B3 group data = 2800
Size of B3 group data = 2825
Size of B3 group data = 2850
Size of B3 group data = 2875
Size of B3 group data = 2900
Size of B3 group data = 2925
Size of B3 group data = 2950
Size of B3 group data = 2975
Size of B3 group data = 3000
Size of B3 group data = 3025
Size of B3 group data = 3050
Size of B3 group data = 3075
Size of B3 group data = 3100
Size of B3 group data = 3125
Size of B3 group data = 3150
Size of B3 group data = 3175
Size of B3 group data = 3200
Size of B3 group data = 3225
Size of B3 group data = 3250
Size of B3 group data = 3275
Size of B3 group data = 3300
Size of B3 group data = 3325
Size of B3 group data = 3350
Size of B3 group data = 3375
Size of B3 group data = 3400
Size of B3 group data = 3425
Size of B3 group data = 3450
Size of B3 group data = 3475
Size of B3 group data = 3500
Size of B3 group data = 3525
Size of B3 group data = 3550
Size of B3 group data = 3575
Size of B3 group data = 3600
Size of B3 group data = 3625
Size of B3 group data = 3650
Size of B3 group data = 3675
Size of B3 group data = 3700
Size of B3 group data = 3725
Size of B3 group data = 3750
Size of B3 group data = 3775
Size of B3 group data = 3800
Size of B3 group data = 3825
Size of B3 group data = 3850
Size of B3 group data = 3875
Size of B3 group data = 3900
Size of B3 group data = 3925
Size of B3 group data = 3950
Size of B3 group data = 3975
Size of B3 group data = 4000
Size of B3 group data = 4025
Size of B3 group data = 4050
Size of B3 group data = 4075
Size of B3 group data = 4100
Size of B3 group data = 4125
Size of B3 group data = 4150
Size of B3 group data = 4175
Size of B3 group data = 4200
Size of B3 group data = 4225
Size of B3 group data = 4250
Size of B3 group data = 4275
Size of B3 group data = 4300
Size of B3 group data = 4325
Size of B3 group data = 4350
Size of B3 group data = 4375
Size of B3 group data = 4400
Size of B3 group data = 4425
Size of B3 group data = 4450
Size of B3 group data = 4475
Size of B3 group data = 4500
Size of B3 group data = 4525
Size of B3 group data = 4550
Size of B3 group data = 4575
Size of B3 group data = 4600
Size of B3 group data = 4625
Size of B3 group data = 4650
Size of B3 group data = 4675
Size of B3 group data = 4700
Size of B3 group data = 4725
Size of B3 group data = 4750
Size of B3 group data = 4775
Size of B3 group data = 4800
Size of B3 group data = 4825
Size of B3 group data = 4850
Size of B3 group data = 4875
Size of B3 group data = 4900
Size of B3 group data = 4925
Size of B3 group data = 4950
Size of B3 group data = 4975
Size of B3 group data = 5000
Size of B3 group data = 5000
Size of B3 group data = 5000
Size of B3 group data = 5000
Size of B3 group data = 5000
Size of B3 group data = 5000
Size of B3 group data = 5000
Size of B3 group data = 5000
Size of B3 group data = 5000
Size of B3 group data = 5000
Size of B3 group data = 5000
Size of B3 group data = 5000
Size of B3 group data = 5000
Size of B3 group data = 5000
Size of B3 group data = 5000
Size of B3 group data = 5000
Size of B3 group data = 5000
Size of B3 group data = 5000
Size of B3 group data = 5000
Size of B3 group data = 5000
Size of B3 group data = 5000
Size of B3 group data = 5000
Size of B3 group data = 5000
Size of B3 group data = 5000
Size of B3 group data = 5000
Size of B3 group data = 5000
Size of B3 group data = 5000
Size of B3 group data = 5000
Size of B3 group data = 5000
Size of B3 group data = 5000
Size of B3 group data = 5000
Size of B3 group data = 5000
Size of B3 group data = 5000
Size of B3 group data = 5000
Size of B3 group data = 5000
Size of B3 group data = 5000
Size of B3 group data = 5000
Size of B3 group data = 5000
Size of B3 group data = 5000
Size of B3 group data = 5000
Size of B3 group data = 5000
Size of B3 group data = 5000
Size of B3 group data = 5000
Size of B3 group data = 5000
Size of B3 group data = 5000
Size of B3 group data = 5000
Size of B3 group data = 5000
Size of B3 group data = 5000
Size of B3 group data = 5000
Size of B3 group data = 5000
Size of B3 group data = 5000
Size of B3 group data = 5000
Size of B3 group data = 5000
Size of B3 group data = 5000
Size of B3 group data = 5000
Size of B3 group data = 5000
Size of B3 group data = 5000
Size of B3 group data = 5000
Size of B3 group data = 5000
Size of B3 group data = 5000
Size of B3 group data = 5000
Size of B3 group data = 5000
Size of B3 group data = 5000
Size of B3 group data = 5000
Size of B3 group data = 5000
Size of B3 group data = 5000
Size of B3 group data = 5000
Size of B3 group data = 5000
Size of B3 group data = 5000
Size of B3 group data = 5000
Size of B3 group data = 5000
Size of B3 group data = 5000
Size of B3 group data = 5000
Size of B3 group data = 5000
Size of B3 group data = 5000
Size of B3 group data = 5000
Size of B3 group data = 5000
Size of B3 group data = 5000
Size of B3 group data = 5000
Size of B3 group data = 5000
Size of B3 group data = 5000
Size of B3 group data = 5000
Size of B3 group data = 5000
Size of B3 group data = 5000
Size of B3 group data = 5000
Size of B3 group data = 5000
Size of B3 group data = 5000
Size of B3 group data = 5000
Size of B3 group data = 5000
Size of B3 group data = 5000
Size of B3 group data = 5000
Size of B3 group data = 5000
Size of B3 group data = 5000
Size of B3 group data = 5000
Size of B3 group data = 5000
Size of B3 group data = 5000
Size of B3 group data = 5000
Size of B3 group data = 5000
Size of B3 group data = 5000
Size of B3 group data = 5000
Size of B3 group data = 5000
Size of B3 group data = 5000
Size of B3 group data = 5000
Size of B3 group data = 5000
Size of B3 group data = 5000
Size of B3 group data = 5000
Size of B3 group data = 5000
Size of B3 group data = 5000
Size of B3 group data = 5000
Size of B3 group data = 5000
Size of B3 group data = 5000
Size of B3 group data = 5000
Size of B3 group data = 5000
Size of B3 group data = 5000
Size of B3 group data = 5000
Size of B3 group data = 5000
Size of B3 group data = 5000
Size of B3 group data = 5000
Size of B3 group data = 5000
Size of B3 group data = 5000
Size of B3 group data = 5000
Size of B3 group data = 5000
Size of B3 group data = 5000
Size of B3 group data = 5000
Size of B3 group data = 5000
Size of B3 group data = 5000
Size of B3 group data = 5000
Size of B3 group data = 5000
Size of B3 group data = 5000
Size of B3 group data = 5000
Size of B3 group data = 5000
Size of B3 group data = 5000
Size of B3 group data = 5000
Size of B3 group data = 5000
Size of B3 group data = 5000
Size of B3 group data = 5000
Size of B3 group data = 5000
Size of B3 group data = 5000
Size of B3 group data = 5000
Size of B3 group data = 5000
Size of B3 group data = 5000
Size of B3 group data = 5000
Size of B3 group data = 5000
Size of B3 group data = 5000
Size of B3 group data = 5000
Size of B3 group data = 5000
Size of B3 group data = 5000
Size of B3 group data = 5000
Size of B3 group data = 5000
Size of B3 group data = 5000
Size of B3 group data = 5000
Size of B3 group data = 5000
Size of B3 group data = 5000
Size of B3 group data = 5000
Size of B3 group data = 5000
Size of B3 group data = 5000
Size of B3 group data = 5000
Size of B3 group data = 5000
Size of B3 group data = 5000
Size of B3 group data = 5000
Size of B3 group data = 5000
Size of B3 group data = 5000
Size of B3 group data = 5000
Size of B3 group data = 5000
Size of B3 group data = 5000
Size of B3 group data = 5000
Size of B3 group data = 5000
Size of B3 group data = 5000
Size of B3 group data = 5000
Size of B3 group data = 5000
Size of B3 group data = 5000
Size of B3 group data = 5000
Size of B3 group data = 5000
Size of B3 group data = 5000
Size of B3 group data = 5000
Size of B3 group data = 5000
Size of B3 group data = 5000
Size of B3 group data = 5000
Size of B3 group data = 5000
Size of B3 group data = 5000
Size of B3 group data = 5000
Size of B3 group data = 5000
Size of B3 group data = 5000
Size of B3 group data = 5000
Size of B3 group data = 5000
Size of B3 group data = 5000
Size of B3 group data = 5000
Size of B3 group data = 5000
Size of B3 group data = 5000
Size of B3 group data = 5000
Size of B3 group data = 5000
Size of B3 group data = 5000
Size of B3 group data = 5000
Size of B3 group data = 5000
Size of B3 group data = 5000
Size of B3 group data = 5000
Size of B3 group data = 5000
Size of B3 group data = 5000
Size of B3 group data = 5000
Size of B3 group data = 5000
Size of B3 group data = 5000
Size of B3 group data = 5000
Size of B3 group data = 5000
Size of B3 group data = 5000
Size of B3 group data = 5000
Size of B3 group data = 5000
Size of B3 group data = 5000
Size of B3 group data = 5000
Size of B3 group data = 5000
Size of B3 group data = 5000
Size of B3 group data = 5000
Size of B3 group data = 5000
Size of B3 group data = 5000
Size of B3 group data = 5000
Size of B3 group data = 5000
Size of B3 group data = 5000
Size of B3 group data = 5000
Size of B3 group data = 5000
Size of B3 group data = 5000
Size of B3 group data = 5000
Size of B3 group data = 5000
Size of B3 group data = 5000
Size of B3 group data = 5000
Size of B3 group data = 5000
Size of B3 group data = 5000
Size of B3 group data = 5000
Size of B3 group data = 5000
Size of B3 group data = 5000
Size of B3 group data = 5000
Size of B3 group data = 5000
Size of B3 group data = 5000
Size of B3 group data = 5000
Size of B3 group data = 5000
Size of B3 group data = 5000
Size of B3 group data = 5000
Size of B3 group data = 5000
Size of B3 group data = 5000
Size of B3 group data = 5000
Size of B3 group data = 5000
Size of B3 group data = 5000
Size of B3 group data = 5000
Size of B3 group data = 5000
Size of B3 group data = 5000
Size of B3 group data = 5000
Size of B3 group data = 5000
Size of B3 group data = 5000
Size of B3 group data = 5000
Size of B3 group data = 5000
Size of B3 group data = 5000
Size of B3 group data = 5000
Size of B3 group data = 5000
Size of B3 group data = 5000
Size of B3 group data = 5000
Size of B3 group data = 5000
Size of B3 group data = 5000
Size of B3 group data = 5000
Size of B3 group data = 5000
Size of B3 group data = 5000
Size of B3 group data = 5000
Size of B3 group data = 5000
Size of B3 group data = 5000
Size of B3 group data = 5000
Size of B3 group data = 5000
Size of B3 group data = 5000
Size of B3 group data = 5000
Size of B3 group data = 5000
Size of B3 group data = 5000
Size of B3 group data = 5000
Size of B3 group data = 5000
Size of B3 group data = 5000
Size of B3 group data = 5000
Size of B3 group data = 5000
Size of B3 group data = 5000
Size of B3 group data = 5000
Size of B3 group data = 5000
Size of B3 group data = 5000
Size of B3 group data = 5000
Size of B3 group data = 5000
Size of B3 group data = 5000
Size of B3 group data = 5000
Size of B3 group data = 5000
Size of B3 group data = 5000
Size of B3 group data = 5000
Size of B3 group data = 5000
Size of B3 group data = 5000
Size of B3 group data = 5000
Size of B3 group data = 5000
Size of B3 group data = 5000
Size of B3 group data = 5000
Size of B3 group data = 5000
Size of B3 group data = 5000
Size of B3 group data = 5000
Size of B3 group data = 5000
Size of B3 group data = 5000
Size of B3 group data = 5000
Size of B3 group data = 5000
Size of B3 group data = 5000
Size of B3 group data = 5000
Size of B3 group data = 5000
Size of B3 group data = 5000
Size of B3 group data = 5000
Size of B3 group data = 5000
Size of B3 group data = 5000
Size of B3 group data = 5000
Size of B3 group data = 5000
Size of B3 group data = 5000
Size of B3 group data = 5000
Size of B3 group data = 5000
Size of B3 group data = 5000
Size of B3 group data = 5000
Size of B3 group data = 5000
Size of B3 group data = 5000
Size of B3 group data = 5000
Size of B3 group data = 5000
Size of B3 group data = 5000
Size of B3 group data = 5000
Size of B3 group data = 5000
Size of B3 group data = 5000
Size of B3 group data = 5000
Size of B3 group data = 5000
Size of B3 group data = 5000
Size of B3 group data = 5000
Size of B3 group data = 5000
Size of B3 group data = 5000
Size of B3 group data = 5000
Size of B3 group data = 5000
Size of B3 group data = 5000
Size of B3 group data = 5000
Size of B3 group data = 5000
Size of B3 group data = 5000
Size of B3 group data = 5000
Size of B3 group data = 5000
Size of B3 group data = 5000
Size of B3 group data = 5000
Size of B3 group data = 5000
Size of B3 group data = 5000
Size of B3 group data = 5000
Size of B3 group data = 5000
Size of B3 group data = 5000
Size of B3 group data = 5000
Size of B3 group data = 5000
Size of B3 group data = 5000
Size of B3 group data = 5000
Size of B3 group data = 5000
Size of B3 group data = 5000
Size of B3 group data = 5000
Size of B3 group data = 5000
Size of B3 group data = 5000
Size of B3 group data = 5000
Size of B3 group data = 5000
Size of B3 group data = 5000
Size of B3 group data = 5000
Size of B3 group data = 5000
Size of B3 group data = 5000
Size of B3 group data = 5000
Size of B3 group data = 5000
Size of B3 group data = 5000
Size of B3 group data = 5000
Size of B3 group data = 5000
Size of B3 group data = 5000
Size of B3 group data = 5000
Size of B3 group data = 5000
Size of B3 group data = 5000
Size of B3 group data = 5000
Size of B3 group data = 5000
Size of B3 group data = 5000
Size of B3 group data = 5000
Size of B3 group data = 5000
Size of B3 group data = 5000
Size of B3 group data = 5000
Size of B3 group data = 5000
Size of B3 group data = 5000
Size of B3 group data = 5000
Size of B3 group data = 5000
Size of B3 group data = 5000
Size of B3 group data = 5000
Size of B3 group data = 5000
Size of B3 group data = 5000
Size of B3 group data = 5000
Size of B3 group data = 5000
Size of B3 group data = 5000
Size of B3 group data = 5000
Size of B3 group data = 5000
Size of B3 group data = 5000
Size of B3 group data = 5000
Size of B3 group data = 5000
Size of B3 group data = 5000
Size of B3 group data = 5000
Size of B3 group data = 5000
Size of B3 group data = 5000
Size of B3 group data = 5000
Size of B3 group data = 5000
Size of B3 group data = 5000
Size of B3 group data = 5000
Size of B3 group data = 5000
Size of B3 group data = 5000
Size of B3 group data = 5000
Size of B3 group data = 5000
Size of B3 group data = 5000
Size of B3 group data = 5000
Size of B3 group data = 5000
Size of B3 group data = 5000
Size of B3 group data = 5000
Size of B3 group data = 5000
Size of B3 group data = 5000
Size of B3 group data = 5000
Size of B3 group data = 5000
Size of B3 group data = 5000
Size of B3 group data = 5000
Size of B3 group data = 5000
Size of B3 group data = 5000
Size of B3 group data = 5000
Size of B3 group data = 5000
Size of B3 group data = 5000
Size of B3 group data = 5000
Size of B3 group data = 5000
Size of B3 group data = 5000
Size of B3 group data = 5000
Size of B3 group data = 5000
Size of B3 group data = 5000
Size of B3 group data = 5000
Size of B3 group data = 5000
Size of B3 group data = 5000
Size of B3 group data = 5000
Size of B3 group data = 5000
Size of B3 group data = 5000
Size of B3 group data = 5000
Size of B3 group data = 5000
Size of B3 group data = 5000
Size of B3 group data = 5000
Size of B3 group data = 5000
Size of B3 group data = 5000
Size of B3 group data = 5000
Size of B3 group data = 5000
Size of B3 group data = 5000
Size of B3 group data = 5000
Size of B3 group data = 5000
Size of B3 group data = 5000
Size of B3 group data = 5000
Size of B3 group data = 5000
Size of B3 group data = 5000
Size of B3 group data = 5000
Size of B3 group data = 5000
Size of B3 group data = 5000
Size of B3 group data = 5000
Size of B3 group data = 5000
Size of B3 group data = 5000
Size of B3 group data = 5000
Size of B3 group data = 5000
Size of B3 group data = 5000
Size of B3 group data = 5000
Size of B3 group data = 5000
Size of B3 group data = 5000
Size of B3 group data = 5000
Size of B3 group data = 5000
Size of B3 group data = 5000
Size of B3 group data = 5000
Size of B3 group data = 5000
Size of B3 group data = 5000
Size of B3 group data = 5000
Size of B3 group data = 5000
Size of B3 group data = 5000
Size of B3 group data = 5000
Size of B3 group data = 5000
Size of B3 group data = 5000
Size of B3 group data = 5000
Size of B3 group data = 5000
Size of B3 group data = 5000
Size of B3 group data = 5000
Size of B3 group data = 5000
Size of B3 group data = 5000
Size of B3 group data = 5000
Size of B3 group data = 5000
Size of B3 group data = 5000
Size of B3 group data = 5000
Size of B3 group data = 5000
Size of B3 group data = 5000
Size of B3 group data = 5000
Size of B3 group data = 5000
Size of B3 group data = 5000
Size of B3 group data = 5000
Size of B3 group data = 5000
Size of B3 group data = 5000
Size of B3 group data = 5000
Size of B3 group data = 5000
Size of B3 group data = 5000
Size of B3 group data = 5000
Size of B3 group data = 5000
Size of B3 group data = 5000
Size of B3 group data = 5000
Size of B3 group data = 5000
Size of B3 group data = 5000
Size of B3 group data = 5000
Size of B3 group data = 5000
Size of B3 group data = 5000
Size of B3 group data = 5000
Size of B3 group data = 5000
Size of B3 group data = 5000
Size of B3 group data = 5000
Size of B3 group data = 5000
Size of B3 group data = 5000
Size of B3 group data = 5000
Size of B3 group data = 5000
Size of B3 group data = 5000
Size of B3 group data = 5000
Size of B3 group data = 5000
Size of B3 group data = 5000
Size of B3 group data = 5000
Size of B3 group data = 5000
Size of B3 group data = 5000
Size of B3 group data = 5000
Size of B3 group data = 5000
Size of B3 group data = 5000
Size of B3 group data = 5000
Size of B3 group data = 5000
Size of B3 group data = 5000
Size of B3 group data = 5000
Size of B3 group data = 5000
Size of B3 group data = 5000
Size of B3 group data = 5000
Size of B3 group data = 5000
Size of B3 group data = 5000
Size of B3 group data = 5000
Size of B3 group data = 5000
Size of B3 group data = 5000
Size of B3 group data = 5000
Size of B3 group data = 5000
Size of B3 group data = 5000
Size of B3 group data = 5000
Size of B3 group data = 5000
Size of B3 group data = 5000
Size of B3 group data = 5000
Size of B3 group data = 5000
Size of B3 group data = 5000
Size of B3 group data = 5000
Size of B3 group data = 5000
Size of B3 group data = 5000
Size of B3 group data = 5000
Size of B3 group data = 5000
Size of B3 group data = 5000
Size of B3 group data = 5000
Size of B3 group data = 4975
Size of B3 group data = 4950
Size of B3 group data = 4925
Size of B3 group data = 4900
Size of B3 group data = 4875
Size of B3 group data = 4850
Size of B3 group data = 4825
Size of B3 group data = 4800
Size of B3 group data = 4775
Size of B3 group data = 4750
Size of B3 group data = 4725
Size of B3 group data = 4700
Size of B3 group data = 4675
Size of B3 group data = 4650
Size of B3 group data = 4625
Size of B3 group data = 4600
Size of B3 group data = 4575
Size of B3 group data = 4550
Size of B3 group data = 4525
Size of B3 group data = 4500
Size of B3 group data = 4475
Size of B3 group data = 4450
Size of B3 group data = 4425
Size of B3 group data = 4400
Size of B3 group data = 4375
Size of B3 group data = 4350
Size of B3 group data = 4325
Size of B3 group data = 4300
Size of B3 group data = 4275
Size of B3 group data = 4250
Size of B3 group data = 4225
Size of B3 group data = 4200
Size of B3 group data = 4175
Size of B3 group data = 4150
Size of B3 group data = 4125
Size of B3 group data = 4100
Size of B3 group data = 4075
Size of B3 group data = 4050
Size of B3 group data = 4025
Size of B3 group data = 4000
Size of B3 group data = 3975
Size of B3 group data = 3950
Size of B3 group data = 3925
Size of B3 group data = 3900
Size of B3 group data = 3875
Size of B3 group data = 3850
Size of B3 group data = 3825
Size of B3 group data = 3800
Size of B3 group data = 3775
Size of B3 group data = 3750
Size of B3 group data = 3725
Size of B3 group data = 3700
Size of B3 group data = 3675
Size of B3 group data = 3650
Size of B3 group data = 3625
Size of B3 group data = 3600
Size of B3 group data = 3575
Size of B3 group data = 3550
Size of B3 group data = 3525
Size of B3 group data = 3500
Size of B3 group data = 3475
Size of B3 group data = 3450
Size of B3 group data = 3425
Size of B3 group data = 3400
Size of B3 group data = 3375
Size of B3 group data = 3350
Size of B3 group data = 3325
Size of B3 group data = 3300
Size of B3 group data = 3275
Size of B3 group data = 3250
Size of B3 group data = 3225
Size of B3 group data = 3200
Size of B3 group data = 3175
Size of B3 group data = 3150
Size of B3 group data = 3125
Size of B3 group data = 3100
Size of B3 group data = 3075
Size of B3 group data = 3050
Size of B3 group data = 3025
Size of B3 group data = 3000
Size of B3 group data = 2975
Size of B3 group data = 2950
Size of B3 group data = 2925
Size of B3 group data = 2900
Size of B3 group data = 2875
Size of B3 group data = 2850
Size of B3 group data = 2825
Size of B3 group data = 2800
Size of B3 group data = 2775
Size of B3 group data = 2750
Size of B3 group data = 2725
Size of B3 group data = 2700
Size of B3 group data = 2675
Size of B3 group data = 2650
Size of B3 group data = 2625
Size of B3 group data = 2600
Size of B3 group data = 2575
Size of B3 group data = 2550
Size of B3 group data = 2525
Size of B3 group data = 2500
Size of B3 group data = 2475
Size of B3 group data = 2450
Size of B3 group data = 2425
Size of B3 group data = 2400
Size of B3 group data = 2375
Size of B3 group data = 2350
Size of B3 group data = 2325
Size of B3 group data = 2300
Size of B3 group data = 2275
Size of B3 group data = 2250
Size of B3 group data = 2225
Size of B3 group data = 2200
Size of B3 group data = 2175
Size of B3 group data = 2150
Size of B3 group data = 2125
Size of B3 group data = 2100
Size of B3 group data = 2075
Size of B3 group data = 2050
Size of B3 group data = 2025
Size of B3 group data = 2000
Size of B3 group data = 1975
Size of B3 group data = 1950
Size of B3 group data = 1925
Size of B3 group data = 1900
Size of B3 group data = 1875
Size of B3 group data = 1850
Size of B3 group data = 1825
Size of B3 group data = 1800
Size of B3 group data = 1775
Size of B3 group data = 1750
Size of B3 group data = 1725
Size of B3 group data = 1700
Size of B3 group data = 1675
Size of B3 group data = 1650
Size of B3 group data = 1625
Size of B3 group data = 1600
Size of B3 group data = 1575
Size of B3 group data = 1550
Size of B3 group data = 1525
Size of B3 group data = 1500
Size of B3 group data = 1475
Size of B3 group data = 1450
Size of B3 group data = 1425
Size of B3 group data = 1400
Size of B3 group data = 1375
Size of B3 group data = 1350
Size of B3 group data = 1325
Size of B3 group data = 1300
Size of B3 group data = 1275
Size of B3 group data = 1250
Size of B3 group data = 1225
Size of B3 group data = 1200
Size of B3 group data = 1175
Size of B3 group data = 1150
Size of B3 group data = 1125
Size of B3 group data = 1100
Size of B3 group data = 1075
Size of B3 group data = 1050
Size of B3 group data = 1025
Size of B3 group data = 1000
Size of B3 group data = 975
Size of B3 group data = 950
Size of B3 group data = 925
Size of B3 group data = 900
Size of B3 group data = 875
Size of B3 group data = 850
Size of B3 group data = 825
Size of B3 group data = 800
Size of B3 group data = 775
Size of B3 group data = 750
Size of B3 group data = 725
Size of B3 group data = 700
Size of B3 group data = 675
Size of B3 group data = 650
Size of B3 group data = 625
Size of B3 group data = 600
Size of B3 group data = 575
Size of B3 group data = 550
Size of B3 group data = 525
Size of B3 group data = 500
Size of B3 group data = 475
Size of B3 group data = 450
Size of B3 group data = 425
Size of B3 group data = 400
Size of B3 group data = 375
Size of B3 group data = 350
Size of B3 group data = 325
Size of B3 group data = 300
Size of B3 group data = 275
Size of B3 group data = 250
Size of B3 group data = 225
Size of B3 group data = 200
Size of B3 group data = 175
Size of B3 group data = 150
Size of B3 group data = 125
Size of B3 group data = 100
Size of B3 group data = 75
Size of B3 group data = 50
Size of B3 group data = 25
RPC_SYNC DONE
C transfer done
Timestamps transfer done
[[250.93501 256.28537 249.90594 ... 255.61069 256.29816 254.82167]
 [242.41795 249.07964 240.07709 ... 246.48798 250.20868 246.31987]
 [243.81554 245.67473 240.14267 ... 247.3648  250.2287  244.76628]
 ...
 [239.4234  238.33089 233.46957 ... 236.31754 246.973   238.82129]
 [253.87729 253.9283  247.41435 ... 252.77202 262.07413 251.68501]
 [255.23189 250.06238 244.15836 ... 248.72527 260.13004 252.9727 ]]
[[250.93506 256.2854  249.90588 ... 255.61072 256.29825 254.82162]
 [242.41803 249.0797  240.07712 ... 246.48802 250.20857 246.31969]
 [243.81561 245.67499 240.14268 ... 247.36487 250.22865 244.76639]
 ...
 [239.42334 238.3309  233.46962 ... 236.31757 246.973   238.82133]
 [253.87723 253.92831 247.4144  ... 252.77219 262.0744  251.68512]
 [255.23196 250.0622  244.15845 ... 248.72531 260.13007 252.97256]]
7816027.885882353
SUCCESS!
Program completed in: 00:02:30
