A matrix: 

[[0.8761 0.5581 0.5153 ... 0.0403 0.3487 0.7066]
 [0.4566 0.6243 0.9446 ... 0.0966 0.7792 0.4173]
 [0.9531 0.9722 0.8651 ... 0.5795 0.2837 0.3983]
 ...
 [0.5773 0.7761 0.7555 ... 0.8949 0.5068 0.5831]
 [0.3444 0.1139 0.3446 ... 0.8696 0.7731 0.9116]
 [0.0233 0.8181 0.9332 ... 0.5676 0.0635 0.4318]]
B matrix: 

[[0.3012 0.3595 0.5478 ... 0.5378 0.6833 0.8563]
 [0.934  0.7146 0.5478 ... 0.9276 0.6411 0.2355]
 [0.7031 0.1687 0.3735 ... 0.2426 0.7127 0.3804]
 ...
 [0.5266 0.909  0.0266 ... 0.54   0.038  0.3765]
 [0.0089 0.286  0.5274 ... 0.9232 0.4347 0.8931]
 [0.8927 0.0963 0.1321 ... 0.3429 0.179  0.4792]]
RPC_SYNC DONE
C transfer done
Timestamps transfer done
[[2294.4824 2279.405  2283.6406 ... 2261.5376 2301.4827 2292.564 ]
 [2295.4993 2291.529  2284.7407 ... 2268.47   2283.1057 2283.1833]
 [2325.498  2329.8777 2335.7    ... 2315.2834 2328.8623 2333.4304]
 ...
 [2265.4204 2266.4512 2265.778  ... 2259.4229 2260.4197 2280.3486]
 [2302.8445 2310.8848 2296.2056 ... 2296.1118 2304.643  2296.4238]
 [2308.776  2320.2854 2315.263  ... 2308.3496 2312.789  2325.1255]]
[[2294.484  2279.4028 2283.6423 ... 2261.5415 2301.4832 2292.567 ]
 [2295.4976 2291.5222 2284.7385 ... 2268.4678 2283.103  2283.1877]
 [2325.4966 2329.8806 2335.7017 ... 2315.2837 2328.8567 2333.4307]
 ...
 [2265.4204 2266.4517 2265.783  ... 2259.4185 2260.419  2280.3474]
 [2302.8428 2310.8884 2296.209  ... 2296.1167 2304.642  2296.4207]
 [2308.7693 2320.2852 2315.2651 ... 2308.3528 2312.792  2325.1265]]
576753.7211764706
SUCCESS!
Program completed in: 00:01:53
