A matrix: 

[[0.6078 0.9022 0.0285 ... 0.2393 0.2968 0.2123]
 [0.3622 0.7823 0.6765 ... 0.5432 0.3255 0.4246]
 [0.0058 0.8831 0.49   ... 0.939  0.6766 0.3161]
 ...
 [0.3293 0.0649 0.0722 ... 0.0157 0.9949 0.0689]
 [0.6724 0.0318 0.2144 ... 0.4538 0.4903 0.2587]
 [0.0089 0.6485 0.7296 ... 0.5965 0.7856 0.0713]]
B matrix: 

[[0.3761 0.7953 0.6333 ... 0.961  0.5938 0.4546]
 [0.4987 0.9791 0.5553 ... 0.9407 0.4351 0.0192]
 [0.8475 0.7151 0.4138 ... 0.6756 0.854  0.6178]
 ...
 [0.3777 0.3466 0.6166 ... 0.3433 0.555  0.9257]
 [0.3297 0.079  0.7091 ... 0.4675 0.326  0.7537]
 [0.5451 0.5843 0.6588 ... 0.2784 0.0238 0.8081]]
RPC_SYNC DONE
C transfer done
Timestamps transfer done
[[1144.3204 1176.6284 1151.6724 ... 1157.0022 1173.2987 1140.9259]
 [1163.8798 1184.8723 1166.11   ... 1152.2496 1195.5748 1148.8749]
 [1168.6494 1186.5829 1170.3506 ... 1168.2527 1177.5774 1154.0571]
 ...
 [1140.5114 1163.2667 1149.526  ... 1146.2565 1161.6427 1140.0264]
 [1136.0485 1157.6366 1152.038  ... 1130.0598 1159.0565 1119.23  ]
 [1138.4211 1173.7932 1151.1804 ... 1139.8279 1155.5958 1119.3411]]
[[1144.3215 1176.6278 1151.6716 ... 1157.0027 1173.3002 1140.9258]
 [1163.8784 1184.8727 1166.1112 ... 1152.2489 1195.5753 1148.8745]
 [1168.6497 1186.5844 1170.3507 ... 1168.253  1177.5786 1154.0574]
 ...
 [1140.5118 1163.2667 1149.5259 ... 1146.2562 1161.6428 1140.0269]
 [1136.0481 1157.6361 1152.0376 ... 1130.0586 1159.057  1119.2302]
 [1138.4202 1173.795  1151.1814 ... 1139.8279 1155.5972 1119.3413]]
193608.04941176472
SUCCESS!
Program completed in: 00:01:29
