A matrix: 

[[0.5327 0.3614 0.2565 ... 0.0555 0.239  0.5333]
 [0.7285 0.1922 0.5259 ... 0.0602 0.7647 0.0593]
 [0.238  0.1918 0.566  ... 0.7154 0.679  0.8271]
 ...
 [0.0193 0.0955 0.3881 ... 0.4601 0.4433 0.0527]
 [0.1786 0.8938 0.5096 ... 0.8879 0.2219 0.6288]
 [0.1739 0.8131 0.2633 ... 0.3296 0.2835 0.2099]]
B matrix: 

[[0.2244 0.57   0.5604 ... 0.6485 0.7574 0.8196]
 [0.127  0.961  0.3464 ... 0.2101 0.8756 0.8825]
 [0.8859 0.2748 0.4209 ... 0.2406 0.101  0.0963]
 ...
 [0.4753 0.0257 0.4585 ... 0.7585 0.4259 0.4959]
 [0.4773 0.7669 0.2202 ... 0.0212 0.3287 0.114 ]
 [0.7326 0.4159 0.3088 ... 0.4521 0.7332 0.6356]]
RPC_SYNC DONE
C transfer done
Timestamps transfer done
[[1133.7313 1162.3076 1146.9469 ... 1151.3463 1133.7883 1133.4512]
 [1147.1447 1162.9559 1141.958  ... 1138.3774 1142.6145 1134.8625]
 [1151.7946 1173.7941 1160.3055 ... 1151.6818 1135.4933 1154.5098]
 ...
 [1130.4705 1157.2367 1153.559  ... 1142.7898 1122.9885 1122.313 ]
 [1137.0643 1167.3293 1138.5935 ... 1149.6946 1132.636  1136.0304]
 [1136.7178 1149.9772 1135.9645 ... 1124.8566 1122.4395 1128.6976]]
[[1133.7306 1162.3083 1146.9469 ... 1151.349  1133.7875 1133.4521]
 [1147.1462 1162.9567 1141.9574 ... 1138.3782 1142.6166 1134.8628]
 [1151.7946 1173.7944 1160.3075 ... 1151.6805 1135.4944 1154.5105]
 ...
 [1130.4716 1157.2356 1153.5605 ... 1142.7892 1122.9894 1122.312 ]
 [1137.0654 1167.3308 1138.5925 ... 1149.6978 1132.6365 1136.0298]
 [1136.7173 1149.9785 1135.966  ... 1124.8562 1122.4401 1128.6976]]
273691.4105882353
SUCCESS!
Program completed in: 00:01:29
