A matrix: 

[[0.4702 0.6807 0.7878 ... 0.8315 0.7649 0.1763]
 [0.5878 0.846  0.9004 ... 0.9668 0.4338 0.4608]
 [0.2802 0.2005 0.6017 ... 0.1803 0.1232 0.6147]
 ...
 [0.3643 0.3883 0.7485 ... 0.4211 0.7786 0.5382]
 [0.4128 0.6346 0.5352 ... 0.3069 0.4443 0.4972]
 [0.3071 0.7014 0.3056 ... 0.3352 0.4897 0.7834]]
B matrix: 

[[0.8125 0.8245 0.2924 ... 0.1302 0.7932 0.8187]
 [0.3105 0.5313 0.9803 ... 0.6567 0.008  0.562 ]
 [0.9778 0.7961 0.9165 ... 0.669  0.0352 0.4192]
 ...
 [0.8858 0.2735 0.3442 ... 0.0665 0.9936 0.4836]
 [0.0977 0.8357 0.6692 ... 0.5719 0.9633 0.7352]
 [0.654  0.3188 0.5741 ... 0.0793 0.9491 0.2557]]
RPC_SYNC DONE
C transfer done
Timestamps transfer done
[[3417.6055 3445.47   3405.957  ... 3432.2886 3457.7683 3434.695 ]
 [3392.2046 3456.0222 3408.8518 ... 3405.4585 3433.751  3433.176 ]
 [3440.0527 3470.2993 3425.7324 ... 3449.7036 3446.8843 3435.137 ]
 ...
 [3407.7366 3457.7964 3410.332  ... 3430.2107 3449.8394 3431.676 ]
 [3436.069  3455.116  3443.4346 ... 3470.489  3485.0156 3440.4253]
 [3417.4941 3462.8997 3422.7136 ... 3451.9468 3455.4531 3447.8025]]
[[3417.608  3445.4812 3405.957  ... 3432.2903 3457.7776 3434.6973]
 [3392.2031 3456.0193 3408.853  ... 3405.453  3433.7478 3433.1733]
 [3440.056  3470.2988 3425.7305 ... 3449.6907 3446.874  3435.1316]
 ...
 [3407.737  3457.7952 3410.3267 ... 3430.206  3449.8328 3431.665 ]
 [3436.0715 3455.1174 3443.4377 ... 3470.4905 3485.015  3440.4233]
 [3417.4895 3462.9092 3422.7092 ... 3451.9438 3455.4565 3447.7957]]
1266665.4517647058
SUCCESS!
Program completed in: 00:02:47
