A matrix: 

[[0.9986 0.5953 0.5809 ... 0.6556 0.5371 0.0351]
 [0.4743 0.9809 0.6738 ... 0.7136 0.7504 0.1565]
 [0.512  0.7892 0.4712 ... 0.6523 0.8015 0.9183]
 ...
 [0.898  0.902  0.5399 ... 0.0748 0.3306 0.1555]
 [0.4307 0.9157 0.8686 ... 0.6663 0.2112 0.5443]
 [0.2934 0.573  0.518  ... 0.9032 0.3971 0.4105]]
B matrix: 

[[0.7833 0.153  0.5432 ... 0.0932 0.1788 0.2136]
 [0.7939 0.6807 0.0304 ... 0.6355 0.9291 0.8285]
 [0.9369 0.7048 0.7616 ... 0.499  0.1248 0.652 ]
 ...
 [0.1891 0.0672 0.3642 ... 0.7651 0.2405 0.7747]
 [0.393  0.0584 0.7974 ... 0.975  0.1252 0.4752]
 [0.7319 0.9497 0.9781 ... 0.6182 0.5165 0.5061]]
A matrix: 

[[[[0.9986 0.5953 0.5809 ... 0.0547 0.2793 0.1885]
   [0.4743 0.9809 0.6738 ... 0.959  0.4237 0.0365]
   [0.512  0.7892 0.4712 ... 0.3686 0.5928 0.4169]
   ...
   [0.7108 0.0865 0.281  ... 0.8632 0.3486 0.5434]
   [0.0664 0.7017 0.7075 ... 0.0884 0.2502 0.9729]
   [0.792  0.56   0.2831 ... 0.5188 0.8353 0.0266]]

  [[0.5697 0.951  0.7531 ... 0.6437 0.1144 0.0933]
   [0.9422 0.8543 0.7646 ... 0.4649 0.8149 0.4764]
   [0.6982 0.5441 0.4072 ... 0.3635 0.7771 0.6008]
   ...
   [0.0537 0.4483 0.2763 ... 0.9159 0.3889 0.8157]
   [0.3275 0.1356 0.8696 ... 0.9743 0.8176 0.1279]
   [0.9448 0.4319 0.4198 ... 0.3148 0.7662 0.2483]]

  [[0.0903 0.1917 0.9855 ... 0.894  0.9294 0.301 ]
   [0.3804 0.7221 0.6979 ... 0.9515 0.0279 0.7559]
   [0.0551 0.9004 0.8286 ... 0.0038 0.5566 0.0079]
   ...
   [0.171  0.1701 0.7088 ... 0.9111 0.2721 0.9199]
   [0.4665 0.1782 0.7393 ... 0.695  0.7682 0.5028]
   [0.502  0.7793 0.6597 ... 0.6162 0.399  0.6172]]

  ...

  [[0.2971 0.6773 0.7863 ... 0.5372 0.3977 0.8769]
   [0.5412 0.9472 0.7559 ... 0.917  0.1477 0.5111]
   [0.1367 0.0432 0.1673 ... 0.0874 0.8722 0.7108]
   ...
   [0.1024 0.1276 0.6326 ... 0.9277 0.7405 0.5645]
   [0.9054 0.6316 0.7044 ... 0.7585 0.3255 0.5867]
   [0.7705 0.199  0.9245 ... 0.0914 0.794  0.7232]]

  [[0.2749 0.8076 0.1293 ... 0.5322 0.5911 0.513 ]
   [0.0708 0.59   0.021  ... 0.7394 0.503  0.537 ]
   [0.1836 0.087  0.8522 ... 0.2318 0.2893 0.8308]
   ...
   [0.0193 0.5223 0.6446 ... 0.8176 0.097  0.0448]
   [0.9815 0.9684 0.0318 ... 0.7837 0.9771 0.0636]
   [0.9377 0.223  0.7526 ... 0.2119 0.9294 0.0885]]

  [[0.9228 0.3563 0.546  ... 0.2919 0.6912 0.7499]
   [0.5699 0.985  0.9093 ... 0.4684 0.8297 0.4035]
   [0.5707 0.9593 0.8141 ... 0.3962 0.5148 0.6818]
   ...
   [0.898  0.902  0.5399 ... 0.4129 0.5933 0.4205]
   [0.4307 0.9157 0.8686 ... 0.7495 0.0852 0.3286]
   [0.2934 0.573  0.518  ... 0.1404 0.5704 0.0426]]]


 [[[0.1592 0.8074 0.2978 ... 0.3995 0.387  0.7874]
   [0.7432 0.6422 0.911  ... 0.0449 0.7153 0.6065]
   [0.6728 0.4307 0.6765 ... 0.4244 0.7956 0.3019]
   ...
   [0.1036 0.3305 0.6792 ... 0.4522 0.8355 0.8516]
   [0.83   0.4465 0.2245 ... 0.4234 0.7055 0.9853]
   [0.0256 0.8789 0.8712 ... 0.3467 0.5304 0.2895]]

  [[0.6675 0.4221 0.5703 ... 0.9705 0.4785 0.3103]
   [0.5643 0.2991 0.5922 ... 0.0498 0.1786 0.6322]
   [0.1701 0.585  0.0833 ... 0.2502 0.2816 0.0888]
   ...
   [0.7234 0.3788 0.0886 ... 0.0194 0.7237 0.3873]
   [0.7125 0.1236 0.3946 ... 0.3562 0.5734 0.2173]
   [0.5423 0.6618 0.473  ... 0.9023 0.7089 0.1923]]

  [[0.4614 0.7261 0.7424 ... 0.0839 0.8234 0.5489]
   [0.3807 0.2774 0.7297 ... 0.4681 0.6041 0.9367]
   [0.9844 0.7179 0.1624 ... 0.9312 0.6929 0.8992]
   ...
   [0.382  0.5925 0.6527 ... 0.305  0.8497 0.0034]
   [0.4155 0.7434 0.2039 ... 0.0015 0.016  0.6855]
   [0.6004 0.8178 0.7998 ... 0.6144 0.4627 0.2285]]

  ...

  [[0.3695 0.7751 0.9879 ... 0.9537 0.6271 0.4607]
   [0.5453 0.4641 0.0356 ... 0.7109 0.8852 0.4833]
   [0.8843 0.8372 0.3615 ... 0.3625 0.9367 0.695 ]
   ...
   [0.7686 0.5519 0.3416 ... 0.2977 0.443  0.6727]
   [0.722  0.1982 0.5392 ... 0.2746 0.6052 0.3022]
   [0.3413 0.4943 0.1341 ... 0.8625 0.7338 0.1824]]

  [[0.7481 0.443  0.7142 ... 0.7102 0.5961 0.5968]
   [0.8944 0.9657 0.2243 ... 0.7608 0.3743 0.3027]
   [0.3465 0.4605 0.7606 ... 0.3041 0.9432 0.9154]
   ...
   [0.6805 0.9555 0.4782 ... 0.7358 0.6613 0.1826]
   [0.9572 0.617  0.2087 ... 0.8759 0.1608 0.4924]
   [0.2289 0.027  0.1051 ... 0.3748 0.6192 0.3211]]

  [[0.9334 0.9764 0.625  ... 0.5236 0.5887 0.6075]
   [0.9853 0.7007 0.7072 ... 0.6988 0.557  0.7817]
   [0.1587 0.0993 0.6259 ... 0.6893 0.9302 0.3238]
   ...
   [0.3531 0.7203 0.4276 ... 0.4247 0.3788 0.3026]
   [0.6563 0.9647 0.551  ... 0.621  0.1162 0.8959]
   [0.8385 0.3223 0.6144 ... 0.6566 0.5007 0.0194]]]


 [[[0.42   0.1353 0.7376 ... 0.785  0.2855 0.0325]
   [0.4452 0.9218 0.7276 ... 0.2853 0.4369 0.5971]
   [0.2477 0.2348 0.0678 ... 0.8848 0.8751 0.8998]
   ...
   [0.5319 0.9554 0.1906 ... 0.9998 0.5769 0.8932]
   [0.2088 0.068  0.7658 ... 0.8613 0.8328 0.2777]
   [0.1751 0.0294 0.5791 ... 0.334  0.6696 0.0037]]

  [[0.7639 0.4227 0.4834 ... 0.4094 0.7138 0.3088]
   [0.8589 0.347  0.0388 ... 0.9971 0.7407 0.6345]
   [0.3854 0.2864 0.8882 ... 0.5924 0.872  0.2121]
   ...
   [0.2311 0.0045 0.3055 ... 0.1002 0.3924 0.2765]
   [0.8384 0.4026 0.3113 ... 0.0213 0.5116 0.6281]
   [0.5578 0.7262 0.9887 ... 0.1338 0.9043 0.2824]]

  [[0.6403 0.2023 0.4021 ... 0.8577 0.344  0.2099]
   [0.9814 0.6771 0.6921 ... 0.2174 0.7589 0.4679]
   [0.8351 0.8288 0.2432 ... 0.4116 0.8028 0.8253]
   ...
   [0.7127 0.8786 0.173  ... 0.0448 0.8984 0.8577]
   [0.6862 0.3588 0.3094 ... 0.6802 0.7474 0.4573]
   [0.2291 0.7155 0.7984 ... 0.24   0.0855 0.6095]]

  ...

  [[0.4294 0.7594 0.3206 ... 0.4299 0.6429 0.949 ]
   [0.0269 0.2285 0.5327 ... 0.7312 0.9272 0.1048]
   [0.7881 0.911  0.1797 ... 0.9031 0.6533 0.1583]
   ...
   [0.41   0.9878 0.4945 ... 0.0412 0.2643 0.7604]
   [0.6672 0.3666 0.6056 ... 0.7496 0.869  0.3092]
   [0.5763 0.3575 0.0556 ... 0.7098 0.5493 0.5009]]

  [[0.1257 0.6154 0.0555 ... 0.6176 0.6012 0.7034]
   [0.5239 0.8767 0.9867 ... 0.6122 0.6524 0.5619]
   [0.2654 0.5348 0.4272 ... 0.1069 0.7058 0.3404]
   ...
   [0.9532 0.7796 0.7098 ... 0.2896 0.9241 0.8537]
   [0.5332 0.6557 0.4635 ... 0.5042 0.5433 0.4023]
   [0.7866 0.6088 0.2593 ... 0.9026 0.2111 0.1321]]

  [[0.197  0.2534 0.5834 ... 0.7396 0.5859 0.0303]
   [0.0824 0.9611 0.7107 ... 0.8639 0.6672 0.5314]
   [0.8626 0.5667 0.6644 ... 0.5499 0.7656 0.4011]
   ...
   [0.5546 0.6368 0.4509 ... 0.098  0.0289 0.1657]
   [0.1967 0.601  0.2122 ... 0.4147 0.0016 0.4076]
   [0.1773 0.7816 0.6136 ... 0.8831 0.5358 0.1648]]]


 ...


 [[[0.6415 0.3248 0.7241 ... 0.1096 0.968  0.2567]
   [0.0365 0.7316 0.7696 ... 0.6209 0.9119 0.7182]
   [0.2741 0.786  0.9955 ... 0.5773 0.1439 0.74  ]
   ...
   [0.6933 0.3774 0.5741 ... 0.0338 0.9765 0.5897]
   [0.3246 0.5013 0.5119 ... 0.506  0.8789 0.8301]
   [0.2664 0.4831 0.2748 ... 0.2401 0.9707 0.8592]]

  [[0.7561 0.0326 0.7936 ... 0.0494 0.5822 0.861 ]
   [0.5588 0.9042 0.2426 ... 0.5012 0.6697 0.9767]
   [0.0125 0.8112 0.7665 ... 0.4798 0.4214 0.2498]
   ...
   [0.2245 0.1826 0.0997 ... 0.0856 0.0451 0.2406]
   [0.7279 0.9189 0.0737 ... 0.9634 0.9697 0.0855]
   [0.4573 0.3507 0.0217 ... 0.1211 0.1105 0.5588]]

  [[0.093  0.5243 0.8366 ... 0.9976 0.8634 0.7751]
   [0.1558 0.6682 0.2292 ... 0.9726 0.306  0.4854]
   [0.8239 0.3723 0.0806 ... 0.4573 0.8168 0.7898]
   ...
   [0.0489 0.6102 0.0246 ... 0.8193 0.8421 0.4041]
   [0.5157 0.6982 0.974  ... 0.3356 0.6339 0.9973]
   [0.6412 0.0465 0.4647 ... 0.3244 0.7294 0.4254]]

  ...

  [[0.2563 0.1827 0.3296 ... 0.0447 0.4013 0.4878]
   [0.8898 0.1361 0.1664 ... 0.6439 0.7181 0.952 ]
   [0.3473 0.1244 0.0591 ... 0.0891 0.7253 0.3239]
   ...
   [0.582  0.5951 0.5762 ... 0.0852 0.7155 0.9725]
   [0.7731 0.1123 0.8985 ... 0.269  0.9012 0.4738]
   [0.2547 0.3929 0.9582 ... 0.0855 0.1397 0.1185]]

  [[0.3291 0.5104 0.8102 ... 0.4669 0.8507 0.0058]
   [0.3279 0.6436 0.5954 ... 0.3426 0.2808 0.5134]
   [0.7177 0.1332 0.3256 ... 0.6219 0.3423 0.7163]
   ...
   [0.3105 0.6297 0.8501 ... 0.9653 0.0266 0.035 ]
   [0.1098 0.3489 0.4249 ... 0.087  0.8628 0.6298]
   [0.0638 0.8835 0.6737 ... 0.3894 0.3429 0.4775]]

  [[0.7259 0.064  0.899  ... 0.4909 0.9813 0.0628]
   [0.8025 0.1358 0.1171 ... 0.7157 0.3574 0.3255]
   [0.9597 0.5223 0.1801 ... 0.7441 0.0448 0.9708]
   ...
   [0.4175 0.7737 0.2832 ... 0.9628 0.3665 0.1257]
   [0.8268 0.1698 0.2134 ... 0.7387 0.8609 0.604 ]
   [0.9523 0.9907 0.1071 ... 0.8045 0.0073 0.0779]]]


 [[[0.2262 0.7614 0.0344 ... 0.5475 0.377  0.2165]
   [0.4206 0.8545 0.5346 ... 0.3708 0.4291 0.9698]
   [0.5394 0.6973 0.7183 ... 0.4646 0.1203 0.3043]
   ...
   [0.1837 0.0138 0.3773 ... 0.5144 0.2814 0.5409]
   [0.0773 0.1554 0.235  ... 0.7048 0.4171 0.8091]
   [0.7069 0.7442 0.486  ... 0.4514 0.7969 0.8836]]

  [[0.581  0.3521 0.1494 ... 0.622  0.8836 0.6826]
   [0.6883 0.7746 0.54   ... 0.4677 0.8505 0.4123]
   [0.3709 0.5367 0.7989 ... 0.2695 0.1712 0.9888]
   ...
   [0.6725 0.8388 0.3385 ... 0.3467 0.5652 0.8566]
   [0.0077 0.3412 0.711  ... 0.4465 0.9092 0.6154]
   [0.3034 0.2082 0.8597 ... 0.1084 0.984  0.0067]]

  [[0.4512 0.2061 0.6336 ... 0.0963 0.1157 0.2457]
   [0.338  0.5479 0.279  ... 0.701  0.4003 0.527 ]
   [0.9359 0.8293 0.1326 ... 0.2687 0.571  0.391 ]
   ...
   [0.6261 0.171  0.227  ... 0.973  0.2035 0.1715]
   [0.6932 0.0835 0.5924 ... 0.6368 0.0213 0.7207]
   [0.9209 0.8403 0.3396 ... 0.3812 0.1166 0.8732]]

  ...

  [[0.5607 0.7849 0.6044 ... 0.292  0.9548 0.9938]
   [0.9044 0.7121 0.0915 ... 0.7589 0.6739 0.9851]
   [0.2837 0.6308 0.2079 ... 0.8519 0.7848 0.9325]
   ...
   [0.2394 0.3042 0.924  ... 0.0385 0.605  0.4129]
   [0.3861 0.7631 0.7122 ... 0.4504 0.703  0.1142]
   [0.3208 0.9974 0.0364 ... 0.082  0.088  0.1422]]

  [[0.7496 0.7494 0.6242 ... 0.2218 0.8611 0.2915]
   [0.2632 0.8034 0.1342 ... 0.9657 0.7364 0.0423]
   [0.2756 0.8958 0.8809 ... 0.0312 0.0621 0.0176]
   ...
   [0.0266 0.8868 0.7677 ... 0.0648 0.8053 0.2139]
   [0.6899 0.098  0.0237 ... 0.9045 0.874  0.715 ]
   [0.79   0.1504 0.2543 ... 0.7292 0.2503 0.7591]]

  [[0.9629 0.0931 0.2437 ... 0.6613 0.0862 0.2358]
   [0.3232 0.2863 0.2987 ... 0.0048 0.4588 0.7573]
   [0.7832 0.0523 0.8401 ... 0.8372 0.4992 0.559 ]
   ...
   [0.787  0.8243 0.1612 ... 0.5569 0.6362 0.9965]
   [0.5779 0.1417 0.4587 ... 0.7966 0.988  0.4421]
   [0.6671 0.8923 0.3418 ... 0.7607 0.6106 0.8131]]]


 [[[0.5155 0.7056 0.5167 ... 0.6556 0.5371 0.0351]
   [0.5511 0.8702 0.5652 ... 0.7136 0.7504 0.1565]
   [0.2497 0.145  0.3916 ... 0.6523 0.8015 0.9183]
   ...
   [0.9364 0.9478 0.588  ... 0.8895 0.3991 0.4461]
   [0.5287 0.3193 0.7892 ... 0.8612 0.6943 0.2012]
   [0.1434 0.378  0.2557 ... 0.3245 0.2754 0.1648]]

  [[0.5464 0.5546 0.9407 ... 0.646  0.9026 0.7928]
   [0.6794 0.258  0.6646 ... 0.8577 0.5818 0.7202]
   [0.5786 0.9294 0.8993 ... 0.8708 0.1925 0.3878]
   ...
   [0.7287 0.3713 0.0374 ... 0.1102 0.3491 0.448 ]
   [0.9619 0.9793 0.8995 ... 0.9809 0.6815 0.2584]
   [0.3906 0.1652 0.4434 ... 0.6232 0.7669 0.4172]]

  [[0.7903 0.5244 0.7579 ... 0.8032 0.377  0.3505]
   [0.7407 0.6069 0.8686 ... 0.7717 0.3778 0.642 ]
   [0.1453 0.2224 0.9687 ... 0.5689 0.3142 0.9478]
   ...
   [0.4815 0.2502 0.62   ... 0.0045 0.7827 0.657 ]
   [0.4383 0.6379 0.8167 ... 0.5109 0.1724 0.4082]
   [0.5075 0.1028 0.5434 ... 0.6028 0.5696 0.3089]]

  ...

  [[0.9565 0.3873 0.7028 ... 0.5094 0.8564 0.9244]
   [0.2853 0.1851 0.6945 ... 0.7365 0.4    0.424 ]
   [0.0921 0.685  0.3688 ... 0.106  0.5931 0.2407]
   ...
   [0.3757 0.0961 0.2877 ... 0.6768 0.4078 0.9704]
   [0.2712 0.8512 0.1255 ... 0.3111 0.9164 0.5591]
   [0.1256 0.5995 0.1992 ... 0.2401 0.1712 0.8482]]

  [[0.5578 0.9934 0.2766 ... 0.7391 0.7213 0.3387]
   [0.2163 0.4884 0.2295 ... 0.9147 0.3385 0.4045]
   [0.1363 0.183  0.8026 ... 0.2263 0.2965 0.6294]
   ...
   [0.3297 0.8254 0.6809 ... 0.0107 0.6367 0.8758]
   [0.003  0.3201 0.4293 ... 0.8563 0.0309 0.2332]
   [0.3185 0.485  0.2889 ... 0.7749 0.5213 0.5545]]

  [[0.3292 0.6891 0.8942 ... 0.1595 0.0345 0.1825]
   [0.422  0.9299 0.5004 ... 0.1876 0.4146 0.8232]
   [0.9114 0.7277 0.7115 ... 0.9337 0.7885 0.0827]
   ...
   [0.9142 0.5949 0.5529 ... 0.0748 0.3306 0.1555]
   [0.0752 0.008  0.3479 ... 0.6663 0.2112 0.5443]
   [0.4876 0.0286 0.7668 ... 0.9032 0.3971 0.4105]]]]
B matrix: 

[[[[0.7833 0.153  0.5432 ... 0.8448 0.2226 0.2013]
   [0.7939 0.6807 0.0304 ... 0.4785 0.3675 0.5523]
   [0.9369 0.7048 0.7616 ... 0.4811 0.4089 0.8064]
   ...
   [0.9539 0.489  0.0607 ... 0.128  0.5246 0.2884]
   [0.269  0.5443 0.1719 ... 0.1476 0.1783 0.1458]
   [0.1879 0.6455 0.6454 ... 0.9794 0.1132 0.6008]]

  [[0.3553 0.6164 0.8355 ... 0.1571 0.1416 0.2754]
   [0.1739 0.771  0.0635 ... 0.3638 0.9967 0.4779]
   [0.9922 0.612  0.8572 ... 0.2026 0.8126 0.1216]
   ...
   [0.953  0.6432 0.2454 ... 0.3576 0.2963 0.6172]
   [0.4617 0.1408 0.0171 ... 0.2092 0.8159 0.3107]
   [0.6774 0.7073 0.5589 ... 0.4968 0.7741 0.0044]]

  [[0.1718 0.3148 0.7632 ... 0.4136 0.6058 0.3615]
   [0.0799 0.4673 0.567  ... 0.642  0.4118 0.9509]
   [0.8098 0.0498 0.859  ... 0.8626 0.8817 0.3339]
   ...
   [0.2625 0.7877 0.7377 ... 0.518  0.2627 0.8484]
   [0.0467 0.3668 0.5891 ... 0.6114 0.4211 0.5245]
   [0.7747 0.5424 0.4824 ... 0.2694 0.0517 0.8169]]

  ...

  [[0.2106 0.9825 0.4893 ... 0.6014 0.7732 0.0352]
   [0.0318 0.8434 0.6711 ... 0.973  0.9884 0.5386]
   [0.5092 0.2443 0.8896 ... 0.4369 0.4764 0.563 ]
   ...
   [0.858  0.9818 0.501  ... 0.0482 0.9417 0.4718]
   [0.8034 0.974  0.6722 ... 0.9527 0.3225 0.184 ]
   [0.3782 0.6867 0.7147 ... 0.4344 0.4843 0.2593]]

  [[0.4066 0.7317 0.5054 ... 0.5745 0.6669 0.6308]
   [0.4956 0.7305 0.4314 ... 0.4646 0.3631 0.6066]
   [0.6249 0.8367 0.9428 ... 0.6283 0.0758 0.2855]
   ...
   [0.268  0.2657 0.964  ... 0.8578 0.2662 0.9332]
   [0.5333 0.8968 0.4019 ... 0.8103 0.2324 0.8784]
   [0.2922 0.4444 0.3375 ... 0.3759 0.3807 0.1713]]

  [[0.0559 0.1038 0.0327 ... 0.0932 0.1788 0.2136]
   [0.4518 0.4593 0.9206 ... 0.6355 0.9291 0.8285]
   [0.5478 0.532  0.1589 ... 0.499  0.1248 0.652 ]
   ...
   [0.8348 0.4493 0.9811 ... 0.6618 0.1613 0.6618]
   [0.8977 0.1158 0.7963 ... 0.5709 0.5196 0.6495]
   [0.0971 0.629  0.8435 ... 0.7268 0.7291 0.5523]]]


 [[[0.9875 0.6244 0.4529 ... 0.0354 0.433  0.6082]
   [0.6264 0.988  0.6681 ... 0.3027 0.5697 0.3046]
   [0.77   0.0563 0.7825 ... 0.4336 0.7837 0.7706]
   ...
   [0.3553 0.3669 0.395  ... 0.2611 0.6097 0.2843]
   [0.5729 0.2696 0.5279 ... 0.473  0.6594 0.1748]
   [0.5789 0.87   0.3083 ... 0.8229 0.4952 0.998 ]]

  [[0.3228 0.4368 0.2947 ... 0.717  0.1676 0.5443]
   [0.4289 0.4179 0.6748 ... 0.8214 0.3822 0.5272]
   [0.891  0.2016 0.0434 ... 0.6097 0.6837 0.4599]
   ...
   [0.8199 0.9069 0.2398 ... 0.9663 0.7974 0.2246]
   [0.6825 0.4811 0.1846 ... 0.0031 0.341  0.6721]
   [0.1625 0.5635 0.101  ... 0.8052 0.1659 0.0967]]

  [[0.7207 0.0896 0.8665 ... 0.9275 0.744  0.3686]
   [0.6645 0.9381 0.4411 ... 0.0866 0.9821 0.1631]
   [0.1794 0.0244 0.0913 ... 0.9975 0.9651 0.9108]
   ...
   [0.7829 0.5296 0.4701 ... 0.6422 0.2407 0.3677]
   [0.673  0.6515 0.6531 ... 0.3199 0.7272 0.4692]
   [0.3658 0.4817 0.7498 ... 0.4727 0.7822 0.7482]]

  ...

  [[0.8971 0.8126 0.585  ... 0.9707 0.1403 0.513 ]
   [0.0368 0.1844 0.6971 ... 0.4018 0.004  0.8087]
   [0.1098 0.2318 0.056  ... 0.104  0.6582 0.8032]
   ...
   [0.2108 0.7653 0.1304 ... 0.5161 0.1896 0.7613]
   [0.9986 0.4901 0.3072 ... 0.2868 0.6895 0.9769]
   [0.3547 0.8151 0.9043 ... 0.4124 0.9834 0.8198]]

  [[0.5998 0.5964 0.4267 ... 0.664  0.7769 0.6089]
   [0.2308 0.5985 0.6409 ... 0.5526 0.6554 0.2873]
   [0.7969 0.0367 0.2235 ... 0.684  0.7008 0.1499]
   ...
   [0.5081 0.3022 0.6872 ... 0.097  0.4764 0.5674]
   [0.4147 0.9445 0.164  ... 0.2949 0.5006 0.6711]
   [0.6731 0.6142 0.2212 ... 0.9846 0.8838 0.5723]]

  [[0.0668 0.0034 0.6103 ... 0.3795 0.5171 0.0262]
   [0.3908 0.5456 0.7463 ... 0.5773 0.2537 0.4349]
   [0.0246 0.7144 0.9543 ... 0.7936 0.5371 0.3622]
   ...
   [0.4811 0.9914 0.774  ... 0.4173 0.8148 0.1175]
   [0.1376 0.8465 0.2591 ... 0.1191 0.7731 0.5758]
   [0.521  0.6223 0.0637 ... 0.3904 0.1277 0.2317]]]


 [[[0.6869 0.5061 0.4032 ... 0.0537 0.8743 0.4962]
   [0.4388 0.458  0.8674 ... 0.2907 0.9562 0.8463]
   [0.1176 0.9319 0.5429 ... 0.0184 0.815  0.041 ]
   ...
   [0.364  0.3664 0.1159 ... 0.4915 0.8262 0.2238]
   [0.7591 0.9413 0.3885 ... 0.938  0.9117 0.4274]
   [0.8136 0.6635 0.7042 ... 0.6679 0.3343 0.5962]]

  [[0.0839 0.1948 0.2946 ... 0.1309 0.7693 0.5437]
   [0.6194 0.5601 0.2255 ... 0.6495 0.1707 0.6676]
   [0.6401 0.4465 0.0837 ... 0.8846 0.349  0.9498]
   ...
   [0.18   0.9864 0.5376 ... 0.3433 0.0519 0.1898]
   [0.722  0.8633 0.8103 ... 0.0744 0.1328 0.1603]
   [0.3229 0.6217 0.1979 ... 0.4503 0.9794 0.3879]]

  [[0.467  0.0939 0.5313 ... 0.9707 0.7309 0.2783]
   [0.1099 0.2235 0.8012 ... 0.3423 0.3857 0.097 ]
   [0.6301 0.8883 0.7728 ... 0.8377 0.1101 0.4795]
   ...
   [0.8949 0.5567 0.3676 ... 0.9296 0.8284 0.0025]
   [0.1563 0.3561 0.2985 ... 0.0641 0.3099 0.8311]
   [0.5763 0.8785 0.579  ... 0.1616 0.1514 0.4602]]

  ...

  [[0.1689 0.2274 0.6593 ... 0.4952 0.7808 0.8017]
   [0.7514 0.7644 0.4404 ... 0.1847 0.5136 0.6817]
   [0.6368 0.2438 0.0341 ... 0.918  0.6439 0.0562]
   ...
   [0.5526 0.1238 0.3075 ... 0.8437 0.253  0.6354]
   [0.8229 0.127  0.2674 ... 0.0522 0.7244 0.1517]
   [0.098  0.527  0.7797 ... 0.7994 0.8802 0.1547]]

  [[0.9411 0.124  0.1346 ... 0.6721 0.1242 0.9654]
   [0.1701 0.3455 0.1576 ... 0.2472 0.9811 0.2176]
   [0.8318 0.9634 0.936  ... 0.5511 0.9156 0.0934]
   ...
   [0.56   0.1595 0.4891 ... 0.5069 0.2064 0.9228]
   [0.0055 0.736  0.0584 ... 0.3456 0.9343 0.9416]
   [0.0865 0.9219 0.0956 ... 0.0161 0.0713 0.2639]]

  [[0.0507 0.3753 0.1448 ... 0.6844 0.7547 0.2908]
   [0.7257 0.5547 0.2444 ... 0.9504 0.1552 0.4203]
   [0.6312 0.3424 0.9415 ... 0.3994 0.1888 0.2769]
   ...
   [0.4898 0.6169 0.8855 ... 0.5365 0.336  0.3373]
   [0.6002 0.5049 0.8733 ... 0.8893 0.9519 0.7332]
   [0.807  0.446  0.124  ... 0.9384 0.925  0.8423]]]


 ...


 [[[0.3104 0.7701 0.2056 ... 0.7188 0.274  0.3971]
   [0.634  0.9518 0.057  ... 0.942  0.711  0.0111]
   [0.9233 0.6327 0.6858 ... 0.2646 0.4089 0.3159]
   ...
   [0.329  0.7624 0.8457 ... 0.2005 0.7843 0.0742]
   [0.3841 0.0993 0.1246 ... 0.5097 0.6984 0.2727]
   [0.6841 0.7011 0.3837 ... 0.6593 0.3447 0.66  ]]

  [[0.2114 0.7307 0.0132 ... 0.5677 0.7727 0.2653]
   [0.9491 0.6988 0.9097 ... 0.6059 0.9654 0.3514]
   [0.55   0.0956 0.2751 ... 0.2011 0.7473 0.4902]
   ...
   [0.4302 0.4737 0.627  ... 0.8747 0.0015 0.4032]
   [0.8047 0.5031 0.8848 ... 0.0846 0.0496 0.8423]
   [0.2808 0.9991 0.0567 ... 0.7532 0.593  0.0751]]

  [[0.9092 0.825  0.262  ... 0.7603 0.9778 0.1901]
   [0.8031 0.4601 0.8417 ... 0.2857 0.9609 0.6053]
   [0.3686 0.4594 0.3451 ... 0.6739 0.4691 0.4231]
   ...
   [0.23   0.8443 0.742  ... 0.476  0.0815 0.131 ]
   [0.6493 0.1345 0.2154 ... 0.3218 0.0282 0.8355]
   [0.1904 0.6698 0.967  ... 0.4156 0.4262 0.4977]]

  ...

  [[0.2256 0.3034 0.0239 ... 0.2276 0.9073 0.5005]
   [0.5909 0.1446 0.1062 ... 0.7007 0.0939 0.2478]
   [0.1128 0.0665 0.138  ... 0.5851 0.8624 0.2473]
   ...
   [0.1068 0.2002 0.9976 ... 0.5141 0.782  0.6912]
   [0.4413 0.7305 0.21   ... 0.3241 0.1498 0.4818]
   [0.6765 0.0044 0.3956 ... 0.8086 0.7948 0.5521]]

  [[0.1584 0.5338 0.361  ... 0.2119 0.2319 0.9328]
   [0.7894 0.6139 0.3168 ... 0.6794 0.3779 0.6737]
   [0.4964 0.6246 0.8876 ... 0.1512 0.8852 0.4456]
   ...
   [0.7868 0.0218 0.0722 ... 0.5057 0.9785 0.1119]
   [0.3661 0.1351 0.0892 ... 0.1918 0.0287 0.4476]
   [0.8468 0.4464 0.9872 ... 0.2798 0.715  0.2259]]

  [[0.6037 0.6374 0.9863 ... 0.4922 0.6516 0.2454]
   [0.4295 0.0357 0.1392 ... 0.2573 0.71   0.999 ]
   [0.1351 0.5517 0.4073 ... 0.9713 0.0752 0.3378]
   ...
   [0.0688 0.9794 0.1224 ... 0.7265 0.7222 0.7888]
   [0.3523 0.1117 0.2012 ... 0.8017 0.2504 0.5392]
   [0.9616 0.6049 0.3871 ... 0.8847 0.0972 0.26  ]]]


 [[[0.4093 0.6748 0.3059 ... 0.7087 0.4747 0.0027]
   [0.2152 0.455  0.3755 ... 0.4212 0.0073 0.3573]
   [0.7345 0.1413 0.2137 ... 0.975  0.9647 0.1996]
   ...
   [0.8569 0.9982 0.275  ... 0.4683 0.8734 0.4542]
   [0.6623 0.9205 0.368  ... 0.1263 0.0161 0.2728]
   [0.9902 0.7549 0.2055 ... 0.3526 0.1971 0.195 ]]

  [[0.9425 0.0242 0.0611 ... 0.8467 0.6858 0.1799]
   [0.3139 0.8029 0.2315 ... 0.1716 0.6622 0.0671]
   [0.0563 0.5729 0.5663 ... 0.1692 0.5537 0.8478]
   ...
   [0.6345 0.9696 0.8869 ... 0.018  0.2337 0.7107]
   [0.6733 0.9452 0.429  ... 0.7847 0.3517 0.026 ]
   [0.6275 0.7166 0.5912 ... 0.055  0.8224 0.202 ]]

  [[0.9893 0.6568 0.3151 ... 0.8952 0.5795 0.8405]
   [0.6437 0.3131 0.708  ... 0.763  0.364  0.9764]
   [0.434  0.4666 0.5553 ... 0.9978 0.0904 0.5303]
   ...
   [0.1201 0.9543 0.2547 ... 0.8416 0.8072 0.0838]
   [0.7057 0.1828 0.5557 ... 0.4885 0.2583 0.9544]
   [0.6653 0.7012 0.8754 ... 0.5659 0.0663 0.3575]]

  ...

  [[0.3294 0.2567 0.6122 ... 0.6278 0.4731 0.5069]
   [0.5771 0.247  0.6476 ... 0.5815 0.066  0.7493]
   [0.7808 0.2595 0.108  ... 0.1336 0.0198 0.3041]
   ...
   [0.5436 0.1366 0.3315 ... 0.5886 0.2833 0.2299]
   [0.0558 0.9322 0.3132 ... 0.8939 0.19   0.6664]
   [0.2411 0.4838 0.7587 ... 0.979  0.5272 0.897 ]]

  [[0.6152 0.0638 0.1942 ... 0.4898 0.8206 0.1545]
   [0.9639 0.5719 0.4147 ... 0.9963 0.5552 0.1408]
   [0.0259 0.4159 0.8684 ... 0.8371 0.4668 0.7668]
   ...
   [0.7496 0.9477 0.9594 ... 0.4154 0.5357 0.4732]
   [0.2346 0.1101 0.8539 ... 0.5175 0.6011 0.4691]
   [0.7635 0.815  0.479  ... 0.5036 0.138  0.683 ]]

  [[0.3186 0.3374 0.8852 ... 0.602  0.1586 0.1144]
   [0.1108 0.2335 0.5477 ... 0.7545 0.2416 0.672 ]
   [0.2056 0.5938 0.2411 ... 0.1071 0.5384 0.2005]
   ...
   [0.3953 0.8979 0.6166 ... 0.1794 0.9289 0.9773]
   [0.773  0.215  0.7489 ... 0.1905 0.2819 0.0732]
   [0.1798 0.2451 0.013  ... 0.5482 0.0048 0.7323]]]


 [[[0.9014 0.4551 0.9931 ... 0.3497 0.0209 0.7094]
   [0.6231 0.0399 0.2241 ... 0.0419 0.2342 0.2273]
   [0.6014 0.3377 0.9985 ... 0.6421 0.2724 0.8057]
   ...
   [0.1891 0.0672 0.3642 ... 0.5775 0.2729 0.3756]
   [0.393  0.0584 0.7974 ... 0.8563 0.15   0.6201]
   [0.7319 0.9497 0.9781 ... 0.8589 0.3589 0.8431]]

  [[0.0399 0.9478 0.5456 ... 0.6687 0.3986 0.0037]
   [0.9835 0.9962 0.7563 ... 0.3671 0.7148 0.3542]
   [0.8693 0.0231 0.9147 ... 0.0956 0.591  0.0454]
   ...
   [0.0322 0.321  0.3467 ... 0.9212 0.6007 0.0935]
   [0.7248 0.2736 0.958  ... 0.7838 0.4702 0.7071]
   [0.153  0.7786 0.6859 ... 0.1003 0.9684 0.2015]]

  [[0.3505 0.2273 0.6689 ... 0.1261 0.2705 0.2708]
   [0.6494 0.1376 0.8216 ... 0.0305 0.6317 0.8104]
   [0.6528 0.3102 0.9385 ... 0.2245 0.7298 0.7398]
   ...
   [0.0239 0.2415 0.0837 ... 0.7024 0.7494 0.7953]
   [0.1007 0.8673 0.1128 ... 0.3449 0.9723 0.9826]
   [0.4826 0.7851 0.0575 ... 0.8013 0.7978 0.0603]]

  ...

  [[0.3115 0.1146 0.713  ... 0.2831 0.8042 0.8337]
   [0.0772 0.9045 0.5602 ... 0.2546 0.9361 0.7945]
   [0.8684 0.122  0.0842 ... 0.7562 0.4521 0.1746]
   ...
   [0.8408 0.339  0.459  ... 0.2449 0.7547 0.0869]
   [0.4157 0.9105 0.3894 ... 0.3503 0.7682 0.7436]
   [0.8084 0.1619 0.3278 ... 0.7112 0.2163 0.1451]]

  [[0.9893 0.8839 0.2168 ... 0.5898 0.8018 0.2178]
   [0.9483 0.486  0.3791 ... 0.2909 0.4668 0.5489]
   [0.8803 0.8098 0.0207 ... 0.8832 0.2927 0.8958]
   ...
   [0.5378 0.1139 0.6435 ... 0.1518 0.789  0.0238]
   [0.5215 0.5176 0.9737 ... 0.7366 0.3706 0.4218]
   [0.7716 0.6725 0.25   ... 0.5381 0.3449 0.1411]]

  [[0.4656 0.468  0.7113 ... 0.4096 0.6667 0.3583]
   [0.335  0.5226 0.8677 ... 0.8999 0.3881 0.5713]
   [0.7036 0.6086 0.0887 ... 0.3063 0.4695 0.0283]
   ...
   [0.791  0.143  0.9471 ... 0.7651 0.2405 0.7747]
   [0.4867 0.7825 0.6761 ... 0.975  0.1252 0.4752]
   [0.9271 0.5847 0.6911 ... 0.6182 0.5165 0.5061]]]]
RPC_SYNC DONE
C transfer done
Timestamps transfer done
[[149.5611     154.36507    155.53986    ... 157.8811     153.98471
  148.26921   ]
 [150.73627    156.69482    152.57832    ... 160.03883    154.68552
  148.85892   ]
 [148.5526     158.79932    154.90196    ... 161.46957    157.28276
  152.39386   ]
 ...
 [142.2243     146.10698    143.57137    ... 153.35608    153.92639
  140.12733   ]
 [149.31772    153.93655    155.07994    ... 160.39278    158.13933
  149.82658   ]
 [146.33418    154.07326    147.7868     ...  32.747356    33.54917
    0.20775405]]
[[149.56107 154.36505 155.53986 ... 157.88109 153.98474 148.26913]
 [150.73624 156.69484 152.57837 ... 160.03888 154.68546 148.85884]
 [148.55264 158.79935 154.90204 ... 161.46956 157.28275 152.39392]
 ...
 [142.22429 146.107   143.57138 ... 153.35605 153.9264  140.12732]
 [149.31778 153.93666 155.08002 ... 160.39276 158.1394  149.8266 ]
 [146.33421 154.07327 147.78683 ... 149.7384  155.91968 149.32149]]
235854.89647058825
Traceback (most recent call last):
  File "./run.py", line 167, in <module>
    np.testing.assert_allclose(C_expected, C, rtol=1e-05, atol=1e-06)
  File "/python/python-x86_64/lib/python3.8/site-packages/numpy/testing/_private/utils.py", line 1592, in assert_allclose
    assert_array_compare(compare, actual, desired, err_msg=str(err_msg),
  File "/cb/toolchains/buildroot/monolith-default/202403181828-238-5e1418a5/rootfs-x86_64/usr/lib/python3.8/contextlib.py", line 75, in inner
    return func(*args, **kwds)
  File "/python/python-x86_64/lib/python3.8/site-packages/numpy/testing/_private/utils.py", line 862, in assert_array_compare
    raise AssertionError(msg)
AssertionError: 
Not equal to tolerance rtol=1e-05, atol=1e-06

Mismatched elements: 3570000 / 2213995000 (0.161%)
Max absolute difference: 178.5248
Max relative difference: 1.11425016e+08
 x: array([[149.56107, 154.36505, 155.53986, ..., 157.88109, 153.98474,
        148.26913],
       [150.73624, 156.69484, 152.57837, ..., 160.03888, 154.68546,...
 y: array([[149.5611  , 154.36507 , 155.53986 , ..., 157.8811  , 153.98471 ,
        148.26921 ],
       [150.73627 , 156.69482 , 152.57832 , ..., 160.03883 , 154.68552 ,...
Program completed in: 00:11:25
