A matrix: 

[[0.4345 0.2085 0.5952 ... 0.3049 0.9709 0.3448]
 [0.2848 0.7931 0.4757 ... 0.5469 0.7719 0.4437]
 [0.8136 0.9941 0.792  ... 0.7255 0.81   0.4714]
 ...
 [0.5782 0.9179 0.7382 ... 0.2582 0.907  0.2522]
 [0.4616 0.6421 0.4136 ... 0.4514 0.5413 0.7212]
 [0.821  0.2765 0.6129 ... 0.1383 0.9962 0.3896]]
B matrix: 

[[0.8002 0.6433 0.0966 ... 0.846  0.6652 0.3026]
 [0.8114 0.6523 0.3121 ... 0.744  0.9083 0.8346]
 [0.472  0.7434 0.2679 ... 0.4702 0.0728 0.1465]
 ...
 [0.0654 0.665  0.9321 ... 0.7546 0.0405 0.3106]
 [0.3869 0.3589 0.8515 ... 0.0298 0.4131 0.7819]
 [0.0291 0.5964 0.1741 ... 0.3043 0.4988 0.4475]]
RPC_SYNC DONE
C transfer done
Timestamps transfer done
[[3454.8884 3439.8054 3493.175  ... 3481.4817 3456.2646 3471.8337]
 [3435.7905 3441.9094 3469.7998 ... 3458.7063 3421.4358 3477.4321]
 [3442.7659 3425.8738 3456.583  ... 3438.5781 3424.801  3456.914 ]
 ...
 [3429.7449 3416.2913 3449.0383 ... 3447.732  3417.3037 3458.2532]
 [3445.119  3441.3542 3497.528  ... 3466.4263 3443.3374 3483.9895]
 [3438.3477 3432.115  3489.4492 ... 3463.2332 3435.362  3467.7766]]
[[3454.888  3439.8088 3493.1772 ... 3481.4846 3456.2605 3471.84  ]
 [3435.788  3441.9138 3469.7961 ... 3458.7095 3421.4429 3477.4292]
 [3442.766  3425.8762 3456.5908 ... 3438.5698 3424.8015 3456.9275]
 ...
 [3429.7446 3416.2856 3449.0334 ... 3447.724  3417.2974 3458.2544]
 [3445.1184 3441.3574 3497.5315 ... 3466.4277 3443.332  3483.9985]
 [3438.3455 3432.1128 3489.452  ... 3463.2402 3435.3691 3467.7747]]
2246766.589411765
SUCCESS!
Program completed in: 00:02:54
