RPC_SYNC DONE
C transfer done
Timestamps transfer done
[[1363.2799 1402.5802 1376.3313 ... 1392.3901 1380.9934 1388.7037]
 [1344.0138 1380.4445 1372.7698 ... 1377.2205 1370.318  1366.344 ]
 [1354.8959 1387.1798 1371.3242 ... 1374.3373 1367.3641 1372.2628]
 ...
 [1351.453  1397.1584 1364.6318 ... 1368.1572 1369.9784 1354.522 ]
 [1353.478  1392.9648 1376.5044 ... 1389.6399 1382.2246 1374.3282]
 [1363.1462 1400.8207 1394.9722 ... 1393.1096 1398.8738 1377.6072]]
[[1363.2799 1402.5845 1376.3309 ... 1392.3917 1380.9907 1388.7047]
 [1344.014  1380.4419 1372.7714 ... 1377.2219 1370.3209 1366.3466]
 [1354.8945 1387.1776 1371.322  ... 1374.3381 1367.3625 1372.2623]
 ...
 [1351.452  1397.1589 1364.6324 ... 1368.157  1369.9772 1354.5227]
 [1353.4784 1392.9646 1376.5068 ... 1389.6389 1382.2231 1374.3268]
 [1363.1487 1400.8195 1394.9705 ... 1393.1097 1398.8715 1377.6069]]
2095479.229411765
SUCCESS!
Program completed in: 00:14:24
