A matrix: 

[[1.00000e+00 2.00000e+00 3.00000e+00 ... 5.98000e+02 5.99000e+02
  6.00000e+02]
 [6.01000e+02 6.02000e+02 6.03000e+02 ... 1.19800e+03 1.19900e+03
  1.20000e+03]
 [1.20100e+03 1.20200e+03 1.20300e+03 ... 1.79800e+03 1.79900e+03
  1.80000e+03]
 ...
 [7.18201e+05 7.18202e+05 7.18203e+05 ... 7.18798e+05 7.18799e+05
  7.18800e+05]
 [7.18801e+05 7.18802e+05 7.18803e+05 ... 7.19398e+05 7.19399e+05
  7.19400e+05]
 [7.19401e+05 7.19402e+05 7.19403e+05 ... 7.19998e+05 7.19999e+05
  7.20000e+05]]
B matrix: 

[[1.00000e+00 2.00000e+00 3.00000e+00 ... 5.98000e+02 5.99000e+02
  6.00000e+02]
 [6.01000e+02 6.02000e+02 6.03000e+02 ... 1.19800e+03 1.19900e+03
  1.20000e+03]
 [1.20100e+03 1.20200e+03 1.20300e+03 ... 1.79800e+03 1.79900e+03
  1.80000e+03]
 ...
 [3.58201e+05 3.58202e+05 3.58203e+05 ... 3.58798e+05 3.58799e+05
  3.58800e+05]
 [3.58801e+05 3.58802e+05 3.58803e+05 ... 3.59398e+05 3.59399e+05
  3.59400e+05]
 [3.59401e+05 3.59402e+05 3.59403e+05 ... 3.59998e+05 3.59999e+05
  3.60000e+05]]
RPC_SYNC DONE
C transfer done
Timestamps transfer done
[[4.32000655e+10 4.32002458e+10 4.32004137e+10 ... 4.33077043e+10
  4.33078641e+10 4.33080607e+10]
 [1.07892400e+11 1.07892965e+11 1.07893580e+11 ... 1.08215017e+11
  1.08215550e+11 1.08216009e+11]
 [1.72584796e+11 1.72585746e+11 1.72586615e+11 ... 1.73122306e+11
  1.73123158e+11 1.73124010e+11]
 ...
 [7.74799517e+13 7.74803795e+13 7.74808158e+13 ... 7.77373226e+13
  7.77377504e+13 7.77381699e+13]
 [7.75446111e+13 7.75451228e+13 7.75455506e+13 ... 7.78022756e+13
  7.78026615e+13 7.78030557e+13]
 [7.76093712e+13 7.76097570e+13 7.76101849e+13 ... 7.78671615e+13
  7.78675390e+13 7.78679752e+13]]
[[4.3200066e+10 4.3200250e+10 4.3200406e+10 ... 4.3307700e+10
  4.3307872e+10 4.3308061e+10]
 [1.0789241e+11 1.0789296e+11 1.0789355e+11 ... 1.0821498e+11
  1.0821552e+11 1.0821607e+11]
 [1.7258476e+11 1.7258568e+11 1.7258658e+11 ... 1.7312226e+11
  1.7312321e+11 1.7312406e+11]
 ...
 [7.7479952e+13 7.7480396e+13 7.7480816e+13 ... 7.7737314e+13
  7.7737750e+13 7.7738170e+13]
 [7.7544628e+13 7.7545047e+13 7.7545492e+13 ... 7.7802217e+13
  7.7802678e+13 7.7803131e+13]
 [7.7609346e+13 7.7609757e+13 7.7610202e+13 ... 7.7867145e+13
  7.7867573e+13 7.7867992e+13]]
11321.235294117649
SUCCESS!
Program completed in: 00:01:23
