A matrix: 

[[0.3891 0.5771 0.702  ... 0.6782 0.9895 0.551 ]
 [0.9244 0.0732 0.81   ... 0.609  0.6747 0.9464]
 [0.4279 0.6784 0.8695 ... 0.8103 0.0922 0.5223]
 ...
 [0.0092 0.8883 0.5498 ... 0.3642 0.526  0.0456]
 [0.6331 0.2974 0.2935 ... 0.3835 0.9062 0.9544]
 [0.3687 0.7665 0.2601 ... 0.3373 0.5078 0.9267]]
B matrix: 

[[0.5598 0.5422 0.9081 ... 0.4951 0.6519 0.3053]
 [0.187  0.0127 0.6271 ... 0.846  0.7871 0.9174]
 [0.9363 0.8506 0.1094 ... 0.5783 0.369  0.384 ]
 ...
 [0.3582 0.3636 0.7152 ... 0.0242 0.3122 0.2987]
 [0.0698 0.1855 0.9514 ... 0.9889 0.2711 0.5313]
 [0.8157 0.5521 0.4847 ... 0.0153 0.3426 0.4824]]
RPC_SYNC DONE
C transfer done
Timestamps transfer done
[[4621.336  4569.1504 4539.3096 ... 4597.786  4575.052  4563.059 ]
 [4625.3677 4569.5586 4565.494  ... 4596.131  4572.95   4581.7764]
 [4668.507  4607.5767 4600.277  ... 4618.569  4602.805  4635.023 ]
 ...
 [4619.743  4571.6304 4558.225  ... 4584.5435 4574.2114 4596.4707]
 [4677.055  4640.835  4618.822  ... 4655.078  4602.7485 4627.    ]
 [4638.959  4561.6616 4568.975  ... 4594.736  4588.285  4598.159 ]]
[[4621.331  4569.147  4539.3022 ... 4597.7856 4575.0537 4563.0737]
 [4625.37   4569.569  4565.501  ... 4596.122  4572.9604 4581.7656]
 [4668.5146 4607.589  4600.301  ... 4618.5713 4602.8047 4635.0264]
 ...
 [4619.747  4571.65   4558.2344 ... 4584.53   4574.212  4596.463 ]
 [4677.05   4640.852  4618.83   ... 4655.067  4602.754  4627.0034]
 [4638.954  4561.6816 4568.9624 ... 4594.7554 4588.3037 4598.1704]]
2093316.8070588235
Traceback (most recent call last):
  File "./run.py", line 170, in <module>
    np.testing.assert_allclose(C_expected, C, rtol=1e-05, atol=1e-06)
  File "/python/python-x86_64/lib/python3.8/site-packages/numpy/testing/_private/utils.py", line 1592, in assert_allclose
    assert_array_compare(compare, actual, desired, err_msg=str(err_msg),
  File "/cb/toolchains/buildroot/monolith-default/202403181828-238-5e1418a5/rootfs-x86_64/usr/lib/python3.8/contextlib.py", line 75, in inner
    return func(*args, **kwds)
  File "/python/python-x86_64/lib/python3.8/site-packages/numpy/testing/_private/utils.py", line 862, in assert_array_compare
    raise AssertionError(msg)
AssertionError: 
Not equal to tolerance rtol=1e-05, atol=1e-06

Mismatched elements: 256 / 338560000 (7.56e-05%)
Max absolute difference: 0.05517578
Max relative difference: 1.2110058e-05
 x: array([[4621.331 , 4569.147 , 4539.3022, ..., 4597.7856, 4575.0537,
        4563.0737],
       [4625.37  , 4569.569 , 4565.501 , ..., 4596.122 , 4572.9604,...
 y: array([[4621.336 , 4569.1504, 4539.3096, ..., 4597.786 , 4575.052 ,
        4563.059 ],
       [4625.3677, 4569.5586, 4565.494 , ..., 4596.131 , 4572.95  ,...
Program completed in: 00:04:30
