A matrix: 

[[0.6189 0.8996 0.7077 ... 0.4975 0.0996 0.1359]
 [0.9937 0.19   0.5265 ... 0.3779 0.9785 0.2454]
 [0.906  0.7797 0.4487 ... 0.9442 0.8285 0.5183]
 ...
 [0.6528 0.941  0.6618 ... 0.2297 0.306  0.3641]
 [0.767  0.2891 0.8713 ... 0.529  0.0506 0.5137]
 [0.9528 0.8901 0.5824 ... 0.0236 0.4822 0.5365]]
B matrix: 

[[0.9158 0.6574 0.091  ... 0.2807 0.5493 0.1754]
 [0.4443 0.4947 0.1547 ... 0.3587 0.1047 0.9906]
 [0.0844 0.6623 0.64   ... 0.3172 0.1694 0.5718]
 ...
 [0.6049 0.5829 0.0097 ... 0.0296 0.375  0.7885]
 [0.2537 0.9193 0.3266 ... 0.8701 0.5889 0.3109]
 [0.0809 0.653  0.5102 ... 0.2937 0.8275 0.2075]]
RPC_SYNC DONE
C transfer done
Timestamps transfer done
[[3.06575226e+02 3.14142090e+02 3.12153259e+02 ... 3.02681366e+02
  3.07651794e+02 3.18896881e+02]
 [2.99412262e+02 3.05572021e+02 3.05164551e+02 ... 2.99979675e+02
  3.07391296e+02 3.08847656e+02]
 [3.01276978e+02 3.03868439e+02 3.05133820e+02 ... 2.93996429e+02
  3.08601257e+02 3.03587402e+02]
 ...
 [2.97570038e+02 3.08072021e+02 3.06729980e+02 ... 3.07579803e+02
  3.10166443e+02 3.15699768e+02]
 [2.98635132e+02 3.04061249e+02 3.02345764e+02 ... 2.96164673e+02
  3.02072235e+02 3.06418854e+02]
 [2.93954254e+02 3.03060089e+02 3.00198029e+02 ... 3.05743561e+01
  3.23910141e+01 1.11323744e-01]]
[[306.57553 314.1422  312.15332 ... 302.6815  307.65173 318.89673]
 [299.41254 305.5719  305.1646  ... 299.9795  307.39136 308.84775]
 [301.2766  303.86856 305.134   ... 293.99628 308.60132 303.5874 ]
 ...
 [297.57007 308.07214 306.72998 ... 307.57953 310.16663 315.69977]
 [298.6351  304.06125 302.3457  ... 296.1648  302.07227 306.41882]
 [293.9543  303.06018 300.198   ... 293.61798 300.7226  303.21637]]
74211.62941176472
Traceback (most recent call last):
  File "./run.py", line 170, in <module>
    np.testing.assert_allclose(C_expected, C, rtol=1e-05, atol=1e-06)
  File "/python/python-x86_64/lib/python3.8/site-packages/numpy/testing/_private/utils.py", line 1592, in assert_allclose
    assert_array_compare(compare, actual, desired, err_msg=str(err_msg),
  File "/cb/toolchains/buildroot/monolith-default/202403181828-238-5e1418a5/rootfs-x86_64/usr/lib/python3.8/contextlib.py", line 75, in inner
    return func(*args, **kwds)
  File "/python/python-x86_64/lib/python3.8/site-packages/numpy/testing/_private/utils.py", line 862, in assert_array_compare
    raise AssertionError(msg)
AssertionError: 
Not equal to tolerance rtol=1e-05, atol=1e-06

Mismatched elements: 60000 / 37210000 (0.161%)
Max absolute difference: 336.1517
Max relative difference: 10179523.
 x: array([[306.57553, 314.1422 , 312.15332, ..., 302.6815 , 307.65173,
        318.89673],
       [299.41254, 305.5719 , 305.1646 , ..., 299.9795 , 307.39136,...
 y: array([[3.065752e+02, 3.141421e+02, 3.121533e+02, ..., 3.026814e+02,
        3.076518e+02, 3.188969e+02],
       [2.994123e+02, 3.055720e+02, 3.051646e+02, ..., 2.999797e+02,...
Program completed in: 00:01:29
