COUT002 01:04:18 GMT  ERROR: LOGGER NOT INITIALIZED:
COUT002 01:04:18 GMT  ERROR: 		Remote end closed connection
RPC_SYNC DONE
C transfer done
Timestamps transfer done
[[75.57536  75.48766  73.586296 ... 79.87679  73.776405 72.48576 ]
 [77.01987  76.088646 76.09047  ... 79.921524 75.6685   70.8723  ]
 [71.6476   70.514946 67.6572   ... 70.183334 65.57276  66.522224]
 ...
 [77.32871  74.1816   74.4475   ... 79.44964  74.913376 70.219406]
 [75.03417  77.205055 75.67129  ... 79.95397  76.73053  73.277435]
 [72.96833  73.61149  71.83208  ... 73.50892  70.76859  67.89058 ]]
[[75.57536  75.48766  73.586296 ... 79.87679  73.776405 72.48576 ]
 [77.01987  76.088646 76.09047  ... 79.921524 75.6685   70.8723  ]
 [71.6476   70.514946 67.6572   ... 70.183334 65.57276  66.522224]
 ...
 [77.32871  74.1816   74.4475   ... 79.44964  74.913376 70.219406]
 [75.03417  77.205055 75.67129  ... 79.95397  76.73053  73.277435]
 [72.96833  73.61149  71.83208  ... 73.50892  70.76859  67.89058 ]]
69723.14
SUCCESS!
Program completed in: 00:03:08
