COUT002 01:32:40 GMT  ERROR: LOGGER NOT INITIALIZED:
COUT002 01:32:40 GMT  ERROR: 		Remote end closed connection
RPC_SYNC DONE
C transfer done
Timestamps transfer done
[[ 97.53798   95.7824    93.98704  ...  92.922226 101.05965   99.94002 ]
 [100.630005  97.512344  98.007225 ...  99.62995  101.1      101.54303 ]
 [101.49152   98.862366  97.7704   ...  96.740555 102.586876 103.45117 ]
 ...
 [101.49367   99.50648   97.587425 ... 102.21571  102.5896   103.75648 ]
 [ 98.0544    95.19762   97.11373  ...  96.71769   94.72144   97.18741 ]
 [106.091896 100.4793   106.36573  ... 105.6288   105.56427  108.96472 ]]
[[ 97.53798   95.7824    93.98704  ...  92.922226 101.05965   99.94002 ]
 [100.630005  97.512344  98.007225 ...  99.62995  101.1      101.54303 ]
 [101.49152   98.862366  97.7704   ...  96.740555 102.586876 103.45117 ]
 ...
 [101.49367   99.50648   97.587425 ... 102.21571  102.5896   103.75648 ]
 [ 98.0544    95.19762   97.11373  ...  96.71769   94.72144   97.18741 ]
 [106.091896 100.4793   106.36573  ... 105.6288   105.56427  108.96472 ]]
107666.67882352941
SUCCESS!
Program completed in: 00:03:54
