RPC_SYNC DONE
C transfer done
Timestamps transfer done
[[15.667695  17.788336  14.348318  ... 16.58877   15.528879  15.990496 ]
 [13.686946  15.75415   10.663755  ... 13.7418375 14.403337  12.781034 ]
 [14.644033  15.349034  12.201189  ... 15.234974  14.219957  14.432945 ]
 ...
 [14.734157  16.08201   13.148977  ... 14.763013  13.699171  13.368642 ]
 [15.275747  16.599955  14.495659  ... 16.037033  14.333183  15.663783 ]
 [12.285553  14.05249   11.91371   ... 13.06419   12.846599  11.116006 ]]
[[15.667695  17.788336  14.348318  ... 16.58877   15.528879  15.990496 ]
 [13.686946  15.75415   10.663755  ... 13.7418375 14.403337  12.781034 ]
 [14.644033  15.349034  12.201189  ... 15.234974  14.219957  14.432945 ]
 ...
 [14.734157  16.08201   13.148977  ... 14.763013  13.699171  13.368642 ]
 [15.275747  16.599955  14.495659  ... 16.037033  14.333183  15.663783 ]
 [12.285553  14.05249   11.91371   ... 13.06419   12.846599  11.116006 ]]
520.0423529411765
SUCCESS!
Program completed in: 00:09:12
