RPC_SYNC DONE
C transfer done
Timestamps transfer done
[[118.5611   124.46133  118.58813  ... 126.755875 126.31854  123.90152 ]
 [116.261314 128.78711  125.11301  ... 128.90862  127.774315 123.37664 ]
 [119.37406  130.08005  125.94327  ... 133.41235  130.15929  129.24908 ]
 ...
 [118.52149  126.83545  121.02235  ... 128.732    125.1984   128.52661 ]
 [122.4198   132.14137  124.1091   ... 134.41722  127.67529  130.60202 ]
 [128.42705  137.66362  131.86429  ... 137.5163   132.31602  135.42209 ]]
[[118.56108  124.4613   118.58815  ... 126.75586  126.318535 123.90151 ]
 [116.26124  128.7871   125.11304  ... 128.90857  127.77429  123.37659 ]
 [119.37409  130.0801   125.94326  ... 133.41235  130.15935  129.24905 ]
 ...
 [118.521484 126.83542  121.0223   ... 128.732    125.198395 128.52661 ]
 [122.41973  132.14137  124.1091   ... 134.4172   127.67525  130.60205 ]
 [128.42699  137.6636   131.86429  ... 137.51628  132.31607  135.42203 ]]
168578.29411764705
SUCCESS!
Program completed in: 00:05:03
