COUT002 00:35:27 GMT  ERROR: LOGGER NOT INITIALIZED:
COUT002 00:35:27 GMT  ERROR: 		Remote end closed connection
RPC_SYNC DONE
C transfer done
Timestamps transfer done
[[45.188175 46.529026 47.8815   ... 47.54826  44.215317 47.41137 ]
 [51.98839  51.813496 53.426987 ... 52.772858 50.250355 51.43731 ]
 [45.98361  48.28557  51.07213  ... 50.420433 46.30115  50.22081 ]
 ...
 [50.226128 49.327343 48.4091   ... 49.400032 46.803787 50.668224]
 [47.463688 47.10535  48.674282 ... 49.75002  46.349022 50.509632]
 [49.70078  48.239834 52.42077  ... 52.79635  47.782005 50.47774 ]]
[[45.188175 46.529026 47.8815   ... 47.54826  44.215317 47.41137 ]
 [51.98839  51.813496 53.426987 ... 52.772858 50.250355 51.43731 ]
 [45.98361  48.28557  51.07213  ... 50.420433 46.30115  50.22081 ]
 ...
 [50.226128 49.327343 48.4091   ... 49.400032 46.803787 50.668224]
 [47.463688 47.10535  48.674282 ... 49.75002  46.349022 50.509632]
 [49.70078  48.239834 52.42077  ... 52.79635  47.782005 50.47774 ]]
33386.09411764706
SUCCESS!
Program completed in: 00:02:42
