A matrix: 

[[0.4528 0.9442 0.1751 ... 0.7962 0.2905 0.6441]
 [0.8182 0.0417 0.5164 ... 0.3859 0.1802 0.6773]
 [0.7947 0.7429 0.633  ... 0.0828 0.8108 0.4186]
 ...
 [0.1402 0.2347 0.4665 ... 0.8427 0.7584 0.6242]
 [0.6169 0.1525 0.4753 ... 0.0127 0.2125 0.0967]
 [0.9117 0.0466 0.8688 ... 0.7281 0.4496 0.1055]]
B matrix: 

[[0.5954 0.5467 0.3269 ... 0.9784 0.3791 0.2212]
 [0.7455 0.6905 0.0036 ... 0.4129 0.2487 0.3113]
 [0.0699 0.2226 0.7457 ... 0.4929 0.2953 0.8105]
 ...
 [0.1563 0.314  0.757  ... 0.0069 0.8803 0.2224]
 [0.0359 0.1225 0.8524 ... 0.5165 0.0141 0.5037]
 [0.8177 0.039  0.6485 ... 0.5019 0.2356 0.4287]]
RPC_SYNC DONE
C transfer done
Timestamps transfer done
[[4572.869  4626.364  4531.491  ... 4568.3584 4567.263  4550.111 ]
 [4592.3174 4644.191  4573.8433 ... 4632.521  4600.1064 4610.247 ]
 [4581.51   4645.5522 4603.3696 ... 4605.217  4604.407  4597.3843]
 ...
 [4541.1426 4633.4453 4554.006  ... 4597.579  4577.882  4569.199 ]
 [4528.9487 4615.414  4542.217  ... 4595.7007 4578.2656 4551.275 ]
 [4585.7163 4625.48   4576.994  ... 4609.561  4598.141  4582.07  ]]
[[4572.874  4626.369  4531.4985 ... 4568.3623 4567.2676 4550.098 ]
 [4592.324  4644.18   4573.85   ... 4632.528  4600.11   4610.261 ]
 [4581.5024 4645.5693 4603.3643 ... 4605.222  4604.406  4597.3975]
 ...
 [4541.14   4633.4556 4553.997  ... 4597.581  4577.8877 4569.2   ]
 [4528.9565 4615.4106 4542.1953 ... 4595.702  4578.265  4551.2856]
 [4585.7065 4625.4814 4576.9956 ... 4609.5635 4598.125  4582.07  ]]
3958200.2294117645
Traceback (most recent call last):
  File "./run.py", line 170, in <module>
    np.testing.assert_allclose(C_expected, C, rtol=1e-05, atol=1e-06)
  File "/python/python-x86_64/lib/python3.8/site-packages/numpy/testing/_private/utils.py", line 1592, in assert_allclose
    assert_array_compare(compare, actual, desired, err_msg=str(err_msg),
  File "/cb/toolchains/buildroot/monolith-default/202403181828-238-5e1418a5/rootfs-x86_64/usr/lib/python3.8/contextlib.py", line 75, in inner
    return func(*args, **kwds)
  File "/python/python-x86_64/lib/python3.8/site-packages/numpy/testing/_private/utils.py", line 862, in assert_array_compare
    raise AssertionError(msg)
AssertionError: 
Not equal to tolerance rtol=1e-05, atol=1e-06

Mismatched elements: 260 / 338560000 (7.68e-05%)
Max absolute difference: 0.05566406
Max relative difference: 1.2101868e-05
 x: array([[4572.874 , 4626.369 , 4531.4985, ..., 4568.3623, 4567.2676,
        4550.098 ],
       [4592.324 , 4644.18  , 4573.85  , ..., 4632.528 , 4600.11  ,...
 y: array([[4572.869 , 4626.364 , 4531.491 , ..., 4568.3584, 4567.263 ,
        4550.111 ],
       [4592.3174, 4644.191 , 4573.8433, ..., 4632.521 , 4600.1064,...
Program completed in: 00:04:42
