COUT002 22:06:24 GMT  ERROR: LOGGER NOT INITIALIZED:
COUT002 22:06:24 GMT  ERROR: 		Remote end closed connection
A matrix: 

[[0.9302 0.5088 0.8519 ... 0.0412 0.0401 0.5552]
 [0.9741 0.842  0.9887 ... 0.9938 0.5219 0.1478]
 [0.5757 0.467  0.6915 ... 0.5139 0.7081 0.3891]
 ...
 [0.3992 0.0143 0.4918 ... 0.7287 0.946  0.1754]
 [0.6627 0.7787 0.7215 ... 0.6667 0.8959 0.2248]
 [0.3684 0.5228 0.3606 ... 0.7322 0.4436 0.1012]]
B matrix: 

[[0.2613 0.1425 0.1632 ... 0.31   0.266  0.6473]
 [0.8836 0.8584 0.3193 ... 0.8646 0.7275 0.4919]
 [0.2852 0.7876 0.0719 ... 0.8368 0.0048 0.6307]
 ...
 [0.5948 0.2814 0.0143 ... 0.2385 0.6175 0.5586]
 [0.018  0.8952 0.8637 ... 0.217  0.5774 0.1283]
 [0.8431 0.8814 0.3196 ... 0.3316 0.4491 0.3386]]
A matrix: 

[[[[9.302e-01 5.088e-01 8.519e-01 ... 7.712e-01 2.258e-01 9.852e-01]
   [9.741e-01 8.420e-01 9.887e-01 ... 6.507e-01 5.339e-01 7.770e-01]
   [5.757e-01 4.670e-01 6.915e-01 ... 3.896e-01 4.331e-01 6.390e-01]
   ...
   [6.475e-01 9.386e-01 5.430e-02 ... 1.198e-01 3.504e-01 1.607e-01]
   [9.100e-01 6.111e-01 4.698e-01 ... 4.238e-01 3.750e-01 3.687e-01]
   [4.937e-01 4.182e-01 4.025e-01 ... 5.512e-01 6.480e-02 9.582e-01]]

  [[1.471e-01 5.730e-02 8.389e-01 ... 7.709e-01 9.847e-01 6.138e-01]
   [3.926e-01 6.607e-01 6.826e-01 ... 3.772e-01 9.923e-01 8.702e-01]
   [7.698e-01 1.198e-01 9.770e-01 ... 8.338e-01 1.490e-01 3.570e-01]
   ...
   [8.346e-01 5.605e-01 3.448e-01 ... 5.066e-01 7.226e-01 6.768e-01]
   [6.133e-01 2.537e-01 7.856e-01 ... 1.493e-01 9.018e-01 9.184e-01]
   [5.205e-01 6.576e-01 4.402e-01 ... 5.273e-01 2.887e-01 9.044e-01]]

  [[7.355e-01 8.012e-01 6.836e-01 ... 6.979e-01 6.130e-01 2.664e-01]
   [3.184e-01 9.283e-01 5.909e-01 ... 3.139e-01 2.745e-01 7.438e-01]
   [1.000e-01 2.514e-01 4.968e-01 ... 8.256e-01 6.887e-01 5.689e-01]
   ...
   [3.332e-01 2.147e-01 6.894e-01 ... 6.438e-01 8.296e-01 5.309e-01]
   [4.710e-02 1.837e-01 9.360e-02 ... 9.924e-01 9.215e-01 4.902e-01]
   [1.511e-01 5.433e-01 8.819e-01 ... 2.993e-01 8.399e-01 9.669e-01]]

  ...

  [[6.887e-01 4.248e-01 7.416e-01 ... 9.545e-01 7.977e-01 7.956e-01]
   [3.645e-01 3.695e-01 6.608e-01 ... 2.524e-01 1.830e-02 1.820e-02]
   [8.050e-01 2.772e-01 5.520e-02 ... 4.691e-01 6.901e-01 7.846e-01]
   ...
   [7.368e-01 5.081e-01 5.772e-01 ... 7.456e-01 5.343e-01 1.853e-01]
   [7.439e-01 5.890e-01 7.560e-01 ... 8.314e-01 5.616e-01 8.214e-01]
   [6.611e-01 3.488e-01 7.789e-01 ... 2.198e-01 2.386e-01 5.056e-01]]

  [[2.310e-02 4.313e-01 1.536e-01 ... 2.969e-01 3.595e-01 8.055e-01]
   [2.427e-01 3.460e-02 5.152e-01 ... 1.135e-01 4.899e-01 3.605e-01]
   [8.306e-01 2.220e-01 5.758e-01 ... 3.206e-01 9.572e-01 3.849e-01]
   ...
   [3.738e-01 1.898e-01 1.075e-01 ... 2.501e-01 4.464e-01 9.475e-01]
   [7.120e-01 3.010e-01 8.529e-01 ... 3.834e-01 8.529e-01 9.801e-01]
   [6.245e-01 6.118e-01 5.679e-01 ... 7.646e-01 2.692e-01 1.214e-01]]

  [[1.303e-01 6.771e-01 8.918e-01 ... 4.208e-01 8.897e-01 7.106e-01]
   [3.828e-01 2.432e-01 8.471e-01 ... 6.748e-01 2.465e-01 6.144e-01]
   [9.338e-01 1.084e-01 6.828e-01 ... 5.687e-01 1.320e-01 2.714e-01]
   ...
   [3.992e-01 1.430e-02 4.918e-01 ... 4.710e-01 5.529e-01 3.508e-01]
   [6.627e-01 7.787e-01 7.215e-01 ... 6.681e-01 5.594e-01 9.028e-01]
   [3.684e-01 5.228e-01 3.606e-01 ... 1.895e-01 7.190e-02 3.630e-01]]]


 [[[6.652e-01 9.810e-02 6.810e-01 ... 5.979e-01 5.192e-01 9.210e-01]
   [9.784e-01 6.090e-01 5.179e-01 ... 1.264e-01 6.210e-02 4.815e-01]
   [7.233e-01 5.602e-01 1.256e-01 ... 8.700e-03 2.303e-01 7.315e-01]
   ...
   [9.088e-01 5.828e-01 4.069e-01 ... 5.490e-01 6.990e-01 8.834e-01]
   [5.429e-01 7.865e-01 8.209e-01 ... 9.662e-01 2.066e-01 6.101e-01]
   [7.714e-01 5.800e-01 3.001e-01 ... 2.146e-01 8.737e-01 4.578e-01]]

  [[3.839e-01 9.331e-01 2.402e-01 ... 8.790e-02 8.805e-01 4.143e-01]
   [8.369e-01 4.034e-01 4.536e-01 ... 3.270e-01 4.992e-01 4.665e-01]
   [7.355e-01 5.334e-01 9.854e-01 ... 9.408e-01 7.347e-01 1.450e-02]
   ...
   [9.383e-01 1.071e-01 2.007e-01 ... 2.140e-01 1.149e-01 1.954e-01]
   [3.507e-01 4.354e-01 5.430e-02 ... 1.068e-01 5.696e-01 9.728e-01]
   [6.262e-01 2.465e-01 6.128e-01 ... 3.980e-02 9.768e-01 4.247e-01]]

  [[8.338e-01 1.270e-01 9.005e-01 ... 6.290e-01 5.500e-01 9.767e-01]
   [8.299e-01 9.913e-01 3.191e-01 ... 4.933e-01 9.810e-02 6.806e-01]
   [3.447e-01 7.638e-01 5.211e-01 ... 1.577e-01 7.606e-01 9.411e-01]
   ...
   [8.013e-01 4.606e-01 7.487e-01 ... 6.944e-01 9.838e-01 9.140e-02]
   [9.687e-01 4.257e-01 8.916e-01 ... 1.226e-01 5.999e-01 2.800e-01]
   [9.325e-01 7.509e-01 2.175e-01 ... 1.933e-01 9.011e-01 4.278e-01]]

  ...

  [[1.474e-01 7.080e-01 8.015e-01 ... 5.178e-01 4.645e-01 7.815e-01]
   [3.081e-01 1.208e-01 8.230e-01 ... 3.837e-01 7.150e-01 6.833e-01]
   [7.530e-02 6.239e-01 5.100e-02 ... 1.506e-01 1.119e-01 1.693e-01]
   ...
   [8.610e-02 3.926e-01 6.261e-01 ... 8.624e-01 3.760e-02 7.425e-01]
   [3.774e-01 7.779e-01 8.781e-01 ... 4.832e-01 2.335e-01 5.205e-01]
   [8.497e-01 1.830e-01 7.883e-01 ... 5.387e-01 8.788e-01 3.066e-01]]

  [[8.610e-02 3.575e-01 4.131e-01 ... 7.383e-01 3.538e-01 7.264e-01]
   [1.265e-01 3.889e-01 5.380e-01 ... 9.989e-01 7.669e-01 6.208e-01]
   [4.462e-01 2.494e-01 9.532e-01 ... 4.510e-02 7.392e-01 4.584e-01]
   ...
   [1.430e-01 6.840e-01 2.092e-01 ... 6.556e-01 4.025e-01 1.188e-01]
   [8.508e-01 6.122e-01 5.541e-01 ... 9.176e-01 6.217e-01 1.671e-01]
   [1.990e-01 1.138e-01 8.960e-01 ... 1.991e-01 6.730e-01 9.187e-01]]

  [[6.208e-01 5.363e-01 5.765e-01 ... 6.578e-01 4.048e-01 1.025e-01]
   [6.693e-01 4.229e-01 2.479e-01 ... 2.228e-01 6.647e-01 6.137e-01]
   [9.208e-01 2.800e-03 6.984e-01 ... 7.576e-01 6.511e-01 9.701e-01]
   ...
   [2.036e-01 4.750e-02 2.003e-01 ... 2.710e-01 4.057e-01 7.770e-01]
   [8.686e-01 9.490e-01 4.359e-01 ... 2.841e-01 4.019e-01 1.254e-01]
   [5.931e-01 6.580e-02 3.535e-01 ... 3.950e-01 7.841e-01 9.063e-01]]]


 [[[3.141e-01 1.402e-01 9.861e-01 ... 5.353e-01 9.031e-01 6.710e-02]
   [7.370e-02 7.491e-01 8.110e-01 ... 6.748e-01 3.933e-01 4.753e-01]
   [2.882e-01 5.394e-01 2.420e-02 ... 8.970e-02 9.628e-01 7.653e-01]
   ...
   [8.021e-01 8.865e-01 8.098e-01 ... 7.867e-01 7.492e-01 2.324e-01]
   [8.741e-01 6.888e-01 5.757e-01 ... 6.520e-01 5.140e-01 2.649e-01]
   [9.801e-01 4.958e-01 9.121e-01 ... 1.589e-01 2.031e-01 6.160e-02]]

  [[1.897e-01 9.020e-01 9.364e-01 ... 1.167e-01 2.631e-01 6.845e-01]
   [8.444e-01 1.273e-01 2.786e-01 ... 3.934e-01 7.094e-01 7.926e-01]
   [2.557e-01 6.886e-01 6.467e-01 ... 2.775e-01 2.283e-01 3.400e-02]
   ...
   [4.870e-01 6.542e-01 5.588e-01 ... 4.887e-01 7.612e-01 6.834e-01]
   [2.710e-02 8.792e-01 6.945e-01 ... 2.016e-01 5.558e-01 2.975e-01]
   [5.250e-01 9.255e-01 3.590e-01 ... 4.533e-01 7.812e-01 8.918e-01]]

  [[2.693e-01 2.994e-01 9.768e-01 ... 3.185e-01 7.175e-01 7.875e-01]
   [5.107e-01 3.935e-01 7.454e-01 ... 8.304e-01 8.610e-02 2.691e-01]
   [1.290e-02 9.070e-01 7.912e-01 ... 4.728e-01 9.139e-01 8.770e-02]
   ...
   [8.794e-01 7.984e-01 9.129e-01 ... 8.670e-01 8.165e-01 1.748e-01]
   [6.676e-01 9.850e-02 2.139e-01 ... 5.536e-01 9.256e-01 4.651e-01]
   [4.351e-01 3.897e-01 1.449e-01 ... 2.700e-01 5.420e-02 8.873e-01]]

  ...

  [[1.872e-01 4.800e-02 8.044e-01 ... 3.183e-01 2.510e-01 4.500e-02]
   [8.558e-01 3.180e-02 6.600e-01 ... 5.067e-01 2.378e-01 3.300e-01]
   [1.509e-01 5.917e-01 1.237e-01 ... 7.494e-01 4.006e-01 1.327e-01]
   ...
   [1.099e-01 2.016e-01 6.881e-01 ... 2.200e-02 2.347e-01 5.740e-01]
   [6.202e-01 6.226e-01 1.044e-01 ... 2.573e-01 2.159e-01 1.109e-01]
   [6.751e-01 4.386e-01 7.905e-01 ... 3.116e-01 9.528e-01 1.731e-01]]

  [[9.801e-01 3.819e-01 8.124e-01 ... 9.055e-01 2.593e-01 3.871e-01]
   [3.118e-01 5.107e-01 4.994e-01 ... 7.259e-01 4.086e-01 3.310e-02]
   [1.775e-01 5.041e-01 6.681e-01 ... 2.705e-01 8.867e-01 8.776e-01]
   ...
   [4.821e-01 4.789e-01 1.459e-01 ... 5.533e-01 3.699e-01 8.247e-01]
   [6.700e-01 4.002e-01 9.680e-01 ... 8.376e-01 5.576e-01 6.765e-01]
   [2.817e-01 2.585e-01 6.603e-01 ... 8.120e-01 9.200e-02 1.553e-01]]

  [[3.690e-01 9.770e-02 6.683e-01 ... 2.880e-02 1.392e-01 2.300e-02]
   [8.700e-03 5.494e-01 6.124e-01 ... 1.387e-01 1.413e-01 5.420e-01]
   [8.862e-01 6.864e-01 7.749e-01 ... 1.346e-01 9.523e-01 5.576e-01]
   ...
   [1.364e-01 3.038e-01 3.073e-01 ... 2.487e-01 3.599e-01 5.921e-01]
   [8.136e-01 6.351e-01 7.011e-01 ... 3.250e-02 8.177e-01 8.085e-01]
   [3.450e-01 8.858e-01 6.991e-01 ... 1.908e-01 3.848e-01 4.747e-01]]]


 ...


 [[[3.850e-02 5.577e-01 4.401e-01 ... 5.430e-01 4.734e-01 1.311e-01]
   [9.459e-01 6.981e-01 6.469e-01 ... 6.605e-01 8.351e-01 1.281e-01]
   [9.786e-01 3.756e-01 1.273e-01 ... 9.380e-01 4.147e-01 9.030e-02]
   ...
   [6.238e-01 9.489e-01 7.606e-01 ... 6.975e-01 2.010e-01 1.694e-01]
   [7.625e-01 9.734e-01 7.999e-01 ... 8.639e-01 6.826e-01 6.166e-01]
   [6.424e-01 4.497e-01 1.610e-01 ... 1.698e-01 8.190e-01 1.413e-01]]

  [[7.733e-01 8.544e-01 5.425e-01 ... 3.420e-02 9.471e-01 7.688e-01]
   [7.780e-01 4.397e-01 8.908e-01 ... 4.406e-01 8.340e-01 5.874e-01]
   [5.258e-01 7.072e-01 1.134e-01 ... 6.975e-01 4.191e-01 6.510e-01]
   ...
   [2.593e-01 1.858e-01 6.783e-01 ... 2.050e-02 2.527e-01 3.924e-01]
   [3.540e-01 3.374e-01 8.993e-01 ... 8.057e-01 7.183e-01 4.148e-01]
   [4.655e-01 9.263e-01 1.371e-01 ... 5.402e-01 7.297e-01 8.659e-01]]

  [[4.255e-01 7.800e-02 2.011e-01 ... 8.786e-01 7.833e-01 2.069e-01]
   [4.403e-01 8.387e-01 9.246e-01 ... 9.209e-01 1.573e-01 3.441e-01]
   [3.225e-01 1.329e-01 1.360e-01 ... 8.314e-01 8.720e-01 9.000e-04]
   ...
   [4.985e-01 2.242e-01 7.215e-01 ... 3.884e-01 3.796e-01 9.950e-01]
   [2.389e-01 8.666e-01 7.767e-01 ... 3.819e-01 3.235e-01 6.250e-01]
   [2.110e-02 7.337e-01 8.575e-01 ... 4.967e-01 9.121e-01 4.443e-01]]

  ...

  [[4.833e-01 1.858e-01 6.927e-01 ... 3.890e-01 3.360e-02 5.911e-01]
   [5.798e-01 2.728e-01 9.721e-01 ... 7.611e-01 4.570e-01 4.909e-01]
   [5.457e-01 5.702e-01 8.814e-01 ... 6.549e-01 2.206e-01 2.483e-01]
   ...
   [1.952e-01 6.838e-01 2.180e-01 ... 3.349e-01 1.723e-01 1.019e-01]
   [1.920e-02 1.610e-02 1.232e-01 ... 3.607e-01 9.717e-01 4.182e-01]
   [5.580e-01 1.897e-01 8.280e-02 ... 1.735e-01 1.100e-03 3.411e-01]]

  [[9.881e-01 8.805e-01 9.558e-01 ... 8.835e-01 2.650e-01 2.707e-01]
   [3.655e-01 4.638e-01 3.318e-01 ... 4.930e-01 6.910e-01 6.070e-01]
   [5.063e-01 7.010e-01 7.438e-01 ... 8.511e-01 1.164e-01 8.680e-01]
   ...
   [9.304e-01 9.530e-02 6.994e-01 ... 3.408e-01 8.640e-02 9.115e-01]
   [5.051e-01 8.398e-01 4.810e-02 ... 6.138e-01 7.826e-01 1.239e-01]
   [6.279e-01 4.799e-01 4.286e-01 ... 1.439e-01 8.917e-01 7.901e-01]]

  [[9.160e-02 5.631e-01 4.373e-01 ... 7.623e-01 2.416e-01 6.865e-01]
   [2.880e-01 9.575e-01 1.367e-01 ... 1.043e-01 9.915e-01 4.243e-01]
   [8.198e-01 8.504e-01 1.236e-01 ... 6.512e-01 1.327e-01 7.283e-01]
   ...
   [7.665e-01 2.225e-01 8.951e-01 ... 1.047e-01 8.687e-01 4.081e-01]
   [4.610e-02 9.942e-01 1.245e-01 ... 6.896e-01 9.126e-01 8.826e-01]
   [1.340e-01 8.227e-01 2.035e-01 ... 2.329e-01 8.622e-01 5.181e-01]]]


 [[[7.840e-02 7.392e-01 1.051e-01 ... 9.310e-01 4.925e-01 5.158e-01]
   [4.957e-01 7.353e-01 8.267e-01 ... 3.789e-01 4.411e-01 6.808e-01]
   [7.543e-01 5.220e-02 4.546e-01 ... 4.459e-01 3.531e-01 5.523e-01]
   ...
   [8.196e-01 6.166e-01 6.610e-02 ... 3.842e-01 4.136e-01 5.294e-01]
   [7.409e-01 9.510e-01 5.819e-01 ... 1.485e-01 3.586e-01 5.454e-01]
   [3.273e-01 8.110e-02 2.492e-01 ... 4.696e-01 9.990e-02 8.474e-01]]

  [[9.627e-01 4.253e-01 4.007e-01 ... 1.820e-01 2.842e-01 7.830e-01]
   [7.982e-01 8.269e-01 5.080e-02 ... 6.173e-01 2.858e-01 2.403e-01]
   [6.057e-01 6.608e-01 3.046e-01 ... 7.675e-01 1.954e-01 6.610e-02]
   ...
   [2.280e-01 6.658e-01 1.153e-01 ... 3.132e-01 4.562e-01 6.519e-01]
   [9.872e-01 9.430e-02 5.610e-01 ... 7.766e-01 8.652e-01 8.989e-01]
   [4.415e-01 9.888e-01 5.967e-01 ... 1.567e-01 6.098e-01 7.260e-01]]

  [[2.016e-01 9.211e-01 3.820e-02 ... 6.797e-01 8.694e-01 1.956e-01]
   [1.606e-01 8.945e-01 6.800e-01 ... 2.676e-01 8.094e-01 3.608e-01]
   [7.673e-01 7.025e-01 5.720e-01 ... 2.237e-01 6.499e-01 5.624e-01]
   ...
   [1.498e-01 1.280e-01 4.985e-01 ... 2.262e-01 5.282e-01 3.390e-01]
   [8.106e-01 8.918e-01 6.400e-02 ... 5.298e-01 2.804e-01 2.347e-01]
   [1.099e-01 5.310e-01 3.870e-01 ... 6.838e-01 1.625e-01 4.515e-01]]

  ...

  [[1.654e-01 5.881e-01 8.687e-01 ... 1.454e-01 6.269e-01 9.848e-01]
   [9.417e-01 8.390e-01 1.391e-01 ... 2.224e-01 2.694e-01 3.833e-01]
   [1.150e-02 7.485e-01 4.230e-01 ... 6.494e-01 9.915e-01 3.455e-01]
   ...
   [1.166e-01 9.832e-01 7.632e-01 ... 1.444e-01 8.551e-01 2.023e-01]
   [1.985e-01 3.652e-01 7.185e-01 ... 1.399e-01 7.639e-01 2.626e-01]
   [9.807e-01 2.682e-01 5.510e-01 ... 5.110e-02 9.514e-01 8.275e-01]]

  [[1.658e-01 8.128e-01 8.930e-01 ... 6.930e-02 2.829e-01 4.780e-02]
   [5.743e-01 9.879e-01 2.830e-01 ... 5.198e-01 4.904e-01 3.949e-01]
   [7.983e-01 6.232e-01 6.669e-01 ... 9.921e-01 8.531e-01 7.340e-01]
   ...
   [1.071e-01 1.773e-01 8.510e-01 ... 9.560e-01 8.786e-01 7.466e-01]
   [2.707e-01 3.376e-01 9.510e-01 ... 7.535e-01 2.433e-01 6.387e-01]
   [7.510e-02 5.659e-01 2.823e-01 ... 2.585e-01 6.206e-01 2.375e-01]]

  [[3.076e-01 7.378e-01 3.029e-01 ... 7.761e-01 6.222e-01 8.538e-01]
   [1.260e-01 5.919e-01 8.957e-01 ... 5.858e-01 9.818e-01 2.432e-01]
   [7.379e-01 5.450e-01 1.729e-01 ... 4.778e-01 8.272e-01 4.150e-01]
   ...
   [7.947e-01 9.216e-01 5.435e-01 ... 2.217e-01 2.460e-02 8.152e-01]
   [2.323e-01 4.153e-01 8.108e-01 ... 3.473e-01 6.794e-01 4.968e-01]
   [6.554e-01 7.334e-01 1.054e-01 ... 7.014e-01 1.162e-01 2.260e-01]]]


 [[[7.500e-02 9.030e-01 9.371e-01 ... 4.120e-02 4.010e-02 5.552e-01]
   [8.979e-01 9.331e-01 4.820e-01 ... 9.938e-01 5.219e-01 1.478e-01]
   [1.960e-02 5.711e-01 8.317e-01 ... 5.139e-01 7.081e-01 3.891e-01]
   ...
   [3.607e-01 5.567e-01 1.456e-01 ... 9.940e-02 8.197e-01 1.431e-01]
   [8.993e-01 7.500e-01 5.457e-01 ... 1.807e-01 1.322e-01 4.498e-01]
   [8.041e-01 1.307e-01 1.762e-01 ... 6.200e-03 6.062e-01 7.125e-01]]

  [[9.184e-01 1.023e-01 2.144e-01 ... 9.619e-01 6.263e-01 2.171e-01]
   [6.889e-01 4.603e-01 2.361e-01 ... 1.410e-02 8.193e-01 7.260e-02]
   [8.025e-01 6.478e-01 7.844e-01 ... 5.308e-01 5.928e-01 8.683e-01]
   ...
   [1.446e-01 7.442e-01 7.163e-01 ... 8.758e-01 8.800e-02 9.943e-01]
   [7.834e-01 5.394e-01 9.393e-01 ... 4.935e-01 9.888e-01 2.063e-01]
   [3.092e-01 4.469e-01 1.410e-01 ... 7.725e-01 3.230e-01 2.128e-01]]

  [[9.248e-01 4.820e-01 2.709e-01 ... 3.620e-02 6.307e-01 1.160e-02]
   [3.161e-01 5.575e-01 3.970e-01 ... 4.043e-01 1.944e-01 8.607e-01]
   [3.999e-01 9.228e-01 7.179e-01 ... 9.772e-01 4.022e-01 2.622e-01]
   ...
   [8.975e-01 3.784e-01 7.233e-01 ... 4.793e-01 8.958e-01 8.530e-02]
   [7.995e-01 4.720e-02 2.994e-01 ... 1.939e-01 8.782e-01 2.177e-01]
   [5.920e-02 4.733e-01 9.154e-01 ... 3.745e-01 4.906e-01 5.690e-02]]

  ...

  [[2.941e-01 4.714e-01 2.320e-02 ... 1.605e-01 7.278e-01 8.554e-01]
   [6.296e-01 3.358e-01 8.627e-01 ... 3.624e-01 1.333e-01 4.400e-01]
   [8.910e-02 1.359e-01 6.892e-01 ... 2.373e-01 6.535e-01 3.457e-01]
   ...
   [3.065e-01 5.707e-01 6.225e-01 ... 3.427e-01 5.253e-01 9.764e-01]
   [4.123e-01 4.685e-01 2.937e-01 ... 5.596e-01 7.578e-01 1.306e-01]
   [5.701e-01 8.630e-02 1.632e-01 ... 4.881e-01 9.749e-01 9.234e-01]]

  [[4.528e-01 2.876e-01 1.806e-01 ... 9.757e-01 5.995e-01 2.309e-01]
   [6.678e-01 7.504e-01 2.185e-01 ... 5.570e-02 1.455e-01 5.130e-02]
   [9.608e-01 1.699e-01 2.559e-01 ... 7.778e-01 1.546e-01 2.342e-01]
   ...
   [1.822e-01 7.041e-01 7.950e-02 ... 9.842e-01 7.798e-01 1.737e-01]
   [4.144e-01 8.201e-01 3.793e-01 ... 7.792e-01 8.825e-01 7.508e-01]
   [8.340e-01 4.862e-01 3.432e-01 ... 2.051e-01 6.544e-01 4.056e-01]]

  [[2.764e-01 7.152e-01 2.500e-03 ... 7.463e-01 5.306e-01 4.477e-01]
   [5.197e-01 3.692e-01 8.076e-01 ... 1.009e-01 6.076e-01 2.932e-01]
   [2.690e-02 7.100e-03 2.936e-01 ... 8.453e-01 4.305e-01 7.330e-01]
   ...
   [1.551e-01 9.939e-01 5.704e-01 ... 7.287e-01 9.460e-01 1.754e-01]
   [8.797e-01 9.398e-01 8.040e-01 ... 6.667e-01 8.959e-01 2.248e-01]
   [1.177e-01 6.290e-02 4.714e-01 ... 7.322e-01 4.436e-01 1.012e-01]]]]
B matrix: 

[[[[2.613e-01 1.425e-01 1.632e-01 ... 4.785e-01 2.838e-01 9.070e-01]
   [8.836e-01 8.584e-01 3.193e-01 ... 4.617e-01 9.563e-01 9.144e-01]
   [2.852e-01 7.876e-01 7.190e-02 ... 6.534e-01 3.770e-01 4.932e-01]
   ...
   [8.011e-01 2.068e-01 6.042e-01 ... 3.061e-01 4.320e-01 8.038e-01]
   [9.640e-02 3.666e-01 3.613e-01 ... 1.700e-01 9.136e-01 1.661e-01]
   [4.852e-01 8.760e-01 4.148e-01 ... 2.801e-01 4.582e-01 7.921e-01]]

  [[6.371e-01 2.784e-01 5.945e-01 ... 8.325e-01 8.045e-01 3.842e-01]
   [2.986e-01 8.497e-01 4.979e-01 ... 9.385e-01 1.906e-01 1.122e-01]
   [1.334e-01 9.480e-01 8.050e-02 ... 6.113e-01 9.490e-01 4.366e-01]
   ...
   [1.815e-01 6.135e-01 6.684e-01 ... 8.310e-01 8.330e-02 4.343e-01]
   [7.594e-01 5.340e-02 6.952e-01 ... 5.624e-01 7.285e-01 4.955e-01]
   [7.303e-01 8.915e-01 7.582e-01 ... 2.502e-01 5.032e-01 7.901e-01]]

  [[7.756e-01 9.786e-01 3.700e-02 ... 7.500e-01 3.631e-01 4.693e-01]
   [4.703e-01 4.900e-01 6.512e-01 ... 1.445e-01 1.345e-01 4.146e-01]
   [9.548e-01 1.801e-01 3.788e-01 ... 1.728e-01 6.297e-01 2.851e-01]
   ...
   [5.086e-01 7.883e-01 8.155e-01 ... 9.912e-01 7.359e-01 3.040e-02]
   [8.744e-01 3.605e-01 2.236e-01 ... 2.407e-01 1.352e-01 1.709e-01]
   [7.170e-02 9.621e-01 8.036e-01 ... 8.024e-01 1.963e-01 3.800e-03]]

  ...

  [[3.994e-01 4.215e-01 5.654e-01 ... 3.260e-02 8.592e-01 1.299e-01]
   [4.123e-01 7.342e-01 2.339e-01 ... 8.446e-01 1.076e-01 5.725e-01]
   [5.544e-01 5.692e-01 3.827e-01 ... 7.450e-01 8.830e-01 4.338e-01]
   ...
   [3.484e-01 3.440e-02 2.475e-01 ... 6.848e-01 5.372e-01 7.070e-02]
   [2.392e-01 8.274e-01 9.840e-01 ... 1.382e-01 6.159e-01 9.001e-01]
   [8.505e-01 2.730e-02 9.040e-02 ... 8.515e-01 6.235e-01 7.886e-01]]

  [[6.776e-01 7.499e-01 3.117e-01 ... 9.872e-01 5.329e-01 7.975e-01]
   [2.074e-01 3.160e-02 7.198e-01 ... 5.507e-01 8.336e-01 7.400e-01]
   [8.860e-01 1.782e-01 4.763e-01 ... 9.613e-01 4.497e-01 3.080e-01]
   ...
   [9.760e-02 7.050e-02 9.976e-01 ... 1.498e-01 8.909e-01 6.967e-01]
   [1.192e-01 4.504e-01 7.693e-01 ... 3.154e-01 2.977e-01 7.972e-01]
   [9.360e-02 3.465e-01 7.121e-01 ... 9.420e-02 8.894e-01 7.954e-01]]

  [[2.479e-01 2.787e-01 8.722e-01 ... 3.100e-01 2.660e-01 6.473e-01]
   [5.853e-01 3.967e-01 3.919e-01 ... 8.646e-01 7.275e-01 4.919e-01]
   [1.966e-01 9.946e-01 4.034e-01 ... 8.368e-01 4.800e-03 6.307e-01]
   ...
   [7.010e-02 2.934e-01 6.757e-01 ... 7.009e-01 2.167e-01 2.891e-01]
   [5.229e-01 1.506e-01 4.789e-01 ... 6.897e-01 1.841e-01 2.348e-01]
   [4.499e-01 6.448e-01 8.197e-01 ... 5.585e-01 7.713e-01 4.220e-01]]]


 [[[4.636e-01 4.582e-01 4.564e-01 ... 5.511e-01 3.464e-01 2.771e-01]
   [8.726e-01 3.568e-01 2.441e-01 ... 4.423e-01 1.448e-01 8.773e-01]
   [8.673e-01 7.341e-01 6.440e-01 ... 5.105e-01 8.896e-01 5.860e-01]
   ...
   [7.172e-01 6.000e-02 1.422e-01 ... 4.428e-01 6.154e-01 2.701e-01]
   [9.820e-02 5.766e-01 8.909e-01 ... 8.888e-01 5.951e-01 5.180e-01]
   [4.032e-01 3.539e-01 9.750e-02 ... 3.180e-01 3.480e-01 6.707e-01]]

  [[1.040e-01 1.541e-01 2.656e-01 ... 7.270e-02 1.825e-01 5.594e-01]
   [6.113e-01 6.086e-01 4.894e-01 ... 9.447e-01 5.395e-01 4.298e-01]
   [1.272e-01 4.744e-01 5.152e-01 ... 8.222e-01 7.006e-01 6.910e-01]
   ...
   [8.312e-01 5.232e-01 6.225e-01 ... 6.061e-01 9.004e-01 8.048e-01]
   [9.528e-01 5.978e-01 7.230e-02 ... 1.565e-01 5.341e-01 6.300e-01]
   [2.879e-01 1.032e-01 2.672e-01 ... 5.653e-01 1.402e-01 4.729e-01]]

  [[9.855e-01 7.066e-01 2.296e-01 ... 3.610e-02 3.210e-02 4.543e-01]
   [6.367e-01 6.870e-02 3.587e-01 ... 2.639e-01 1.543e-01 7.578e-01]
   [7.167e-01 9.663e-01 8.280e-02 ... 5.453e-01 9.568e-01 5.670e-02]
   ...
   [5.471e-01 9.783e-01 8.804e-01 ... 2.622e-01 4.981e-01 7.270e-02]
   [2.480e-01 6.460e-01 3.448e-01 ... 5.648e-01 5.700e-02 2.350e-02]
   [3.169e-01 3.820e-01 2.867e-01 ... 2.067e-01 8.030e-01 2.999e-01]]

  ...

  [[8.053e-01 8.510e-01 5.979e-01 ... 9.635e-01 2.319e-01 3.700e-01]
   [5.832e-01 3.506e-01 4.269e-01 ... 5.748e-01 5.462e-01 2.525e-01]
   [2.957e-01 9.552e-01 7.840e-01 ... 4.312e-01 1.811e-01 8.448e-01]
   ...
   [7.617e-01 8.344e-01 5.080e-02 ... 1.666e-01 2.474e-01 9.290e-02]
   [5.580e-01 7.171e-01 9.924e-01 ... 4.500e-03 8.292e-01 4.645e-01]
   [2.978e-01 3.230e-01 6.694e-01 ... 3.498e-01 5.476e-01 2.904e-01]]

  [[4.600e-02 7.141e-01 4.684e-01 ... 9.994e-01 4.273e-01 6.500e-01]
   [7.726e-01 7.189e-01 3.185e-01 ... 9.196e-01 8.854e-01 5.473e-01]
   [7.014e-01 2.461e-01 2.263e-01 ... 9.554e-01 5.082e-01 9.474e-01]
   ...
   [1.292e-01 6.430e-02 3.505e-01 ... 8.710e-02 9.852e-01 5.800e-02]
   [5.826e-01 4.144e-01 5.026e-01 ... 9.070e-01 4.908e-01 9.279e-01]
   [6.712e-01 2.860e-01 5.143e-01 ... 7.996e-01 8.028e-01 1.367e-01]]

  [[1.156e-01 2.579e-01 2.670e-01 ... 9.999e-01 4.452e-01 7.272e-01]
   [9.693e-01 3.147e-01 3.718e-01 ... 9.270e-02 9.216e-01 7.411e-01]
   [5.682e-01 7.646e-01 6.844e-01 ... 3.239e-01 3.029e-01 7.421e-01]
   ...
   [3.443e-01 4.130e-01 4.900e-02 ... 4.500e-02 4.088e-01 9.359e-01]
   [1.405e-01 1.746e-01 4.386e-01 ... 7.509e-01 6.997e-01 6.055e-01]
   [5.600e-02 5.330e-02 3.342e-01 ... 2.962e-01 3.734e-01 7.153e-01]]]


 [[[6.025e-01 9.674e-01 3.754e-01 ... 8.552e-01 8.071e-01 9.075e-01]
   [3.470e-02 5.886e-01 8.736e-01 ... 4.536e-01 8.620e-02 9.336e-01]
   [4.460e-02 3.756e-01 4.331e-01 ... 8.130e-01 3.884e-01 2.688e-01]
   ...
   [7.204e-01 8.973e-01 8.699e-01 ... 1.640e-02 9.941e-01 7.266e-01]
   [4.521e-01 3.219e-01 4.280e-01 ... 3.929e-01 7.153e-01 7.824e-01]
   [2.983e-01 8.033e-01 9.716e-01 ... 7.202e-01 7.385e-01 6.093e-01]]

  [[4.316e-01 5.334e-01 4.391e-01 ... 1.829e-01 7.325e-01 4.191e-01]
   [6.311e-01 2.040e-02 3.842e-01 ... 6.692e-01 4.713e-01 5.976e-01]
   [5.101e-01 5.544e-01 9.898e-01 ... 8.529e-01 5.470e-01 4.957e-01]
   ...
   [5.538e-01 9.732e-01 1.170e-01 ... 7.574e-01 7.201e-01 4.517e-01]
   [5.707e-01 7.700e-03 8.715e-01 ... 3.463e-01 8.962e-01 4.320e-01]
   [4.600e-03 8.901e-01 7.808e-01 ... 1.813e-01 9.282e-01 6.485e-01]]

  [[1.438e-01 1.398e-01 4.936e-01 ... 5.852e-01 6.013e-01 6.934e-01]
   [5.450e-01 9.181e-01 8.868e-01 ... 7.349e-01 5.250e-02 3.721e-01]
   [4.200e-02 3.450e-01 8.425e-01 ... 4.512e-01 7.349e-01 7.042e-01]
   ...
   [2.986e-01 9.255e-01 6.452e-01 ... 2.807e-01 6.660e-01 7.127e-01]
   [5.986e-01 6.313e-01 2.606e-01 ... 1.404e-01 5.711e-01 4.422e-01]
   [5.084e-01 1.445e-01 3.120e-01 ... 9.230e-02 5.252e-01 1.623e-01]]

  ...

  [[3.973e-01 4.169e-01 4.356e-01 ... 9.556e-01 9.061e-01 4.853e-01]
   [6.694e-01 2.637e-01 8.868e-01 ... 5.875e-01 4.821e-01 2.730e-01]
   [9.036e-01 6.918e-01 2.101e-01 ... 1.232e-01 4.854e-01 2.402e-01]
   ...
   [9.892e-01 4.661e-01 3.204e-01 ... 9.456e-01 6.801e-01 7.825e-01]
   [1.638e-01 4.104e-01 3.052e-01 ... 2.655e-01 4.500e-03 2.425e-01]
   [7.184e-01 6.400e-02 6.199e-01 ... 4.249e-01 7.219e-01 3.350e-02]]

  [[5.530e-01 2.254e-01 7.839e-01 ... 4.018e-01 4.940e-01 4.190e-01]
   [5.348e-01 6.351e-01 2.560e-01 ... 8.268e-01 2.011e-01 1.245e-01]
   [9.672e-01 4.809e-01 1.741e-01 ... 9.965e-01 9.529e-01 5.625e-01]
   ...
   [9.091e-01 2.930e-01 7.251e-01 ... 9.098e-01 9.003e-01 8.957e-01]
   [3.471e-01 6.316e-01 2.465e-01 ... 6.712e-01 7.900e-03 5.716e-01]
   [1.051e-01 7.611e-01 8.107e-01 ... 4.372e-01 9.559e-01 4.002e-01]]

  [[5.600e-03 8.533e-01 2.199e-01 ... 9.169e-01 2.435e-01 9.665e-01]
   [7.580e-01 3.597e-01 4.415e-01 ... 6.091e-01 4.477e-01 3.348e-01]
   [2.697e-01 2.339e-01 7.178e-01 ... 2.086e-01 7.380e-02 8.192e-01]
   ...
   [7.171e-01 7.466e-01 1.105e-01 ... 6.404e-01 5.461e-01 8.153e-01]
   [2.378e-01 2.230e-01 1.412e-01 ... 4.410e-02 3.277e-01 7.536e-01]
   [2.345e-01 6.637e-01 3.290e-02 ... 6.820e-02 3.584e-01 9.842e-01]]]


 ...


 [[[2.719e-01 9.674e-01 3.179e-01 ... 9.009e-01 2.470e-01 8.291e-01]
   [4.000e-03 9.471e-01 5.826e-01 ... 6.674e-01 3.686e-01 9.621e-01]
   [7.977e-01 5.035e-01 3.100e-01 ... 1.579e-01 6.211e-01 1.876e-01]
   ...
   [8.784e-01 3.018e-01 8.720e-02 ... 7.544e-01 4.070e-01 4.139e-01]
   [5.343e-01 2.476e-01 4.051e-01 ... 8.957e-01 5.338e-01 2.970e-02]
   [7.390e-02 2.724e-01 5.090e-02 ... 9.934e-01 5.780e-02 9.132e-01]]

  [[1.912e-01 6.509e-01 9.180e-01 ... 4.995e-01 8.124e-01 8.135e-01]
   [6.262e-01 8.669e-01 9.490e-01 ... 9.402e-01 2.439e-01 2.017e-01]
   [2.457e-01 3.548e-01 4.080e-01 ... 7.961e-01 7.789e-01 8.664e-01]
   ...
   [3.622e-01 8.963e-01 7.940e-02 ... 4.760e-01 3.971e-01 6.368e-01]
   [4.504e-01 6.245e-01 3.950e-02 ... 5.880e-01 7.253e-01 5.800e-03]
   [7.360e-02 4.081e-01 7.076e-01 ... 6.312e-01 1.918e-01 9.945e-01]]

  [[6.637e-01 4.139e-01 9.193e-01 ... 1.755e-01 8.890e-01 3.595e-01]
   [4.761e-01 1.519e-01 3.981e-01 ... 1.900e-01 7.763e-01 6.040e-02]
   [8.571e-01 7.096e-01 8.184e-01 ... 4.956e-01 5.961e-01 5.890e-02]
   ...
   [8.191e-01 6.437e-01 2.654e-01 ... 6.718e-01 6.262e-01 4.564e-01]
   [6.788e-01 1.394e-01 1.330e-02 ... 4.708e-01 5.720e-02 4.186e-01]
   [9.034e-01 2.793e-01 2.487e-01 ... 7.993e-01 9.881e-01 8.670e-02]]

  ...

  [[2.739e-01 6.080e-02 2.537e-01 ... 8.491e-01 7.290e-01 7.673e-01]
   [6.736e-01 2.908e-01 1.588e-01 ... 8.996e-01 4.827e-01 6.120e-01]
   [8.207e-01 7.351e-01 1.716e-01 ... 4.400e-03 1.591e-01 6.055e-01]
   ...
   [8.214e-01 8.504e-01 2.920e-02 ... 5.722e-01 4.350e-01 5.971e-01]
   [5.889e-01 8.424e-01 6.559e-01 ... 9.220e-02 5.755e-01 7.031e-01]
   [9.027e-01 8.999e-01 4.010e-01 ... 6.979e-01 3.429e-01 4.093e-01]]

  [[1.056e-01 1.485e-01 1.483e-01 ... 2.109e-01 5.837e-01 8.264e-01]
   [6.872e-01 3.311e-01 5.269e-01 ... 6.297e-01 7.560e-01 8.135e-01]
   [4.542e-01 2.279e-01 5.359e-01 ... 4.007e-01 7.374e-01 5.218e-01]
   ...
   [3.535e-01 9.500e-01 1.949e-01 ... 7.861e-01 5.176e-01 6.458e-01]
   [9.495e-01 8.619e-01 8.712e-01 ... 6.880e-01 8.430e-02 2.350e-02]
   [3.567e-01 5.861e-01 2.276e-01 ... 9.469e-01 4.542e-01 8.589e-01]]

  [[2.944e-01 5.337e-01 9.666e-01 ... 7.420e-01 2.175e-01 5.155e-01]
   [8.939e-01 4.220e-02 4.759e-01 ... 5.088e-01 5.142e-01 1.480e-02]
   [9.096e-01 2.982e-01 2.385e-01 ... 7.254e-01 6.021e-01 9.661e-01]
   ...
   [3.463e-01 6.740e-02 7.795e-01 ... 6.993e-01 5.283e-01 6.295e-01]
   [1.191e-01 2.080e-02 3.430e-01 ... 9.102e-01 1.009e-01 1.900e-03]
   [6.182e-01 8.458e-01 1.764e-01 ... 7.692e-01 3.973e-01 1.277e-01]]]


 [[[3.935e-01 5.292e-01 1.959e-01 ... 6.245e-01 6.292e-01 7.687e-01]
   [6.069e-01 4.433e-01 5.358e-01 ... 2.824e-01 4.001e-01 3.528e-01]
   [4.806e-01 4.900e-01 5.674e-01 ... 1.701e-01 2.237e-01 8.537e-01]
   ...
   [2.670e-01 5.948e-01 9.591e-01 ... 2.730e-01 9.560e-02 4.333e-01]
   [2.290e-02 2.951e-01 3.007e-01 ... 5.008e-01 2.246e-01 1.534e-01]
   [8.553e-01 1.659e-01 4.900e-03 ... 9.612e-01 5.300e-02 3.521e-01]]

  [[8.869e-01 5.702e-01 7.551e-01 ... 2.636e-01 1.811e-01 1.222e-01]
   [1.829e-01 4.106e-01 6.001e-01 ... 7.145e-01 5.537e-01 1.082e-01]
   [7.333e-01 6.240e-02 3.898e-01 ... 3.877e-01 6.340e-02 2.797e-01]
   ...
   [6.134e-01 8.770e-01 5.985e-01 ... 4.308e-01 1.726e-01 2.648e-01]
   [7.853e-01 7.221e-01 2.514e-01 ... 2.204e-01 1.360e-02 9.321e-01]
   [9.641e-01 8.684e-01 4.201e-01 ... 8.219e-01 3.400e-03 2.652e-01]]

  [[6.175e-01 5.188e-01 7.032e-01 ... 1.520e-02 2.185e-01 3.345e-01]
   [8.844e-01 8.273e-01 6.297e-01 ... 5.334e-01 4.438e-01 8.846e-01]
   [9.348e-01 4.644e-01 7.116e-01 ... 5.216e-01 5.713e-01 5.451e-01]
   ...
   [1.476e-01 7.538e-01 4.487e-01 ... 5.870e-01 5.665e-01 4.551e-01]
   [2.105e-01 1.709e-01 7.990e-02 ... 2.936e-01 1.201e-01 7.406e-01]
   [8.358e-01 1.931e-01 6.964e-01 ... 7.412e-01 2.057e-01 9.010e-01]]

  ...

  [[8.407e-01 6.515e-01 6.062e-01 ... 6.361e-01 2.598e-01 6.143e-01]
   [9.886e-01 1.967e-01 2.174e-01 ... 4.482e-01 2.276e-01 2.861e-01]
   [7.370e-02 8.110e-02 4.573e-01 ... 5.995e-01 9.064e-01 1.428e-01]
   ...
   [9.829e-01 6.361e-01 3.699e-01 ... 5.719e-01 2.522e-01 6.144e-01]
   [7.586e-01 1.118e-01 6.825e-01 ... 2.810e-02 9.637e-01 9.212e-01]
   [5.654e-01 5.030e-02 5.061e-01 ... 9.993e-01 1.427e-01 5.507e-01]]

  [[4.841e-01 8.903e-01 8.077e-01 ... 6.484e-01 2.834e-01 6.977e-01]
   [4.585e-01 7.715e-01 4.702e-01 ... 9.711e-01 1.342e-01 5.016e-01]
   [4.391e-01 7.736e-01 5.400e-02 ... 6.557e-01 6.615e-01 5.316e-01]
   ...
   [7.942e-01 5.088e-01 3.666e-01 ... 3.143e-01 6.203e-01 2.170e-02]
   [5.680e-01 5.770e-01 2.210e-01 ... 4.880e-02 4.363e-01 3.903e-01]
   [9.561e-01 5.719e-01 9.014e-01 ... 1.678e-01 7.541e-01 2.920e-01]]

  [[9.094e-01 1.810e-01 6.509e-01 ... 1.656e-01 2.456e-01 9.845e-01]
   [7.927e-01 5.903e-01 2.419e-01 ... 9.000e-04 6.296e-01 3.384e-01]
   [4.840e-01 9.840e-02 5.605e-01 ... 8.159e-01 5.584e-01 1.293e-01]
   ...
   [3.100e-02 4.417e-01 3.422e-01 ... 8.481e-01 3.459e-01 3.656e-01]
   [7.269e-01 6.051e-01 5.388e-01 ... 7.773e-01 3.056e-01 8.946e-01]
   [6.810e-01 1.800e-03 3.873e-01 ... 6.082e-01 1.214e-01 3.534e-01]]]


 [[[4.098e-01 5.715e-01 8.431e-01 ... 6.600e-02 1.598e-01 4.021e-01]
   [1.084e-01 8.400e-03 3.783e-01 ... 8.430e-02 1.410e-01 8.860e-01]
   [7.150e-01 5.228e-01 2.567e-01 ... 6.662e-01 3.146e-01 4.546e-01]
   ...
   [5.948e-01 2.814e-01 1.430e-02 ... 6.220e-02 7.580e-01 6.593e-01]
   [1.800e-02 8.952e-01 8.637e-01 ... 2.600e-02 4.540e-01 5.913e-01]
   [8.431e-01 8.814e-01 3.196e-01 ... 9.980e-02 2.788e-01 1.387e-01]]

  [[9.796e-01 6.890e-02 2.366e-01 ... 4.800e-01 9.903e-01 5.604e-01]
   [9.638e-01 7.547e-01 1.262e-01 ... 2.336e-01 3.475e-01 3.061e-01]
   [9.860e-01 2.777e-01 2.034e-01 ... 8.412e-01 7.712e-01 4.909e-01]
   ...
   [8.496e-01 1.362e-01 2.042e-01 ... 8.941e-01 8.155e-01 5.847e-01]
   [5.602e-01 4.344e-01 3.650e-01 ... 9.170e-02 7.832e-01 6.753e-01]
   [4.134e-01 8.657e-01 4.325e-01 ... 3.383e-01 5.528e-01 6.882e-01]]

  [[5.902e-01 1.079e-01 1.221e-01 ... 5.831e-01 8.794e-01 1.229e-01]
   [2.456e-01 9.961e-01 3.924e-01 ... 1.275e-01 9.840e-01 5.391e-01]
   [2.410e-02 8.508e-01 3.331e-01 ... 8.914e-01 3.407e-01 8.974e-01]
   ...
   [7.994e-01 3.326e-01 6.031e-01 ... 8.883e-01 3.438e-01 8.196e-01]
   [6.163e-01 7.405e-01 3.172e-01 ... 9.497e-01 6.349e-01 5.178e-01]
   [5.397e-01 5.852e-01 4.856e-01 ... 6.718e-01 9.238e-01 6.495e-01]]

  ...

  [[5.031e-01 2.628e-01 4.207e-01 ... 2.111e-01 1.100e-03 8.197e-01]
   [1.605e-01 7.562e-01 2.424e-01 ... 1.736e-01 4.368e-01 3.105e-01]
   [9.370e-01 4.128e-01 8.289e-01 ... 2.392e-01 9.088e-01 4.397e-01]
   ...
   [7.063e-01 5.050e-01 9.698e-01 ... 8.094e-01 6.023e-01 9.510e-02]
   [6.434e-01 3.990e-02 5.444e-01 ... 4.905e-01 6.214e-01 9.465e-01]
   [7.095e-01 8.353e-01 5.926e-01 ... 2.820e-02 5.201e-01 8.753e-01]]

  [[4.803e-01 3.942e-01 3.226e-01 ... 3.810e-01 4.385e-01 8.700e-02]
   [7.190e-02 4.719e-01 1.670e-02 ... 1.658e-01 6.921e-01 9.524e-01]
   [5.447e-01 1.005e-01 7.608e-01 ... 2.490e-02 4.608e-01 8.362e-01]
   ...
   [9.692e-01 1.777e-01 4.485e-01 ... 8.952e-01 8.451e-01 3.546e-01]
   [1.158e-01 2.787e-01 1.390e-02 ... 2.203e-01 5.500e-01 1.840e-02]
   [6.176e-01 9.911e-01 6.009e-01 ... 8.507e-01 7.845e-01 4.770e-02]]

  [[9.199e-01 5.030e-02 6.825e-01 ... 3.133e-01 8.777e-01 4.818e-01]
   [2.792e-01 1.936e-01 9.349e-01 ... 7.767e-01 6.067e-01 4.361e-01]
   [4.209e-01 6.853e-01 5.009e-01 ... 7.427e-01 5.903e-01 2.359e-01]
   ...
   [2.172e-01 2.103e-01 3.065e-01 ... 2.385e-01 6.175e-01 5.586e-01]
   [5.606e-01 8.953e-01 2.551e-01 ... 2.170e-01 5.774e-01 1.283e-01]
   [4.859e-01 9.520e-01 9.610e-01 ... 3.316e-01 4.491e-01 3.386e-01]]]]
RPC_SYNC DONE
C transfer done
Timestamps transfer done
[[1.5347098e+02 1.5582271e+02 1.5051097e+02 ... 1.4758559e+02
  1.4936438e+02 1.4291611e+02]
 [1.5924326e+02 1.5652461e+02 1.5624860e+02 ... 1.4937378e+02
  1.5709230e+02 1.4803990e+02]
 [1.4805563e+02 1.4805064e+02 1.4680516e+02 ... 1.4313527e+02
  1.4265240e+02 1.3674924e+02]
 ...
 [1.5934981e+02 1.6221747e+02 1.5910190e+02 ... 1.5484036e+02
  1.5421136e+02 1.4992087e+02]
 [1.5299216e+02 1.5353781e+02 1.4934427e+02 ... 1.4933781e+02
  1.4531149e+02 1.4361931e+02]
 [1.5705293e+02 1.5609154e+02 1.5061119e+02 ... 3.0953320e+01
  3.0192461e+01 3.4266319e-02]]
[[153.47092 155.82275 150.51097 ... 147.58548 149.36441 142.91612]
 [159.2432  156.52463 156.24852 ... 149.37378 157.09224 148.03986]
 [148.05562 148.05058 146.80518 ... 143.13527 142.65251 136.74927]
 ...
 [159.34981 162.2175  159.10184 ... 154.84036 154.2113  149.92084]
 [152.99225 153.53772 149.34421 ... 149.33778 145.31152 143.61935]
 [157.05301 156.09157 150.61124 ... 148.10617 149.0549  146.07925]]
228056.47294117647
Traceback (most recent call last):
  File "./run.py", line 167, in <module>
    np.testing.assert_allclose(C_expected, C, rtol=1e-05, atol=1e-06)
  File "/python/python-x86_64/lib/python3.8/site-packages/numpy/testing/_private/utils.py", line 1592, in assert_allclose
    assert_array_compare(compare, actual, desired, err_msg=str(err_msg),
  File "/cb/toolchains/buildroot/monolith-default/202403181828-238-5e1418a5/rootfs-x86_64/usr/lib/python3.8/contextlib.py", line 75, in inner
    return func(*args, **kwds)
  File "/python/python-x86_64/lib/python3.8/site-packages/numpy/testing/_private/utils.py", line 862, in assert_array_compare
    raise AssertionError(msg)
AssertionError: 
Not equal to tolerance rtol=1e-05, atol=1e-06

Mismatched elements: 3360000 / 2083760000 (0.161%)
Max absolute difference: 178.32407
Max relative difference: 9.5433837e+08
 x: array([[153.47092, 155.82275, 150.51097, ..., 147.58548, 149.36441,
        142.91612],
       [159.2432 , 156.52463, 156.24852, ..., 149.37378, 157.09224,...
 y: array([[1.534710e+02, 1.558227e+02, 1.505110e+02, ..., 1.475856e+02,
        1.493644e+02, 1.429161e+02],
       [1.592433e+02, 1.565246e+02, 1.562486e+02, ..., 1.493738e+02,...
Program completed in: 00:08:14
