A matrix: 

[[1.0000e+00 2.0000e+00 3.0000e+00 ... 5.9980e+03 5.9990e+03 6.0000e+03]
 [6.0010e+03 6.0020e+03 6.0030e+03 ... 1.1998e+04 1.1999e+04 1.2000e+04]
 [1.2001e+04 1.2002e+04 1.2003e+04 ... 1.7998e+04 1.7999e+04 1.8000e+04]
 ...
 [7.1982e+07 7.1982e+07 7.1982e+07 ... 7.1988e+07 7.1988e+07 7.1988e+07]
 [7.1988e+07 7.1988e+07 7.1988e+07 ... 7.1994e+07 7.1994e+07 7.1994e+07]
 [7.1994e+07 7.1994e+07 7.1994e+07 ... 7.2000e+07 7.2000e+07 7.2000e+07]]
B matrix: 

[[1.0000000e+00 2.0000000e+00 3.0000000e+00 ... 5.9980000e+03
  5.9990000e+03 6.0000000e+03]
 [6.0010000e+03 6.0020000e+03 6.0030000e+03 ... 1.1998000e+04
  1.1999000e+04 1.2000000e+04]
 [1.2001000e+04 1.2002000e+04 1.2003000e+04 ... 1.7998000e+04
  1.7999000e+04 1.8000000e+04]
 ...
 [3.5982000e+07 3.5982000e+07 3.5982000e+07 ... 3.5987996e+07
  3.5988000e+07 3.5988000e+07]
 [3.5988000e+07 3.5988000e+07 3.5988000e+07 ... 3.5993996e+07
  3.5994000e+07 3.5994000e+07]
 [3.5994000e+07 3.5994000e+07 3.5994000e+07 ... 3.5999996e+07
  3.6000000e+07 3.6000000e+07]]
RPC_SYNC DONE
C transfer done
Timestamps transfer done
[[4.32000561e+14 4.32000561e+14 4.32000595e+14 ... 4.32108808e+14
  4.32108841e+14 4.32108841e+14]
 [1.07989141e+15 1.07989141e+15 1.07989148e+15 ... 1.08021635e+15
  1.08021655e+15 1.08021655e+15]
 [1.72779300e+15 1.72779300e+15 1.72779327e+15 ... 1.72832061e+15
  1.72832088e+15 1.72832088e+15]
 ...
 [7.77319591e+18 7.77319646e+18 7.77319811e+18 ... 7.77578636e+18
  7.77578691e+18 7.77578746e+18]
 [7.77383308e+18 7.77383308e+18 7.77383363e+18 ... 7.77642353e+18
  7.77642463e+18 7.77642463e+18]
 [7.77448839e+18 7.77448839e+18 7.77449004e+18 ... 7.77707939e+18
  7.77707994e+18 7.77707994e+18]]
[[4.32000058e+14 4.32000058e+14 4.32000125e+14 ... 4.32108003e+14
  4.32108103e+14 4.32108103e+14]
 [1.07989195e+15 1.07989195e+15 1.07989222e+15 ... 1.08021568e+15
  1.08021588e+15 1.08021595e+15]
 [1.72778387e+15 1.72778387e+15 1.72778414e+15 ... 1.72832343e+15
  1.72832383e+15 1.72832383e+15]
 ...
 [7.77319152e+18 7.77319207e+18 7.77319317e+18 ... 7.77578197e+18
  7.77578252e+18 7.77578252e+18]
 [7.77383968e+18 7.77383968e+18 7.77384078e+18 ... 7.77643013e+18
  7.77643123e+18 7.77643178e+18]
 [7.77448894e+18 7.77448894e+18 7.77449004e+18 ... 7.77707884e+18
  7.77708049e+18 7.77708049e+18]]
461860.1929411765
Traceback (most recent call last):
  File "./run.py", line 170, in <module>
    np.testing.assert_allclose(C_expected, C, rtol=1e-05, atol=1e-06)
  File "/python/python-x86_64/lib/python3.8/site-packages/numpy/testing/_private/utils.py", line 1592, in assert_allclose
    assert_array_compare(compare, actual, desired, err_msg=str(err_msg),
  File "/cb/toolchains/buildroot/monolith-default/202403181828-238-5e1418a5/rootfs-x86_64/usr/lib/python3.8/contextlib.py", line 75, in inner
    return func(*args, **kwds)
  File "/python/python-x86_64/lib/python3.8/site-packages/numpy/testing/_private/utils.py", line 862, in assert_array_compare
    raise AssertionError(msg)
AssertionError: 
Not equal to tolerance rtol=1e-05, atol=1e-06

Mismatched elements: 79495 / 72000000 (0.11%)
Max absolute difference: 2.4464134e+14
Max relative difference: 5.1459094e-05
 x: array([[4.320001e+14, 4.320001e+14, 4.320001e+14, ..., 4.321080e+14,
        4.321081e+14, 4.321081e+14],
       [1.079892e+15, 1.079892e+15, 1.079892e+15, ..., 1.080216e+15,...
 y: array([[4.320006e+14, 4.320006e+14, 4.320006e+14, ..., 4.321088e+14,
        4.321088e+14, 4.321088e+14],
       [1.079891e+15, 1.079891e+15, 1.079891e+15, ..., 1.080216e+15,...
Program completed in: 00:01:42
