A matrix: 

[[0.7363 0.7437 0.9885 ... 0.3934 0.9193 0.3006]
 [0.6683 0.4291 0.0277 ... 0.7282 0.7189 0.9325]
 [0.9309 0.696  0.7359 ... 0.4859 0.0669 0.744 ]
 ...
 [0.1005 0.9352 0.4088 ... 0.0942 0.1715 0.5516]
 [0.6468 0.8884 0.5654 ... 0.2251 0.9057 0.2153]
 [0.4024 0.1569 0.3808 ... 0.405  0.7025 0.3237]]
B matrix: 

[[0.9916 0.051  0.7566 ... 0.8708 0.84   0.19  ]
 [0.7557 0.186  0.2766 ... 0.0395 0.796  0.0054]
 [0.2428 0.229  0.0247 ... 0.2587 0.4838 0.3937]
 ...
 [0.596  0.1648 0.1321 ... 0.6316 0.9312 0.6959]
 [0.2858 0.0075 0.069  ... 0.8115 0.1395 0.1764]
 [0.8417 0.8477 0.26   ... 0.4885 0.8633 0.6645]]
RPC_SYNC DONE
C transfer done
Timestamps transfer done
[[4602.193  4593.3047 4597.2974 ... 4613.205  4653.354  4604.3145]
 [4575.2656 4555.331  4562.6064 ... 4591.0933 4573.991  4567.605 ]
 [4594.9907 4555.984  4577.9316 ... 4587.399  4584.7207 4573.738 ]
 ...
 [4623.8584 4590.2905 4600.117  ... 4632.9062 4617.0938 4577.333 ]
 [4619.229  4594.939  4619.152  ... 4623.5435 4626.1426 4620.3257]
 [4583.181  4549.129  4556.024  ... 4606.663  4567.5625 4580.8696]]
[[4602.197  4593.3037 4597.296  ... 4613.2007 4653.3486 4604.3105]
 [4575.248  4555.3467 4562.624  ... 4591.095  4573.9824 4567.594 ]
 [4594.9863 4555.9907 4577.9316 ... 4587.403  4584.7114 4573.731 ]
 ...
 [4623.8765 4590.295  4600.1343 ... 4632.9126 4617.0825 4577.324 ]
 [4619.209  4594.9355 4619.1514 ... 4623.534  4626.128  4620.342 ]
 [4583.1846 4549.1206 4556.0146 ... 4606.651  4567.5693 4580.8647]]
2969977.7929411763
Traceback (most recent call last):
  File "./run.py", line 170, in <module>
    np.testing.assert_allclose(C_expected, C, rtol=1e-05, atol=1e-06)
  File "/python/python-x86_64/lib/python3.8/site-packages/numpy/testing/_private/utils.py", line 1592, in assert_allclose
    assert_array_compare(compare, actual, desired, err_msg=str(err_msg),
  File "/cb/toolchains/buildroot/monolith-default/202403181828-238-5e1418a5/rootfs-x86_64/usr/lib/python3.8/contextlib.py", line 75, in inner
    return func(*args, **kwds)
  File "/python/python-x86_64/lib/python3.8/site-packages/numpy/testing/_private/utils.py", line 862, in assert_array_compare
    raise AssertionError(msg)
AssertionError: 
Not equal to tolerance rtol=1e-05, atol=1e-06

Mismatched elements: 265 / 338560000 (7.83e-05%)
Max absolute difference: 0.05615234
Max relative difference: 1.2249885e-05
 x: array([[4602.197 , 4593.3037, 4597.296 , ..., 4613.2007, 4653.3486,
        4604.3105],
       [4575.248 , 4555.3467, 4562.624 , ..., 4591.095 , 4573.9824,...
 y: array([[4602.193 , 4593.3047, 4597.2974, ..., 4613.205 , 4653.354 ,
        4604.3145],
       [4575.2656, 4555.331 , 4562.6064, ..., 4591.0933, 4573.991 ,...
Program completed in: 00:04:35
