A matrix: 

[[0.2286 0.8542 0.8341 ... 0.4344 0.7062 0.8252]
 [0.0808 0.0691 0.9465 ... 0.8414 0.193  0.8165]
 [0.5281 0.9374 0.1639 ... 0.5341 0.5287 0.3423]
 ...
 [0.3636 0.528  0.0393 ... 0.7241 0.0741 0.1465]
 [0.8845 0.216  0.5295 ... 0.1325 0.9231 0.1071]
 [0.2805 0.3322 0.2144 ... 0.7428 0.0588 0.3529]]
B matrix: 

[[0.9711 0.3175 0.3685 ... 0.0834 0.6074 0.4771]
 [0.9749 0.2297 0.5826 ... 0.9127 0.2272 0.8156]
 [0.1569 0.8066 0.0184 ... 0.1748 0.9155 0.3108]
 ...
 [0.9753 0.691  0.9001 ... 0.4065 0.6815 0.3038]
 [0.2677 0.7549 0.5367 ... 0.7559 0.1303 0.4661]
 [0.1698 0.6469 0.0703 ... 0.9662 0.2623 0.0179]]
RPC_SYNC DONE
C transfer done
Timestamps transfer done
[[5776.0957 5771.547  5783.3755 ... 5785.318  5764.52   5752.323 ]
 [5733.656  5700.458  5745.619  ... 5721.3975 5711.4766 5702.205 ]
 [5729.3667 5712.542  5766.4795 ... 5731.8813 5737.2856 5732.365 ]
 ...
 [5734.7114 5724.8096 5765.237  ... 5729.4263 5739.61   5721.853 ]
 [5765.963  5749.393  5794.071  ... 5777.971  5798.289  5768.5044]
 [5763.5557 5757.367  5809.8794 ... 5779.0483 5800.9854 5738.7305]]
[[5776.0796 5771.56   5783.3623 ... 5785.326  5764.4966 5752.3096]
 [5733.654  5700.4517 5745.6353 ... 5721.3984 5711.482  5702.2046]
 [5729.4087 5712.5293 5766.4814 ... 5731.8896 5737.282  5732.3696]
 ...
 [5734.7124 5724.808  5765.2676 ... 5729.444  5739.614  5721.869 ]
 [5765.972  5749.384  5794.0674 ... 5777.998  5798.282  5768.513 ]
 [5763.5435 5757.377  5809.8833 ... 5779.0215 5800.987  5738.729 ]]
6187304.298823529
Traceback (most recent call last):
  File "./run.py", line 170, in <module>
    np.testing.assert_allclose(C_expected, C, rtol=1e-05, atol=1e-06)
  File "/python/python-x86_64/lib/python3.8/site-packages/numpy/testing/_private/utils.py", line 1592, in assert_allclose
    assert_array_compare(compare, actual, desired, err_msg=str(err_msg),
  File "/cb/toolchains/buildroot/monolith-default/202403181828-238-5e1418a5/rootfs-x86_64/usr/lib/python3.8/contextlib.py", line 75, in inner
    return func(*args, **kwds)
  File "/python/python-x86_64/lib/python3.8/site-packages/numpy/testing/_private/utils.py", line 862, in assert_array_compare
    raise AssertionError(msg)
AssertionError: 
Not equal to tolerance rtol=1e-05, atol=1e-06

Mismatched elements: 9322 / 529000000 (0.00176%)
Max absolute difference: 0.08056641
Max relative difference: 1.39971835e-05
 x: array([[5776.0796, 5771.56  , 5783.3623, ..., 5785.326 , 5764.4966,
        5752.3096],
       [5733.654 , 5700.4517, 5745.6353, ..., 5721.3984, 5711.482 ,...
 y: array([[5776.0957, 5771.547 , 5783.3755, ..., 5785.318 , 5764.52  ,
        5752.323 ],
       [5733.656 , 5700.458 , 5745.619 , ..., 5721.3975, 5711.4766,...
Program completed in: 00:07:25
