COUT002 22:41:00 GMT  ERROR: LOGGER NOT INITIALIZED:
COUT002 22:41:00 GMT  ERROR: 		Remote end closed connection
A matrix: 

[[0.8441 0.7148 0.7839 ... 0.8947 0.3181 0.2284]
 [0.7508 0.2856 0.2488 ... 0.2341 0.9487 0.7036]
 [0.5236 0.4724 0.1654 ... 0.7763 0.705  0.576 ]
 ...
 [0.3964 0.9022 0.7734 ... 0.5813 0.2339 0.5734]
 [0.839  0.4954 0.7045 ... 0.6595 0.9263 0.3182]
 [0.2149 0.0856 0.8507 ... 0.244  0.5618 0.6598]]
B matrix: 

[[0.7719 0.737  0.4352 ... 0.9341 0.9575 0.7015]
 [0.2895 0.4498 0.4833 ... 0.1706 0.1336 0.9896]
 [0.5409 0.6494 0.3918 ... 0.032  0.1572 0.3086]
 ...
 [0.8321 0.6773 0.5519 ... 0.6961 0.3806 0.4944]
 [0.9592 0.9068 0.5555 ... 0.281  0.4997 0.0613]
 [0.667  0.6664 0.056  ... 0.7545 0.5971 0.6351]]
RPC_SYNC DONE
C transfer done
Timestamps transfer done
[[2335.9202 2312.4976 2301.0593 ... 2295.3005 2300.9895 2302.6023]
 [2369.3965 2329.6365 2343.88   ... 2319.697  2326.152  2320.3257]
 [2267.2341 2269.165  2259.2207 ... 2240.6523 2263.907  2244.556 ]
 ...
 [2310.0198 2291.5662 2297.8792 ... 2284.6394 2273.9646 2273.268 ]
 [2308.2588 2280.2407 2278.4138 ... 2279.0535 2292.5068 2273.9504]
 [2299.3354 2279.563  2274.7393 ... 2256.0884 2275.8894 2258.4973]]
[[2335.9224 2312.497  2301.0598 ... 2295.2983 2300.9905 2302.5962]
 [2369.3977 2329.6362 2343.882  ... 2319.6965 2326.152  2320.3271]
 [2267.238  2269.1614 2259.2166 ... 2240.6504 2263.913  2244.5625]
 ...
 [2310.0203 2291.5654 2297.8792 ... 2284.6387 2273.9587 2273.2654]
 [2308.2559 2280.2358 2278.414  ... 2279.058  2292.502  2273.947 ]
 [2299.3347 2279.563  2274.7354 ... 2256.0864 2275.8872 2258.4927]]
559116.4505882353
SUCCESS!
Program completed in: 00:01:53
