Size of B3 group data = 5184
Size of B3 group data = 10368
Size of B3 group data = 15552
Size of B3 group data = 15552
Size of B3 group data = 15552
Size of B3 group data = 10368
Size of B3 group data = 5184
RPC_SYNC DONE
C transfer done
Timestamps transfer done
[[ 86.83808   93.05436   94.05561  ...  82.98411   93.82026   90.665985]
 [ 84.216995  93.406     96.53991  ...  86.82563   90.895065  89.373886]
 [ 86.65608   96.07035   98.574905 ...  88.04207   93.35864   90.908875]
 ...
 [ 89.993645  96.44221  100.07393  ...  85.88547   93.50961   92.04622 ]
 [ 84.9255    92.758736  94.78176  ...  84.752205  89.7272    87.27752 ]
 [ 91.969315  96.79289  102.107025 ...  89.413956  98.234116  97.877   ]]
[[ 86.83808   93.05436   94.05561  ...  82.98411   93.82026   90.665985]
 [ 84.216995  93.406     96.53991  ...  86.82563   90.895065  89.373886]
 [ 86.65608   96.07035   98.574905 ...  88.04207   93.35864   90.908875]
 ...
 [ 89.993645  96.44221  100.07393  ...  85.88547   93.50961   92.04622 ]
 [ 84.9255    92.758736  94.78176  ...  84.752205  89.7272    87.27752 ]
 [ 91.969315  96.79289  102.107025 ...  89.413956  98.234116  97.877   ]]
5810769.794117647
SUCCESS!
Program completed in: 00:01:24
