Size of B3 group data = 1600
Size of B3 group data = 3200
Size of B3 group data = 4800
Size of B3 group data = 6400
Size of B3 group data = 8000
Size of B3 group data = 8000
Size of B3 group data = 8000
Size of B3 group data = 8000
Size of B3 group data = 8000
Size of B3 group data = 8000
Size of B3 group data = 6400
Size of B3 group data = 4800
Size of B3 group data = 3200
Size of B3 group data = 1600
RPC_SYNC DONE
C transfer done
Timestamps transfer done
[[45.00888  47.103695 47.05149  ... 56.601936 47.327244 49.578426]
 [43.796112 45.847412 44.34647  ... 54.392727 46.54317  47.3449  ]
 [47.089916 48.883743 48.5599   ... 57.712738 49.00074  49.956005]
 ...
 [43.93551  43.24743  44.674824 ... 54.270462 44.37341  46.91701 ]
 [47.105804 48.7021   47.397274 ... 57.656322 50.178574 51.58181 ]
 [47.38657  49.43276  47.332943 ... 57.68326  50.19583  50.612362]]
[[45.00888  47.103695 47.05149  ... 56.601936 47.327244 49.578426]
 [43.796112 45.847412 44.34647  ... 54.392727 46.54317  47.3449  ]
 [47.089916 48.883743 48.5599   ... 57.712738 49.00074  49.956005]
 ...
 [43.93551  43.24743  44.674824 ... 54.270462 44.37341  46.91701 ]
 [47.105804 48.7021   47.397274 ... 57.656322 50.178574 51.58181 ]
 [47.38657  49.43276  47.332943 ... 57.68326  50.19583  50.612362]]
5825394.972941177
SUCCESS!
Program completed in: 00:01:24
