COUT002 05:54:57 GMT  ERROR: LOGGER NOT INITIALIZED:
COUT002 05:54:57 GMT  ERROR: 		Remote end closed connection
RPC_SYNC DONE
C transfer done
[[150.   0. 300. ...   0. 150.   0.]
 [150.   0. 300. ...   0. 150.   0.]
 [150.   0. 300. ...   0. 150.   0.]
 ...
 [150.   0. 300. ...   0. 150.   0.]
 [150.   0. 300. ...   0. 150.   0.]
 [150.   0. 300. ...   0. 150.   0.]]
[[150.   0. 300. ...   0. 150.   0.]
 [150.   0. 300. ...   0. 150.   0.]
 [150.   0. 300. ...   0. 150.   0.]
 ...
 [150.   0. 300. ...   0. 150.   0.]
 [150.   0. 300. ...   0. 150.   0.]
 [150.   0. 300. ...   0. 150.   0.]]
SUCCESS!
Program completed in: 00:01:24
