A matrix: 

[[0.766  0.707  0.1307 ... 0.0775 0.0592 0.1499]
 [0.9833 0.6772 0.2001 ... 0.442  0.5351 0.4776]
 [0.9726 0.7161 0.6425 ... 0.3466 0.7351 0.0415]
 ...
 [0.195  0.3327 0.7458 ... 0.7844 0.7072 0.7834]
 [0.4412 0.9304 0.6007 ... 0.3284 0.7082 0.7084]
 [0.3435 0.5266 0.6496 ... 0.0958 0.0562 0.2279]]
B matrix: 

[[0.6447 0.877  0.8035 ... 0.9731 0.4946 0.7145]
 [0.2324 0.4062 0.3827 ... 0.0018 0.4859 0.126 ]
 [0.9658 0.6088 0.5066 ... 0.602  0.2571 0.871 ]
 ...
 [0.4321 0.8207 0.4588 ... 0.0494 0.0776 0.5599]
 [0.9603 0.6614 0.5807 ... 0.6323 0.0547 0.1275]
 [0.8859 0.2841 0.5113 ... 0.9811 0.0215 0.1048]]
RPC_SYNC DONE
C transfer done
Timestamps transfer done
[[2.9844351e+03 3.0010173e+03 3.0276953e+03 ... 2.9998967e+03
  2.9657495e+03 2.9968489e+03]
 [3.0910283e+03 3.0891592e+03 3.1080308e+03 ... 3.0667903e+03
  3.0587397e+03 3.0699248e+03]
 [3.0500581e+03 3.0561274e+03 3.0983899e+03 ... 3.0589626e+03
  3.0313887e+03 3.0562698e+03]
 ...
 [3.0346272e+03 3.0533494e+03 3.0830325e+03 ... 3.0532871e+03
  3.0023328e+03 3.0300195e+03]
 [3.0445588e+03 3.0520803e+03 3.0842585e+03 ... 3.0383484e+03
  3.0151338e+03 3.0542405e+03]
 [3.0283857e+03 3.0234097e+03 3.0688582e+03 ... 2.8536184e+01
  2.7410858e+01 2.3883920e-02]]
[[2984.4353 3001.0127 3027.684  ... 2999.8926 2965.7573 2996.851 ]
 [3091.0337 3089.1528 3108.0303 ... 3066.7852 3058.7393 3069.9207]
 [3050.0608 3056.122  3098.387  ... 3058.9653 3031.396  3056.2683]
 ...
 [3034.6208 3053.3523 3083.0298 ... 3053.2869 3002.3281 3030.024 ]
 [3044.5596 3052.0767 3084.2646 ... 3038.3508 3015.129  3054.2397]
 [3028.3894 3023.4143 3068.8564 ... 3018.7627 3018.2202 3049.0728]]
997139.0141176471
Traceback (most recent call last):
  File "./run.py", line 170, in <module>
    np.testing.assert_allclose(C_expected, C, rtol=1e-05, atol=1e-06)
  File "/python/python-x86_64/lib/python3.8/site-packages/numpy/testing/_private/utils.py", line 1592, in assert_allclose
    assert_array_compare(compare, actual, desired, err_msg=str(err_msg),
  File "/cb/toolchains/buildroot/monolith-default/202403181828-238-5e1418a5/rootfs-x86_64/usr/lib/python3.8/contextlib.py", line 75, in inner
    return func(*args, **kwds)
  File "/python/python-x86_64/lib/python3.8/site-packages/numpy/testing/_private/utils.py", line 862, in assert_array_compare
    raise AssertionError(msg)
AssertionError: 
Not equal to tolerance rtol=1e-05, atol=1e-06

Mismatched elements: 240001 / 148840000 (0.161%)
Max absolute difference: 3134.6814
Max relative difference: 3.016919e+08
 x: array([[2984.4353, 3001.0127, 3027.684 , ..., 2999.8926, 2965.7573,
        2996.851 ],
       [3091.0337, 3089.1528, 3108.0303, ..., 3066.7852, 3058.7393,...
 y: array([[2.984435e+03, 3.001017e+03, 3.027695e+03, ..., 2.999897e+03,
        2.965750e+03, 2.996849e+03],
       [3.091028e+03, 3.089159e+03, 3.108031e+03, ..., 3.066790e+03,...
Program completed in: 00:02:23
