COUT002 00:14:18 GMT  ERROR: LOGGER NOT INITIALIZED:
COUT002 00:14:18 GMT  ERROR: 		Remote end closed connection
A matrix: 

[[0.0258 0.3765 0.858  ... 0.2814 0.4637 0.6328]
 [0.8064 0.951  0.3217 ... 0.68   0.9748 0.2262]
 [0.0129 0.6955 0.5116 ... 0.1055 0.9168 0.7669]
 ...
 [0.5099 0.8083 0.721  ... 0.3847 0.2244 0.1764]
 [0.9744 0.3222 0.5263 ... 0.1761 0.3967 0.5846]
 [0.5268 0.5017 0.4825 ... 0.7553 0.6794 0.6588]]
B matrix: 

[[0.9365 0.6156 0.1842 ... 0.8893 0.5692 0.2906]
 [0.4597 0.582  0.9114 ... 0.4676 0.8242 0.4083]
 [0.2421 0.3741 0.4345 ... 0.9798 0.2407 0.1297]
 ...
 [0.0593 0.6709 0.601  ... 0.5313 0.8833 0.4226]
 [0.0737 0.1269 0.6271 ... 0.428  0.5208 0.8064]
 [0.743  0.5661 0.0868 ... 0.0067 0.6047 0.0798]]
A matrix: 

[[[[0.0258 0.3765 0.858  0.9995 0.0017]
   [0.8064 0.951  0.3217 0.3562 0.8581]
   [0.0129 0.6955 0.5116 0.3695 0.956 ]
   [0.4214 0.1396 0.538  0.6761 0.506 ]
   [0.5237 0.9512 0.1278 0.4967 0.9448]]

  [[0.534  0.2782 0.6718 0.6086 0.2729]
   [0.3701 0.5311 0.0069 0.1957 0.2892]
   [0.7351 0.2905 0.8261 0.926  0.2371]
   [0.4927 0.9169 0.1357 0.1441 0.1835]
   [0.411  0.883  0.0027 0.278  0.2667]]

  [[0.711  0.0041 0.6762 0.673  0.2486]
   [0.4302 0.6753 0.9878 0.0259 0.4646]
   [0.1825 0.3268 0.4056 0.875  0.7911]
   [0.268  0.3713 0.7165 0.6357 0.8537]
   [0.1798 0.7209 0.4801 0.2525 0.4057]]

  ...

  [[0.3335 0.1606 0.4198 0.0666 0.1116]
   [0.1062 0.4654 0.9895 0.7451 0.9207]
   [0.6409 0.9737 0.5997 0.9035 0.7846]
   [0.4923 0.0941 0.7342 0.2939 0.8632]
   [0.935  0.8262 0.1994 0.5803 0.6865]]

  [[0.2018 0.9459 0.6401 0.0114 0.8381]
   [0.9406 0.8725 0.7149 0.7336 0.6262]
   [0.3275 0.3813 0.6243 0.6671 0.3697]
   [0.8169 0.247  0.4002 0.9945 0.1751]
   [0.4259 0.9021 0.3855 0.3236 0.7334]]

  [[0.8796 0.4997 0.5778 0.2551 0.8594]
   [0.2031 0.5624 0.9062 0.7422 0.1643]
   [0.5099 0.8083 0.721  0.9469 0.1206]
   [0.9744 0.3222 0.5263 0.9311 0.8433]
   [0.5268 0.5017 0.4825 0.7055 0.8809]]]


 [[[0.8699 0.8688 0.4237 0.2936 0.7952]
   [0.8259 0.8146 0.2568 0.178  0.4427]
   [0.6717 0.5698 0.7298 0.3357 0.0814]
   [0.3255 0.5517 0.6639 0.613  0.6012]
   [0.0202 0.6836 0.8683 0.0586 0.0567]]

  [[0.1427 0.9747 0.8247 0.3591 0.2102]
   [0.7409 0.3168 0.7132 0.6826 0.0874]
   [0.6283 0.1452 0.6526 0.0995 0.246 ]
   [0.9039 0.1191 0.4857 0.7347 0.849 ]
   [0.3881 0.4056 0.8526 0.6618 0.6554]]

  [[0.5087 0.2419 0.269  0.0095 0.3947]
   [0.7279 0.9509 0.8861 0.2044 0.5826]
   [0.2663 0.0853 0.4783 0.2445 0.7227]
   [0.2304 0.4525 0.0389 0.3154 0.7039]
   [0.5134 0.0663 0.5187 0.7112 0.2734]]

  ...

  [[0.4761 0.4298 0.9675 0.3601 0.876 ]
   [0.1883 0.2664 0.2182 0.1596 0.2807]
   [0.5892 0.8167 0.4775 0.7512 0.3783]
   [0.2661 0.662  0.0429 0.0541 0.0597]
   [0.1544 0.7723 0.7728 0.7365 0.4286]]

  [[0.5561 0.2419 0.9933 0.7757 0.9289]
   [0.0707 0.3551 0.8359 0.0137 0.6895]
   [0.2879 0.7008 0.6605 0.4647 0.9167]
   [0.9013 0.0842 0.4735 0.19   0.7949]
   [0.0744 0.4134 0.5491 0.9019 0.6908]]

  [[0.6767 0.6583 0.1705 0.5192 0.0411]
   [0.5184 0.0176 0.2671 0.031  0.4865]
   [0.4326 0.2037 0.1112 0.8394 0.7122]
   [0.3019 0.0513 0.701  0.3274 0.2483]
   [0.8798 0.8595 0.1161 0.7103 0.7698]]]


 [[[0.9808 0.5451 0.7201 0.9572 0.843 ]
   [0.7908 0.6567 0.8243 0.1248 0.1083]
   [0.5977 0.2326 0.4895 0.4327 0.3048]
   [0.2363 0.6995 0.8984 0.5755 0.947 ]
   [0.5758 0.7927 0.2429 0.9118 0.668 ]]

  [[0.0296 0.2851 0.676  0.9231 0.4656]
   [0.8192 0.4134 0.6386 0.8834 0.1523]
   [0.958  0.4165 0.6492 0.9178 0.7986]
   [0.5012 0.6844 0.1581 0.3467 0.6962]
   [0.6963 0.2585 0.7152 0.7263 0.6684]]

  [[0.5291 0.917  0.3422 0.8051 0.8257]
   [0.8867 0.3513 0.345  0.2262 0.8477]
   [0.5838 0.132  0.5521 0.727  0.9115]
   [0.355  0.1576 0.2357 0.6984 0.1061]
   [0.679  0.2493 0.5589 0.359  0.4674]]

  ...

  [[0.2513 0.8714 0.7641 0.5474 0.3928]
   [0.8093 0.6165 0.5695 0.5833 0.5959]
   [0.9667 0.5122 0.9098 0.7186 0.8787]
   [0.7903 0.2167 0.2841 0.9527 0.2266]
   [0.7547 0.7411 0.5911 0.2493 0.4406]]

  [[0.1182 0.0845 0.984  0.5461 0.4824]
   [0.5383 0.9046 0.5455 0.7391 0.8092]
   [0.3762 0.8508 0.2414 0.3941 0.2091]
   [0.3502 0.3763 0.0698 0.1372 0.0552]
   [0.2308 0.5129 0.4409 0.1437 0.8587]]

  [[0.3186 0.7688 0.2347 0.1835 0.6708]
   [0.4308 0.3169 0.1047 0.789  0.2214]
   [0.58   0.5033 0.7914 0.4964 0.1356]
   [0.8085 0.8868 0.3428 0.3916 0.753 ]
   [0.2609 0.3536 0.9002 0.1584 0.2401]]]


 ...


 [[[0.6527 0.6848 0.6655 0.113  0.3214]
   [0.7469 0.7152 0.7324 0.0074 0.5157]
   [0.8052 0.6309 0.0824 0.1692 0.2685]
   [0.1745 0.143  0.1708 0.6111 0.2248]
   [0.7481 0.2843 0.0176 0.7375 0.303 ]]

  [[0.5501 0.6796 0.3979 0.2985 0.7973]
   [0.4323 0.6311 0.7202 0.0802 0.8595]
   [0.8917 0.7554 0.4712 0.7835 0.1404]
   [0.9778 0.0336 0.4655 0.6109 0.0356]
   [0.8874 0.4235 0.0082 0.5235 0.637 ]]

  [[0.6268 0.1365 0.7542 0.8051 0.2847]
   [0.3658 0.4119 0.3543 0.6067 0.6676]
   [0.0949 0.9792 0.1409 0.4833 0.7164]
   [0.9772 0.0075 0.3087 0.214  0.6948]
   [0.4013 0.9263 0.3788 0.9081 0.5133]]

  ...

  [[0.2226 0.5711 0.4497 0.2209 0.0093]
   [0.4034 0.8189 0.0672 0.9519 0.9088]
   [0.418  0.3748 0.878  0.9595 0.2065]
   [0.1615 0.3819 0.4233 0.8856 0.0242]
   [0.2    0.4899 0.5623 0.7831 0.4278]]

  [[0.0817 0.561  0.0578 0.9466 0.7236]
   [0.7434 0.4214 0.0261 0.8472 0.0217]
   [0.0528 0.7764 0.7594 0.5484 0.2793]
   [0.8878 0.0401 0.8503 0.2017 0.0824]
   [0.1118 0.8397 0.6021 0.39   0.4803]]

  [[0.8304 0.8755 0.146  0.7858 0.1948]
   [0.6596 0.5637 0.6482 0.5821 0.4675]
   [0.727  0.5196 0.3721 0.5433 0.4518]
   [0.5559 0.8792 0.2367 0.2565 0.1085]
   [0.2719 0.8232 0.0548 0.2845 0.3562]]]


 [[[0.7535 0.8967 0.4987 0.9792 0.8635]
   [0.2963 0.4482 0.1671 0.1969 0.9155]
   [0.8193 0.1773 0.2442 0.5017 0.0757]
   [0.1072 0.4566 0.5107 0.2398 0.8842]
   [0.5527 0.1585 0.1638 0.0742 0.1891]]

  [[0.5166 0.9143 0.3856 0.5021 0.1297]
   [0.1873 0.461  0.2544 0.3518 0.3589]
   [0.0961 0.6524 0.2404 0.2825 0.9408]
   [0.2212 0.2687 0.4242 0.8287 0.2904]
   [0.0592 0.9616 0.4844 0.0342 0.5321]]

  [[0.924  0.1723 0.2113 0.6865 0.039 ]
   [0.7198 0.086  0.3601 0.9906 0.0619]
   [0.7361 0.519  0.4845 0.5136 0.2493]
   [0.1163 0.1051 0.2201 0.3131 0.7943]
   [0.6896 0.215  0.6356 0.2842 0.4344]]

  ...

  [[0.7777 0.1545 0.4671 0.2562 0.5683]
   [0.8108 0.628  0.0416 0.1962 0.6445]
   [0.3497 0.3616 0.7316 0.5696 0.6882]
   [0.3189 0.1266 0.5666 0.1653 0.6087]
   [0.3395 0.7193 0.3508 0.0344 0.7829]]

  [[0.1383 0.7003 0.615  0.3779 0.5065]
   [0.921  0.8209 0.3175 0.3843 0.5838]
   [0.855  0.6284 0.6531 0.7959 0.7456]
   [0.0504 0.1057 0.2312 0.7192 0.6158]
   [0.5806 0.1076 0.7735 0.8664 0.9214]]

  [[0.1134 0.2282 0.0619 0.8361 0.5821]
   [0.8298 0.8954 0.8378 0.5684 0.5534]
   [0.1401 0.7609 0.3162 0.362  0.4583]
   [0.3808 0.9641 0.784  0.9036 0.917 ]
   [0.573  0.7044 0.9612 0.1762 0.6327]]]


 [[[0.938  0.5457 0.2814 0.4637 0.6328]
   [0.9315 0.6708 0.68   0.9748 0.2262]
   [0.5665 0.5511 0.1055 0.9168 0.7669]
   [0.5268 0.0372 0.0689 0.8814 0.515 ]
   [0.8815 0.9981 0.9992 0.9633 0.1757]]

  [[0.2898 0.5647 0.7526 0.5609 0.9529]
   [0.6507 0.2295 0.3581 0.8966 0.1201]
   [0.3721 0.0655 0.9687 0.1989 0.1359]
   [0.9951 0.7962 0.2415 0.2815 0.267 ]
   [0.4211 0.6496 0.874  0.3348 0.1186]]

  [[0.5083 0.3011 0.8803 0.4748 0.8519]
   [0.3741 0.8838 0.4252 0.7483 0.6432]
   [0.8532 0.4926 0.46   0.0211 0.6572]
   [0.8217 0.3978 0.4346 0.9479 0.6102]
   [0.4775 0.3147 0.8014 0.8342 0.7801]]

  ...

  [[0.9901 0.5396 0.9453 0.0162 0.692 ]
   [0.6712 0.7791 0.5536 0.8982 0.2782]
   [0.4079 0.0034 0.2325 0.557  0.4083]
   [0.2926 0.5818 0.2746 0.8736 0.6115]
   [0.8234 0.1552 0.0829 0.6083 0.9261]]

  [[0.7101 0.8965 0.0032 0.3874 0.7579]
   [0.4357 0.4603 0.0311 0.8448 0.725 ]
   [0.5169 0.7002 0.7169 0.2778 0.2432]
   [0.4172 0.2722 0.6917 0.5747 0.3126]
   [0.8491 0.8816 0.2667 0.9084 0.524 ]]

  [[0.2192 0.8412 0.6381 0.9908 0.445 ]
   [0.994  0.4248 0.3109 0.2875 0.4612]
   [0.9462 0.8496 0.3847 0.2244 0.1764]
   [0.4642 0.9024 0.1761 0.3967 0.5846]
   [0.3627 0.9464 0.7553 0.6794 0.6588]]]]
B matrix: 

[[[[0.9365 0.6156 0.1842 0.6403 0.4133]
   [0.4597 0.582  0.9114 0.487  0.3733]
   [0.2421 0.3741 0.4345 0.9794 0.0464]
   [0.1417 0.0894 0.1356 0.2339 0.123 ]
   [0.9389 0.0666 0.5649 0.9298 0.4313]]

  [[0.2833 0.318  0.9185 0.2086 0.1066]
   [0.6334 0.9317 0.1426 0.4277 0.0644]
   [0.3777 0.4669 0.7801 0.6146 0.494 ]
   [0.7458 0.5212 0.4275 0.5598 0.8981]
   [0.7153 0.4659 0.0902 0.3175 0.4717]]

  [[0.7552 0.2741 0.5744 0.8238 0.4461]
   [0.4901 0.8194 0.4433 0.5479 0.4851]
   [0.2518 0.0972 0.1558 0.3667 0.1675]
   [0.5231 0.2897 0.6808 0.0951 0.8838]
   [0.9299 0.156  0.0635 0.4429 0.4029]]

  ...

  [[0.7135 0.0584 0.1749 0.2922 0.4977]
   [0.4341 0.5683 0.0427 0.195  0.6965]
   [0.5812 0.7793 0.0763 0.5162 0.2799]
   [0.2851 0.3526 0.4258 0.6311 0.5967]
   [0.6597 0.5723 0.9945 0.3871 0.7698]]

  [[0.0443 0.5905 0.3907 0.5472 0.6519]
   [0.9524 0.1767 0.5445 0.6856 0.0878]
   [0.2228 0.836  0.1368 0.7816 0.9807]
   [0.003  0.8583 0.0979 0.8116 0.6915]
   [0.9032 0.3378 0.2071 0.8694 0.1569]]

  [[0.2982 0.2951 0.8893 0.5692 0.2906]
   [0.6356 0.4165 0.4676 0.8242 0.4083]
   [0.5426 0.5764 0.9798 0.2407 0.1297]
   [0.7992 0.9804 0.1255 0.5289 0.552 ]
   [0.7744 0.6841 0.5205 0.5255 0.5976]]]


 [[[0.0155 0.1472 0.418  0.5942 0.5974]
   [0.7891 0.1582 0.5042 0.4036 0.8065]
   [0.1937 0.4749 0.7888 0.9557 0.2406]
   [0.1944 0.9065 0.6646 0.7141 0.9257]
   [0.599  0.1346 0.5059 0.0418 0.6539]]

  [[0.1982 0.4236 0.1973 0.7173 0.9578]
   [0.2348 0.1073 0.1516 0.5325 0.0279]
   [0.4182 0.1992 0.3634 0.1129 0.6868]
   [0.8358 0.7652 0.3725 0.8127 0.8378]
   [0.817  0.7131 0.0531 0.4746 0.2243]]

  [[0.0471 0.6994 0.2874 0.5071 0.339 ]
   [0.496  0.359  0.9762 0.3188 0.3316]
   [0.6885 0.9015 0.393  0.0067 0.8259]
   [0.1056 0.2554 0.3341 0.2967 0.6939]
   [0.7341 0.3543 0.9998 0.886  0.8537]]

  ...

  [[0.6357 0.0204 0.3095 0.221  0.5239]
   [0.1713 0.5278 0.2214 0.8796 0.2716]
   [0.2181 0.0623 0.5529 0.5641 0.4961]
   [0.4208 0.4005 0.9014 0.8032 0.8607]
   [0.5458 0.2083 0.5489 0.0192 0.4971]]

  [[0.4104 0.5194 0.3299 0.882  0.6741]
   [0.4518 0.1239 0.6111 0.2221 0.9017]
   [0.9798 0.1908 0.3986 0.743  0.3403]
   [0.8845 0.2227 0.104  0.1689 0.206 ]
   [0.7126 0.8161 0.9575 0.2456 0.2858]]

  [[0.8048 0.1832 0.279  0.8098 0.7239]
   [0.1758 0.0124 0.4426 0.5448 0.6658]
   [0.2751 0.0277 0.8932 0.5496 0.1323]
   [0.7356 0.0228 0.0712 0.6528 0.0815]
   [0.9981 0.0684 0.2649 0.7897 0.0228]]]


 [[[0.2733 0.004  0.1897 0.8713 0.8863]
   [0.4977 0.369  0.6167 0.0175 0.2594]
   [0.7031 0.9961 0.5995 0.3045 0.624 ]
   [0.5409 0.0354 0.8444 0.3128 0.6708]
   [0.8802 0.5005 0.2895 0.3566 0.8867]]

  [[0.9551 0.4554 0.7406 0.1263 0.8464]
   [0.7655 0.4676 0.1951 0.3135 0.2062]
   [0.5088 0.3498 0.2021 0.5855 0.447 ]
   [0.0289 0.0382 0.5691 0.7627 0.4127]
   [0.793  0.9024 0.7378 0.7035 0.689 ]]

  [[0.5499 0.5836 0.8426 0.4866 0.6622]
   [0.1152 0.8283 0.4739 0.0858 0.9682]
   [0.2826 0.9286 0.5635 0.5456 0.3172]
   [0.9817 0.9432 0.6398 0.6011 0.8953]
   [0.2425 0.1458 0.6619 0.5097 0.9003]]

  ...

  [[0.3119 0.9264 0.7133 0.3141 0.127 ]
   [0.5842 0.1788 0.5574 0.6141 0.8573]
   [0.085  0.4594 0.7047 0.2906 0.8306]
   [0.4312 0.6705 0.5325 0.4694 0.2713]
   [0.4236 0.0444 0.6725 0.2757 0.7045]]

  [[0.497  0.7929 0.163  0.3194 0.9228]
   [0.7279 0.1051 0.376  0.779  0.6344]
   [0.966  0.2347 0.443  0.5576 0.6191]
   [0.7943 0.9964 0.0239 0.4843 0.6186]
   [0.5169 0.4628 0.9379 0.2064 0.8051]]

  [[0.9957 0.2057 0.4546 0.9279 0.759 ]
   [0.856  0.8623 0.3768 0.3942 0.4942]
   [0.9543 0.5624 0.0745 0.8463 0.9812]
   [0.749  0.9423 0.1682 0.252  0.1002]
   [0.6445 0.7258 0.5005 0.0477 0.7809]]]


 ...


 [[[0.4591 0.633  0.5546 0.929  0.0322]
   [0.2726 0.4537 0.8472 0.7317 0.4207]
   [0.6666 0.2284 0.4596 0.5812 0.6799]
   [0.3779 0.9566 0.4948 0.8955 0.4689]
   [0.8045 0.9252 0.1343 0.2698 0.8974]]

  [[0.5675 0.7235 0.3944 0.7867 0.8824]
   [0.9781 0.4118 0.3849 0.7107 0.0719]
   [0.2482 0.6743 0.4998 0.6775 0.7021]
   [0.482  0.4522 0.3215 0.5825 0.4715]
   [0.8888 0.0091 0.5251 0.9619 0.8348]]

  [[0.9097 0.657  0.3196 0.0912 0.0021]
   [0.8353 0.7923 0.4714 0.9411 0.9384]
   [0.4702 0.1852 0.0812 0.1934 0.588 ]
   [0.1782 0.6758 0.0222 0.4499 0.5017]
   [0.0669 0.8669 0.7074 0.3075 0.9115]]

  ...

  [[0.7901 0.656  0.0071 0.8851 0.2104]
   [0.0334 0.7903 0.1902 0.07   0.9757]
   [0.7911 0.0086 0.3733 0.5769 0.3584]
   [0.37   0.2031 0.3641 0.7867 0.9392]
   [0.2305 0.3707 0.2516 0.0826 0.7597]]

  [[0.2862 0.6516 0.7977 0.3848 0.1865]
   [0.1277 0.9663 0.871  0.82   0.8753]
   [0.066  0.2775 0.7015 0.4182 0.746 ]
   [0.4713 0.5216 0.7268 0.2597 0.284 ]
   [0.9318 0.433  0.5595 0.6895 0.8997]]

  [[0.21   0.4148 0.7857 0.0692 0.546 ]
   [0.6979 0.2546 0.4584 0.8277 0.9444]
   [0.4727 0.6896 0.235  0.787  0.208 ]
   [0.1628 0.0763 0.6391 0.4027 0.3476]
   [0.3357 0.804  0.1856 0.031  0.3471]]]


 [[[0.4984 0.7327 0.711  0.6361 0.6573]
   [0.9648 0.7908 0.4026 0.9702 0.5213]
   [0.704  0.0343 0.5071 0.9555 0.4235]
   [0.8519 0.8405 0.9927 0.0044 0.7456]
   [0.2046 0.2602 0.7273 0.9206 0.0524]]

  [[0.3901 0.9375 0.7399 0.3354 0.9541]
   [0.8042 0.7636 0.7217 0.1009 0.2618]
   [0.4868 0.2541 0.74   0.8496 0.4995]
   [0.8622 0.5219 0.362  0.1742 0.2334]
   [0.0434 0.8126 0.1447 0.6654 0.7991]]

  [[0.3245 0.8832 0.678  0.7909 0.3894]
   [0.7825 0.415  0.6469 0.3105 0.8466]
   [0.5254 0.3791 0.5287 0.7043 0.1598]
   [0.1744 0.9402 0.3355 0.9035 0.3759]
   [0.5648 0.5625 0.867  0.1098 0.1597]]

  ...

  [[0.3768 0.9223 0.5035 0.2006 0.0484]
   [0.9345 0.0074 0.124  0.9929 0.03  ]
   [0.2925 0.4591 0.6762 0.5177 0.3434]
   [0.9179 0.2811 0.9322 0.4225 0.8609]
   [0.6436 0.0611 0.2087 0.6455 0.9396]]

  [[0.4152 0.9641 0.7686 0.7746 0.1779]
   [0.6509 0.0559 0.1605 0.9038 0.6133]
   [0.075  0.0452 0.7167 0.2282 0.7235]
   [0.4213 0.5997 0.8178 0.6534 0.5845]
   [0.6681 0.7282 0.4047 0.3287 0.4847]]

  [[0.3331 0.7242 0.3861 0.7844 0.8325]
   [0.6927 0.1837 0.1441 0.011  0.3733]
   [0.1434 0.8081 0.2575 0.9939 0.8675]
   [0.741  0.6032 0.4998 0.9068 0.4062]
   [0.9067 0.0028 0.43   0.36   0.6141]]]


 [[[0.2849 0.5503 0.8723 0.6225 0.113 ]
   [0.9101 0.7296 0.7668 0.3226 0.6091]
   [0.0593 0.6709 0.601  0.8095 0.3337]
   [0.0737 0.1269 0.6271 0.9058 0.3087]
   [0.743  0.5661 0.0868 0.1355 0.5404]]

  [[0.976  0.8935 0.6332 0.4838 0.3346]
   [0.4954 0.7481 0.6918 0.1369 0.1919]
   [0.5732 0.1276 0.3496 0.4118 0.4876]
   [0.7901 0.9651 0.9704 0.9772 0.4405]
   [0.4176 0.26   0.72   0.368  0.0288]]

  [[0.8807 0.8083 0.2343 0.7325 0.4083]
   [0.58   0.0934 0.539  0.0766 0.1239]
   [0.5896 0.6769 0.5027 0.3725 0.6961]
   [0.2843 0.7637 0.7295 0.3538 0.4237]
   [0.3951 0.6553 0.9753 0.1772 0.8165]]

  ...

  [[0.6479 0.7855 0.8612 0.6853 0.805 ]
   [0.723  0.214  0.1026 0.56   0.5002]
   [0.463  0.7583 0.7624 0.1373 0.8471]
   [0.1917 0.5182 0.4128 0.7374 0.7371]
   [0.4244 0.4199 0.8442 0.3645 0.6975]]

  [[0.7975 0.1032 0.1771 0.0531 0.8674]
   [0.8575 0.6833 0.1731 0.8636 0.7635]
   [0.9993 0.2223 0.0666 0.9164 0.7214]
   [0.9768 0.4317 0.7553 0.9302 0.3591]
   [0.2198 0.9613 0.5615 0.5115 0.8409]]

  [[0.5451 0.9067 0.2126 0.4823 0.4618]
   [0.6909 0.986  0.8878 0.0496 0.8451]
   [0.9029 0.2337 0.5313 0.8833 0.4226]
   [0.1116 0.7348 0.428  0.5208 0.8064]
   [0.2849 0.3309 0.0067 0.6047 0.0798]]]]
RPC_SYNC DONE
C transfer done
Timestamps transfer done
[[13.200459  11.019273  15.855999  ... 11.274859  14.451797  14.760955 ]
 [12.452182  11.842977  14.66735   ... 12.074585  13.707355  15.446628 ]
 [ 9.084137   8.68086   11.762764  ...  8.789976  10.491667  10.793331 ]
 ...
 [10.205991  10.781496  12.9145565 ...  9.443374  10.482546  11.367815 ]
 [13.464796  12.21871   15.72222   ... 13.093843  13.783325  14.842776 ]
 [12.080709  11.094374  13.887409  ... 10.071145  13.861931  14.723115 ]]
[[13.200459  11.019273  15.855999  ... 11.274859  14.451797  14.760955 ]
 [12.452182  11.842977  14.66735   ... 12.074585  13.707355  15.446628 ]
 [ 9.084137   8.68086   11.762764  ...  8.789976  10.491667  10.793331 ]
 ...
 [10.205991  10.781496  12.9145565 ...  9.443374  10.482546  11.367815 ]
 [13.464796  12.21871   15.72222   ... 13.093843  13.783325  14.842776 ]
 [12.080709  11.094374  13.887409  ... 10.071145  13.861931  14.723115 ]]
14760.875294117648
SUCCESS!
Program completed in: 00:02:33
