A matrix: 

[[0.0451 0.0832 0.2814 ... 0.5126 0.2025 0.0164]
 [0.7923 0.4619 0.4248 ... 0.8011 0.7089 0.8059]
 [0.3774 0.9727 0.3948 ... 0.7715 0.0391 0.3775]
 ...
 [0.8478 0.0288 0.4588 ... 0.7277 0.954  0.6764]
 [0.7387 0.6886 0.3809 ... 0.3735 0.8148 0.0379]
 [0.3352 0.7341 0.4128 ... 0.5977 0.6595 0.5687]]
B matrix: 

[[6.107e-01 8.093e-01 4.511e-01 ... 5.145e-01 4.522e-01 1.540e-02]
 [3.926e-01 4.377e-01 1.623e-01 ... 6.473e-01 4.000e-04 9.944e-01]
 [3.116e-01 8.218e-01 1.063e-01 ... 7.789e-01 5.215e-01 7.078e-01]
 ...
 [9.061e-01 9.960e-01 5.446e-01 ... 7.900e-03 8.970e-01 3.484e-01]
 [4.554e-01 1.210e-02 2.961e-01 ... 5.024e-01 9.852e-01 5.717e-01]
 [3.040e-02 4.068e-01 3.098e-01 ... 1.470e-02 1.899e-01 2.574e-01]]
RPC_SYNC DONE
C transfer done
Timestamps transfer done
[[2311.592  2311.8293 2280.2625 ... 2302.1797 2307.879  2279.553 ]
 [2365.1763 2338.4172 2312.5146 ... 2327.41   2330.392  2312.8557]
 [2341.7134 2316.896  2283.9917 ... 2299.6658 2310.7012 2276.5205]
 ...
 [2371.307  2347.753  2325.401  ... 2356.565  2347.7307 2311.495 ]
 [2350.8853 2319.3198 2294.4055 ... 2315.9556 2319.7607 2283.0884]
 [2331.0115 2315.8264 2285.673  ... 2314.7336 2320.864  2290.7095]]
[[2311.5867 2311.835  2280.2686 ... 2302.19   2307.8772 2279.5552]
 [2365.1768 2338.4219 2312.521  ... 2327.4045 2330.3933 2312.857 ]
 [2341.7146 2316.8967 2283.9924 ... 2299.6675 2310.7039 2276.517 ]
 ...
 [2371.307  2347.754  2325.3975 ... 2356.569  2347.7354 2311.497 ]
 [2350.8862 2319.32   2294.4033 ... 2315.9507 2319.76   2283.0835]
 [2331.011  2315.8218 2285.6707 ... 2314.7288 2320.864  2290.7053]]
989464.2082352941
SUCCESS!
Program completed in: 00:01:34
