COUT002 22:21:20 GMT  ERROR: LOGGER NOT INITIALIZED:
COUT002 22:21:20 GMT  ERROR: 		Remote end closed connection
A matrix: 

[[0.8635 0.9516 0.972  ... 0.9108 0.5881 0.9544]
 [0.0206 0.6792 0.2788 ... 0.9543 0.599  0.3259]
 [0.5743 0.0355 0.3761 ... 0.1153 0.3014 0.0559]
 ...
 [0.5873 0.5228 0.1949 ... 0.8665 0.5899 0.4541]
 [0.1954 0.6661 0.399  ... 0.3476 0.1874 0.384 ]
 [0.1174 0.3449 0.838  ... 0.409  0.0978 0.4833]]
B matrix: 

[[0.044  0.824  0.545  ... 0.562  0.7003 0.6613]
 [0.6078 0.5707 0.665  ... 0.4159 0.3328 0.7257]
 [0.8057 0.8243 0.8207 ... 0.8889 0.4656 0.9553]
 ...
 [0.6565 0.7612 0.7795 ... 0.8229 0.4071 0.3975]
 [0.7882 0.2435 0.5363 ... 0.1123 0.5566 0.3414]
 [0.8619 0.3706 0.5233 ... 0.9918 0.782  0.467 ]]
RPC_SYNC DONE
C transfer done
Timestamps transfer done
[[1142.9484 1117.8071 1150.963  ... 1129.7847 1145.524  1140.0494]
 [1167.1073 1137.593  1154.5508 ... 1131.3358 1153.8998 1145.8566]
 [1195.0726 1170.7426 1191.5325 ... 1163.5997 1177.4901 1179.6626]
 ...
 [1152.8834 1132.7493 1151.5985 ... 1132.3235 1146.1792 1151.6693]
 [1152.7257 1148.1167 1163.7051 ... 1134.9753 1150.1862 1146.3082]
 [1158.8517 1150.6078 1160.8236 ... 1136.133  1166.0565 1160.9424]]
[[1142.9487 1117.8047 1150.9625 ... 1129.784  1145.5245 1140.0498]
 [1167.1085 1137.5912 1154.5508 ... 1131.3372 1153.8984 1145.8567]
 [1195.0743 1170.7413 1191.5308 ... 1163.601  1177.4897 1179.6617]
 ...
 [1152.8868 1132.7493 1151.5968 ... 1132.3239 1146.1769 1151.6682]
 [1152.7238 1148.1154 1163.7054 ... 1134.9734 1150.1852 1146.308 ]
 [1158.8523 1150.6072 1160.823  ... 1136.1318 1166.0555 1160.942 ]]
191530.31294117647
SUCCESS!
Program completed in: 00:01:29
