A matrix: 

[[0.3633 0.9989 0.3909 ... 0.188  0.5552 0.3075]
 [0.4845 0.894  0.7252 ... 0.2533 0.1947 0.4425]
 [0.5092 0.4057 0.7042 ... 0.1557 0.9623 0.4728]
 ...
 [0.7975 0.3923 0.9279 ... 0.875  0.8765 0.8432]
 [0.2419 0.5516 0.3549 ... 0.5745 0.1311 0.6086]
 [0.2296 0.138  0.5179 ... 0.2853 0.0342 0.9358]]
B matrix: 

[[0.3735 0.007  0.183  ... 0.7216 0.2109 0.2655]
 [0.1388 0.9353 0.8718 ... 0.5093 0.8182 0.5758]
 [0.1799 0.7715 0.7405 ... 0.6791 0.275  0.0497]
 ...
 [0.5442 0.2527 0.1379 ... 0.7413 0.8876 0.7385]
 [0.2512 0.9201 0.3444 ... 0.2328 0.5908 0.7935]
 [0.4007 0.5922 0.3865 ... 0.5616 0.8145 0.1147]]
RPC_SYNC DONE
C transfer done
Timestamps transfer done
[[3460.8794 3431.896  3446.7375 ... 3431.6025 3444.3955 3443.0842]
 [3449.9473 3447.5789 3484.4592 ... 3459.1091 3474.3384 3459.221 ]
 [3469.3596 3447.311  3459.9543 ... 3464.7585 3496.7336 3464.9736]
 ...
 [3465.564  3437.1636 3453.3057 ... 3466.0947 3476.4197 3465.222 ]
 [3436.7156 3416.4048 3402.206  ... 3427.9783 3425.4294 3433.0374]
 [3485.2336 3448.0374 3452.0464 ... 3467.2507 3478.4546 3471.086 ]]
[[3460.8804 3431.899  3446.7324 ... 3431.5981 3444.3967 3443.089 ]
 [3449.9426 3447.5774 3484.464  ... 3459.0999 3474.3384 3459.2131]
 [3469.3643 3447.3176 3459.96   ... 3464.7554 3496.7366 3464.9722]
 ...
 [3465.5479 3437.157  3453.316  ... 3466.079  3476.4172 3465.2185]
 [3436.712  3416.4136 3402.2004 ... 3427.982  3425.4402 3433.0393]
 [3485.237  3448.028  3452.0479 ... 3467.2515 3478.4575 3471.0913]]
1676372.4211764706
SUCCESS!
Program completed in: 00:02:50
