A matrix: 

[[0.0819 0.9819 0.3964 ... 0.712  0.6675 0.8496]
 [0.9613 0.7981 0.7517 ... 0.7454 0.6597 0.6076]
 [0.3468 0.1729 0.5776 ... 0.8076 0.9868 0.1787]
 ...
 [0.6907 0.8719 0.1285 ... 0.8609 0.2993 0.3955]
 [0.8963 0.7501 0.2905 ... 0.0138 0.0316 0.2365]
 [0.4973 0.1281 0.1057 ... 0.4445 0.2681 0.8114]]
B matrix: 

[[0.8922 0.2378 0.7522 ... 0.9372 0.1055 0.0085]
 [0.5168 0.0797 0.7095 ... 0.9208 0.7654 0.4696]
 [0.5479 0.0019 0.1193 ... 0.7196 0.6247 0.5602]
 ...
 [0.9174 0.9685 0.5864 ... 0.2112 0.4579 0.3105]
 [0.0264 0.2653 0.0326 ... 0.6243 0.9558 0.2647]
 [0.9615 0.0577 0.03   ... 0.3512 0.1922 0.4944]]
A matrix: 

[[[[0.0819 0.9819 0.3964 0.5179 0.7703]
   [0.9613 0.7981 0.7517 0.9545 0.8838]
   [0.3468 0.1729 0.5776 0.0138 0.439 ]
   [0.0278 0.899  0.7654 0.2072 0.0487]
   [0.5125 0.4603 0.3466 0.0213 0.9902]]

  [[0.4466 0.2205 0.9917 0.3007 0.4594]
   [0.2683 0.7472 0.5809 0.6483 0.8165]
   [0.1795 0.2985 0.3701 0.2592 0.887 ]
   [0.0306 0.8411 0.7202 0.7335 0.4693]
   [0.9071 0.8779 0.0363 0.5802 0.7256]]

  [[0.2467 0.9067 0.9749 0.9101 0.1101]
   [0.543  0.5986 0.1862 0.8481 0.8995]
   [0.2144 0.5881 0.9083 0.4876 0.999 ]
   [0.3926 0.9894 0.204  0.7287 0.2546]
   [0.0911 0.0721 0.6562 0.1229 0.537 ]]

  ...

  [[0.0441 0.8795 0.2461 0.5593 0.0759]
   [0.2636 0.6611 0.4773 0.0886 0.0943]
   [0.9362 0.9843 0.116  0.2341 0.8672]
   [0.65   0.2233 0.7165 0.1857 0.6938]
   [0.7633 0.377  0.4925 0.7846 0.0368]]

  [[0.0226 0.2998 0.0263 0.1448 0.4696]
   [0.9923 0.0052 0.6971 0.1749 0.1308]
   [0.6592 0.8599 0.7422 0.088  0.0284]
   [0.2269 0.6496 0.8378 0.72   0.9176]
   [0.4241 0.1807 0.5921 0.3126 0.6217]]

  [[0.148  0.9266 0.0674 0.1944 0.9925]
   [0.5582 0.8593 0.4172 0.9831 0.9271]
   [0.6907 0.8719 0.1285 0.0715 0.2721]
   [0.8963 0.7501 0.2905 0.7336 0.6992]
   [0.4973 0.1281 0.1057 0.9158 0.6613]]]


 [[[0.5462 0.8071 0.2134 0.7085 0.9534]
   [0.1299 0.2903 0.7149 0.2947 0.4722]
   [0.5549 0.0482 0.7786 0.8276 0.42  ]
   [0.6666 0.4407 0.9012 0.4562 0.1227]
   [0.3492 0.6662 0.6483 0.6155 0.3084]]

  [[0.6496 0.1104 0.2946 0.7381 0.9691]
   [0.903  0.1372 0.2419 0.7129 0.7462]
   [0.4919 0.5423 0.0155 0.3182 0.0899]
   [0.7472 0.0885 0.6817 0.3027 0.5031]
   [0.7219 0.8818 0.7668 0.6524 0.3928]]

  [[0.9724 0.3779 0.0468 0.3175 0.72  ]
   [0.1701 0.3658 0.289  0.4133 0.8403]
   [0.6235 0.0572 0.0847 0.4464 0.219 ]
   [0.4492 0.5843 0.0182 0.0484 0.5184]
   [0.1301 0.3637 0.2463 0.7787 0.7905]]

  ...

  [[0.9962 0.6834 0.4006 0.152  0.5998]
   [0.5818 0.0384 0.9332 0.4758 0.3097]
   [0.2174 0.2664 0.6844 0.5069 0.043 ]
   [0.865  0.2707 0.4948 0.4774 0.0214]
   [0.8777 0.0609 0.1638 0.7153 0.3888]]

  [[0.2119 0.7924 0.6591 0.7138 0.9085]
   [0.0424 0.4565 0.2944 0.1058 0.228 ]
   [0.3082 0.2848 0.9969 0.065  0.5268]
   [0.6527 0.9578 0.8627 0.1428 0.3646]
   [0.6999 0.6216 0.2986 0.035  0.9211]]

  [[0.1048 0.8256 0.6829 0.9196 0.9934]
   [0.6073 0.6338 0.4447 0.2557 0.4649]
   [0.7023 0.3287 0.5455 0.8787 0.6296]
   [0.7893 0.7436 0.3564 0.0732 0.3392]
   [0.9959 0.6352 0.0914 0.3353 0.4337]]]


 [[[0.976  0.3049 0.586  0.1986 0.6428]
   [0.0731 0.7906 0.5932 0.2939 0.0741]
   [0.6337 0.3919 0.8649 0.0901 0.8163]
   [0.3557 0.8758 0.6354 0.3797 0.3513]
   [0.3764 0.8648 0.0667 0.0576 0.7802]]

  [[0.5748 0.2786 0.6506 0.3505 0.2328]
   [0.1942 0.2895 0.3321 0.7368 0.0191]
   [0.5243 0.2884 0.9461 0.3608 0.4381]
   [0.8041 0.9035 0.1251 0.9317 0.4483]
   [0.9268 0.2275 0.2891 0.7942 0.1982]]

  [[0.4645 0.9829 0.3443 0.1178 0.2075]
   [0.3267 0.0432 0.6308 0.6458 0.906 ]
   [0.0693 0.8858 0.3025 0.4666 0.4937]
   [0.3852 0.1872 0.8153 0.8051 0.4462]
   [0.1653 0.5125 0.4281 0.2975 0.8908]]

  ...

  [[0.9589 0.2948 0.6479 0.9377 0.653 ]
   [0.9685 0.6233 0.527  0.5193 0.8897]
   [0.5371 0.6168 0.9079 0.8693 0.8178]
   [0.7419 0.52   0.0771 0.265  0.4105]
   [0.7996 0.4846 0.7066 0.6036 0.965 ]]

  [[0.35   0.749  0.2434 0.4605 0.2044]
   [0.9095 0.6493 0.1778 0.8854 0.6057]
   [0.2998 0.3169 0.4172 0.9179 0.3111]
   [0.6146 0.9185 0.2304 0.0821 0.0094]
   [0.7428 0.6576 0.0191 0.4302 0.4879]]

  [[0.1082 0.5805 0.2055 0.1374 0.8739]
   [0.4348 0.151  0.8321 0.6402 0.806 ]
   [0.9989 0.2042 0.8596 0.4185 0.2378]
   [0.5057 0.4693 0.377  0.9095 0.4278]
   [0.9384 0.0222 0.8628 0.6514 0.3032]]]


 ...


 [[[0.0631 0.8749 0.1131 0.147  0.4826]
   [0.2325 0.0717 0.4308 0.4936 0.55  ]
   [0.7167 0.6383 0.34   0.1556 0.5983]
   [0.796  0.5288 0.3291 0.9576 0.2409]
   [0.2221 0.3214 0.4643 0.4132 0.343 ]]

  [[0.25   0.3046 0.3012 0.0267 0.3315]
   [0.648  0.3633 0.0827 0.606  0.1879]
   [0.8068 0.7694 0.6824 0.8623 0.3069]
   [0.7459 0.1083 0.8019 0.873  0.8832]
   [0.7649 0.7308 0.2769 0.4787 0.5116]]

  [[0.5817 0.9315 0.2958 0.6254 0.8051]
   [0.1928 0.8701 0.8786 0.4523 0.5925]
   [0.1482 0.7956 0.1721 0.3727 0.5777]
   [0.1024 0.958  0.2787 0.7344 0.1016]
   [0.7614 0.663  0.3971 0.7276 0.1544]]

  ...

  [[0.4696 0.9511 0.7978 0.7136 0.6281]
   [0.8418 0.287  0.289  0.3707 0.1471]
   [0.2184 0.2666 0.6262 0.6443 0.1605]
   [0.5174 0.1978 0.1063 0.3871 0.1247]
   [0.7065 0.3334 0.0828 0.018  0.9925]]

  [[0.4161 0.5261 0.9105 0.7219 0.5891]
   [0.1003 0.4628 0.3461 0.4633 0.6041]
   [0.0235 0.1589 0.352  0.908  0.9866]
   [0.9261 0.4848 0.6313 0.8596 0.986 ]
   [0.0204 0.9594 0.1302 0.88   0.0862]]

  [[0.5503 0.2261 0.0131 0.9278 0.1658]
   [0.2848 0.4927 0.6896 0.6386 0.5567]
   [0.4984 0.0066 0.9899 0.5767 0.8125]
   [0.0496 0.939  0.5752 0.101  0.2332]
   [0.659  0.0964 0.8195 0.4145 0.878 ]]]


 [[[0.7604 0.1035 0.7581 0.0159 0.1862]
   [0.1729 0.5743 0.3359 0.6576 0.54  ]
   [0.4842 0.1765 0.1827 0.1626 0.1084]
   [0.2305 0.8068 0.3684 0.7618 0.8857]
   [0.2294 0.1779 0.7002 0.8136 0.4279]]

  [[0.9148 0.4405 0.9731 0.019  0.0545]
   [0.4826 0.5797 0.3809 0.506  0.9554]
   [0.1403 0.5368 0.7047 0.878  0.0119]
   [0.2677 0.1465 0.2695 0.115  0.0841]
   [0.6883 0.4675 0.7048 0.0175 0.7003]]

  [[0.4342 0.6856 0.0966 0.5829 0.9234]
   [0.7056 0.5532 0.998  0.1299 0.1261]
   [0.5594 0.0866 0.7995 0.7005 0.4773]
   [0.5794 0.7491 0.6656 0.5105 0.6582]
   [0.658  0.4844 0.2974 0.4993 0.4627]]

  ...

  [[0.2848 0.863  0.2144 0.9686 0.7016]
   [0.9355 0.959  0.1107 0.3019 0.5671]
   [0.3422 0.3606 0.0976 0.4159 0.0446]
   [0.4461 0.4855 0.8003 0.1625 0.307 ]
   [0.7403 0.3107 0.443  0.5588 0.969 ]]

  [[0.0079 0.1202 0.3533 0.8184 0.1756]
   [0.9386 0.6461 0.1292 0.3428 0.8428]
   [0.1541 0.5518 0.0058 0.215  0.505 ]
   [0.0707 0.6256 0.3273 0.2814 0.7017]
   [0.8967 0.6683 0.4827 0.3596 0.0528]]

  [[0.2433 0.4339 0.0481 0.8182 0.4419]
   [0.2942 0.7462 0.1229 0.7972 0.6   ]
   [0.1334 0.0538 0.9413 0.2183 0.1145]
   [0.9487 0.8587 0.1289 0.5621 0.3766]
   [0.1483 0.4058 0.9719 0.1671 0.9371]]]


 [[[0.668  0.4247 0.712  0.6675 0.8496]
   [0.2612 0.299  0.7454 0.6597 0.6076]
   [0.554  0.469  0.8076 0.9868 0.1787]
   [0.9621 0.7899 0.3544 0.0599 0.2111]
   [0.1245 0.9101 0.0289 0.3334 0.6946]]

  [[0.39   0.7381 0.0544 0.7037 0.8329]
   [0.1904 0.2004 0.4749 0.0398 0.1324]
   [0.4685 0.3326 0.8261 0.4501 0.5486]
   [0.8737 0.4322 0.7835 0.7488 0.6124]
   [0.1856 0.4807 0.5911 0.1896 0.8605]]

  [[0.2941 0.9041 0.4113 0.9735 0.8758]
   [0.3028 0.3392 0.8275 0.7921 0.3457]
   [0.9194 0.0093 0.306  0.3457 0.3311]
   [0.2183 0.8773 0.1547 0.4066 0.961 ]
   [0.2387 0.9292 0.9297 0.6178 0.1778]]

  ...

  [[0.7305 0.3195 0.2327 0.9003 0.6175]
   [0.114  0.5673 0.959  0.3779 0.7578]
   [0.1967 0.2437 0.5941 0.9347 0.9012]
   [0.9046 0.4558 0.8073 0.874  0.0622]
   [0.3285 0.6196 0.9519 0.5062 0.4492]]

  [[0.1747 0.9688 0.0665 0.4713 0.5083]
   [0.6086 0.2796 0.9386 0.6626 0.2168]
   [0.1339 0.6329 0.1883 0.8922 0.1989]
   [0.8238 0.5865 0.6087 0.2369 0.4622]
   [0.5011 0.5767 0.0195 0.7065 0.2164]]

  [[0.4121 0.974  0.0201 0.8283 0.3817]
   [0.9191 0.2042 0.0102 0.9562 0.9506]
   [0.2448 0.1658 0.8609 0.2993 0.3955]
   [0.6192 0.7685 0.0138 0.0316 0.2365]
   [0.779  0.937  0.4445 0.2681 0.8114]]]]
B matrix: 

[[[[8.922e-01 2.378e-01 7.522e-01 5.744e-01 1.964e-01]
   [5.168e-01 7.970e-02 7.095e-01 8.055e-01 3.460e-01]
   [5.479e-01 1.900e-03 1.193e-01 8.817e-01 7.329e-01]
   [1.947e-01 6.237e-01 8.437e-01 6.919e-01 7.655e-01]
   [9.205e-01 1.120e-01 3.890e-02 9.505e-01 3.251e-01]]

  [[9.218e-01 9.059e-01 4.535e-01 6.262e-01 1.715e-01]
   [4.231e-01 1.485e-01 5.416e-01 5.865e-01 9.237e-01]
   [3.921e-01 9.827e-01 7.642e-01 6.107e-01 9.375e-01]
   [6.640e-01 6.320e-01 5.939e-01 1.074e-01 9.797e-01]
   [4.916e-01 6.326e-01 8.166e-01 5.349e-01 8.810e-01]]

  [[6.313e-01 3.463e-01 2.893e-01 7.679e-01 7.792e-01]
   [1.174e-01 4.846e-01 5.263e-01 8.179e-01 9.787e-01]
   [2.318e-01 3.727e-01 2.395e-01 5.683e-01 2.170e-01]
   [6.445e-01 2.836e-01 5.576e-01 4.270e-01 7.282e-01]
   [4.025e-01 9.332e-01 4.960e-02 1.796e-01 7.843e-01]]

  ...

  [[8.799e-01 3.082e-01 7.855e-01 8.042e-01 9.600e-02]
   [7.579e-01 1.080e-01 2.319e-01 1.757e-01 3.423e-01]
   [2.798e-01 8.259e-01 1.176e-01 1.692e-01 6.429e-01]
   [6.750e-01 4.497e-01 2.831e-01 5.783e-01 8.030e-01]
   [9.887e-01 5.630e-02 1.758e-01 7.776e-01 8.127e-01]]

  [[6.285e-01 3.985e-01 4.157e-01 1.788e-01 7.019e-01]
   [2.726e-01 6.168e-01 8.573e-01 2.100e-01 8.361e-01]
   [9.680e-02 9.250e-01 7.100e-03 4.055e-01 1.049e-01]
   [4.826e-01 9.445e-01 1.805e-01 2.283e-01 6.641e-01]
   [8.250e-01 9.067e-01 2.551e-01 6.498e-01 1.819e-01]]

  [[4.286e-01 8.358e-01 9.372e-01 1.055e-01 8.500e-03]
   [7.932e-01 6.918e-01 9.208e-01 7.654e-01 4.696e-01]
   [3.842e-01 9.400e-01 7.196e-01 6.247e-01 5.602e-01]
   [3.824e-01 5.662e-01 1.219e-01 2.250e-02 2.381e-01]
   [7.419e-01 3.044e-01 4.096e-01 9.090e-01 5.989e-01]]]


 [[[2.979e-01 7.993e-01 4.716e-01 3.777e-01 7.871e-01]
   [9.591e-01 4.190e-01 5.820e-02 2.674e-01 9.220e-02]
   [3.839e-01 4.205e-01 8.057e-01 1.369e-01 9.281e-01]
   [6.120e-01 7.732e-01 7.588e-01 3.230e-02 6.340e-01]
   [9.931e-01 2.600e-01 7.970e-02 1.778e-01 4.847e-01]]

  [[7.550e-02 6.577e-01 5.449e-01 4.820e-01 3.273e-01]
   [3.836e-01 6.288e-01 5.276e-01 9.161e-01 2.591e-01]
   [5.130e-01 8.861e-01 7.777e-01 7.762e-01 9.540e-01]
   [8.178e-01 5.859e-01 7.054e-01 7.026e-01 9.427e-01]
   [2.248e-01 3.392e-01 9.379e-01 8.180e-01 3.660e-01]]

  [[2.769e-01 8.839e-01 1.762e-01 5.210e-02 5.100e-02]
   [1.367e-01 5.360e-02 2.495e-01 9.440e-01 6.196e-01]
   [1.800e-01 6.961e-01 3.174e-01 2.466e-01 6.770e-01]
   [1.706e-01 4.450e-02 4.827e-01 5.940e-01 3.906e-01]
   [3.207e-01 9.820e-02 9.121e-01 2.624e-01 2.060e-01]]

  ...

  [[4.528e-01 6.946e-01 4.467e-01 6.480e-01 9.215e-01]
   [1.828e-01 9.152e-01 3.941e-01 4.453e-01 9.916e-01]
   [2.017e-01 6.494e-01 4.924e-01 6.488e-01 9.174e-01]
   [6.920e-01 6.480e-02 9.879e-01 9.554e-01 8.012e-01]
   [7.944e-01 9.308e-01 3.834e-01 6.403e-01 6.113e-01]]

  [[7.677e-01 6.520e-01 7.653e-01 3.223e-01 1.866e-01]
   [7.101e-01 9.256e-01 7.636e-01 2.766e-01 9.692e-01]
   [5.921e-01 5.225e-01 1.609e-01 5.478e-01 3.647e-01]
   [6.197e-01 5.992e-01 5.423e-01 4.325e-01 8.837e-01]
   [1.491e-01 2.251e-01 7.721e-01 5.600e-02 5.150e-01]]

  [[6.643e-01 3.398e-01 9.480e-02 3.556e-01 9.452e-01]
   [3.336e-01 1.955e-01 8.577e-01 7.323e-01 2.607e-01]
   [7.464e-01 3.030e-01 8.345e-01 5.553e-01 8.536e-01]
   [7.862e-01 2.330e-01 9.563e-01 3.624e-01 2.526e-01]
   [4.340e-02 2.541e-01 5.612e-01 9.000e-04 5.332e-01]]]


 [[[2.896e-01 8.226e-01 1.486e-01 8.479e-01 9.954e-01]
   [6.222e-01 9.985e-01 3.765e-01 5.121e-01 5.612e-01]
   [2.323e-01 8.627e-01 4.840e-02 5.728e-01 6.713e-01]
   [3.961e-01 3.565e-01 8.484e-01 1.795e-01 2.342e-01]
   [3.753e-01 5.735e-01 9.317e-01 2.746e-01 9.258e-01]]

  [[4.010e-01 5.835e-01 1.216e-01 8.836e-01 3.035e-01]
   [9.155e-01 7.879e-01 2.352e-01 1.440e-02 7.005e-01]
   [3.058e-01 8.036e-01 6.607e-01 2.084e-01 7.391e-01]
   [8.598e-01 1.991e-01 5.083e-01 6.956e-01 4.659e-01]
   [6.649e-01 5.352e-01 7.819e-01 9.374e-01 9.373e-01]]

  [[7.269e-01 8.461e-01 1.758e-01 1.309e-01 3.437e-01]
   [4.508e-01 9.680e-02 2.757e-01 1.628e-01 2.677e-01]
   [5.615e-01 1.327e-01 3.570e-01 2.332e-01 1.212e-01]
   [6.442e-01 4.793e-01 2.010e-02 4.394e-01 2.050e-02]
   [9.141e-01 9.668e-01 1.927e-01 2.745e-01 3.923e-01]]

  ...

  [[3.476e-01 5.881e-01 2.930e-01 6.062e-01 1.663e-01]
   [8.569e-01 6.511e-01 8.639e-01 2.526e-01 4.699e-01]
   [1.309e-01 6.416e-01 1.698e-01 8.981e-01 9.079e-01]
   [6.893e-01 2.580e-01 5.343e-01 2.892e-01 1.080e-01]
   [8.571e-01 7.334e-01 5.589e-01 1.400e-02 4.693e-01]]

  [[7.643e-01 1.630e-01 8.681e-01 3.300e-03 4.125e-01]
   [9.094e-01 1.947e-01 8.585e-01 9.969e-01 7.299e-01]
   [6.806e-01 9.415e-01 1.614e-01 3.262e-01 6.492e-01]
   [6.184e-01 6.952e-01 4.908e-01 4.804e-01 3.507e-01]
   [5.228e-01 7.904e-01 5.770e-01 8.439e-01 9.552e-01]]

  [[5.236e-01 6.700e-03 1.716e-01 1.347e-01 9.778e-01]
   [1.379e-01 6.934e-01 3.507e-01 2.628e-01 9.057e-01]
   [4.900e-03 1.991e-01 4.176e-01 1.430e-02 7.172e-01]
   [6.047e-01 3.310e-02 4.682e-01 6.846e-01 4.048e-01]
   [1.348e-01 9.928e-01 6.590e-02 9.662e-01 4.748e-01]]]


 ...


 [[[9.065e-01 8.384e-01 3.870e-01 1.808e-01 7.326e-01]
   [3.262e-01 9.360e-02 8.442e-01 2.009e-01 1.339e-01]
   [6.539e-01 8.610e-01 9.440e-02 7.835e-01 5.348e-01]
   [6.784e-01 1.830e-01 8.050e-02 5.183e-01 6.339e-01]
   [9.380e-01 4.880e-02 8.732e-01 1.320e-01 9.114e-01]]

  [[4.085e-01 5.711e-01 4.360e-02 5.685e-01 3.130e-02]
   [3.257e-01 2.530e-01 9.152e-01 7.534e-01 2.671e-01]
   [1.624e-01 6.511e-01 5.280e-01 1.224e-01 1.317e-01]
   [2.316e-01 1.290e-02 2.427e-01 1.369e-01 9.425e-01]
   [8.907e-01 4.540e-01 7.940e-01 4.767e-01 1.055e-01]]

  [[9.811e-01 7.182e-01 6.084e-01 2.142e-01 8.514e-01]
   [6.472e-01 7.946e-01 9.076e-01 8.820e-01 4.800e-03]
   [4.251e-01 5.767e-01 9.791e-01 1.521e-01 1.614e-01]
   [3.568e-01 8.272e-01 9.507e-01 8.702e-01 6.861e-01]
   [4.823e-01 2.519e-01 3.836e-01 3.536e-01 1.102e-01]]

  ...

  [[7.298e-01 8.869e-01 1.956e-01 1.313e-01 8.905e-01]
   [9.094e-01 4.364e-01 8.752e-01 7.902e-01 8.264e-01]
   [4.645e-01 5.150e-02 5.666e-01 3.510e-02 5.705e-01]
   [8.517e-01 2.640e-02 9.839e-01 3.564e-01 6.017e-01]
   [8.565e-01 5.932e-01 6.125e-01 2.098e-01 5.380e-01]]

  [[3.926e-01 3.817e-01 4.734e-01 3.352e-01 8.115e-01]
   [2.380e-01 7.149e-01 3.771e-01 2.574e-01 5.344e-01]
   [8.375e-01 9.780e-02 3.685e-01 1.122e-01 5.701e-01]
   [6.798e-01 4.538e-01 9.843e-01 9.984e-01 3.019e-01]
   [2.493e-01 4.805e-01 7.949e-01 6.781e-01 9.177e-01]]

  [[9.046e-01 4.116e-01 4.733e-01 8.704e-01 9.369e-01]
   [5.827e-01 5.713e-01 1.950e-01 7.900e-03 1.549e-01]
   [1.283e-01 1.171e-01 4.490e-02 9.231e-01 8.835e-01]
   [8.120e-01 4.938e-01 8.103e-01 7.302e-01 8.605e-01]
   [1.119e-01 2.823e-01 9.032e-01 2.654e-01 6.635e-01]]]


 [[[1.301e-01 6.147e-01 3.976e-01 2.711e-01 6.754e-01]
   [1.219e-01 8.951e-01 9.063e-01 2.652e-01 2.390e-02]
   [6.559e-01 5.668e-01 1.152e-01 6.000e-04 3.175e-01]
   [4.493e-01 1.150e-02 5.907e-01 9.375e-01 1.560e-01]
   [5.885e-01 5.130e-02 7.441e-01 8.431e-01 5.630e-01]]

  [[3.203e-01 6.406e-01 5.744e-01 6.157e-01 2.548e-01]
   [6.220e-01 6.485e-01 6.933e-01 8.215e-01 9.007e-01]
   [2.198e-01 8.567e-01 8.424e-01 6.038e-01 3.343e-01]
   [6.581e-01 6.132e-01 8.860e-01 8.699e-01 4.188e-01]
   [4.323e-01 7.133e-01 9.203e-01 8.180e-01 6.249e-01]]

  [[1.815e-01 1.377e-01 6.071e-01 6.872e-01 7.001e-01]
   [2.920e-01 8.166e-01 7.898e-01 6.080e-02 4.769e-01]
   [2.318e-01 1.813e-01 1.588e-01 1.297e-01 7.146e-01]
   [4.483e-01 8.566e-01 4.524e-01 2.286e-01 9.940e-01]
   [5.789e-01 1.810e-01 8.092e-01 7.308e-01 6.839e-01]]

  ...

  [[4.510e-02 1.801e-01 7.947e-01 4.300e-01 7.798e-01]
   [6.581e-01 3.781e-01 5.625e-01 8.027e-01 1.700e-02]
   [9.510e-02 4.906e-01 9.232e-01 2.651e-01 7.801e-01]
   [5.350e-01 3.694e-01 2.684e-01 8.480e-02 7.663e-01]
   [4.564e-01 2.913e-01 4.214e-01 3.254e-01 2.319e-01]]

  [[4.907e-01 7.912e-01 6.080e-01 2.254e-01 1.184e-01]
   [8.969e-01 7.215e-01 8.226e-01 1.496e-01 6.749e-01]
   [3.586e-01 5.107e-01 2.566e-01 5.189e-01 2.100e-03]
   [2.082e-01 6.943e-01 3.138e-01 2.956e-01 5.370e-01]
   [9.884e-01 3.524e-01 7.283e-01 6.881e-01 3.270e-01]]

  [[2.476e-01 1.343e-01 8.144e-01 4.118e-01 8.164e-01]
   [4.565e-01 9.075e-01 8.001e-01 5.628e-01 2.103e-01]
   [4.294e-01 8.884e-01 6.347e-01 4.310e-02 8.853e-01]
   [4.680e-01 4.877e-01 1.695e-01 6.554e-01 6.911e-01]
   [3.444e-01 9.607e-01 4.050e-01 6.618e-01 1.715e-01]]]


 [[[3.120e-01 8.463e-01 9.453e-01 4.002e-01 7.911e-01]
   [5.848e-01 3.385e-01 1.271e-01 1.729e-01 1.722e-01]
   [9.174e-01 9.685e-01 5.864e-01 7.470e-02 2.470e-01]
   [2.640e-02 2.653e-01 3.260e-02 2.700e-03 7.231e-01]
   [9.615e-01 5.770e-02 3.000e-02 9.300e-03 4.942e-01]]

  [[7.113e-01 4.399e-01 6.325e-01 1.597e-01 4.784e-01]
   [3.753e-01 2.040e-01 7.904e-01 4.960e-02 7.058e-01]
   [2.168e-01 6.795e-01 2.750e-02 5.259e-01 1.879e-01]
   [1.997e-01 9.376e-01 4.570e-01 7.285e-01 2.169e-01]
   [9.648e-01 5.699e-01 4.731e-01 6.888e-01 5.204e-01]]

  [[4.784e-01 1.475e-01 2.957e-01 1.581e-01 5.111e-01]
   [8.717e-01 9.624e-01 2.108e-01 7.760e-01 5.628e-01]
   [6.303e-01 8.891e-01 1.699e-01 7.227e-01 2.291e-01]
   [2.821e-01 2.823e-01 3.607e-01 5.024e-01 7.310e-02]
   [3.008e-01 8.708e-01 3.836e-01 5.027e-01 3.229e-01]]

  ...

  [[9.508e-01 9.520e-02 3.637e-01 8.485e-01 5.116e-01]
   [2.930e-01 2.706e-01 3.416e-01 9.035e-01 4.104e-01]
   [7.819e-01 1.292e-01 9.516e-01 4.246e-01 7.990e-02]
   [1.109e-01 4.667e-01 7.839e-01 6.450e-01 6.341e-01]
   [2.690e-01 3.889e-01 4.859e-01 3.647e-01 9.759e-01]]

  [[5.765e-01 6.635e-01 2.936e-01 3.527e-01 6.342e-01]
   [4.340e-01 3.893e-01 1.356e-01 4.130e-02 7.717e-01]
   [3.852e-01 3.045e-01 8.037e-01 5.588e-01 2.829e-01]
   [8.461e-01 9.352e-01 3.295e-01 7.496e-01 2.453e-01]
   [1.044e-01 6.639e-01 2.221e-01 3.439e-01 3.697e-01]]

  [[5.774e-01 2.685e-01 6.767e-01 3.533e-01 8.016e-01]
   [8.234e-01 6.557e-01 6.315e-01 8.464e-01 8.332e-01]
   [5.295e-01 4.326e-01 2.112e-01 4.579e-01 3.105e-01]
   [9.457e-01 1.932e-01 6.243e-01 9.558e-01 2.647e-01]
   [5.512e-01 9.022e-01 3.512e-01 1.922e-01 4.944e-01]]]]
RPC_SYNC DONE
C transfer done
Timestamps transfer done
[[15.79442   11.8351965 12.715285  ... 13.231704  11.705979  13.762471 ]
 [14.636097  10.278418  12.422443  ... 12.568454  11.382809  11.222528 ]
 [13.490993  11.503484  12.269578  ... 11.903824  11.736041  12.401842 ]
 ...
 [15.47083   11.845087  12.825867  ... 13.001053  12.551815  13.575009 ]
 [11.081295   9.159985  10.870192  ... 10.636637  10.853452  11.2953205]
 [14.938221  11.951114  12.158127  ... 11.695275  11.414425  13.972679 ]]
[[15.79442   11.8351965 12.715285  ... 13.231704  11.705979  13.762471 ]
 [14.636097  10.278418  12.422443  ... 12.568454  11.382809  11.222528 ]
 [13.490993  11.503484  12.269578  ... 11.903824  11.736041  12.401842 ]
 ...
 [15.47083   11.845087  12.825867  ... 13.001053  12.551815  13.575009 ]
 [11.081295   9.159985  10.870192  ... 10.636637  10.853452  11.2953205]
 [14.938221  11.951114  12.158127  ... 11.695275  11.414425  13.972679 ]]
14516.290588235295
SUCCESS!
Program completed in: 00:02:27
