COUT002 22:15:47 GMT  ERROR: LOGGER NOT INITIALIZED:
COUT002 22:15:47 GMT  ERROR: 		Remote end closed connection
A matrix: 

[[0.3659 0.7385 0.248  ... 0.4236 0.7721 0.0205]
 [0.5693 0.6715 0.8118 ... 0.8343 0.3692 0.1758]
 [0.7333 0.8664 0.5453 ... 0.3666 0.8538 0.9597]
 ...
 [0.1601 0.592  0.7437 ... 0.0671 0.5159 0.0642]
 [0.9751 0.0571 0.7353 ... 0.0501 0.3617 0.6907]
 [0.0686 0.8646 0.4076 ... 0.0865 0.3229 0.2788]]
B matrix: 

[[0.9395 0.8869 0.8904 ... 0.5051 0.5522 0.187 ]
 [0.1277 0.9374 0.8452 ... 0.6789 0.409  0.5918]
 [0.655  0.9622 0.6734 ... 0.4462 0.6652 0.6174]
 ...
 [0.8122 0.6155 0.4328 ... 0.2049 0.4197 0.7832]
 [0.4508 0.6557 0.2405 ... 0.6443 0.8209 0.6787]
 [0.0858 0.658  0.204  ... 0.8563 0.6996 0.7302]]
RPC_SYNC DONE
C transfer done
Timestamps transfer done
[[1152.6324 1145.4874 1160.6274 ... 1152.5376 1142.1216 1144.0543]
 [1158.1699 1152.238  1179.1211 ... 1156.9862 1155.0365 1139.1581]
 [1145.534  1140.0935 1153.3573 ... 1154.4458 1154.8214 1151.4521]
 ...
 [1142.3322 1132.1353 1155.3463 ... 1141.3812 1139.3594 1140.6018]
 [1142.5388 1153.602  1167.9669 ... 1154.557  1148.2535 1154.415 ]
 [1148.7784 1142.6537 1171.303  ... 1152.1097 1137.2539 1141.2762]]
[[1152.6318 1145.4851 1160.629  ... 1152.5369 1142.1216 1144.0526]
 [1158.1705 1152.2389 1179.1205 ... 1156.9861 1155.0378 1139.1582]
 [1145.5342 1140.094  1153.3562 ... 1154.4457 1154.8214 1151.4521]
 ...
 [1142.331  1132.1338 1155.3463 ... 1141.3817 1139.361  1140.6018]
 [1142.5372 1153.6024 1167.9679 ... 1154.5568 1148.2552 1154.4172]
 [1148.7808 1142.6558 1171.3035 ... 1152.1107 1137.2549 1141.277 ]]
181973.80823529413
SUCCESS!
Program completed in: 00:01:29
