A matrix: 

[[0.971  0.4515 0.2335 ... 0.5388 0.1527 0.8909]
 [0.7468 0.3625 0.6532 ... 0.5478 0.6812 0.6335]
 [0.9808 0.2329 0.9599 ... 0.6844 0.0095 0.3517]
 ...
 [0.2576 0.5656 0.1017 ... 0.1732 0.3499 0.6493]
 [0.5188 0.3825 0.0845 ... 0.5047 0.1314 0.6762]
 [0.3106 0.8528 0.9955 ... 0.4288 0.822  0.5875]]
B matrix: 

[[0.0473 0.6887 0.6303 ... 0.1195 0.8113 0.9112]
 [0.4954 0.7258 0.0291 ... 0.6639 0.0946 0.212 ]
 [0.6296 0.3676 0.2572 ... 0.9304 0.6766 0.8571]
 ...
 [0.221  0.2749 0.8458 ... 0.6736 0.8455 0.5354]
 [0.4968 0.6856 0.0828 ... 0.7467 0.7318 0.15  ]
 [0.9507 0.0532 0.202  ... 0.9787 0.8081 0.7584]]
RPC_SYNC DONE
C transfer done
Timestamps transfer done
[[2248.4775 2303.0403 2262.5955 ... 2290.9534 2285.0938 2273.105 ]
 [2246.0676 2307.5708 2261.0322 ... 2281.3604 2292.187  2261.854 ]
 [2276.1697 2300.8162 2277.6294 ... 2316.804  2292.9941 2292.8552]
 ...
 [2271.0354 2320.0261 2263.9023 ... 2297.6387 2283.411  2300.8462]
 [2260.8655 2292.9016 2270.5945 ... 2296.1763 2277.7102 2274.9192]
 [2252.114  2286.0938 2261.7395 ... 2282.3687 2263.0906 2275.5635]]
[[2248.4783 2303.041  2262.5935 ... 2290.9492 2285.0981 2273.098 ]
 [2246.067  2307.569  2261.0337 ... 2281.3608 2292.1877 2261.851 ]
 [2276.1707 2300.8154 2277.623  ... 2316.801  2292.988  2292.8572]
 ...
 [2271.0352 2320.0251 2263.901  ... 2297.6362 2283.4077 2300.8403]
 [2260.871  2292.904  2270.6003 ... 2296.1768 2277.7063 2274.9229]
 [2252.119  2286.0989 2261.7373 ... 2282.3699 2263.0918 2275.5679]]
757523.4117647059
SUCCESS!
Program completed in: 00:01:53
