A matrix: 

[[1.000e+00 2.000e+00 3.000e+00 ... 5.800e+01 5.900e+01 6.000e+01]
 [6.100e+01 6.200e+01 6.300e+01 ... 1.180e+02 1.190e+02 1.200e+02]
 [1.210e+02 1.220e+02 1.230e+02 ... 1.780e+02 1.790e+02 1.800e+02]
 ...
 [7.021e+03 7.022e+03 7.023e+03 ... 7.078e+03 7.079e+03 7.080e+03]
 [7.081e+03 7.082e+03 7.083e+03 ... 7.138e+03 7.139e+03 7.140e+03]
 [7.141e+03 7.142e+03 7.143e+03 ... 7.198e+03 7.199e+03 7.200e+03]]
B matrix: 

[[1.000e+00 2.000e+00 3.000e+00 ... 5.800e+01 5.900e+01 6.000e+01]
 [6.100e+01 6.200e+01 6.300e+01 ... 1.180e+02 1.190e+02 1.200e+02]
 [1.210e+02 1.220e+02 1.230e+02 ... 1.780e+02 1.790e+02 1.800e+02]
 ...
 [3.421e+03 3.422e+03 3.423e+03 ... 3.478e+03 3.479e+03 3.480e+03]
 [3.481e+03 3.482e+03 3.483e+03 ... 3.538e+03 3.539e+03 3.540e+03]
 [3.541e+03 3.542e+03 3.543e+03 ... 3.598e+03 3.599e+03 3.600e+03]]
RPC_SYNC DONE
C transfer done
Timestamps transfer done
[[4.3206300e+06 4.3224600e+06 4.3242900e+06 ... 4.4249400e+06
  4.4267700e+06 4.4286000e+06]
 [1.0696230e+07 1.0701660e+07 1.0707090e+07 ... 1.1005740e+07
  1.1011170e+07 1.1016600e+07]
 [1.7071830e+07 1.7080860e+07 1.7089890e+07 ... 1.7586540e+07
  1.7595570e+07 1.7604600e+07]
 ...
 [7.5026573e+08 7.5068890e+08 7.5111174e+08 ... 7.7437856e+08
  7.7480166e+08 7.7522458e+08]
 [7.5664154e+08 7.5706810e+08 7.5749466e+08 ... 7.8095930e+08
  7.8138586e+08 7.8181267e+08]
 [7.6301696e+08 7.6344730e+08 7.6387750e+08 ... 7.8754003e+08
  7.8797043e+08 7.8840058e+08]]
[[4.3206300e+06 4.3224600e+06 4.3242900e+06 ... 4.4249400e+06
  4.4267700e+06 4.4286000e+06]
 [1.0696230e+07 1.0701660e+07 1.0707090e+07 ... 1.1005740e+07
  1.1011170e+07 1.1016600e+07]
 [1.7071830e+07 1.7080860e+07 1.7089890e+07 ... 1.7586540e+07
  1.7595570e+07 1.7604600e+07]
 ...
 [7.5026573e+08 7.5068890e+08 7.5111174e+08 ... 7.7437856e+08
  7.7480166e+08 7.7522458e+08]
 [7.5664154e+08 7.5706810e+08 7.5749466e+08 ... 7.8095930e+08
  7.8138586e+08 7.8181267e+08]
 [7.6301696e+08 7.6344730e+08 7.6387750e+08 ... 7.8754003e+08
  7.8797043e+08 7.8840058e+08]]
650.8294117647059
SUCCESS!
Program completed in: 00:01:03
