COUT002 02:47:14 GMT  ERROR: LOGGER NOT INITIALIZED:
COUT002 02:47:14 GMT  ERROR: 		Remote end closed connection
RPC_SYNC DONE
C transfer done
Timestamps transfer done
[[130.32074 135.10858 139.72688 ... 133.06093 138.21007 134.51404]
 [131.32997 136.11905 138.73343 ... 131.91139 137.91269 138.07564]
 [137.08348 140.95422 140.38422 ... 137.58208 140.03012 143.94984]
 ...
 [138.33815 143.37749 143.70772 ... 133.2143  140.64706 140.4839 ]
 [127.17535 137.02571 138.7783  ... 137.2578  137.41557 138.94699]
 [138.36554 137.81621 143.29326 ... 138.25653 143.32616 143.02536]]
[[130.32071 135.10858 139.72691 ... 133.06094 138.21007 134.51404]
 [131.32999 136.11902 138.73344 ... 131.91139 137.91263 138.07559]
 [137.0834  140.95427 140.38414 ... 137.58209 140.03009 143.94984]
 ...
 [138.33817 143.37744 143.70776 ... 133.21431 140.64708 140.48393]
 [127.17531 137.02563 138.77823 ... 137.25784 137.41565 138.94698]
 [138.36545 137.81622 143.29321 ... 138.25653 143.32614 143.02534]]
217213.31411764707
SUCCESS!
Program completed in: 00:09:41
