A matrix: 

[[0.1789 0.5487 0.4235 ... 0.7906 0.0829 0.8375]
 [0.5837 0.9613 0.1164 ... 0.4112 0.1178 0.2531]
 [0.488  0.9765 0.8773 ... 0.0542 0.6593 0.0318]
 ...
 [0.4407 0.094  0.5257 ... 0.9595 0.3036 0.2333]
 [0.5713 0.2778 0.0876 ... 0.4967 0.7333 0.949 ]
 [0.1959 0.0671 0.2556 ... 0.4703 0.1283 0.7902]]
B matrix: 

[[7.617e-01 1.450e-02 3.389e-01 ... 4.884e-01 6.984e-01 7.247e-01]
 [1.367e-01 2.354e-01 2.166e-01 ... 3.687e-01 8.108e-01 3.593e-01]
 [6.950e-01 7.355e-01 5.606e-01 ... 3.785e-01 9.519e-01 8.736e-01]
 ...
 [8.937e-01 7.580e-02 2.626e-01 ... 4.920e-01 9.343e-01 9.821e-01]
 [5.731e-01 7.562e-01 5.960e-02 ... 3.918e-01 7.928e-01 6.456e-01]
 [7.360e-02 1.000e-04 6.360e-02 ... 2.079e-01 2.052e-01 5.157e-01]]
A matrix: 

[[[[0.1789 0.5487 0.4235 ... 0.5453 0.2646 0.532 ]
   [0.5837 0.9613 0.1164 ... 0.121  0.3062 0.5066]
   [0.488  0.9765 0.8773 ... 0.3891 0.8804 0.3805]
   ...
   [0.244  0.5723 0.7233 ... 0.2696 0.9972 0.0663]
   [0.6509 0.6186 0.9108 ... 0.129  0.5193 0.6073]
   [0.6285 0.6147 0.5977 ... 0.0753 0.2713 0.0709]]

  [[0.2824 0.9296 0.66   ... 0.4786 0.9077 0.3272]
   [0.0246 0.0868 0.282  ... 0.2196 0.478  0.3233]
   [0.9777 0.3942 0.7789 ... 0.737  0.527  0.1534]
   ...
   [0.2536 0.8749 0.3545 ... 0.3792 0.3968 0.0549]
   [0.326  0.5699 0.8099 ... 0.9286 0.0153 0.2978]
   [0.2344 0.5228 0.1525 ... 0.5169 0.206  0.4032]]

  [[0.4689 0.0976 0.4887 ... 0.9123 0.9391 0.3993]
   [0.2002 0.4299 0.6425 ... 0.2162 0.0299 0.3696]
   [0.994  0.3619 0.2623 ... 0.1151 0.635  0.4657]
   ...
   [0.4933 0.096  0.4047 ... 0.8983 0.4118 0.7637]
   [0.7993 0.4983 0.1751 ... 0.2009 0.4099 0.7793]
   [0.5434 0.1568 0.1685 ... 0.2996 0.9177 0.619 ]]

  ...

  [[0.0605 0.5699 0.7424 ... 0.4211 0.1843 0.9543]
   [0.2637 0.5051 0.733  ... 0.3362 0.5128 0.7527]
   [0.8538 0.6751 0.1757 ... 0.4121 0.21   0.9575]
   ...
   [0.317  0.641  0.5347 ... 0.1324 0.6121 0.0455]
   [0.9389 0.629  0.9122 ... 0.4309 0.8437 0.8588]
   [0.6656 0.278  0.2533 ... 0.3803 0.9326 0.8354]]

  [[0.8624 0.9452 0.5445 ... 0.4017 0.1958 0.27  ]
   [0.6972 0.4213 0.8287 ... 0.4563 0.4737 0.5698]
   [0.9177 0.341  0.3468 ... 0.0081 0.5525 0.9096]
   ...
   [0.2526 0.3021 0.1746 ... 0.4112 0.6944 0.3056]
   [0.6588 0.8961 0.7219 ... 0.162  0.8918 0.1996]
   [0.8135 0.1195 0.8483 ... 0.7452 0.4467 0.1859]]

  [[0.8669 0.0469 0.8444 ... 0.2913 0.2037 0.6897]
   [0.8155 0.6866 0.6342 ... 0.1037 0.2272 0.18  ]
   [0.6656 0.1816 0.222  ... 0.664  0.8782 0.6808]
   ...
   [0.4407 0.094  0.5257 ... 0.0887 0.405  0.6047]
   [0.5713 0.2778 0.0876 ... 0.8496 0.6789 0.0505]
   [0.1959 0.0671 0.2556 ... 0.347  0.3269 0.1156]]]


 [[[0.2698 0.1798 0.1508 ... 0.245  0.4612 0.2933]
   [1.     0.848  0.8809 ... 0.0175 0.4704 0.0218]
   [0.5664 0.3655 0.9881 ... 0.909  0.1265 0.138 ]
   ...
   [0.8426 0.7188 0.8268 ... 0.977  0.8878 0.2825]
   [0.4652 0.8377 0.1178 ... 0.4358 0.7856 0.6668]
   [0.074  0.9839 0.4727 ... 0.4604 0.5904 0.4807]]

  [[0.4156 0.4853 0.925  ... 0.691  0.2752 0.6647]
   [0.3894 0.8743 0.1107 ... 0.0383 0.3156 0.3465]
   [0.0971 0.2311 0.0921 ... 0.5792 0.4546 0.2051]
   ...
   [0.1434 0.2838 0.7812 ... 0.5002 0.0698 0.4422]
   [0.9073 0.0177 0.5894 ... 0.7786 0.0152 0.5981]
   [0.3811 0.4438 0.2502 ... 0.9117 0.9325 0.665 ]]

  [[0.6902 0.6755 0.795  ... 0.7832 0.354  0.7203]
   [0.64   0.5857 0.5935 ... 0.7103 0.9164 0.7415]
   [0.8031 0.6493 0.8639 ... 0.0675 0.9111 0.4839]
   ...
   [0.5961 0.6367 0.0515 ... 0.6787 0.6098 0.5084]
   [0.822  0.1271 0.8324 ... 0.589  0.8503 0.3339]
   [0.2406 0.1    0.4771 ... 0.3011 0.6838 0.6799]]

  ...

  [[0.7823 0.471  0.3221 ... 0.44   0.3281 0.7285]
   [0.1791 0.914  0.9371 ... 0.2919 0.01   0.7314]
   [0.1216 0.0801 0.2581 ... 0.704  0.5386 0.9929]
   ...
   [0.2799 0.4219 0.5865 ... 0.7927 0.1981 0.6221]
   [0.6165 0.6487 0.336  ... 0.0179 0.9862 0.296 ]
   [0.8583 0.4649 0.7338 ... 0.8345 0.1375 0.3544]]

  [[0.0178 0.9621 0.8126 ... 0.3033 0.0221 0.6969]
   [0.2586 0.0267 0.9484 ... 0.3947 0.7128 0.6868]
   [0.0806 0.2337 0.7817 ... 0.1564 0.8202 0.9594]
   ...
   [0.4823 0.6453 0.9536 ... 0.372  0.1626 0.1297]
   [0.5404 0.5207 0.9484 ... 0.1916 0.309  0.3889]
   [0.9727 0.652  0.7034 ... 0.1885 0.5663 0.9899]]

  [[0.5298 0.908  0.8078 ... 0.7378 0.2742 0.3482]
   [0.1638 0.7352 0.8593 ... 0.9952 0.8146 0.1876]
   [0.0633 0.169  0.8266 ... 0.8223 0.8109 0.247 ]
   ...
   [0.6437 0.7432 0.8077 ... 0.727  0.4984 0.4291]
   [0.6015 0.0171 0.053  ... 0.7413 0.2372 0.0719]
   [0.7878 0.1765 0.1248 ... 0.9507 0.5028 0.9791]]]


 [[[0.6165 0.7555 0.2632 ... 0.3278 0.2749 0.0687]
   [0.2597 0.9051 0.6963 ... 0.7468 0.9305 0.6856]
   [0.1161 0.0061 0.8168 ... 0.2202 0.2877 0.9507]
   ...
   [0.8962 0.1888 0.3632 ... 0.0433 0.8621 0.0268]
   [0.8873 0.5386 0.8784 ... 0.7214 0.9906 0.2878]
   [0.6443 0.6264 0.9529 ... 0.1328 0.9228 0.0356]]

  [[0.206  0.2191 0.9261 ... 0.2155 0.2502 0.3727]
   [0.251  0.8798 0.3979 ... 0.56   0.8455 0.8227]
   [0.7818 0.025  0.0095 ... 0.9422 0.1411 0.9061]
   ...
   [0.4403 0.0784 0.6514 ... 0.1569 0.228  0.5972]
   [0.8008 0.1554 0.3636 ... 0.8903 0.8838 0.6305]
   [0.5574 0.9817 0.5773 ... 0.8523 0.3623 0.5448]]

  [[0.6525 0.9802 0.1499 ... 0.5979 0.2234 0.2351]
   [0.105  0.6226 0.6232 ... 0.1151 0.1477 0.0029]
   [0.9788 0.2828 0.6874 ... 0.3574 0.7949 0.185 ]
   ...
   [0.6957 0.1111 0.9944 ... 0.2364 0.72   0.1325]
   [0.6077 0.9743 0.3967 ... 0.5068 0.1085 0.1711]
   [0.3312 0.6156 0.1579 ... 0.109  0.2396 0.3047]]

  ...

  [[0.5196 0.5525 0.3592 ... 0.0779 0.5637 0.4147]
   [0.5922 0.8058 0.5438 ... 0.9329 0.4054 0.0706]
   [0.6975 0.3256 0.2406 ... 0.3561 0.5751 0.6686]
   ...
   [0.9435 0.3615 0.9212 ... 0.0442 0.4886 0.5322]
   [0.1094 0.7273 0.3118 ... 0.8252 0.2058 0.7878]
   [0.633  0.174  0.5447 ... 0.0682 0.279  0.3043]]

  [[0.5767 0.0551 0.8601 ... 0.7039 0.2056 0.5868]
   [0.117  0.7601 0.9664 ... 0.9349 0.7897 0.8607]
   [0.0281 0.8635 0.6731 ... 0.8351 0.1138 0.1041]
   ...
   [0.717  0.5191 0.0492 ... 0.9456 0.2193 0.0613]
   [0.8049 0.5071 0.6646 ... 0.9146 0.7915 0.911 ]
   [0.9569 0.6839 0.4807 ... 0.4998 0.9422 0.5075]]

  [[0.5024 0.5986 0.3844 ... 0.0954 0.6829 0.262 ]
   [0.6759 0.1909 0.8081 ... 0.9781 0.9147 0.9343]
   [0.3148 0.9157 0.0236 ... 0.4446 0.1799 0.2762]
   ...
   [0.5032 0.1605 0.2254 ... 0.7413 0.0447 0.8412]
   [0.2004 0.398  0.807  ... 0.2098 0.0921 0.6374]
   [0.4842 0.1795 0.4462 ... 0.0813 0.3925 0.5889]]]


 ...


 [[[0.3668 0.5381 0.2712 ... 0.1517 0.2352 0.8243]
   [0.3389 0.659  0.0411 ... 0.3194 0.165  0.6796]
   [0.3256 0.851  0.5901 ... 0.1824 0.0455 0.1272]
   ...
   [0.9231 0.3982 0.792  ... 0.1683 0.9977 0.2958]
   [0.3477 0.2488 0.0933 ... 0.5786 0.3899 0.5918]
   [0.7517 0.0558 0.6254 ... 0.6165 0.4512 0.003 ]]

  [[0.6186 0.648  0.3223 ... 0.703  0.2262 0.3864]
   [0.8012 0.6202 0.7481 ... 0.6112 0.937  0.2891]
   [0.7295 0.312  0.5931 ... 0.1193 0.8781 0.1154]
   ...
   [0.8347 0.8736 0.1043 ... 0.2614 0.5514 0.5902]
   [0.0514 0.3464 0.3322 ... 0.1175 0.2384 0.9456]
   [0.0325 0.7782 0.706  ... 0.2965 0.4804 0.6383]]

  [[0.4899 0.701  0.2966 ... 0.9448 0.6393 0.638 ]
   [0.574  0.0904 0.0422 ... 0.1604 0.6269 0.9962]
   [0.2404 0.7619 0.8082 ... 0.3222 0.7435 0.8347]
   ...
   [0.3055 0.8745 0.4057 ... 0.8628 0.571  0.1502]
   [0.4211 0.5934 0.2956 ... 0.6321 0.7987 0.1007]
   [0.5397 0.7478 0.0682 ... 0.8961 0.0841 0.8862]]

  ...

  [[0.7052 0.9888 0.2062 ... 0.017  0.5345 0.5808]
   [0.9173 0.345  0.2464 ... 0.3653 0.3088 0.8134]
   [0.4315 0.9904 0.9265 ... 0.9188 0.5352 0.7465]
   ...
   [0.3922 0.1324 0.4833 ... 0.5158 0.8842 0.3232]
   [0.7801 0.3177 0.1259 ... 0.6507 0.9819 0.4248]
   [0.0292 0.3659 0.4528 ... 0.8606 0.389  0.9408]]

  [[0.8079 0.4146 0.3339 ... 0.9333 0.4059 0.5073]
   [0.2428 0.1451 0.6829 ... 0.5443 0.7754 0.9912]
   [0.4755 0.4219 0.6843 ... 0.2031 0.1743 0.2334]
   ...
   [0.2094 0.1664 0.399  ... 0.9015 0.7661 0.0411]
   [0.479  0.4246 0.241  ... 0.8045 0.5263 0.158 ]
   [0.4288 0.3251 0.5073 ... 0.2623 0.5822 0.5821]]

  [[0.5419 0.9163 0.8873 ... 0.4301 0.8863 0.3414]
   [0.9655 0.4929 0.9517 ... 0.3622 0.4527 0.896 ]
   [0.6902 0.0646 0.333  ... 0.094  0.8517 0.6837]
   ...
   [0.8414 0.4177 0.8087 ... 0.7455 0.351  0.901 ]
   [0.0218 0.2002 0.0437 ... 0.3074 0.6058 0.7076]
   [0.3141 0.3485 0.1802 ... 0.1481 0.6148 0.5646]]]


 [[[0.1854 0.4157 0.5975 ... 0.5825 0.776  0.528 ]
   [0.5989 0.6772 0.9603 ... 0.3882 0.2875 0.8279]
   [0.442  0.9234 0.9828 ... 0.9941 0.3932 0.8378]
   ...
   [0.528  0.4061 0.5882 ... 0.7825 0.5107 0.7306]
   [0.7954 0.5943 0.7916 ... 0.9232 0.8682 0.9957]
   [0.6506 0.9108 0.1858 ... 0.7569 0.0136 0.9672]]

  [[0.9319 0.0547 0.4511 ... 0.0713 0.5589 0.1218]
   [0.3483 0.5012 0.3641 ... 0.3232 0.3505 0.3269]
   [0.1225 0.7729 0.448  ... 0.961  0.6707 0.4933]
   ...
   [0.6373 0.5828 0.6396 ... 0.5872 0.8908 0.6671]
   [0.1921 0.0931 0.3581 ... 0.0427 0.0646 0.3691]
   [0.543  0.4565 0.3694 ... 0.8767 0.0035 0.2028]]

  [[0.0198 0.5175 0.9698 ... 0.783  0.2599 0.2972]
   [0.2751 0.0153 0.0043 ... 0.8782 0.2156 0.4028]
   [0.369  0.758  0.3361 ... 0.1505 0.2305 0.0034]
   ...
   [0.5646 0.7966 0.5169 ... 0.6426 0.1773 0.3   ]
   [0.8794 0.8474 0.1672 ... 0.0253 0.667  0.237 ]
   [0.1229 0.9452 0.5877 ... 0.9146 0.6285 0.1693]]

  ...

  [[0.8504 0.4398 0.8024 ... 0.9221 0.3045 0.1108]
   [0.4661 0.003  0.3519 ... 0.0274 0.1256 0.4557]
   [0.7523 0.9941 0.5148 ... 0.9566 0.1025 0.09  ]
   ...
   [0.9273 0.8716 0.0248 ... 0.8901 0.8502 0.1636]
   [0.1307 0.5203 0.889  ... 0.4325 0.3524 0.1465]
   [0.4914 0.867  0.4764 ... 0.5287 0.0097 0.2441]]

  [[0.408  0.3574 0.104  ... 0.7876 0.7478 0.2467]
   [0.2003 0.6124 0.6119 ... 0.1602 0.9094 0.7507]
   [0.9957 0.9476 0.697  ... 0.6486 0.8347 0.1776]
   ...
   [0.5979 0.3012 0.6562 ... 0.6294 0.8182 0.4651]
   [0.327  0.5586 0.3846 ... 0.4891 0.5672 0.6525]
   [0.056  0.5787 0.0814 ... 0.5538 0.4277 0.8585]]

  [[0.7736 0.8445 0.1227 ... 0.5283 0.766  0.4159]
   [0.9951 0.6468 0.5538 ... 0.6697 0.0254 0.0203]
   [0.8513 0.9483 0.0381 ... 0.8272 0.386  0.5224]
   ...
   [0.877  0.7947 0.2606 ... 0.1979 0.2096 0.5526]
   [0.6356 0.5149 0.9044 ... 0.3343 0.6719 0.8085]
   [0.7966 0.4478 0.9961 ... 0.3861 0.2046 0.9785]]]


 [[[0.1089 0.3394 0.3645 ... 0.7906 0.0829 0.8375]
   [0.2561 0.8223 0.3943 ... 0.4112 0.1178 0.2531]
   [0.1269 0.8695 0.1574 ... 0.0542 0.6593 0.0318]
   ...
   [0.8601 0.2502 0.2481 ... 0.3823 0.688  0.1099]
   [0.7095 0.2005 0.7197 ... 0.5177 0.7858 0.6035]
   [0.416  0.9529 0.5399 ... 0.1089 0.0366 0.4883]]

  [[0.0851 0.5893 0.1843 ... 0.9658 0.4072 0.3058]
   [0.2428 0.1108 0.0708 ... 0.9462 0.8705 0.4075]
   [0.0511 0.385  0.6934 ... 0.2208 0.6193 0.0059]
   ...
   [0.0607 0.7419 0.0238 ... 0.8972 0.4716 0.8269]
   [0.7778 0.6046 0.1011 ... 0.3603 0.7868 0.2252]
   [0.8946 0.8664 0.1264 ... 0.5792 0.0091 0.5535]]

  [[0.9345 0.9906 0.4122 ... 0.2405 0.2019 0.3098]
   [0.0105 0.2851 0.3916 ... 0.9608 0.1612 0.4042]
   [0.7046 0.5742 0.7192 ... 0.9422 0.2466 0.0775]
   ...
   [0.6625 0.0627 0.6796 ... 0.9882 0.4291 0.8214]
   [0.2565 0.4531 0.3602 ... 0.1176 0.8846 0.8732]
   [0.4816 0.1777 0.3046 ... 0.974  0.4433 0.8101]]

  ...

  [[0.0453 0.2322 0.7739 ... 0.9228 0.8754 0.983 ]
   [0.3965 0.4933 0.2007 ... 0.7675 0.8479 0.5545]
   [0.2163 0.7245 0.4271 ... 0.854  0.432  0.0292]
   ...
   [0.8918 0.4559 0.1495 ... 0.3084 0.786  0.4228]
   [0.4194 0.9147 0.7058 ... 0.6718 0.6529 0.6591]
   [0.335  0.5298 0.2266 ... 0.176  0.5267 0.375 ]]

  [[0.9457 0.3581 0.125  ... 0.9967 0.0203 0.9387]
   [0.22   0.5136 0.7038 ... 0.1125 0.6486 0.2419]
   [0.5874 0.8722 0.353  ... 0.3608 0.7451 0.3391]
   ...
   [0.3181 0.203  0.1049 ... 0.4689 0.115  0.6221]
   [0.2229 0.8359 0.2245 ... 0.1303 0.3807 0.3407]
   [0.9771 0.5179 0.1211 ... 0.9047 0.7051 0.8734]]

  [[0.8112 0.3846 0.9586 ... 0.6493 0.8776 0.036 ]
   [0.1258 0.0329 0.2979 ... 0.5901 0.1697 0.8389]
   [0.4845 0.2151 0.0818 ... 0.9962 0.7686 0.3316]
   ...
   [0.8421 0.6271 0.9596 ... 0.9595 0.3036 0.2333]
   [0.8308 0.3496 0.6652 ... 0.4967 0.7333 0.949 ]
   [0.9839 0.9689 0.8142 ... 0.4703 0.1283 0.7902]]]]
B matrix: 

[[[[7.617e-01 1.450e-02 3.389e-01 ... 9.739e-01 4.811e-01 8.060e-01]
   [1.367e-01 2.354e-01 2.166e-01 ... 8.013e-01 5.437e-01 8.883e-01]
   [6.950e-01 7.355e-01 5.606e-01 ... 6.490e-01 7.875e-01 9.485e-01]
   ...
   [8.631e-01 2.580e-01 8.301e-01 ... 4.782e-01 4.188e-01 2.915e-01]
   [6.253e-01 3.286e-01 1.526e-01 ... 4.110e-01 6.410e-02 2.758e-01]
   [5.987e-01 1.997e-01 4.431e-01 ... 3.934e-01 9.900e-02 4.855e-01]]

  [[5.684e-01 4.460e-02 6.420e-02 ... 6.620e-01 3.704e-01 2.288e-01]
   [6.103e-01 5.812e-01 9.328e-01 ... 5.055e-01 7.944e-01 4.750e-02]
   [1.234e-01 4.479e-01 9.914e-01 ... 8.100e-01 2.543e-01 6.303e-01]
   ...
   [6.485e-01 2.778e-01 1.617e-01 ... 6.270e-01 6.280e-01 7.327e-01]
   [2.234e-01 8.544e-01 8.368e-01 ... 9.797e-01 1.740e-02 5.773e-01]
   [6.340e-01 7.334e-01 8.470e-02 ... 7.277e-01 4.429e-01 6.008e-01]]

  [[2.877e-01 6.632e-01 8.441e-01 ... 4.423e-01 6.033e-01 5.575e-01]
   [6.959e-01 6.435e-01 9.838e-01 ... 7.271e-01 1.471e-01 5.928e-01]
   [4.154e-01 7.174e-01 2.590e-02 ... 5.873e-01 9.327e-01 4.682e-01]
   ...
   [3.302e-01 6.860e-01 5.361e-01 ... 5.290e-01 1.109e-01 5.412e-01]
   [7.590e-01 2.940e-02 8.813e-01 ... 1.141e-01 2.294e-01 7.609e-01]
   [3.091e-01 4.518e-01 3.585e-01 ... 7.135e-01 9.353e-01 5.080e-02]]

  ...

  [[7.300e-01 3.110e-01 1.793e-01 ... 3.913e-01 8.881e-01 7.957e-01]
   [5.871e-01 6.085e-01 8.224e-01 ... 5.365e-01 7.947e-01 2.937e-01]
   [2.127e-01 5.629e-01 3.149e-01 ... 1.532e-01 9.345e-01 2.069e-01]
   ...
   [4.020e-02 3.725e-01 9.777e-01 ... 4.479e-01 8.271e-01 7.307e-01]
   [3.540e-02 9.031e-01 6.497e-01 ... 5.383e-01 8.638e-01 4.043e-01]
   [9.216e-01 1.400e-01 8.381e-01 ... 4.360e-02 4.852e-01 8.981e-01]]

  [[3.673e-01 4.063e-01 5.990e-02 ... 7.436e-01 5.432e-01 6.012e-01]
   [1.735e-01 4.151e-01 3.882e-01 ... 5.298e-01 8.907e-01 9.050e-02]
   [5.970e-01 1.343e-01 9.070e-02 ... 2.160e-02 8.842e-01 2.997e-01]
   ...
   [4.906e-01 1.695e-01 4.010e-02 ... 9.463e-01 7.969e-01 6.243e-01]
   [5.674e-01 3.457e-01 8.323e-01 ... 1.715e-01 4.020e-02 1.831e-01]
   [6.110e-02 5.452e-01 9.761e-01 ... 8.734e-01 6.519e-01 1.095e-01]]

  [[4.777e-01 7.014e-01 1.009e-01 ... 4.884e-01 6.984e-01 7.247e-01]
   [6.834e-01 4.152e-01 4.326e-01 ... 3.687e-01 8.108e-01 3.593e-01]
   [2.610e-02 2.216e-01 6.559e-01 ... 3.785e-01 9.519e-01 8.736e-01]
   ...
   [9.075e-01 1.040e-02 2.879e-01 ... 6.607e-01 8.259e-01 9.219e-01]
   [8.912e-01 4.656e-01 9.174e-01 ... 7.061e-01 9.804e-01 7.899e-01]
   [2.745e-01 6.778e-01 4.480e-02 ... 7.369e-01 2.615e-01 5.928e-01]]]


 [[[1.092e-01 7.558e-01 5.899e-01 ... 8.783e-01 6.293e-01 3.878e-01]
   [6.295e-01 6.600e-02 8.666e-01 ... 9.057e-01 6.412e-01 9.980e-02]
   [9.985e-01 6.509e-01 6.010e-01 ... 4.002e-01 9.259e-01 9.894e-01]
   ...
   [6.644e-01 8.130e-01 9.440e-02 ... 6.653e-01 4.081e-01 9.493e-01]
   [2.136e-01 3.567e-01 8.271e-01 ... 9.914e-01 6.974e-01 8.747e-01]
   [2.804e-01 3.817e-01 8.284e-01 ... 9.385e-01 1.379e-01 5.380e-01]]

  [[9.733e-01 5.114e-01 1.708e-01 ... 2.649e-01 2.960e-02 8.084e-01]
   [3.696e-01 6.790e-02 6.029e-01 ... 2.279e-01 4.458e-01 7.670e-02]
   [7.107e-01 7.699e-01 5.591e-01 ... 7.490e-02 9.303e-01 9.740e-01]
   ...
   [3.063e-01 7.952e-01 7.594e-01 ... 5.841e-01 8.495e-01 8.041e-01]
   [3.575e-01 3.586e-01 5.743e-01 ... 6.551e-01 3.508e-01 6.924e-01]
   [1.718e-01 6.043e-01 5.618e-01 ... 7.010e-01 5.468e-01 6.217e-01]]

  [[8.090e-01 4.515e-01 3.944e-01 ... 3.065e-01 7.793e-01 8.090e-02]
   [1.489e-01 7.280e-01 7.130e-01 ... 1.503e-01 9.379e-01 7.407e-01]
   [6.482e-01 5.980e-02 1.082e-01 ... 4.325e-01 4.590e-02 3.455e-01]
   ...
   [4.106e-01 5.229e-01 3.570e-01 ... 9.699e-01 5.485e-01 7.502e-01]
   [6.233e-01 1.166e-01 9.470e-01 ... 8.501e-01 2.420e-02 3.936e-01]
   [2.177e-01 5.128e-01 3.531e-01 ... 2.846e-01 4.717e-01 3.225e-01]]

  ...

  [[7.354e-01 8.486e-01 9.320e-02 ... 8.730e-01 6.787e-01 9.860e-01]
   [3.355e-01 8.188e-01 2.861e-01 ... 1.188e-01 9.629e-01 1.976e-01]
   [1.581e-01 5.886e-01 6.771e-01 ... 5.384e-01 2.273e-01 1.169e-01]
   ...
   [2.960e-01 7.333e-01 2.360e-01 ... 1.611e-01 4.426e-01 4.889e-01]
   [3.582e-01 4.730e-02 3.028e-01 ... 5.863e-01 6.186e-01 3.941e-01]
   [4.350e-01 9.831e-01 4.380e-01 ... 7.959e-01 9.644e-01 4.563e-01]]

  [[7.800e-02 8.100e-02 3.184e-01 ... 3.050e-02 4.010e-02 8.328e-01]
   [6.962e-01 6.455e-01 3.478e-01 ... 1.902e-01 9.961e-01 5.600e-02]
   [5.440e-01 8.787e-01 5.730e-02 ... 5.010e-01 8.387e-01 1.341e-01]
   ...
   [7.981e-01 3.155e-01 3.228e-01 ... 8.201e-01 4.612e-01 8.424e-01]
   [7.989e-01 8.889e-01 6.949e-01 ... 1.438e-01 5.365e-01 5.467e-01]
   [1.036e-01 4.097e-01 2.145e-01 ... 8.761e-01 6.205e-01 7.582e-01]]

  [[8.346e-01 3.115e-01 6.182e-01 ... 7.171e-01 4.911e-01 5.503e-01]
   [4.226e-01 4.160e-02 9.970e-01 ... 2.994e-01 4.014e-01 8.168e-01]
   [1.705e-01 2.047e-01 5.977e-01 ... 6.400e-01 3.404e-01 9.994e-01]
   ...
   [4.426e-01 6.294e-01 6.553e-01 ... 2.427e-01 3.442e-01 4.150e-02]
   [2.924e-01 1.876e-01 4.860e-02 ... 7.801e-01 6.611e-01 2.695e-01]
   [2.663e-01 2.880e-02 3.003e-01 ... 5.012e-01 9.938e-01 3.918e-01]]]


 [[[7.692e-01 2.855e-01 1.852e-01 ... 6.359e-01 6.682e-01 5.543e-01]
   [1.657e-01 7.440e-02 5.790e-02 ... 6.076e-01 1.530e-02 5.526e-01]
   [1.409e-01 4.683e-01 6.819e-01 ... 1.714e-01 2.957e-01 9.734e-01]
   ...
   [4.900e-02 8.645e-01 3.885e-01 ... 7.122e-01 9.838e-01 6.005e-01]
   [3.811e-01 3.000e-02 2.106e-01 ... 7.229e-01 8.755e-01 8.119e-01]
   [8.187e-01 4.270e-01 9.494e-01 ... 5.120e-02 2.788e-01 7.269e-01]]

  [[5.415e-01 8.181e-01 9.148e-01 ... 9.480e-01 7.179e-01 3.180e-01]
   [1.710e-02 3.093e-01 1.376e-01 ... 3.459e-01 8.065e-01 3.831e-01]
   [6.831e-01 2.794e-01 9.602e-01 ... 2.046e-01 1.140e-02 8.412e-01]
   ...
   [4.264e-01 5.217e-01 8.228e-01 ... 4.081e-01 7.901e-01 7.311e-01]
   [9.487e-01 4.909e-01 8.875e-01 ... 6.828e-01 7.642e-01 3.509e-01]
   [3.317e-01 5.977e-01 8.111e-01 ... 7.038e-01 7.675e-01 7.387e-01]]

  [[6.244e-01 5.813e-01 1.890e-01 ... 6.524e-01 6.213e-01 8.552e-01]
   [9.442e-01 1.501e-01 2.036e-01 ... 5.591e-01 7.612e-01 2.984e-01]
   [4.718e-01 3.130e-01 8.613e-01 ... 7.598e-01 4.887e-01 2.082e-01]
   ...
   [4.102e-01 1.540e-01 6.714e-01 ... 4.510e-01 7.570e-02 1.323e-01]
   [6.649e-01 1.624e-01 4.189e-01 ... 9.426e-01 6.657e-01 8.960e-02]
   [4.030e-01 4.198e-01 1.232e-01 ... 8.598e-01 7.004e-01 5.825e-01]]

  ...

  [[4.047e-01 9.093e-01 5.750e-02 ... 2.560e-01 4.706e-01 4.037e-01]
   [2.467e-01 7.897e-01 6.484e-01 ... 9.153e-01 1.503e-01 9.075e-01]
   [2.910e-01 6.242e-01 6.479e-01 ... 8.751e-01 8.589e-01 2.683e-01]
   ...
   [1.674e-01 7.400e-02 7.988e-01 ... 3.491e-01 5.593e-01 2.965e-01]
   [3.182e-01 9.908e-01 9.179e-01 ... 6.710e-02 1.888e-01 9.360e-01]
   [2.551e-01 2.501e-01 2.302e-01 ... 2.551e-01 3.594e-01 8.360e-01]]

  [[6.895e-01 1.959e-01 7.067e-01 ... 8.355e-01 8.418e-01 1.353e-01]
   [1.337e-01 9.830e-01 4.552e-01 ... 2.538e-01 3.822e-01 2.712e-01]
   [6.567e-01 3.149e-01 6.648e-01 ... 8.230e-02 8.345e-01 4.410e-01]
   ...
   [8.966e-01 1.548e-01 3.589e-01 ... 3.949e-01 4.921e-01 5.764e-01]
   [3.416e-01 6.849e-01 9.534e-01 ... 9.119e-01 3.445e-01 7.681e-01]
   [4.897e-01 6.196e-01 6.041e-01 ... 7.591e-01 7.477e-01 9.898e-01]]

  [[7.025e-01 4.344e-01 1.474e-01 ... 6.519e-01 8.267e-01 8.279e-01]
   [2.940e-01 7.593e-01 6.352e-01 ... 8.420e-02 7.980e-02 4.062e-01]
   [4.852e-01 7.039e-01 5.484e-01 ... 2.839e-01 1.687e-01 2.330e-01]
   ...
   [6.380e-01 8.622e-01 3.429e-01 ... 8.021e-01 3.670e-02 9.782e-01]
   [9.072e-01 2.694e-01 5.598e-01 ... 7.438e-01 6.523e-01 5.777e-01]
   [4.840e-02 1.137e-01 3.039e-01 ... 9.450e-01 8.991e-01 8.270e-01]]]


 ...


 [[[1.930e-02 4.705e-01 2.454e-01 ... 3.063e-01 7.038e-01 7.400e-02]
   [6.578e-01 9.022e-01 7.608e-01 ... 7.336e-01 3.301e-01 9.810e-01]
   [9.504e-01 4.078e-01 5.153e-01 ... 9.854e-01 4.171e-01 3.447e-01]
   ...
   [2.506e-01 6.241e-01 7.795e-01 ... 7.384e-01 1.501e-01 8.330e-01]
   [5.523e-01 7.909e-01 2.328e-01 ... 6.956e-01 2.386e-01 7.167e-01]
   [1.725e-01 3.703e-01 4.314e-01 ... 3.877e-01 7.250e-02 9.556e-01]]

  [[4.176e-01 6.110e-01 7.102e-01 ... 6.878e-01 2.872e-01 8.957e-01]
   [8.721e-01 3.400e-03 5.772e-01 ... 7.360e-01 4.583e-01 2.900e-02]
   [3.990e-01 8.396e-01 9.515e-01 ... 5.803e-01 6.644e-01 2.272e-01]
   ...
   [3.715e-01 9.773e-01 5.164e-01 ... 7.588e-01 9.641e-01 2.810e-01]
   [3.909e-01 7.675e-01 4.057e-01 ... 4.595e-01 9.364e-01 6.111e-01]
   [3.224e-01 9.092e-01 4.204e-01 ... 9.692e-01 6.316e-01 3.602e-01]]

  [[9.878e-01 4.476e-01 1.815e-01 ... 9.100e-02 8.990e-02 7.715e-01]
   [9.594e-01 8.479e-01 9.170e-01 ... 6.295e-01 8.822e-01 6.938e-01]
   [6.481e-01 8.596e-01 2.714e-01 ... 9.176e-01 5.370e-02 5.626e-01]
   ...
   [9.059e-01 1.690e-01 9.740e-02 ... 6.288e-01 3.591e-01 7.610e-02]
   [3.964e-01 8.962e-01 1.644e-01 ... 4.463e-01 9.561e-01 3.604e-01]
   [9.980e-01 7.875e-01 7.829e-01 ... 7.063e-01 1.836e-01 5.891e-01]]

  ...

  [[3.922e-01 4.077e-01 2.957e-01 ... 2.033e-01 5.390e-02 4.550e-02]
   [4.112e-01 7.708e-01 6.462e-01 ... 3.518e-01 6.581e-01 9.470e-02]
   [6.648e-01 7.682e-01 6.797e-01 ... 3.035e-01 8.086e-01 7.091e-01]
   ...
   [3.635e-01 2.840e-02 3.433e-01 ... 8.110e-02 4.970e-02 8.717e-01]
   [3.855e-01 8.988e-01 3.109e-01 ... 4.930e-02 4.709e-01 6.061e-01]
   [9.205e-01 1.355e-01 6.745e-01 ... 1.700e-03 8.044e-01 7.970e-02]]

  [[3.449e-01 7.871e-01 6.432e-01 ... 2.213e-01 5.240e-01 7.144e-01]
   [8.072e-01 5.743e-01 1.640e-02 ... 4.758e-01 8.839e-01 6.410e-02]
   [9.640e-02 5.199e-01 4.779e-01 ... 6.443e-01 9.316e-01 4.352e-01]
   ...
   [1.736e-01 8.362e-01 5.738e-01 ... 7.843e-01 9.183e-01 8.914e-01]
   [1.833e-01 4.742e-01 6.944e-01 ... 4.094e-01 7.670e-02 1.431e-01]
   [6.227e-01 1.872e-01 2.590e-02 ... 1.244e-01 7.280e-01 7.246e-01]]

  [[7.496e-01 2.259e-01 3.261e-01 ... 8.625e-01 9.934e-01 3.761e-01]
   [4.677e-01 4.396e-01 1.022e-01 ... 8.547e-01 2.335e-01 8.924e-01]
   [7.712e-01 6.960e-02 4.195e-01 ... 1.340e-02 8.280e-01 9.086e-01]
   ...
   [9.743e-01 6.490e-02 8.505e-01 ... 4.582e-01 9.279e-01 2.912e-01]
   [6.690e-02 1.000e-01 4.371e-01 ... 7.423e-01 9.611e-01 5.780e-02]
   [1.710e-02 3.784e-01 8.718e-01 ... 7.793e-01 4.061e-01 6.752e-01]]]


 [[[1.924e-01 8.956e-01 5.395e-01 ... 9.194e-01 9.499e-01 4.322e-01]
   [7.599e-01 2.156e-01 3.205e-01 ... 8.975e-01 8.819e-01 7.871e-01]
   [6.570e-02 4.398e-01 5.351e-01 ... 6.500e-01 4.285e-01 9.558e-01]
   ...
   [1.404e-01 3.541e-01 5.739e-01 ... 1.758e-01 7.128e-01 8.500e-02]
   [8.886e-01 9.753e-01 2.114e-01 ... 1.660e-02 5.905e-01 8.714e-01]
   [3.488e-01 1.703e-01 2.140e-01 ... 6.635e-01 6.257e-01 5.990e-02]]

  [[8.585e-01 8.123e-01 7.925e-01 ... 7.038e-01 9.081e-01 4.000e-02]
   [8.642e-01 5.612e-01 2.952e-01 ... 2.247e-01 5.529e-01 5.614e-01]
   [9.401e-01 5.383e-01 4.535e-01 ... 7.346e-01 7.492e-01 3.439e-01]
   ...
   [3.885e-01 5.225e-01 3.021e-01 ... 8.744e-01 6.668e-01 1.286e-01]
   [4.611e-01 2.231e-01 3.830e-02 ... 7.749e-01 7.956e-01 7.530e-01]
   [1.390e-01 2.546e-01 5.756e-01 ... 4.641e-01 4.543e-01 7.418e-01]]

  [[5.375e-01 1.141e-01 4.959e-01 ... 4.338e-01 9.873e-01 7.583e-01]
   [7.214e-01 7.867e-01 8.787e-01 ... 6.275e-01 3.704e-01 3.140e-02]
   [4.709e-01 5.395e-01 7.031e-01 ... 1.686e-01 5.154e-01 4.954e-01]
   ...
   [1.766e-01 5.398e-01 4.067e-01 ... 7.723e-01 8.270e-02 1.570e-01]
   [1.363e-01 2.965e-01 5.242e-01 ... 4.536e-01 9.353e-01 5.932e-01]
   [5.327e-01 9.728e-01 4.063e-01 ... 5.910e-01 9.145e-01 9.865e-01]]

  ...

  [[9.928e-01 9.155e-01 4.075e-01 ... 1.591e-01 5.355e-01 3.295e-01]
   [8.886e-01 2.440e-02 3.175e-01 ... 3.985e-01 6.128e-01 3.557e-01]
   [5.400e-03 6.865e-01 6.699e-01 ... 3.562e-01 3.660e-01 3.757e-01]
   ...
   [7.072e-01 6.191e-01 1.947e-01 ... 7.184e-01 9.340e-01 9.567e-01]
   [9.199e-01 4.030e-02 9.656e-01 ... 9.625e-01 7.855e-01 1.306e-01]
   [6.525e-01 2.104e-01 7.491e-01 ... 6.662e-01 8.518e-01 4.924e-01]]

  [[3.043e-01 1.800e-02 2.612e-01 ... 1.320e-01 9.470e-02 5.802e-01]
   [2.257e-01 1.732e-01 3.318e-01 ... 8.441e-01 4.216e-01 2.261e-01]
   [1.600e-03 7.110e-01 6.404e-01 ... 6.328e-01 1.052e-01 3.336e-01]
   ...
   [5.660e-02 8.580e-02 3.888e-01 ... 5.785e-01 5.550e-01 3.125e-01]
   [2.386e-01 4.034e-01 9.208e-01 ... 8.390e-02 1.209e-01 5.136e-01]
   [8.859e-01 7.146e-01 7.796e-01 ... 5.929e-01 5.403e-01 1.543e-01]]

  [[2.580e-02 4.256e-01 3.066e-01 ... 5.382e-01 7.882e-01 6.887e-01]
   [6.851e-01 5.219e-01 8.730e-01 ... 3.400e-01 8.034e-01 6.894e-01]
   [3.079e-01 8.056e-01 7.495e-01 ... 5.324e-01 9.864e-01 2.948e-01]
   ...
   [1.690e-02 8.846e-01 9.256e-01 ... 5.688e-01 2.575e-01 5.503e-01]
   [7.697e-01 3.237e-01 9.449e-01 ... 3.937e-01 2.547e-01 8.000e-02]
   [7.270e-01 5.525e-01 9.199e-01 ... 9.050e-01 2.919e-01 8.083e-01]]]


 [[[3.587e-01 1.207e-01 9.682e-01 ... 1.430e-01 4.248e-01 8.084e-01]
   [3.817e-01 7.365e-01 9.489e-01 ... 3.787e-01 9.302e-01 8.689e-01]
   [7.627e-01 6.194e-01 6.776e-01 ... 3.875e-01 1.084e-01 4.047e-01]
   ...
   [8.937e-01 7.580e-02 2.626e-01 ... 8.422e-01 5.160e-02 2.504e-01]
   [5.731e-01 7.562e-01 5.960e-02 ... 3.220e-02 5.295e-01 9.193e-01]
   [7.360e-02 1.000e-04 6.360e-02 ... 4.899e-01 6.548e-01 2.957e-01]]

  [[9.159e-01 4.254e-01 9.103e-01 ... 4.010e-01 9.130e-01 9.384e-01]
   [7.469e-01 9.950e-01 5.850e-02 ... 4.266e-01 3.872e-01 3.654e-01]
   [9.219e-01 2.795e-01 1.848e-01 ... 5.631e-01 3.153e-01 5.860e-01]
   ...
   [2.679e-01 6.307e-01 6.703e-01 ... 2.502e-01 8.030e-01 2.214e-01]
   [5.619e-01 8.647e-01 2.993e-01 ... 6.435e-01 8.165e-01 3.075e-01]
   [1.781e-01 6.149e-01 2.321e-01 ... 8.207e-01 7.096e-01 1.331e-01]]

  [[1.264e-01 7.860e-01 8.530e-02 ... 2.964e-01 7.471e-01 5.317e-01]
   [1.261e-01 1.538e-01 9.487e-01 ... 6.048e-01 7.284e-01 2.920e-01]
   [7.718e-01 9.740e-01 3.135e-01 ... 7.671e-01 1.897e-01 3.873e-01]
   ...
   [3.880e-02 1.832e-01 7.659e-01 ... 2.860e-01 2.400e-01 5.427e-01]
   [8.087e-01 5.256e-01 9.906e-01 ... 3.531e-01 5.960e-01 5.405e-01]
   [6.390e-01 4.802e-01 2.588e-01 ... 9.970e-01 8.375e-01 6.398e-01]]

  ...

  [[7.812e-01 1.570e-02 3.038e-01 ... 9.985e-01 4.822e-01 1.816e-01]
   [1.279e-01 8.055e-01 5.606e-01 ... 5.309e-01 3.644e-01 5.110e-02]
   [1.383e-01 9.644e-01 7.004e-01 ... 7.332e-01 4.730e-02 2.067e-01]
   ...
   [1.010e-01 3.545e-01 2.912e-01 ... 4.726e-01 6.537e-01 7.900e-03]
   [2.945e-01 9.426e-01 1.940e-01 ... 2.647e-01 9.913e-01 6.841e-01]
   [9.405e-01 6.895e-01 5.024e-01 ... 9.381e-01 8.387e-01 0.000e+00]]

  [[2.946e-01 4.558e-01 3.618e-01 ... 4.900e-03 9.236e-01 3.496e-01]
   [1.146e-01 7.690e-02 9.385e-01 ... 3.263e-01 7.264e-01 4.137e-01]
   [4.017e-01 8.945e-01 9.996e-01 ... 1.511e-01 2.230e-02 2.853e-01]
   ...
   [8.363e-01 9.102e-01 8.340e-02 ... 5.541e-01 3.379e-01 4.818e-01]
   [1.721e-01 5.878e-01 4.938e-01 ... 3.424e-01 5.310e-01 5.332e-01]
   [1.235e-01 7.875e-01 3.779e-01 ... 7.401e-01 9.240e-01 3.409e-01]]

  [[7.792e-01 6.948e-01 2.528e-01 ... 9.490e-02 7.560e-01 5.900e-02]
   [6.426e-01 3.610e-01 2.539e-01 ... 1.290e-02 3.282e-01 8.079e-01]
   [4.598e-01 9.722e-01 5.280e-02 ... 2.704e-01 5.123e-01 4.600e-02]
   ...
   [7.950e-02 6.875e-01 1.375e-01 ... 4.920e-01 9.343e-01 9.821e-01]
   [5.868e-01 2.480e-02 7.127e-01 ... 3.918e-01 7.928e-01 6.456e-01]
   [7.917e-01 6.471e-01 1.631e-01 ... 2.079e-01 2.052e-01 5.157e-01]]]]
RPC_SYNC DONE
C transfer done
Timestamps transfer done
[[146.16016    142.3449     155.15134    ... 152.75851    145.54729
  143.99312   ]
 [152.81651    151.30673    166.17877    ... 160.06912    156.65231
  151.02356   ]
 [153.90466    157.03378    161.40201    ... 162.28854    158.55788
  156.09389   ]
 ...
 [150.22289    151.24103    159.54811    ... 153.60355    153.33891
  151.71992   ]
 [152.07442    155.62947    161.58896    ... 158.72527    155.26913
  148.34795   ]
 [146.20364    144.12668    154.90715    ...  30.870522    28.712738
    0.40750614]]
[[146.16014 142.34497 155.15138 ... 152.75851 145.5474  143.99307]
 [152.81656 151.30675 166.17877 ... 160.069   156.65227 151.02359]
 [153.90465 157.03374 161.40201 ... 162.28851 158.55798 156.0939 ]
 ...
 [150.22289 151.24106 159.548   ... 153.60352 153.33887 151.71991]
 [152.07458 155.62946 161.58891 ... 158.72522 155.26921 148.34799]
 [146.20366 144.1268  154.9072  ... 146.80295 147.84589 141.80698]]
197306.0223529412
Traceback (most recent call last):
  File "./run.py", line 167, in <module>
    np.testing.assert_allclose(C_expected, C, rtol=1e-05, atol=1e-06)
  File "/python/python-x86_64/lib/python3.8/site-packages/numpy/testing/_private/utils.py", line 1592, in assert_allclose
    assert_array_compare(compare, actual, desired, err_msg=str(err_msg),
  File "/cb/toolchains/buildroot/monolith-default/202403181828-238-5e1418a5/rootfs-x86_64/usr/lib/python3.8/contextlib.py", line 75, in inner
    return func(*args, **kwds)
  File "/python/python-x86_64/lib/python3.8/site-packages/numpy/testing/_private/utils.py", line 862, in assert_array_compare
    raise AssertionError(msg)
AssertionError: 
Not equal to tolerance rtol=1e-05, atol=1e-06

Mismatched elements: 2940000 / 1823290000 (0.161%)
Max absolute difference: 178.2483
Max relative difference: inf
 x: array([[146.16014, 142.34497, 155.15138, ..., 152.75851, 145.5474 ,
        143.99307],
       [152.81656, 151.30675, 166.17877, ..., 160.069  , 156.65227,...
 y: array([[146.16016 , 142.3449  , 155.15134 , ..., 152.75851 , 145.54729 ,
        143.99312 ],
       [152.81651 , 151.30673 , 166.17877 , ..., 160.06912 , 156.65231 ,...
Program completed in: 00:05:19
