A matrix: 

[[0.8432 0.6913 0.9309 ... 0.0176 0.4349 0.9876]
 [0.7341 0.2256 0.5773 ... 0.8295 0.6082 0.3545]
 [0.4798 0.2621 0.0975 ... 0.6499 0.8869 0.213 ]
 ...
 [0.0529 0.6228 0.0538 ... 0.0324 0.6949 0.5407]
 [0.9862 0.2871 0.7387 ... 0.3342 0.6714 0.8227]
 [0.2455 0.4555 0.582  ... 0.2736 0.8037 0.5376]]
B matrix: 

[[0.496  0.603  0.8256 ... 0.4268 0.1659 0.0173]
 [0.2504 0.7934 0.6092 ... 0.9446 0.2284 0.381 ]
 [0.8391 0.2957 0.5613 ... 0.3498 0.6785 0.8098]
 ...
 [0.779  0.7639 0.3383 ... 0.3429 0.4134 0.0319]
 [0.4463 0.6804 0.1674 ... 0.2208 0.6426 0.7152]
 [0.3326 0.1765 0.715  ... 0.9298 0.693  0.2485]]
RPC_SYNC DONE
C transfer done
Timestamps transfer done
[[1138.3549 1119.4946 1134.6569 ... 1121.6111 1143.038  1130.3918]
 [1161.6101 1155.0691 1149.8639 ... 1148.3735 1150.0968 1139.2644]
 [1135.7646 1128.1135 1146.4733 ... 1140.9447 1132.938  1133.1536]
 ...
 [1156.6355 1146.3263 1149.2625 ... 1150.1387 1155.0488 1150.4532]
 [1158.2572 1153.3618 1163.8391 ... 1145.9183 1160.9369 1154.5442]
 [1155.084  1149.9402 1152.2614 ... 1145.0209 1152.6353 1154.2725]]
[[1138.355  1119.4941 1134.6588 ... 1121.6108 1143.0381 1130.3921]
 [1161.6111 1155.069  1149.8636 ... 1148.372  1150.0969 1139.2645]
 [1135.7648 1128.1136 1146.4744 ... 1140.9419 1132.9387 1133.1539]
 ...
 [1156.6344 1146.3247 1149.2614 ... 1150.1378 1155.0485 1150.4517]
 [1158.2571 1153.3635 1163.842  ... 1145.9187 1160.9362 1154.5432]
 [1155.084  1149.9409 1152.2643 ... 1145.0199 1152.6365 1154.2719]]
210987.31647058824
SUCCESS!
Program completed in: 00:01:29
