COUT002 01:03:25 GMT  ERROR: LOGGER NOT INITIALIZED:
COUT002 01:03:25 GMT  ERROR: 		Remote end closed connection

ravel_A3_groups:
Group 0: [1. 0. 1. ... 1. 0. 1.]
Group 1: [1. 0. 1. ... 1. 0. 1.]
Group 2: [1. 0. 1. ... 1. 0. 1.]
Group 3: [1. 0. 1. ... 1. 0. 1.]
Group 4: [1. 0. 1. ... 1. 0. 1.]

ravel_B3_groups:
Group 0: [1. 0. 2. ... 0. 1. 0.]
Group 1: [1. 0. 2. ... 0. 2. 0.]
Group 2: [1. 0. 2. ... 0. 2. 0.]
Group 3: [1. 0. 2. ... 0. 2. 0.]
Group 4: [1. 0. 2. ... 0. 2. 0.]
Group 5: [2. 0. 1. ... 0. 2. 0.]
Beat 0: 
Size of B3 group data = 5476
Size of A3 group data = 5476
Beat 1: 
Size of B3 group data = 10952
Size of A3 group data = 5476
Beat 2: 
Size of B3 group data = 10952
Size of A3 group data = 5476
Beat 3: 
Size of B3 group data = 10952
Size of A3 group data = 5476
Beat 4: 
Size of B3 group data = 10952
Size of A3 group data = 5476
Beat 5: 
Size of B3 group data = 5476
RPC_SYNC DONE
C transfer done
[[185.   0. 370. ...   0. 370.   0.]
 [185.   0. 370. ...   0. 370.   0.]
 [185.   0. 370. ...   0. 370.   0.]
 ...
 [185.   0. 370. ...   0. 370.   0.]
 [185.   0. 370. ...   0. 370.   0.]
 [185.   0. 370. ...   0. 370.   0.]]
[[185.   0. 370. ...   0. 370.   0.]
 [185.   0. 370. ...   0. 370.   0.]
 [185.   0. 370. ...   0. 370.   0.]
 ...
 [185.   0. 370. ...   0. 370.   0.]
 [185.   0. 370. ...   0. 370.   0.]
 [185.   0. 370. ...   0. 370.   0.]]
SUCCESS!
Program completed in: 00:01:29
