A matrix: 

[[0.65   0.0449 0.5322 ... 0.8694 0.6642 0.8061]
 [0.6683 0.0467 0.6312 ... 0.4788 0.4093 0.9644]
 [0.3031 0.0711 0.5325 ... 0.3095 0.7637 0.5714]
 ...
 [0.9759 0.6328 0.2494 ... 0.9693 0.8288 0.9076]
 [0.1619 0.3471 0.8245 ... 0.1936 0.5119 0.2216]
 [0.383  0.2818 0.0315 ... 0.2837 0.8684 0.1216]]
B matrix: 

[[0.3552 0.5232 0.1742 ... 0.7629 0.4055 0.0939]
 [0.4822 0.6262 0.0193 ... 0.5386 0.9543 0.6055]
 [0.162  0.1172 0.0629 ... 0.0664 0.8032 0.0703]
 ...
 [0.7624 0.2765 0.2311 ... 0.5639 0.7432 0.0066]
 [0.0157 0.6143 0.0607 ... 0.3793 0.1796 0.1672]
 [0.2797 0.3602 0.8799 ... 0.2061 0.5116 0.1539]]
RPC_SYNC DONE
C transfer done
Timestamps transfer done
[[2301.0037 2304.7522 2302.5945 ... 2283.363  2289.7756 2299.0264]
 [2275.669  2300.231  2289.45   ... 2271.853  2265.7825 2299.4958]
 [2267.1726 2290.6372 2279.4985 ... 2269.432  2268.369  2291.2363]
 ...
 [2296.714  2306.84   2308.7778 ... 2298.4988 2291.019  2320.532 ]
 [2288.1292 2293.0613 2307.4568 ... 2279.7207 2290.9692 2311.9998]
 [2311.0737 2337.2188 2327.1565 ... 2300.9868 2302.3142 2318.6704]]
[[2301.0056 2304.7458 2302.5972 ... 2283.3655 2289.7751 2299.0293]
 [2275.6687 2300.2268 2289.452  ... 2271.8503 2265.7834 2299.495 ]
 [2267.1733 2290.6392 2279.4998 ... 2269.433  2268.3687 2291.2354]
 ...
 [2296.7107 2306.839  2308.7776 ... 2298.4966 2291.023  2320.534 ]
 [2288.1294 2293.0552 2307.4585 ... 2279.718  2290.9712 2312.0012]
 [2311.0723 2337.2205 2327.1553 ... 2300.985  2302.312  2318.6675]]
636794.854117647
SUCCESS!
Program completed in: 00:01:53
