A matrix: 

[[0.9526 0.2701 0.1196 ... 0.3178 0.419  0.2187]
 [0.8086 0.7655 0.5488 ... 0.2103 0.4109 0.6069]
 [0.0422 0.9506 0.6567 ... 0.9259 0.2871 0.5756]
 ...
 [0.5082 0.374  0.5952 ... 0.8457 0.6021 0.3203]
 [0.171  0.9223 0.2906 ... 0.1038 0.8353 0.8056]
 [0.1359 0.1307 0.0506 ... 0.0999 0.1169 0.2092]]
B matrix: 

[[0.5872 0.4786 0.1784 ... 0.5811 0.1831 0.6411]
 [0.9435 0.0707 0.5283 ... 0.8002 0.7657 0.8347]
 [0.8432 0.6863 0.2282 ... 0.6661 0.2848 0.9233]
 ...
 [0.147  0.3519 0.3091 ... 0.3464 0.0674 0.052 ]
 [0.2874 0.5892 0.98   ... 0.9322 0.544  0.8701]
 [0.8869 0.9976 0.0147 ... 0.3683 0.4478 0.0076]]
RPC_SYNC DONE
C transfer done
Timestamps transfer done
[[6.1042700e+03 6.1042456e+03 6.0965776e+03 ... 6.1286406e+03
  6.1337144e+03 6.0667979e+03]
 [6.0445552e+03 6.0775098e+03 6.1137666e+03 ... 6.1296250e+03
  6.1395503e+03 6.0723901e+03]
 [6.1297061e+03 6.1013062e+03 6.1460093e+03 ... 6.1065830e+03
  6.1585767e+03 6.0818350e+03]
 ...
 [6.1153408e+03 6.0947822e+03 6.1294614e+03 ... 6.1282456e+03
  6.1308628e+03 6.0646323e+03]
 [6.0530288e+03 6.0666494e+03 6.1109399e+03 ... 6.0748247e+03
  6.0990552e+03 6.0424292e+03]
 [6.1284468e+03 6.0953813e+03 6.1043140e+03 ... 5.8471504e+01
  6.4693092e+01 1.5899200e-03]]
[[6104.2593 6104.2417 6096.567  ... 6128.661  6133.721  6066.8076]
 [6044.55   6077.499  6113.797  ... 6129.6177 6139.5527 6072.413 ]
 [6129.7026 6101.314  6146.0117 ... 6106.5713 6158.597  6081.83  ]
 ...
 [6115.33   6094.8022 6129.474  ... 6128.2524 6130.8604 6064.6587]
 [6053.071  6066.6436 6110.9595 ... 6074.816  6099.0376 6042.42  ]
 [6128.435  6095.398  6104.324  ... 6110.296  6164.9062 6067.1113]]
3590644.051764706
Traceback (most recent call last):
  File "./run.py", line 170, in <module>
    np.testing.assert_allclose(C_expected, C, rtol=1e-05, atol=1e-06)
  File "/python/python-x86_64/lib/python3.8/site-packages/numpy/testing/_private/utils.py", line 1592, in assert_allclose
    assert_array_compare(compare, actual, desired, err_msg=str(err_msg),
  File "/cb/toolchains/buildroot/monolith-default/202403181828-238-5e1418a5/rootfs-x86_64/usr/lib/python3.8/contextlib.py", line 75, in inner
    return func(*args, **kwds)
  File "/python/python-x86_64/lib/python3.8/site-packages/numpy/testing/_private/utils.py", line 862, in assert_array_compare
    raise AssertionError(msg)
AssertionError: 
Not equal to tolerance rtol=1e-05, atol=1e-06

Mismatched elements: 973431 / 595360000 (0.164%)
Max absolute difference: 6247.4697
Max relative difference: 2.9110694e+09
 x: array([[6104.2593, 6104.2417, 6096.567 , ..., 6128.661 , 6133.721 ,
        6066.8076],
       [6044.55  , 6077.499 , 6113.797 , ..., 6129.6177, 6139.5527,...
 y: array([[6.104270e+03, 6.104246e+03, 6.096578e+03, ..., 6.128641e+03,
        6.133714e+03, 6.066798e+03],
       [6.044555e+03, 6.077510e+03, 6.113767e+03, ..., 6.129625e+03,...
Program completed in: 00:07:58
