INFO: Using SIF: /shared/data1/Projects/Cerebras/sdk-cbcore-202411041444-629-be7c2a56.sif
RPC_SYNC DONE
C transfer done
[[ 9.  0. 18.  0.  9.  0. 18.  0.  9.  0. 18.  0.  9.  0. 18.  0.  9.  0.]
 [ 9.  0. 18.  0.  9.  0. 18.  0.  9.  0. 18.  0.  9.  0. 18.  0.  9.  0.]
 [ 9.  0. 18.  0.  9.  0. 18.  0.  9.  0. 18.  0.  9.  0. 18.  0.  9.  0.]
 [ 9.  0. 18.  0.  9.  0. 18.  0.  9.  0. 18.  0.  9.  0. 18.  0.  9.  0.]
 [ 9.  0. 18.  0.  9.  0. 18.  0.  9.  0. 18.  0.  9.  0. 18.  0.  9.  0.]
 [ 9.  0. 18.  0.  9.  0. 18.  0.  9.  0. 18.  0.  9.  0. 18.  0.  9.  0.]
 [ 9.  0. 18.  0.  9.  0. 18.  0.  9.  0. 18.  0.  9.  0. 18.  0.  9.  0.]
 [ 9.  0. 18.  0.  9.  0. 18.  0.  9.  0. 18.  0.  9.  0. 18.  0.  9.  0.]
 [ 9.  0. 18.  0.  9.  0. 18.  0.  9.  0. 18.  0.  9.  0. 18.  0.  9.  0.]
 [ 9.  0. 18.  0.  9.  0. 18.  0.  9.  0. 18.  0.  9.  0. 18.  0.  9.  0.]
 [ 9.  0. 18.  0.  9.  0. 18.  0.  9.  0. 18.  0.  9.  0. 18.  0.  9.  0.]
 [ 9.  0. 18.  0.  9.  0. 18.  0.  9.  0. 18.  0.  9.  0. 18.  0.  9.  0.]
 [ 9.  0. 18.  0.  9.  0. 18.  0.  9.  0. 18.  0.  9.  0. 18.  0.  9.  0.]
 [ 9.  0. 18.  0.  9.  0. 18.  0.  9.  0. 18.  0.  9.  0. 18.  0.  9.  0.]
 [ 9.  0. 18.  0.  9.  0. 18.  0.  9.  0. 18.  0.  9.  0. 18.  0.  9.  0.]
 [ 9.  0. 18.  0.  9.  0. 18.  0.  9.  0. 18.  0.  9.  0. 18.  0.  9.  0.]
 [ 9.  0. 18.  0.  9.  0. 18.  0.  9.  0. 18.  0.  9.  0. 18.  0.  9.  0.]
 [ 9.  0. 18.  0.  9.  0. 18.  0.  9.  0. 18.  0.  9.  0. 18.  0.  9.  0.]]
[[ 9.  0. 18.  0.  9.  0. 18.  0.  9.  0. 18.  0.  9.  0. 18.  0.  9.  0.]
 [ 9.  0. 18.  0.  9.  0. 18.  0.  9.  0. 18.  0.  9.  0. 18.  0.  9.  0.]
 [ 9.  0. 18.  0.  9.  0. 18.  0.  9.  0. 18.  0.  9.  0. 18.  0.  9.  0.]
 [ 9.  0. 18.  0.  9.  0. 18.  0.  9.  0. 18.  0.  9.  0. 18.  0.  9.  0.]
 [ 9.  0. 18.  0.  9.  0. 18.  0.  9.  0. 18.  0.  9.  0. 18.  0.  9.  0.]
 [ 9.  0. 18.  0.  9.  0. 18.  0.  9.  0. 18.  0.  9.  0. 18.  0.  9.  0.]
 [ 9.  0. 18.  0.  9.  0. 18.  0.  9.  0. 18.  0.  9.  0. 18.  0.  9.  0.]
 [ 9.  0. 18.  0.  9.  0. 18.  0.  9.  0. 18.  0.  9.  0. 18.  0.  9.  0.]
 [ 9.  0. 18.  0.  9.  0. 18.  0.  9.  0. 18.  0.  9.  0. 18.  0.  9.  0.]
 [ 9.  0. 18.  0.  9.  0. 18.  0.  9.  0. 18.  0.  9.  0. 18.  0.  9.  0.]
 [ 9.  0. 18.  0.  9.  0. 18.  0.  9.  0. 18.  0.  9.  0. 18.  0.  9.  0.]
 [ 9.  0. 18.  0.  9.  0. 18.  0.  9.  0. 18.  0.  9.  0. 18.  0.  9.  0.]
 [ 9.  0. 18.  0.  9.  0. 18.  0.  9.  0. 18.  0.  9.  0. 18.  0.  9.  0.]
 [ 9.  0. 18.  0.  9.  0. 18.  0.  9.  0. 18.  0.  9.  0. 18.  0.  9.  0.]
 [ 9.  0. 18.  0.  9.  0. 18.  0.  9.  0. 18.  0.  9.  0. 18.  0.  9.  0.]
 [ 9.  0. 18.  0.  9.  0. 18.  0.  9.  0. 18.  0.  9.  0. 18.  0.  9.  0.]
 [ 9.  0. 18.  0.  9.  0. 18.  0.  9.  0. 18.  0.  9.  0. 18.  0.  9.  0.]
 [ 9.  0. 18.  0.  9.  0. 18.  0.  9.  0. 18.  0.  9.  0. 18.  0.  9.  0.]]
SUCCESS!
Program completed in: 00:01:29
