A matrix: 

[[0.4521 0.2767 0.3794 ... 0.0999 0.504  0.3901]
 [0.4355 0.6475 0.315  ... 0.2615 0.3821 0.2316]
 [0.1796 0.1446 0.5047 ... 0.5092 0.6327 0.4223]
 ...
 [0.2284 0.1741 0.2096 ... 0.1207 0.8471 0.1215]
 [0.2128 0.5905 0.547  ... 0.2887 0.8733 0.0678]
 [0.106  0.5492 0.2437 ... 0.3675 0.8161 0.7524]]
B matrix: 

[[0.6159 0.8171 0.0851 ... 0.2013 0.7638 0.8754]
 [0.8437 0.491  0.183  ... 0.2996 0.4621 0.8686]
 [0.8299 0.6694 0.4908 ... 0.9236 0.3104 0.9419]
 ...
 [0.3129 0.7616 0.947  ... 0.0426 0.9578 0.8453]
 [0.1833 0.1106 0.2749 ... 0.0253 0.051  0.6225]
 [0.8318 0.2883 0.3795 ... 0.1444 0.194  0.9684]]
RPC_SYNC DONE
C transfer done
Timestamps transfer done
[[7.6320308e+03 7.6612832e+03 7.6467910e+03 ... 7.6383062e+03
  7.6300386e+03 7.5958862e+03]
 [7.6152646e+03 7.6052832e+03 7.6376035e+03 ... 7.6102891e+03
  7.5920332e+03 7.5952544e+03]
 [7.6365098e+03 7.6504385e+03 7.6557974e+03 ... 7.6260522e+03
  7.6095757e+03 7.6107168e+03]
 ...
 [7.6370762e+03 7.6594092e+03 7.6822632e+03 ... 7.6382319e+03
  7.7034580e+03 7.6132344e+03]
 [7.5892407e+03 7.6228145e+03 7.6143877e+03 ... 7.5690811e+03
  7.6204292e+03 7.5845488e+03]
 [7.6099126e+03 7.6586543e+03 7.6411802e+03 ... 3.2561985e+01
  2.9870663e+01 7.2862417e-01]]
[[7632.035  7661.2866 7646.801  ... 7638.2925 7630.022  7595.8955]
 [7615.296  7605.2534 7637.5737 ... 7610.3237 7592.0044 7595.259 ]
 [7636.5366 7650.4653 7655.825  ... 7626.0835 7609.57   7610.6997]
 ...
 [7637.0757 7659.4272 7682.2427 ... 7638.2314 7703.467  7613.2754]
 [7589.2427 7622.8306 7614.396  ... 7569.0806 7620.4434 7584.543 ]
 [7609.912  7658.661  7641.166  ... 7631.0635 7633.0303 7620.851 ]]
6071483.805882353
Traceback (most recent call last):
  File "./run.py", line 170, in <module>
    np.testing.assert_allclose(C_expected, C, rtol=1e-05, atol=1e-06)
  File "/python/python-x86_64/lib/python3.8/site-packages/numpy/testing/_private/utils.py", line 1592, in assert_allclose
    assert_array_compare(compare, actual, desired, err_msg=str(err_msg),
  File "/cb/toolchains/buildroot/monolith-default/202403181828-238-5e1418a5/rootfs-x86_64/usr/lib/python3.8/contextlib.py", line 75, in inner
    return func(*args, **kwds)
  File "/python/python-x86_64/lib/python3.8/site-packages/numpy/testing/_private/utils.py", line 862, in assert_array_compare
    raise AssertionError(msg)
AssertionError: 
Not equal to tolerance rtol=1e-05, atol=1e-06

Mismatched elements: 1525893 / 930250000 (0.164%)
Max absolute difference: 7811.564
Max relative difference: 6.440781e+10
 x: array([[7632.035 , 7661.2866, 7646.801 , ..., 7638.2925, 7630.022 ,
        7595.8955],
       [7615.296 , 7605.2534, 7637.5737, ..., 7610.3237, 7592.0044,...
 y: array([[7.632031e+03, 7.661283e+03, 7.646791e+03, ..., 7.638306e+03,
        7.630039e+03, 7.595886e+03],
       [7.615265e+03, 7.605283e+03, 7.637604e+03, ..., 7.610289e+03,...
Program completed in: 00:14:00
