Size of B3 group data = 400
Size of B3 group data = 800
Size of B3 group data = 1200
Size of B3 group data = 1600
Size of B3 group data = 2000
Size of B3 group data = 2400
Size of B3 group data = 2800
Size of B3 group data = 3200
Size of B3 group data = 3600
Size of B3 group data = 4000
Size of B3 group data = 4400
Size of B3 group data = 4800
Size of B3 group data = 5200
Size of B3 group data = 5600
Size of B3 group data = 6000
Size of B3 group data = 6400
Size of B3 group data = 6800
Size of B3 group data = 7200
Size of B3 group data = 7600
Size of B3 group data = 8000
Size of B3 group data = 8000
Size of B3 group data = 8000
Size of B3 group data = 8000
Size of B3 group data = 8000
Size of B3 group data = 8000
Size of B3 group data = 8000
Size of B3 group data = 8000
Size of B3 group data = 8000
Size of B3 group data = 8000
Size of B3 group data = 8000
Size of B3 group data = 8000
Size of B3 group data = 8000
Size of B3 group data = 8000
Size of B3 group data = 8000
Size of B3 group data = 8000
Size of B3 group data = 8000
Size of B3 group data = 8000
Size of B3 group data = 8000
Size of B3 group data = 8000
Size of B3 group data = 8000
Size of B3 group data = 8000
Size of B3 group data = 8000
Size of B3 group data = 8000
Size of B3 group data = 8000
Size of B3 group data = 8000
Size of B3 group data = 8000
Size of B3 group data = 8000
Size of B3 group data = 8000
Size of B3 group data = 8000
Size of B3 group data = 8000
Size of B3 group data = 7600
Size of B3 group data = 7200
Size of B3 group data = 6800
Size of B3 group data = 6400
Size of B3 group data = 6000
Size of B3 group data = 5600
Size of B3 group data = 5200
Size of B3 group data = 4800
Size of B3 group data = 4400
Size of B3 group data = 4000
Size of B3 group data = 3600
Size of B3 group data = 3200
Size of B3 group data = 2800
Size of B3 group data = 2400
Size of B3 group data = 2000
Size of B3 group data = 1600
Size of B3 group data = 1200
Size of B3 group data = 800
Size of B3 group data = 400
RPC_SYNC DONE
C transfer done
Timestamps transfer done
[[110.93867  104.844826 102.41881  ... 105.5665    99.044426 108.31176 ]
 [101.9916   101.795235  96.74328  ...  98.72317   92.86587  100.3612  ]
 [ 99.085236  99.76937   96.3122   ...  99.72628   94.84968   97.195244]
 ...
 [ 97.45479   99.54722   94.28842  ...  97.04073   88.28184   96.93787 ]
 [105.48944  108.44351  100.257675 ... 103.50424   96.81945  101.526665]
 [ 97.96771   97.33262   93.22354  ...  96.639854  89.664825  97.067795]]
[[110.93867  104.844826 102.41881  ... 105.5665    99.044426 108.31176 ]
 [101.9916   101.795235  96.74328  ...  98.72317   92.86587  100.3612  ]
 [ 99.085236  99.76937   96.3122   ...  99.72628   94.84968   97.195244]
 ...
 [ 97.45479   99.54722   94.28842  ...  97.04073   88.28184   96.93787 ]
 [105.48944  108.44351  100.257675 ... 103.50424   96.81945  101.526665]
 [ 97.96771   97.33262   93.22354  ...  96.639854  89.664825  97.067795]]
5789996.2
SUCCESS!
Program completed in: 00:01:24
