A matrix: 

[[0.0899 0.3069 0.5359 ... 0.7984 0.9015 0.6514]
 [0.9636 0.7376 0.7156 ... 0.9073 0.2663 0.1607]
 [0.9104 0.6026 0.2881 ... 0.1855 0.5622 0.8888]
 ...
 [0.2326 0.5799 0.3447 ... 0.2487 0.8038 0.7956]
 [0.7242 0.114  0.164  ... 0.1506 0.9997 0.4874]
 [0.6244 0.1607 0.4592 ... 0.0909 0.6529 0.4491]]
B matrix: 

[[0.619  0.6042 0.0936 ... 0.2202 0.7158 0.0586]
 [0.5097 0.3857 0.6653 ... 0.1371 0.4354 0.0588]
 [0.3356 0.8773 0.8699 ... 0.2918 0.9458 0.0723]
 ...
 [0.9252 0.9947 0.7168 ... 0.0448 0.2049 0.7739]
 [0.839  0.1544 0.2869 ... 0.5452 0.4837 0.8204]
 [0.0208 0.025  0.1324 ... 0.8486 0.3021 0.0659]]
RPC_SYNC DONE
C transfer done
Timestamps transfer done
[[1.06095020e+04 1.06395713e+04 1.06780889e+04 ... 1.05749150e+04
  1.05786484e+04 1.05720469e+04]
 [1.07216787e+04 1.07039639e+04 1.08118906e+04 ... 1.06422148e+04
  1.06677646e+04 1.07093564e+04]
 [1.06795029e+04 1.06545498e+04 1.07006670e+04 ... 1.05761494e+04
  1.06065723e+04 1.06371523e+04]
 ...
 [1.06598994e+04 1.06890908e+04 1.07280156e+04 ... 1.06197891e+04
  1.06441475e+04 1.06663545e+04]
 [1.06685869e+04 1.06640664e+04 1.07420146e+04 ... 1.06092559e+04
  1.06234229e+04 1.06323877e+04]
 [1.07098379e+04 1.07122793e+04 1.07752861e+04 ... 3.81106228e-01
  2.76256867e-37 1.06923184e+04]]
[[10609.49  10639.528 10678.066 ... 10574.933 10578.64  10572.117]
 [10721.68  10703.967 10811.938 ... 10642.274 10667.779 10709.333]
 [10679.496 10654.591 10700.665 ... 10576.182 10606.637 10637.166]
 ...
 [10659.892 10689.08  10728.036 ... 10619.745 10644.178 10666.411]
 [10668.625 10664.042 10741.995 ... 10609.231 10623.448 10632.365]
 [10709.845 10712.29  10775.347 ... 10653.033 10684.969 10692.325]]
14497184.58
Traceback (most recent call last):
  File "./run.py", line 170, in <module>
    np.testing.assert_allclose(C_expected, C, rtol=1e-05, atol=1e-06)
  File "/python/python-x86_64/lib/python3.8/site-packages/numpy/testing/_private/utils.py", line 1592, in assert_allclose
    assert_array_compare(compare, actual, desired, err_msg=str(err_msg),
  File "/cb/toolchains/buildroot/monolith-default/202403181828-238-5e1418a5/rootfs-x86_64/usr/lib/python3.8/contextlib.py", line 75, in inner
    return func(*args, **kwds)
  File "/python/python-x86_64/lib/python3.8/site-packages/numpy/testing/_private/utils.py", line 862, in assert_array_compare
    raise AssertionError(msg)
AssertionError: 
Not equal to tolerance rtol=1e-05, atol=1e-06

Mismatched elements: 7093516 / 1823290000 (0.389%)
Max absolute difference: 10878.651
Max relative difference: inf
 x: array([[10609.49 , 10639.528, 10678.066, ..., 10574.933, 10578.64 ,
        10572.117],
       [10721.68 , 10703.967, 10811.938, ..., 10642.274, 10667.779,...
 y: array([[1.060950e+04, 1.063957e+04, 1.067809e+04, ..., 1.057492e+04,
        1.057865e+04, 1.057205e+04],
       [1.072168e+04, 1.070396e+04, 1.081189e+04, ..., 1.064221e+04,...
Program completed in: 00:37:06
