INFO: Using SIF: /shared/data1/Projects/Cerebras/sdk-cbcore-202411041444-629-be7c2a56.sif
RPC_SYNC DONE
C transfer done
[[13.  0. 26.  0. 13.  0. 26.  0. 13.  0. 26.  0. 13.  0. 26.  0. 13.  0.
  26.  0. 13.  0. 26.  0. 13.]
 [12.  0. 24.  0. 12.  0. 24.  0. 12.  0. 24.  0. 12.  0. 24.  0. 12.  0.
  24.  0. 12.  0. 24.  0. 12.]
 [13.  0. 26.  0. 13.  0. 26.  0. 13.  0. 26.  0. 13.  0. 26.  0. 13.  0.
  26.  0. 13.  0. 26.  0. 13.]
 [12.  0. 24.  0. 12.  0. 24.  0. 12.  0. 24.  0. 12.  0. 24.  0. 12.  0.
  24.  0. 12.  0. 24.  0. 12.]
 [13.  0. 26.  0. 13.  0. 26.  0. 13.  0. 26.  0. 13.  0. 26.  0. 13.  0.
  26.  0. 13.  0. 26.  0. 13.]
 [12.  0. 24.  0. 12.  0. 24.  0. 12.  0. 24.  0. 12.  0. 24.  0. 12.  0.
  24.  0. 12.  0. 24.  0. 12.]
 [13.  0. 26.  0. 13.  0. 26.  0. 13.  0. 26.  0. 13.  0. 26.  0. 13.  0.
  26.  0. 13.  0. 26.  0. 13.]
 [12.  0. 24.  0. 12.  0. 24.  0. 12.  0. 24.  0. 12.  0. 24.  0. 12.  0.
  24.  0. 12.  0. 24.  0. 12.]
 [13.  0. 26.  0. 13.  0. 26.  0. 13.  0. 26.  0. 13.  0. 26.  0. 13.  0.
  26.  0. 13.  0. 26.  0. 13.]
 [12.  0. 24.  0. 12.  0. 24.  0. 12.  0. 24.  0. 12.  0. 24.  0. 12.  0.
  24.  0. 12.  0. 24.  0. 12.]
 [13.  0. 26.  0. 13.  0. 26.  0. 13.  0. 26.  0. 13.  0. 26.  0. 13.  0.
  26.  0. 13.  0. 26.  0. 13.]
 [12.  0. 24.  0. 12.  0. 24.  0. 12.  0. 24.  0. 12.  0. 24.  0. 12.  0.
  24.  0. 12.  0. 24.  0. 12.]
 [13.  0. 26.  0. 13.  0. 26.  0. 13.  0. 26.  0. 13.  0. 26.  0. 13.  0.
  26.  0. 13.  0. 26.  0. 13.]
 [12.  0. 24.  0. 12.  0. 24.  0. 12.  0. 24.  0. 12.  0. 24.  0. 12.  0.
  24.  0. 12.  0. 24.  0. 12.]
 [13.  0. 26.  0. 13.  0. 26.  0. 13.  0. 26.  0. 13.  0. 26.  0. 13.  0.
  26.  0. 13.  0. 26.  0. 13.]
 [12.  0. 24.  0. 12.  0. 24.  0. 12.  0. 24.  0. 12.  0. 24.  0. 12.  0.
  24.  0. 12.  0. 24.  0. 12.]
 [13.  0. 26.  0. 13.  0. 26.  0. 13.  0. 26.  0. 13.  0. 26.  0. 13.  0.
  26.  0. 13.  0. 26.  0. 13.]
 [12.  0. 24.  0. 12.  0. 24.  0. 12.  0. 24.  0. 12.  0. 24.  0. 12.  0.
  24.  0. 12.  0. 24.  0. 12.]
 [13.  0. 26.  0. 13.  0. 26.  0. 13.  0. 26.  0. 13.  0. 26.  0. 13.  0.
  26.  0. 13.  0. 26.  0. 13.]
 [12.  0. 24.  0. 12.  0. 24.  0. 12.  0. 24.  0. 12.  0. 24.  0. 12.  0.
  24.  0. 12.  0. 24.  0. 12.]
 [13.  0. 26.  0. 13.  0. 26.  0. 13.  0. 26.  0. 13.  0. 26.  0. 13.  0.
  26.  0. 13.  0. 26.  0. 13.]
 [12.  0. 24.  0. 12.  0. 24.  0. 12.  0. 24.  0. 12.  0. 24.  0. 12.  0.
  24.  0. 12.  0. 24.  0. 12.]
 [13.  0. 26.  0. 13.  0. 26.  0. 13.  0. 26.  0. 13.  0. 26.  0. 13.  0.
  26.  0. 13.  0. 26.  0. 13.]
 [12.  0. 24.  0. 12.  0. 24.  0. 12.  0. 24.  0. 12.  0. 24.  0. 12.  0.
  24.  0. 12.  0. 24.  0. 12.]
 [13.  0. 26.  0. 13.  0. 26.  0. 13.  0. 26.  0. 13.  0. 26.  0. 13.  0.
  26.  0. 13.  0. 26.  0. 13.]]
[[13.  0. 26.  0. 13.  0. 26.  0. 13.  0. 26.  0. 13.  0. 26.  0. 13.  0.
  26.  0. 13.  0. 26.  0. 13.]
 [12.  0. 24.  0. 12.  0. 24.  0. 12.  0. 24.  0. 12.  0. 24.  0. 12.  0.
  24.  0. 12.  0. 24.  0. 12.]
 [13.  0. 26.  0. 13.  0. 26.  0. 13.  0. 26.  0. 13.  0. 26.  0. 13.  0.
  26.  0. 13.  0. 26.  0. 13.]
 [12.  0. 24.  0. 12.  0. 24.  0. 12.  0. 24.  0. 12.  0. 24.  0. 12.  0.
  24.  0. 12.  0. 24.  0. 12.]
 [13.  0. 26.  0. 13.  0. 26.  0. 13.  0. 26.  0. 13.  0. 26.  0. 13.  0.
  26.  0. 13.  0. 26.  0. 13.]
 [12.  0. 24.  0. 12.  0. 24.  0. 12.  0. 24.  0. 12.  0. 24.  0. 12.  0.
  24.  0. 12.  0. 24.  0. 12.]
 [13.  0. 26.  0. 13.  0. 26.  0. 13.  0. 26.  0. 13.  0. 26.  0. 13.  0.
  26.  0. 13.  0. 26.  0. 13.]
 [12.  0. 24.  0. 12.  0. 24.  0. 12.  0. 24.  0. 12.  0. 24.  0. 12.  0.
  24.  0. 12.  0. 24.  0. 12.]
 [13.  0. 26.  0. 13.  0. 26.  0. 13.  0. 26.  0. 13.  0. 26.  0. 13.  0.
  26.  0. 13.  0. 26.  0. 13.]
 [12.  0. 24.  0. 12.  0. 24.  0. 12.  0. 24.  0. 12.  0. 24.  0. 12.  0.
  24.  0. 12.  0. 24.  0. 12.]
 [13.  0. 26.  0. 13.  0. 26.  0. 13.  0. 26.  0. 13.  0. 26.  0. 13.  0.
  26.  0. 13.  0. 26.  0. 13.]
 [12.  0. 24.  0. 12.  0. 24.  0. 12.  0. 24.  0. 12.  0. 24.  0. 12.  0.
  24.  0. 12.  0. 24.  0. 12.]
 [13.  0. 26.  0. 13.  0. 26.  0. 13.  0. 26.  0. 13.  0. 26.  0. 13.  0.
  26.  0. 13.  0. 26.  0. 13.]
 [12.  0. 24.  0. 12.  0. 24.  0. 12.  0. 24.  0. 12.  0. 24.  0. 12.  0.
  24.  0. 12.  0. 24.  0. 12.]
 [13.  0. 26.  0. 13.  0. 26.  0. 13.  0. 26.  0. 13.  0. 26.  0. 13.  0.
  26.  0. 13.  0. 26.  0. 13.]
 [12.  0. 24.  0. 12.  0. 24.  0. 12.  0. 24.  0. 12.  0. 24.  0. 12.  0.
  24.  0. 12.  0. 24.  0. 12.]
 [13.  0. 26.  0. 13.  0. 26.  0. 13.  0. 26.  0. 13.  0. 26.  0. 13.  0.
  26.  0. 13.  0. 26.  0. 13.]
 [12.  0. 24.  0. 12.  0. 24.  0. 12.  0. 24.  0. 12.  0. 24.  0. 12.  0.
  24.  0. 12.  0. 24.  0. 12.]
 [13.  0. 26.  0. 13.  0. 26.  0. 13.  0. 26.  0. 13.  0. 26.  0. 13.  0.
  26.  0. 13.  0. 26.  0. 13.]
 [12.  0. 24.  0. 12.  0. 24.  0. 12.  0. 24.  0. 12.  0. 24.  0. 12.  0.
  24.  0. 12.  0. 24.  0. 12.]
 [13.  0. 26.  0. 13.  0. 26.  0. 13.  0. 26.  0. 13.  0. 26.  0. 13.  0.
  26.  0. 13.  0. 26.  0. 13.]
 [12.  0. 24.  0. 12.  0. 24.  0. 12.  0. 24.  0. 12.  0. 24.  0. 12.  0.
  24.  0. 12.  0. 24.  0. 12.]
 [13.  0. 26.  0. 13.  0. 26.  0. 13.  0. 26.  0. 13.  0. 26.  0. 13.  0.
  26.  0. 13.  0. 26.  0. 13.]
 [12.  0. 24.  0. 12.  0. 24.  0. 12.  0. 24.  0. 12.  0. 24.  0. 12.  0.
  24.  0. 12.  0. 24.  0. 12.]
 [13.  0. 26.  0. 13.  0. 26.  0. 13.  0. 26.  0. 13.  0. 26.  0. 13.  0.
  26.  0. 13.  0. 26.  0. 13.]]
SUCCESS!
Program completed in: 00:01:24
