A matrix: 

[[0.5613 0.4016 0.9723 ... 0.3886 0.6407 0.7454]
 [0.8839 0.669  0.9307 ... 0.0565 0.3882 0.3701]
 [0.1674 0.7952 0.4184 ... 0.5738 0.243  0.9004]
 ...
 [0.6127 0.1951 0.3718 ... 0.7239 0.4635 0.9036]
 [0.9848 0.3953 0.8263 ... 0.0813 0.8832 0.822 ]
 [0.0303 0.7893 0.3816 ... 0.893  0.0044 0.1002]]
B matrix: 

[[0.2403 0.305  0.2745 ... 0.5103 0.1138 0.7782]
 [0.9248 0.7401 0.6386 ... 0.0815 0.1279 0.9515]
 [0.5101 0.1502 0.5518 ... 0.8841 0.7946 0.0273]
 ...
 [0.9359 0.0138 0.9104 ... 0.0136 0.3401 0.1218]
 [0.3671 0.4931 0.6806 ... 0.7469 0.2204 0.8163]
 [0.9811 0.4288 0.6016 ... 0.3199 0.6556 0.2724]]
RPC_SYNC DONE
C transfer done
Timestamps transfer done
[[3432.559  3434.3142 3442.4917 ... 3414.5874 3416.217  3457.8245]
 [3434.1787 3421.5115 3473.0413 ... 3431.5198 3436.7883 3453.4856]
 [3463.6118 3472.05   3503.1128 ... 3474.7642 3439.5415 3470.0737]
 ...
 [3454.7454 3458.0059 3480.6382 ... 3454.6858 3434.9917 3468.3743]
 [3427.339  3447.3838 3465.4912 ... 3424.7358 3436.0022 3463.4248]
 [3466.8718 3452.3171 3478.696  ... 3465.244  3425.6147 3473.777 ]]
[[3432.5486 3434.3179 3442.4905 ... 3414.5938 3416.2146 3457.8298]
 [3434.1858 3421.5076 3473.0408 ... 3431.5144 3436.784  3453.4824]
 [3463.6108 3472.0525 3503.113  ... 3474.7712 3439.5417 3470.0686]
 ...
 [3454.754  3458.0095 3480.6382 ... 3454.6912 3434.9937 3468.3784]
 [3427.3335 3447.3867 3465.4902 ... 3424.7393 3436.01   3463.4255]
 [3466.8687 3452.3271 3478.6914 ... 3465.2341 3425.6208 3473.7788]]
1208023.7623529413
SUCCESS!
Program completed in: 00:02:48
