M: 24064, K: 24064, N: 24064, Mt: 47, Kt: 47, Nt: 47, Pr: 512, Cycle: 512, Pc: 512, channel: 1, buffer: 0
RPC_SYNC DONE
C transfer done
Timestamps transfer done
7195450.167058824
Traceback (most recent call last):
  File "./run.py", line 175, in <module>
    np.testing.assert_allclose(C_expected, C, rtol=1e-05, atol=1e-06)
  File "/python/python-x86_64/lib/python3.8/site-packages/numpy/testing/_private/utils.py", line 1592, in assert_allclose
    assert_array_compare(compare, actual, desired, err_msg=str(err_msg),
  File "/cb/toolchains/buildroot/monolith-default/202403181828-238-5e1418a5/rootfs-x86_64/usr/lib/python3.8/contextlib.py", line 75, in inner
    return func(*args, **kwds)
  File "/python/python-x86_64/lib/python3.8/site-packages/numpy/testing/_private/utils.py", line 862, in assert_array_compare
    raise AssertionError(msg)
AssertionError: 
Not equal to tolerance rtol=1e-05, atol=1e-06

Mismatched elements: 12704 / 579076096 (0.00219%)
Max absolute difference: 0.09375
Max relative difference: 1.5538495e-05
 x: array([[6033.7583, 5972.3594, 6032.876 , ..., 6020.5986, 6036.102 ,
        5992.043 ],
       [6035.4204, 5987.0312, 6051.202 , ..., 6024.3423, 6028.4385,...
 y: array([[6033.791 , 5972.347 , 6032.882 , ..., 6020.6016, 6036.0757,
        5992.02  ],
       [6035.43  , 5987.0483, 6051.224 , ..., 6024.3413, 6028.4463,...
Program completed in: 00:08:46
