M: 3904, K: 3904, N: 3904, Mt: 61, Kt: 61, Nt: 61, Pr: 64, Cycle: 64, Pc: 64, channel: 1, buffer: 0
RPC_SYNC DONE
C transfer done
Timestamps transfer done
205031.6011764706
Traceback (most recent call last):
  File "./run.py", line 175, in <module>
    np.testing.assert_allclose(C_expected, C, rtol=1e-05, atol=1e-06)
  File "/python/python-x86_64/lib/python3.8/site-packages/numpy/testing/_private/utils.py", line 1592, in assert_allclose
    assert_array_compare(compare, actual, desired, err_msg=str(err_msg),
  File "/cb/toolchains/buildroot/monolith-default/202403181828-238-5e1418a5/rootfs-x86_64/usr/lib/python3.8/contextlib.py", line 75, in inner
    return func(*args, **kwds)
  File "/python/python-x86_64/lib/python3.8/site-packages/numpy/testing/_private/utils.py", line 862, in assert_array_compare
    raise AssertionError(msg)
AssertionError: 
Not equal to tolerance rtol=1e-05, atol=1e-06

Mismatched elements: 24576 / 15241216 (0.161%)
Max absolute difference: 1016.8403
Max relative difference: 2.540064e+09
 x: array([[986.0337 , 976.3973 , 972.4006 , ..., 974.0771 , 974.7179 ,
        971.90625],
       [990.6452 , 986.5582 , 982.04846, ..., 989.25964, 985.1244 ,...
 y: array([[9.860335e+02, 9.763979e+02, 9.723998e+02, ..., 9.740776e+02,
        9.747173e+02, 9.719069e+02],
       [9.906451e+02, 9.865573e+02, 9.820486e+02, ..., 9.892587e+02,...
Program completed in: 00:01:28
