M: 42699, K: 25800, N: 32207, Mt: 43, Kt: 43, Nt: 43, Pr: 993, Cycle: 600, Pc: 749, channel: 1, buffer: 0
RPC_SYNC DONE
C transfer done
Timestamps transfer done
11334274.905882353
Traceback (most recent call last):
  File "./run.py", line 175, in <module>
    np.testing.assert_allclose(C_expected, C, rtol=1e-05, atol=1e-06)
  File "/python/python-x86_64/lib/python3.8/site-packages/numpy/testing/_private/utils.py", line 1592, in assert_allclose
    assert_array_compare(compare, actual, desired, err_msg=str(err_msg),
  File "/cb/toolchains/buildroot/monolith-default/202403181828-238-5e1418a5/rootfs-x86_64/usr/lib/python3.8/contextlib.py", line 75, in inner
    return func(*args, **kwds)
  File "/python/python-x86_64/lib/python3.8/site-packages/numpy/testing/_private/utils.py", line 862, in assert_array_compare
    raise AssertionError(msg)
AssertionError: 
Not equal to tolerance rtol=1e-05, atol=1e-06

Mismatched elements: 36147 / 1375206693 (0.00263%)
Max absolute difference: 0.09619141
Max relative difference: 1.4854538e-05
 x: array([[6438.8457, 6457.619 , 6482.344 , ..., 6474.1206, 6452.488 ,
        6474.781 ],
       [6397.55  , 6447.312 , 6422.688 , ..., 6473.3145, 6417.0645,...
 y: array([[6438.8613, 6457.6133, 6482.3223, ..., 6474.11  , 6452.507 ,
        6474.769 ],
       [6397.527 , 6447.308 , 6422.6743, ..., 6473.3237, 6417.0405,...
Program completed in: 00:20:01
