M: 1952, K: 1952, N: 1952, Mt: 61, Kt: 61, Nt: 61, Pr: 32, Cycle: 32, Pc: 32, channel: 1, buffer: 0
RPC_SYNC DONE
C transfer done
Timestamps transfer done
54212.84823529412
Traceback (most recent call last):
  File "./run.py", line 175, in <module>
    np.testing.assert_allclose(C_expected, C, rtol=1e-05, atol=1e-06)
  File "/python/python-x86_64/lib/python3.8/site-packages/numpy/testing/_private/utils.py", line 1592, in assert_allclose
    assert_array_compare(compare, actual, desired, err_msg=str(err_msg),
  File "/cb/toolchains/buildroot/monolith-default/202403181828-238-5e1418a5/rootfs-x86_64/usr/lib/python3.8/contextlib.py", line 75, in inner
    return func(*args, **kwds)
  File "/python/python-x86_64/lib/python3.8/site-packages/numpy/testing/_private/utils.py", line 862, in assert_array_compare
    raise AssertionError(msg)
AssertionError: 
Not equal to tolerance rtol=1e-05, atol=1e-06

Mismatched elements: 6144 / 3810304 (0.161%)
Max absolute difference: 520.3923
Max relative difference: 512343.72
 x: array([[502.1443 , 479.34937, 477.3071 , ..., 473.5579 , 486.2838 ,
        485.04126],
       [501.15363, 498.01892, 492.81915, ..., 500.64456, 497.7387 ,...
 y: array([[5.021440e+02, 4.793493e+02, 4.773071e+02, ..., 4.735579e+02,
        4.862835e+02, 4.850411e+02],
       [5.011535e+02, 4.980187e+02, 4.928195e+02, ..., 5.006442e+02,...
Program completed in: 00:01:25
