M: 28160, K: 28160, N: 28160, Mt: 55, Kt: 55, Nt: 55, Pr: 512, Cycle: 512, Pc: 512, channel: 1, buffer: 0
RPC_SYNC DONE
C transfer done
Timestamps transfer done
9678423.502352942
Traceback (most recent call last):
  File "./run.py", line 175, in <module>
    np.testing.assert_allclose(C_expected, C, rtol=1e-05, atol=1e-06)
  File "/python/python-x86_64/lib/python3.8/site-packages/numpy/testing/_private/utils.py", line 1592, in assert_allclose
    assert_array_compare(compare, actual, desired, err_msg=str(err_msg),
  File "/cb/toolchains/buildroot/monolith-default/202403181828-238-5e1418a5/rootfs-x86_64/usr/lib/python3.8/contextlib.py", line 75, in inner
    return func(*args, **kwds)
  File "/python/python-x86_64/lib/python3.8/site-packages/numpy/testing/_private/utils.py", line 862, in assert_array_compare
    raise AssertionError(msg)
AssertionError: 
Not equal to tolerance rtol=1e-05, atol=1e-06

Mismatched elements: 22997 / 792985600 (0.0029%)
Max absolute difference: 0.10644531
Max relative difference: 1.5193737e-05
 x: array([[7031.5605, 7000.7104, 7020.0874, ..., 7001.942 , 7054.1772,
        7010.4585],
       [7083.7524, 7030.523 , 7051.3696, ..., 7034.491 , 7104.2974,...
 y: array([[7031.555 , 7000.7124, 7020.1167, ..., 7001.942 , 7054.1685,
        7010.472 ],
       [7083.7373, 7030.5415, 7051.359 , ..., 7034.488 , 7104.257 ,...
Program completed in: 00:12:48
