M: 31232, K: 31232, N: 31232, Mt: 61, Kt: 61, Nt: 61, Pr: 512, Cycle: 512, Pc: 512, channel: 1, buffer: 0
RPC_SYNC DONE
C transfer done
Timestamps transfer done
13615837.332941178
Traceback (most recent call last):
  File "./run.py", line 175, in <module>
    np.testing.assert_allclose(C_expected, C, rtol=1e-05, atol=1e-06)
  File "/python/python-x86_64/lib/python3.8/site-packages/numpy/testing/_private/utils.py", line 1592, in assert_allclose
    assert_array_compare(compare, actual, desired, err_msg=str(err_msg),
  File "/cb/toolchains/buildroot/monolith-default/202403181828-238-5e1418a5/rootfs-x86_64/usr/lib/python3.8/contextlib.py", line 75, in inner
    return func(*args, **kwds)
  File "/python/python-x86_64/lib/python3.8/site-packages/numpy/testing/_private/utils.py", line 862, in assert_array_compare
    raise AssertionError(msg)
AssertionError: 
Not equal to tolerance rtol=1e-05, atol=1e-06

Mismatched elements: 1860847 / 975437824 (0.191%)
Max absolute difference: 7979.6396
Max relative difference: inf
 x: array([[7778.305 , 7795.199 , 7782.0215, ..., 7772.0176, 7787.5645,
        7807.8667],
       [7801.5317, 7769.5654, 7818.921 , ..., 7789.128 , 7815.64  ,...
 y: array([[7.778287e+03, 7.795173e+03, 7.782030e+03, ..., 7.772001e+03,
        7.787546e+03, 7.807873e+03],
       [7.801510e+03, 7.769578e+03, 7.818925e+03, ..., 7.789128e+03,...
Program completed in: 00:17:00
