M: 23552, K: 23552, N: 23552, Mt: 46, Kt: 46, Nt: 46, Pr: 512, Cycle: 512, Pc: 512, channel: 1, buffer: 0
RPC_SYNC DONE
C transfer done
Timestamps transfer done
7376771.030588236
Traceback (most recent call last):
  File "./run.py", line 175, in <module>
    np.testing.assert_allclose(C_expected, C, rtol=1e-05, atol=1e-06)
  File "/python/python-x86_64/lib/python3.8/site-packages/numpy/testing/_private/utils.py", line 1592, in assert_allclose
    assert_array_compare(compare, actual, desired, err_msg=str(err_msg),
  File "/cb/toolchains/buildroot/monolith-default/202403181828-238-5e1418a5/rootfs-x86_64/usr/lib/python3.8/contextlib.py", line 75, in inner
    return func(*args, **kwds)
  File "/python/python-x86_64/lib/python3.8/site-packages/numpy/testing/_private/utils.py", line 862, in assert_array_compare
    raise AssertionError(msg)
AssertionError: 
Not equal to tolerance rtol=1e-05, atol=1e-06

Mismatched elements: 10943 / 554696704 (0.00197%)
Max absolute difference: 0.08398438
Max relative difference: 1.4274678e-05
 x: array([[5896.8394, 5900.561 , 5912.9375, ..., 5919.5444, 5881.1704,
        5891.402 ],
       [5922.854 , 5936.677 , 5903.23  , ..., 5928.75  , 5917.9224,...
 y: array([[5896.839 , 5900.5547, 5912.9297, ..., 5919.534 , 5881.162 ,
        5891.415 ],
       [5922.853 , 5936.659 , 5903.2563, ..., 5928.756 , 5917.916 ,...
Program completed in: 00:08:24
