M: 24576, K: 24576, N: 24576, Mt: 48, Kt: 48, Nt: 48, Pr: 512, Cycle: 512, Pc: 512, channel: 1, buffer: 0
RPC_SYNC DONE
C transfer done
Timestamps transfer done
7202848.4529411765
Traceback (most recent call last):
  File "./run.py", line 175, in <module>
    np.testing.assert_allclose(C_expected, C, rtol=1e-05, atol=1e-06)
  File "/python/python-x86_64/lib/python3.8/site-packages/numpy/testing/_private/utils.py", line 1592, in assert_allclose
    assert_array_compare(compare, actual, desired, err_msg=str(err_msg),
  File "/cb/toolchains/buildroot/monolith-default/202403181828-238-5e1418a5/rootfs-x86_64/usr/lib/python3.8/contextlib.py", line 75, in inner
    return func(*args, **kwds)
  File "/python/python-x86_64/lib/python3.8/site-packages/numpy/testing/_private/utils.py", line 862, in assert_array_compare
    raise AssertionError(msg)
AssertionError: 
Not equal to tolerance rtol=1e-05, atol=1e-06

Mismatched elements: 14122 / 603979776 (0.00234%)
Max absolute difference: 0.09130859
Max relative difference: 1.4886904e-05
 x: array([[6157.146 , 6128.4434, 6037.7876, ..., 6121.755 , 6115.8047,
        6090.6865],
       [6143.2646, 6127.927 , 6053.7305, ..., 6121.9243, 6157.0312,...
 y: array([[6157.1816, 6128.4253, 6037.7925, ..., 6121.752 , 6115.803 ,
        6090.6753],
       [6143.265 , 6127.9023, 6053.743 , ..., 6121.914 , 6157.024 ,...
Program completed in: 00:09:11
