M: 15616, K: 15616, N: 15616, Mt: 61, Kt: 61, Nt: 61, Pr: 256, Cycle: 256, Pc: 256, channel: 1, buffer: 0
RPC_SYNC DONE
C transfer done
Timestamps transfer done
2894059.6882352945
Traceback (most recent call last):
  File "./run.py", line 175, in <module>
    np.testing.assert_allclose(C_expected, C, rtol=1e-05, atol=1e-06)
  File "/python/python-x86_64/lib/python3.8/site-packages/numpy/testing/_private/utils.py", line 1592, in assert_allclose
    assert_array_compare(compare, actual, desired, err_msg=str(err_msg),
  File "/cb/toolchains/buildroot/monolith-default/202403181828-238-5e1418a5/rootfs-x86_64/usr/lib/python3.8/contextlib.py", line 75, in inner
    return func(*args, **kwds)
  File "/python/python-x86_64/lib/python3.8/site-packages/numpy/testing/_private/utils.py", line 862, in assert_array_compare
    raise AssertionError(msg)
AssertionError: 
Not equal to tolerance rtol=1e-05, atol=1e-06

Mismatched elements: 393217 / 243859456 (0.161%)
Max absolute difference: 4031.7183
Max relative difference: 7.097029e+08
 x: array([[3872.4062, 3862.5596, 3876.606 , ..., 3851.7441, 3883.7314,
        3879.652 ],
       [3897.4949, 3893.9524, 3910.899 , ..., 3884.0576, 3910.2568,...
 y: array([[3.872407e+03, 3.862570e+03, 3.876596e+03, ..., 3.851750e+03,
        3.883734e+03, 3.879650e+03],
       [3.897484e+03, 3.893951e+03, 3.910908e+03, ..., 3.884053e+03,...
Program completed in: 00:03:38
