M: 15360, K: 15360, N: 15360, Mt: 60, Kt: 60, Nt: 60, Pr: 256, Cycle: 256, Pc: 256, channel: 1, buffer: 0
RPC_SYNC DONE
C transfer done
Timestamps transfer done
2792611.294117647
Traceback (most recent call last):
  File "./run.py", line 175, in <module>
    np.testing.assert_allclose(C_expected, C, rtol=1e-05, atol=1e-06)
  File "/python/python-x86_64/lib/python3.8/site-packages/numpy/testing/_private/utils.py", line 1592, in assert_allclose
    assert_array_compare(compare, actual, desired, err_msg=str(err_msg),
  File "/cb/toolchains/buildroot/monolith-default/202403181828-238-5e1418a5/rootfs-x86_64/usr/lib/python3.8/contextlib.py", line 75, in inner
    return func(*args, **kwds)
  File "/python/python-x86_64/lib/python3.8/site-packages/numpy/testing/_private/utils.py", line 862, in assert_array_compare
    raise AssertionError(msg)
AssertionError: 
Not equal to tolerance rtol=1e-05, atol=1e-06

Mismatched elements: 1 / 235929600 (4.24e-07%)
Max absolute difference: 0.03857422
Max relative difference: 1.0035688e-05
 x: array([[3849.9653, 3812.71  , 3832.1558, ..., 3832.329 , 3864.3315,
        3835.2893],
       [3852.3252, 3822.727 , 3836.4365, ..., 3868.921 , 3865.1897,...
 y: array([[3849.9622, 3812.719 , 3832.162 , ..., 3832.3308, 3864.3372,
        3835.29  ],
       [3852.3286, 3822.7263, 3836.4497, ..., 3868.9185, 3865.1946,...
Program completed in: 00:03:33
