
ravel_A3_groups:
Group 0: [1. 0. 1. 0. 1. 0. 1. 0. 1. 0. 1. 0. 1. 0. 1. 0. 1. 0. 1. 0. 1. 0. 1. 0.
 1.]
Group 1: [0. 1. 0. 1. 0. 1. 0. 1. 0. 1. 0. 1. 0. 1. 0. 1. 0. 1. 0. 1. 0. 1. 0. 1.
 0.]
Group 2: [1. 0. 1. 0. 1. 0. 1. 0. 1. 0. 1. 0. 1. 0. 1. 0. 1. 0. 1. 0. 1. 0. 1. 0.
 1.]
Group 3: [0. 1. 0. 1. 0. 1. 0. 1. 0. 1. 0. 1. 0. 1. 0. 1. 0. 1. 0. 1. 0. 1. 0. 1.
 0.]
Group 4: [1. 0. 1. 0. 1. 0. 1. 0. 1. 0. 1. 0. 1. 0. 1. 0. 1. 0. 1. 0. 1. 0. 1. 0.
 1.]

ravel_B3_groups:
Group 0: [1. 0. 2. 0. 1. 1. 0. 2. 0. 1. 1. 0. 2. 0. 1. 1. 0. 2. 0. 1. 1. 0. 2. 0.
 1.]
Group 1: [1. 0. 2. 0. 1. 1. 0. 2. 0. 1. 1. 0. 2. 0. 1. 1. 0. 2. 0. 1. 1. 0. 2. 0.
 1. 0. 2. 0. 1. 0. 0. 2. 0. 1. 0. 0. 2. 0. 1. 0. 0. 2. 0. 1. 0. 0. 2. 0.
 1. 0.]
Group 2: [1. 0. 2. 0. 1. 1. 0. 2. 0. 1. 1. 0. 2. 0. 1. 1. 0. 2. 0. 1. 1. 0. 2. 0.
 1. 0. 2. 0. 1. 0. 0. 2. 0. 1. 0. 0. 2. 0. 1. 0. 0. 2. 0. 1. 0. 0. 2. 0.
 1. 0. 2. 0. 1. 0. 2. 2. 0. 1. 0. 2. 2. 0. 1. 0. 2. 2. 0. 1. 0. 2. 2. 0.
 1. 0. 2.]
Group 3: [1. 0. 2. 0. 1. 1. 0. 2. 0. 1. 1. 0. 2. 0. 1. 1. 0. 2. 0. 1. 1. 0. 2. 0.
 1. 0. 2. 0. 1. 0. 0. 2. 0. 1. 0. 0. 2. 0. 1. 0. 0. 2. 0. 1. 0. 0. 2. 0.
 1. 0. 2. 0. 1. 0. 2. 2. 0. 1. 0. 2. 2. 0. 1. 0. 2. 2. 0. 1. 0. 2. 2. 0.
 1. 0. 2.]
Group 4: [1. 0. 2. 0. 1. 1. 0. 2. 0. 1. 1. 0. 2. 0. 1. 1. 0. 2. 0. 1. 1. 0. 2. 0.
 1. 0. 2. 0. 1. 0. 0. 2. 0. 1. 0. 0. 2. 0. 1. 0. 0. 2. 0. 1. 0. 0. 2. 0.
 1. 0. 2. 0. 1. 0. 2. 2. 0. 1. 0. 2. 2. 0. 1. 0. 2. 2. 0. 1. 0. 2. 2. 0.
 1. 0. 2.]
Group 5: [0. 2. 0. 1. 0. 0. 2. 0. 1. 0. 0. 2. 0. 1. 0. 0. 2. 0. 1. 0. 0. 2. 0. 1.
 0. 2. 0. 1. 0. 2. 2. 0. 1. 0. 2. 2. 0. 1. 0. 2. 2. 0. 1. 0. 2. 2. 0. 1.
 0. 2.]
Group 6: [2. 0. 1. 0. 2. 2. 0. 1. 0. 2. 2. 0. 1. 0. 2. 2. 0. 1. 0. 2. 2. 0. 1. 0.
 2.]
Beat 0: 
Size of B3 group data = 25
Size of A3 group data = 25
Beat 1: 
Size of B3 group data = 50
Size of A3 group data = 25
Beat 2: 
Size of B3 group data = 75
Size of A3 group data = 25
Beat 3: 
Size of B3 group data = 75
Size of A3 group data = 25
Beat 4: 
Size of B3 group data = 75
Size of A3 group data = 25
Beat 5: 
Size of B3 group data = 50
Beat 6: 
Size of B3 group data = 25
RPC_SYNC DONE
C transfer done
[[13.  0. 26.  0. 13.  0. 26.  0. 13.  0. 26.  0. 13.  0. 26.]
 [12.  0. 24.  0. 12.  0. 24.  0. 12.  0. 24.  0. 12.  0. 24.]
 [13.  0. 26.  0. 13.  0. 26.  0. 13.  0. 26.  0. 13.  0. 26.]
 [12.  0. 24.  0. 12.  0. 24.  0. 12.  0. 24.  0. 12.  0. 24.]
 [13.  0. 26.  0. 13.  0. 26.  0. 13.  0. 26.  0. 13.  0. 26.]]
[[13.  0. 26.  0. 13.  0. 26.  0. 13.  0. 26.  0. 13.  0. 26.]
 [12.  0. 24.  0. 12.  0. 24.  0. 12.  0. 24.  0. 12.  0. 24.]
 [13.  0. 26.  0. 13.  0. 26.  0. 13.  0. 26.  0. 13.  0. 26.]
 [12.  0. 24.  0. 12.  0. 24.  0. 12.  0. 24.  0. 12.  0. 24.]
 [13.  0. 26.  0. 13.  0. 26.  0. 13.  0. 26.  0. 13.  0. 26.]]
SUCCESS!
Program completed in: 00:01:23
