INFO: Using SIF: /shared/data1/Projects/Cerebras/sdk-cbcore-202411041444-629-be7c2a56.sif
A matrix: 

[[1. 0. 1. 0. 1. 0. 1. 0. 1. 0.]
 [0. 1. 0. 1. 0. 1. 0. 1. 0. 1.]
 [1. 0. 1. 0. 1. 0. 1. 0. 1. 0.]
 [0. 1. 0. 1. 0. 1. 0. 1. 0. 1.]
 [1. 0. 1. 0. 1. 0. 1. 0. 1. 0.]
 [0. 1. 0. 1. 0. 1. 0. 1. 0. 1.]
 [1. 0. 1. 0. 1. 0. 1. 0. 1. 0.]
 [0. 1. 0. 1. 0. 1. 0. 1. 0. 1.]
 [1. 0. 1. 0. 1. 0. 1. 0. 1. 0.]
 [0. 1. 0. 1. 0. 1. 0. 1. 0. 1.]]
B matrix: 

[[1. 0. 2. 0. 1. 0. 2. 0. 1. 0.]
 [1. 0. 2. 0. 1. 0. 2. 0. 1. 0.]
 [1. 0. 2. 0. 1. 0. 2. 0. 1. 0.]
 [1. 0. 2. 0. 1. 0. 2. 0. 1. 0.]
 [1. 0. 2. 0. 1. 0. 2. 0. 1. 0.]
 [1. 0. 2. 0. 1. 0. 2. 0. 1. 0.]
 [1. 0. 2. 0. 1. 0. 2. 0. 1. 0.]
 [1. 0. 2. 0. 1. 0. 2. 0. 1. 0.]
 [1. 0. 2. 0. 1. 0. 2. 0. 1. 0.]
 [1. 0. 2. 0. 1. 0. 2. 0. 1. 0.]]

ravel_A3_groups:
Group 0: [1. 0. 1. 0. 1. 0. 1. 0. 1. 0. 1. 0. 1. 0. 1. 0. 1. 0. 1. 0. 1. 0. 1. 0.
 1.]
Group 1: [0. 1. 0. 1. 0. 1. 0. 1. 0. 1. 0. 1. 0. 1. 0. 1. 0. 1. 0. 1. 0. 1. 0. 1.
 0. 0. 1. 0. 1. 0. 1. 0. 1. 0. 1. 0. 1. 0. 1. 0. 1. 0. 1. 0. 1. 0. 1. 0.
 1. 0.]
Group 2: [1. 0. 1. 0. 1. 0. 1. 0. 1. 0. 1. 0. 1. 0. 1. 0. 1. 0. 1. 0. 1. 0. 1. 0.
 1.]

ravel_B3_groups:
Group 0: [1. 0. 2. 0. 1. 1. 0. 2. 0. 1. 1. 0. 2. 0. 1. 1. 0. 2. 0. 1. 1. 0. 2. 0.
 1.]
Group 1: [1. 0. 2. 0. 1. 1. 0. 2. 0. 1. 1. 0. 2. 0. 1. 1. 0. 2. 0. 1. 1. 0. 2. 0.
 1. 0. 2. 0. 1. 0. 0. 2. 0. 1. 0. 0. 2. 0. 1. 0. 0. 2. 0. 1. 0. 0. 2. 0.
 1. 0.]
Group 2: [0. 2. 0. 1. 0. 0. 2. 0. 1. 0. 0. 2. 0. 1. 0. 0. 2. 0. 1. 0. 0. 2. 0. 1.
 0.]
Beat 0: 
Size of B3 group data = 25
Size of A3 group data = 25
Beat 1: 
Size of B3 group data = 50
Size of A3 group data = 50
Beat 2: 
Size of B3 group data = 25
Size of A3 group data = 25
RPC_SYNC DONE
C transfer done
[[ 5.  0. 10.  0.  5.  0. 10.  0.  5.  0.]
 [ 5.  0. 10.  0.  5.  0. 10.  0.  5.  0.]
 [ 5.  0. 10.  0.  5.  0. 10.  0.  5.  0.]
 [ 5.  0. 10.  0.  5.  0. 10.  0.  5.  0.]
 [ 5.  0. 10.  0.  5.  0. 10.  0.  5.  0.]
 [ 5.  0. 10.  0.  5.  0. 10.  0.  5.  0.]
 [ 5.  0. 10.  0.  5.  0. 10.  0.  5.  0.]
 [ 5.  0. 10.  0.  5.  0. 10.  0.  5.  0.]
 [ 5.  0. 10.  0.  5.  0. 10.  0.  5.  0.]
 [ 5.  0. 10.  0.  5.  0. 10.  0.  5.  0.]]
[[ 5.  0. 10.  0.  5.  0. 10.  0.  5.  0.]
 [ 5.  0. 10.  0.  5.  0. 10.  0.  5.  0.]
 [ 5.  0. 10.  0.  5.  0. 10.  0.  5.  0.]
 [ 5.  0. 10.  0.  5.  0. 10.  0.  5.  0.]
 [ 5.  0. 10.  0.  5.  0. 10.  0.  5.  0.]
 [ 5.  0. 10.  0.  5.  0. 10.  0.  5.  0.]
 [ 5.  0. 10.  0.  5.  0. 10.  0.  5.  0.]
 [ 5.  0. 10.  0.  5.  0. 10.  0.  5.  0.]
 [ 5.  0. 10.  0.  5.  0. 10.  0.  5.  0.]
 [ 5.  0. 10.  0.  5.  0. 10.  0.  5.  0.]]
SUCCESS!
Program completed in: 00:01:24
