M: 23552, K: 23552, N: 23552, Mt: 46, Kt: 46, Nt: 46, P: 512, channel: 1, buffer: 0
Timestamps transfer done
180340.73882352942
Traceback (most recent call last):
  File "./run.py", line 174, in <module>
    np.testing.assert_allclose(C_expected, C, rtol=1e-05, atol=1e-06)
  File "/python/python-x86_64/lib/python3.8/site-packages/numpy/testing/_private/utils.py", line 1592, in assert_allclose
    assert_array_compare(compare, actual, desired, err_msg=str(err_msg),
  File "/cb/toolchains/buildroot/monolith-default/202403181828-238-5e1418a5/rootfs-x86_64/usr/lib/python3.8/contextlib.py", line 75, in inner
    return func(*args, **kwds)
  File "/python/python-x86_64/lib/python3.8/site-packages/numpy/testing/_private/utils.py", line 862, in assert_array_compare
    raise AssertionError(msg)
AssertionError: 
Not equal to tolerance rtol=1e-05, atol=1e-06

Mismatched elements: 11037 / 554696704 (0.00199%)
Max absolute difference: 0.08447266
Max relative difference: 1.4306281e-05
 x: array([[5854.7144, 5865.7827, 5882.482 , ..., 5829.4487, 5870.877 ,
        5865.651 ],
       [5895.204 , 5899.365 , 5895.3853, ..., 5864.7266, 5857.439 ,...
 y: array([[5854.755 , 5865.8003, 5882.475 , ..., 5829.465 , 5870.8687,
        5865.6587],
       [5895.1943, 5899.3687, 5895.395 , ..., 5864.723 , 5857.4546,...
Program completed in: 00:08:51
