INFO: Using SIF: /shared/data1/Projects/Cerebras/acceptance/hpc/cs_sdk_1.1.0/sdk-cbcore-202404122356-8-a1162951.sif
SUCCESS
out/bin  
out/out.json .json 
out/east  
out/west  
out/generated  
out/bin/out_rpc.json .json 
out/bin/out_2_0.elf .elf 
out/bin/out_8_0.elf .elf 
out/bin/out_6_0.elf .elf 
out/bin/out_5_0.elf .elf 
out/bin/out_0_0.elf .elf 
out/bin/out_3_0.elf .elf 
out/bin/out_7_0.elf .elf 
out/bin/out_4_13.elf .elf 
out/bin/out_1_0.elf .elf 
out/bin/out_4_15.elf .elf 
out/bin/out_4_14.elf .elf 
out/bin/out_4_12.elf .elf 
out/bin/out_4_9.elf .elf 
out/bin/out_4_10.elf .elf 
out/bin/out_4_11.elf .elf 
out/bin/out_4_8.elf .elf 
out/bin/out_4_4.elf .elf 
out/bin/out_4_1.elf .elf 
out/bin/out_4_5.elf .elf 
out/bin/out_4_0.elf .elf 
out/bin/out_4_7.elf .elf 
out/bin/out_4_6.elf .elf 
out/bin/out_4_3.elf .elf 
out/bin/out_4_2.elf .elf 
out/west/bin/out_2_0.elf .elf 
out/west/bin/out_0_0.elf .elf 
out/west/bin/out_3_0.elf .elf 
out/west/bin/out_7_0.elf .elf 
out/west/bin/out_5_0.elf .elf 
out/west/bin/out_6_0.elf .elf 
out/west/bin/out_4_0.elf .elf 
out/west/bin/out_1_0.elf .elf 
out/east/bin/out_0_0.elf .elf 
out/east/bin/out_5_0.elf .elf 
out/east/bin/out_2_0.elf .elf 
out/east/bin/out_1_0.elf .elf 
out/east/bin/out_3_0.elf .elf 
out/east/bin/out_4_0.elf .elf 
out/west/bin  
out/west/out.json .json 
out/east/bin  
out/east/out.json .json 
Reading file out/out.json
Reading file out/bin/out_rpc.json
Reading file out/west/out.json
Reading file out/east/out.json
fab w,h = 757,996
Kernel x,y w,h = 4,1 200,200
memcpy x,y w,h = 1,1 205,200
