INFO: Using SIF: /shared/data1/Projects/Cerebras/acceptance/hpc/cs_sdk_1.1.0/sdk-cbcore-202404122356-8-a1162951.sif
out/bin  
out/out.json .json 
out/east  
out/west  
out/generated  
out/bin/out_rpc.json .json 
out/bin/out_7_0.elf .elf 
out/bin/out_6_0.elf .elf 
out/bin/out_5_0.elf .elf 
out/bin/out_0_0.elf .elf 
out/bin/out_2_0.elf .elf 
out/bin/out_3_0.elf .elf 
out/bin/out_8_0.elf .elf 
out/bin/out_4_23.elf .elf 
out/bin/out_1_0.elf .elf 
out/bin/out_4_35.elf .elf 
out/bin/out_4_28.elf .elf 
out/bin/out_4_34.elf .elf 
out/bin/out_4_30.elf .elf 
out/bin/out_4_33.elf .elf 
out/bin/out_4_16.elf .elf 
out/bin/out_4_31.elf .elf 
out/bin/out_4_0.elf .elf 
out/bin/out_4_12.elf .elf 
out/bin/out_4_7.elf .elf 
out/bin/out_4_3.elf .elf 
out/bin/out_4_5.elf .elf 
out/bin/out_4_8.elf .elf 
out/bin/out_4_9.elf .elf 
out/bin/out_4_21.elf .elf 
out/bin/out_4_18.elf .elf 
out/bin/out_4_13.elf .elf 
out/bin/out_4_29.elf .elf 
out/bin/out_4_24.elf .elf 
out/bin/out_4_20.elf .elf 
out/bin/out_4_25.elf .elf 
out/bin/out_4_22.elf .elf 
out/bin/out_4_6.elf .elf 
out/bin/out_4_1.elf .elf 
out/bin/out_4_15.elf .elf 
out/bin/out_4_2.elf .elf 
out/bin/out_4_14.elf .elf 
out/bin/out_4_11.elf .elf 
out/bin/out_4_10.elf .elf 
out/bin/out_4_27.elf .elf 
out/bin/out_4_17.elf .elf 
out/bin/out_4_19.elf .elf 
out/bin/out_4_4.elf .elf 
out/bin/out_4_32.elf .elf 
out/bin/out_4_26.elf .elf 
out/west/bin/out_7_0.elf .elf 
out/west/bin/out_2_0.elf .elf 
out/west/bin/out_3_0.elf .elf 
out/west/bin/out_5_0.elf .elf 
out/west/bin/out_1_0.elf .elf 
out/west/bin/out_0_0.elf .elf 
out/west/bin/out_4_0.elf .elf 
out/west/bin/out_6_0.elf .elf 
out/east/bin/out_5_0.elf .elf 
out/east/bin/out_0_0.elf .elf 
out/east/bin/out_2_0.elf .elf 
out/east/bin/out_3_0.elf .elf 
out/east/bin/out_4_0.elf .elf 
out/east/bin/out_1_0.elf .elf 
out/west/bin  
out/west/out.json .json 
out/east/bin  
out/east/out.json .json 
Reading file out/out.json
Reading file out/bin/out_rpc.json
Reading file out/west/out.json
Reading file out/east/out.json
fab w,h = 757,996
Kernel x,y w,h = 4,1 300,300
memcpy x,y w,h = 1,1 305,300
Traceback (most recent call last):
  File "./run.py", line 114, in <module>
    np.testing.assert_allclose(C_expected, C, rtol=1e-05, atol=1e-06)
  File "/python/python-x86_64/lib/python3.8/site-packages/numpy/testing/_private/utils.py", line 1592, in assert_allclose
    assert_array_compare(compare, actual, desired, err_msg=str(err_msg),
  File "/cb/toolchains/buildroot/monolith-default/202402082122-236-081a464e/rootfs-x86_64/usr/lib/python3.8/contextlib.py", line 75, in inner
    return func(*args, **kwds)
  File "/python/python-x86_64/lib/python3.8/site-packages/numpy/testing/_private/utils.py", line 862, in assert_array_compare
    raise AssertionError(msg)
AssertionError: 
Not equal to tolerance rtol=1e-05, atol=1e-06

Mismatched elements: 1 / 198810000 (5.03e-07%)
Max absolute difference: 0.03564453
Max relative difference: 1.0107449e-05
 x: array([[3506.9897, 3532.849 , 3520.5999, ..., 3552.7183, 3487.5217,
        3494.1577],
       [3499.3838, 3516.9841, 3522.6565, ..., 3515.898 , 3488.206 ,...
 y: array([[3506.9978, 3532.8477, 3520.604 , ..., 3552.721 , 3487.5173,
        3494.1611],
       [3499.3801, 3516.9834, 3522.6611, ..., 3515.914 , 3488.198 ,...
