@0 GITREV=f03c8e31a208070842975ce20c951fbe74e36afa, GITCLEAN=1
@0 Create from size nx=22 ny=17
@0 dimX=22, dimY=17
@0 Invocation key is: simDC5621AC5CBCD06079348E50A0675E60
@0 Plan key is: plan7ECE51CC487D6D0E6E9EFDFA2F6B79A2
@0 SimTraceCtf, flags:  wavelets=0 landing=1 inst=1 switch_positions=0 stalls=1
@0 P0.0 (hwtile) tile trace flag: inst_trace,landing,stalls
@0 P1.0 (hwtile) tile trace flag: inst_trace,landing,stalls
@0 P2.0 (hwtile) tile trace flag: inst_trace,landing,stalls
@0 P3.0 (hwtile) tile trace flag: inst_trace,landing,stalls
@0 P4.0 (hwtile) tile trace flag: inst_trace,landing,stalls
@0 P5.0 (hwtile) tile trace flag: inst_trace,landing,stalls
@0 P6.0 (hwtile) tile trace flag: inst_trace,landing,stalls
@0 P7.0 (hwtile) tile trace flag: inst_trace,landing,stalls
@0 P8.0 (hwtile) tile trace flag: inst_trace,landing,stalls
@0 P9.0 (hwtile) tile trace flag: inst_trace,landing,stalls
@0 P10.0 (hwtile) tile trace flag: inst_trace,landing,stalls
@0 P11.0 (hwtile) tile trace flag: inst_trace,landing,stalls
@0 P12.0 (hwtile) tile trace flag: inst_trace,landing,stalls
@0 P13.0 (hwtile) tile trace flag: inst_trace,landing,stalls
@0 P14.0 (hwtile) tile trace flag: inst_trace,landing,stalls
@0 P15.0 (hwtile) tile trace flag: inst_trace,landing,stalls
@0 P16.0 (hwtile) tile trace flag: inst_trace,landing,stalls
@0 P17.0 (hwtile) tile trace flag: inst_trace,landing,stalls
@0 P18.0 (hwtile) tile trace flag: inst_trace,landing,stalls
@0 P19.0 (hwtile) tile trace flag: inst_trace,landing,stalls
@0 P20.0 (hwtile) tile trace flag: inst_trace,landing,stalls
@0 P21.0 (hwtile) tile trace flag: inst_trace,landing,stalls
@0 P0.1 (hwtile) tile trace flag: inst_trace,landing,stalls
@0 P1.1 (hwtile) tile trace flag: inst_trace,landing,stalls
@0 P2.1 (hwtile) tile trace flag: inst_trace,landing,stalls
@0 P3.1 (hwtile) tile trace flag: inst_trace,landing,stalls
@0 P4.1 (hwtile) tile trace flag: inst_trace,landing,stalls
@0 P5.1 (hwtile) tile trace flag: inst_trace,landing,stalls
@0 P6.1 (hwtile) tile trace flag: inst_trace,landing,stalls
@0 P7.1 (hwtile) tile trace flag: inst_trace,landing,stalls
@0 P8.1 (hwtile) tile trace flag: inst_trace,landing,stalls
@0 P9.1 (hwtile) tile trace flag: inst_trace,landing,stalls
@0 P10.1 (hwtile) tile trace flag: inst_trace,landing,stalls
@0 P11.1 (hwtile) tile trace flag: inst_trace,landing,stalls
@0 P12.1 (hwtile) tile trace flag: inst_trace,landing,stalls
@0 P13.1 (hwtile) tile trace flag: inst_trace,landing,stalls
@0 P14.1 (hwtile) tile trace flag: inst_trace,landing,stalls
@0 P15.1 (hwtile) tile trace flag: inst_trace,landing,stalls
@0 P16.1 (hwtile) tile trace flag: inst_trace,landing,stalls
@0 P17.1 (hwtile) tile trace flag: inst_trace,landing,stalls
@0 P18.1 (hwtile) tile trace flag: inst_trace,landing,stalls
@0 P19.1 (hwtile) tile trace flag: inst_trace,landing,stalls
@0 P20.1 (hwtile) tile trace flag: inst_trace,landing,stalls
@0 P21.1 (hwtile) tile trace flag: inst_trace,landing,stalls
@0 P0.2 (hwtile) tile trace flag: inst_trace,landing,stalls
@0 P1.2 (hwtile) tile trace flag: inst_trace,landing,stalls
@0 P2.2 (hwtile) tile trace flag: inst_trace,landing,stalls
@0 P3.2 (hwtile) tile trace flag: inst_trace,landing,stalls
@0 P4.2 (hwtile) tile trace flag: inst_trace,landing,stalls
@0 P5.2 (hwtile) tile trace flag: inst_trace,landing,stalls
@0 P6.2 (hwtile) tile trace flag: inst_trace,landing,stalls
@0 P7.2 (hwtile) tile trace flag: inst_trace,landing,stalls
@0 P8.2 (hwtile) tile trace flag: inst_trace,landing,stalls
@0 P9.2 (hwtile) tile trace flag: inst_trace,landing,stalls
@0 P10.2 (hwtile) tile trace flag: inst_trace,landing,stalls
@0 P11.2 (hwtile) tile trace flag: inst_trace,landing,stalls
@0 P12.2 (hwtile) tile trace flag: inst_trace,landing,stalls
@0 P13.2 (hwtile) tile trace flag: inst_trace,landing,stalls
@0 P14.2 (hwtile) tile trace flag: inst_trace,landing,stalls
@0 P15.2 (hwtile) tile trace flag: inst_trace,landing,stalls
@0 P16.2 (hwtile) tile trace flag: inst_trace,landing,stalls
@0 P17.2 (hwtile) tile trace flag: inst_trace,landing,stalls
@0 P18.2 (hwtile) tile trace flag: inst_trace,landing,stalls
@0 P19.2 (hwtile) tile trace flag: inst_trace,landing,stalls
@0 P20.2 (hwtile) tile trace flag: inst_trace,landing,stalls
@0 P21.2 (hwtile) tile trace flag: inst_trace,landing,stalls
@0 P0.3 (hwtile) tile trace flag: inst_trace,landing,stalls
@0 P1.3 (hwtile) tile trace flag: inst_trace,landing,stalls
@0 P2.3 (hwtile) tile trace flag: inst_trace,landing,stalls
@0 P3.3 (hwtile) tile trace flag: inst_trace,landing,stalls
@0 P4.3 (hwtile) tile trace flag: inst_trace,landing,stalls
@0 P5.3 (hwtile) tile trace flag: inst_trace,landing,stalls
@0 P6.3 (hwtile) tile trace flag: inst_trace,landing,stalls
@0 P7.3 (hwtile) tile trace flag: inst_trace,landing,stalls
@0 P8.3 (hwtile) tile trace flag: inst_trace,landing,stalls
@0 P9.3 (hwtile) tile trace flag: inst_trace,landing,stalls
@0 P10.3 (hwtile) tile trace flag: inst_trace,landing,stalls
@0 P11.3 (hwtile) tile trace flag: inst_trace,landing,stalls
@0 P12.3 (hwtile) tile trace flag: inst_trace,landing,stalls
@0 P13.3 (hwtile) tile trace flag: inst_trace,landing,stalls
@0 P14.3 (hwtile) tile trace flag: inst_trace,landing,stalls
@0 P15.3 (hwtile) tile trace flag: inst_trace,landing,stalls
@0 P16.3 (hwtile) tile trace flag: inst_trace,landing,stalls
@0 P17.3 (hwtile) tile trace flag: inst_trace,landing,stalls
@0 P18.3 (hwtile) tile trace flag: inst_trace,landing,stalls
@0 P19.3 (hwtile) tile trace flag: inst_trace,landing,stalls
@0 P20.3 (hwtile) tile trace flag: inst_trace,landing,stalls
@0 P21.3 (hwtile) tile trace flag: inst_trace,landing,stalls
@0 P0.4 (hwtile) tile trace flag: inst_trace,landing,stalls
@0 P1.4 (hwtile) tile trace flag: inst_trace,landing,stalls
@0 P2.4 (hwtile) tile trace flag: inst_trace,landing,stalls
@0 P3.4 (hwtile) tile trace flag: inst_trace,landing,stalls
@0 P4.4 (hwtile) tile trace flag: inst_trace,landing,stalls
@0 P5.4 (hwtile) tile trace flag: inst_trace,landing,stalls
@0 P6.4 (hwtile) tile trace flag: inst_trace,landing,stalls
@0 P7.4 (hwtile) tile trace flag: inst_trace,landing,stalls
@0 P8.4 (hwtile) tile trace flag: inst_trace,landing,stalls
@0 P9.4 (hwtile) tile trace flag: inst_trace,landing,stalls
@0 P10.4 (hwtile) tile trace flag: inst_trace,landing,stalls
@0 P11.4 (hwtile) tile trace flag: inst_trace,landing,stalls
@0 P12.4 (hwtile) tile trace flag: inst_trace,landing,stalls
@0 P13.4 (hwtile) tile trace flag: inst_trace,landing,stalls
@0 P14.4 (hwtile) tile trace flag: inst_trace,landing,stalls
@0 P15.4 (hwtile) tile trace flag: inst_trace,landing,stalls
@0 P16.4 (hwtile) tile trace flag: inst_trace,landing,stalls
@0 P17.4 (hwtile) tile trace flag: inst_trace,landing,stalls
@0 P18.4 (hwtile) tile trace flag: inst_trace,landing,stalls
@0 P19.4 (hwtile) tile trace flag: inst_trace,landing,stalls
@0 P20.4 (hwtile) tile trace flag: inst_trace,landing,stalls
@0 P21.4 (hwtile) tile trace flag: inst_trace,landing,stalls
@0 P0.5 (hwtile) tile trace flag: inst_trace,landing,stalls
@0 P1.5 (hwtile) tile trace flag: inst_trace,landing,stalls
@0 P2.5 (hwtile) tile trace flag: inst_trace,landing,stalls
@0 P3.5 (hwtile) tile trace flag: inst_trace,landing,stalls
@0 P4.5 (hwtile) tile trace flag: inst_trace,landing,stalls
@0 P5.5 (hwtile) tile trace flag: inst_trace,landing,stalls
@0 P6.5 (hwtile) tile trace flag: inst_trace,landing,stalls
@0 P7.5 (hwtile) tile trace flag: inst_trace,landing,stalls
@0 P8.5 (hwtile) tile trace flag: inst_trace,landing,stalls
@0 P9.5 (hwtile) tile trace flag: inst_trace,landing,stalls
@0 P10.5 (hwtile) tile trace flag: inst_trace,landing,stalls
@0 P11.5 (hwtile) tile trace flag: inst_trace,landing,stalls
@0 P12.5 (hwtile) tile trace flag: inst_trace,landing,stalls
@0 P13.5 (hwtile) tile trace flag: inst_trace,landing,stalls
@0 P14.5 (hwtile) tile trace flag: inst_trace,landing,stalls
@0 P15.5 (hwtile) tile trace flag: inst_trace,landing,stalls
@0 P16.5 (hwtile) tile trace flag: inst_trace,landing,stalls
@0 P17.5 (hwtile) tile trace flag: inst_trace,landing,stalls
@0 P18.5 (hwtile) tile trace flag: inst_trace,landing,stalls
@0 P19.5 (hwtile) tile trace flag: inst_trace,landing,stalls
@0 P20.5 (hwtile) tile trace flag: inst_trace,landing,stalls
@0 P21.5 (hwtile) tile trace flag: inst_trace,landing,stalls
@0 P0.6 (hwtile) tile trace flag: inst_trace,landing,stalls
@0 P1.6 (hwtile) tile trace flag: inst_trace,landing,stalls
@0 P2.6 (hwtile) tile trace flag: inst_trace,landing,stalls
@0 P3.6 (hwtile) tile trace flag: inst_trace,landing,stalls
@0 P4.6 (hwtile) tile trace flag: inst_trace,landing,stalls
@0 P5.6 (hwtile) tile trace flag: inst_trace,landing,stalls
@0 P6.6 (hwtile) tile trace flag: inst_trace,landing,stalls
@0 P7.6 (hwtile) tile trace flag: inst_trace,landing,stalls
@0 P8.6 (hwtile) tile trace flag: inst_trace,landing,stalls
@0 P9.6 (hwtile) tile trace flag: inst_trace,landing,stalls
@0 P10.6 (hwtile) tile trace flag: inst_trace,landing,stalls
@0 P11.6 (hwtile) tile trace flag: inst_trace,landing,stalls
@0 P12.6 (hwtile) tile trace flag: inst_trace,landing,stalls
@0 P13.6 (hwtile) tile trace flag: inst_trace,landing,stalls
@0 P14.6 (hwtile) tile trace flag: inst_trace,landing,stalls
@0 P15.6 (hwtile) tile trace flag: inst_trace,landing,stalls
@0 P16.6 (hwtile) tile trace flag: inst_trace,landing,stalls
@0 P17.6 (hwtile) tile trace flag: inst_trace,landing,stalls
@0 P18.6 (hwtile) tile trace flag: inst_trace,landing,stalls
@0 P19.6 (hwtile) tile trace flag: inst_trace,landing,stalls
@0 P20.6 (hwtile) tile trace flag: inst_trace,landing,stalls
@0 P21.6 (hwtile) tile trace flag: inst_trace,landing,stalls
@0 P0.7 (hwtile) tile trace flag: inst_trace,landing,stalls
@0 P1.7 (hwtile) tile trace flag: inst_trace,landing,stalls
@0 P2.7 (hwtile) tile trace flag: inst_trace,landing,stalls
@0 P3.7 (hwtile) tile trace flag: inst_trace,landing,stalls
@0 P4.7 (hwtile) tile trace flag: inst_trace,landing,stalls
@0 P5.7 (hwtile) tile trace flag: inst_trace,landing,stalls
@0 P6.7 (hwtile) tile trace flag: inst_trace,landing,stalls
@0 P7.7 (hwtile) tile trace flag: inst_trace,landing,stalls
@0 P8.7 (hwtile) tile trace flag: inst_trace,landing,stalls
@0 P9.7 (hwtile) tile trace flag: inst_trace,landing,stalls
@0 P10.7 (hwtile) tile trace flag: inst_trace,landing,stalls
@0 P11.7 (hwtile) tile trace flag: inst_trace,landing,stalls
@0 P12.7 (hwtile) tile trace flag: inst_trace,landing,stalls
@0 P13.7 (hwtile) tile trace flag: inst_trace,landing,stalls
@0 P14.7 (hwtile) tile trace flag: inst_trace,landing,stalls
@0 P15.7 (hwtile) tile trace flag: inst_trace,landing,stalls
@0 P16.7 (hwtile) tile trace flag: inst_trace,landing,stalls
@0 P17.7 (hwtile) tile trace flag: inst_trace,landing,stalls
@0 P18.7 (hwtile) tile trace flag: inst_trace,landing,stalls
@0 P19.7 (hwtile) tile trace flag: inst_trace,landing,stalls
@0 P20.7 (hwtile) tile trace flag: inst_trace,landing,stalls
@0 P21.7 (hwtile) tile trace flag: inst_trace,landing,stalls
@0 P0.8 (hwtile) tile trace flag: inst_trace,landing,stalls
@0 P1.8 (hwtile) tile trace flag: inst_trace,landing,stalls
@0 P2.8 (hwtile) tile trace flag: inst_trace,landing,stalls
@0 P3.8 (hwtile) tile trace flag: inst_trace,landing,stalls
@0 P4.8 (hwtile) tile trace flag: inst_trace,landing,stalls
@0 P5.8 (hwtile) tile trace flag: inst_trace,landing,stalls
@0 P6.8 (hwtile) tile trace flag: inst_trace,landing,stalls
@0 P7.8 (hwtile) tile trace flag: inst_trace,landing,stalls
@0 P8.8 (hwtile) tile trace flag: inst_trace,landing,stalls
@0 P9.8 (hwtile) tile trace flag: inst_trace,landing,stalls
@0 P10.8 (hwtile) tile trace flag: inst_trace,landing,stalls
@0 P11.8 (hwtile) tile trace flag: inst_trace,landing,stalls
@0 P12.8 (hwtile) tile trace flag: inst_trace,landing,stalls
@0 P13.8 (hwtile) tile trace flag: inst_trace,landing,stalls
@0 P14.8 (hwtile) tile trace flag: inst_trace,landing,stalls
@0 P15.8 (hwtile) tile trace flag: inst_trace,landing,stalls
@0 P16.8 (hwtile) tile trace flag: inst_trace,landing,stalls
@0 P17.8 (hwtile) tile trace flag: inst_trace,landing,stalls
@0 P18.8 (hwtile) tile trace flag: inst_trace,landing,stalls
@0 P19.8 (hwtile) tile trace flag: inst_trace,landing,stalls
@0 P20.8 (hwtile) tile trace flag: inst_trace,landing,stalls
@0 P21.8 (hwtile) tile trace flag: inst_trace,landing,stalls
@0 P0.9 (hwtile) tile trace flag: inst_trace,landing,stalls
@0 P1.9 (hwtile) tile trace flag: inst_trace,landing,stalls
@0 P2.9 (hwtile) tile trace flag: inst_trace,landing,stalls
@0 P3.9 (hwtile) tile trace flag: inst_trace,landing,stalls
@0 P4.9 (hwtile) tile trace flag: inst_trace,landing,stalls
@0 P5.9 (hwtile) tile trace flag: inst_trace,landing,stalls
@0 P6.9 (hwtile) tile trace flag: inst_trace,landing,stalls
@0 P7.9 (hwtile) tile trace flag: inst_trace,landing,stalls
@0 P8.9 (hwtile) tile trace flag: inst_trace,landing,stalls
@0 P9.9 (hwtile) tile trace flag: inst_trace,landing,stalls
@0 P10.9 (hwtile) tile trace flag: inst_trace,landing,stalls
@0 P11.9 (hwtile) tile trace flag: inst_trace,landing,stalls
@0 P12.9 (hwtile) tile trace flag: inst_trace,landing,stalls
@0 P13.9 (hwtile) tile trace flag: inst_trace,landing,stalls
@0 P14.9 (hwtile) tile trace flag: inst_trace,landing,stalls
@0 P15.9 (hwtile) tile trace flag: inst_trace,landing,stalls
@0 P16.9 (hwtile) tile trace flag: inst_trace,landing,stalls
@0 P17.9 (hwtile) tile trace flag: inst_trace,landing,stalls
@0 P18.9 (hwtile) tile trace flag: inst_trace,landing,stalls
@0 P19.9 (hwtile) tile trace flag: inst_trace,landing,stalls
@0 P20.9 (hwtile) tile trace flag: inst_trace,landing,stalls
@0 P21.9 (hwtile) tile trace flag: inst_trace,landing,stalls
@0 P0.10 (hwtile) tile trace flag: inst_trace,landing,stalls
@0 P1.10 (hwtile) tile trace flag: inst_trace,landing,stalls
@0 P2.10 (hwtile) tile trace flag: inst_trace,landing,stalls
@0 P3.10 (hwtile) tile trace flag: inst_trace,landing,stalls
@0 P4.10 (hwtile) tile trace flag: inst_trace,landing,stalls
@0 P5.10 (hwtile) tile trace flag: inst_trace,landing,stalls
@0 P6.10 (hwtile) tile trace flag: inst_trace,landing,stalls
@0 P7.10 (hwtile) tile trace flag: inst_trace,landing,stalls
@0 P8.10 (hwtile) tile trace flag: inst_trace,landing,stalls
@0 P9.10 (hwtile) tile trace flag: inst_trace,landing,stalls
@0 P10.10 (hwtile) tile trace flag: inst_trace,landing,stalls
@0 P11.10 (hwtile) tile trace flag: inst_trace,landing,stalls
@0 P12.10 (hwtile) tile trace flag: inst_trace,landing,stalls
@0 P13.10 (hwtile) tile trace flag: inst_trace,landing,stalls
@0 P14.10 (hwtile) tile trace flag: inst_trace,landing,stalls
@0 P15.10 (hwtile) tile trace flag: inst_trace,landing,stalls
@0 P16.10 (hwtile) tile trace flag: inst_trace,landing,stalls
@0 P17.10 (hwtile) tile trace flag: inst_trace,landing,stalls
@0 P18.10 (hwtile) tile trace flag: inst_trace,landing,stalls
@0 P19.10 (hwtile) tile trace flag: inst_trace,landing,stalls
@0 P20.10 (hwtile) tile trace flag: inst_trace,landing,stalls
@0 P21.10 (hwtile) tile trace flag: inst_trace,landing,stalls
@0 P0.11 (hwtile) tile trace flag: inst_trace,landing,stalls
@0 P1.11 (hwtile) tile trace flag: inst_trace,landing,stalls
@0 P2.11 (hwtile) tile trace flag: inst_trace,landing,stalls
@0 P3.11 (hwtile) tile trace flag: inst_trace,landing,stalls
@0 P4.11 (hwtile) tile trace flag: inst_trace,landing,stalls
@0 P5.11 (hwtile) tile trace flag: inst_trace,landing,stalls
@0 P6.11 (hwtile) tile trace flag: inst_trace,landing,stalls
@0 P7.11 (hwtile) tile trace flag: inst_trace,landing,stalls
@0 P8.11 (hwtile) tile trace flag: inst_trace,landing,stalls
@0 P9.11 (hwtile) tile trace flag: inst_trace,landing,stalls
@0 P10.11 (hwtile) tile trace flag: inst_trace,landing,stalls
@0 P11.11 (hwtile) tile trace flag: inst_trace,landing,stalls
@0 P12.11 (hwtile) tile trace flag: inst_trace,landing,stalls
@0 P13.11 (hwtile) tile trace flag: inst_trace,landing,stalls
@0 P14.11 (hwtile) tile trace flag: inst_trace,landing,stalls
@0 P15.11 (hwtile) tile trace flag: inst_trace,landing,stalls
@0 P16.11 (hwtile) tile trace flag: inst_trace,landing,stalls
@0 P17.11 (hwtile) tile trace flag: inst_trace,landing,stalls
@0 P18.11 (hwtile) tile trace flag: inst_trace,landing,stalls
@0 P19.11 (hwtile) tile trace flag: inst_trace,landing,stalls
@0 P20.11 (hwtile) tile trace flag: inst_trace,landing,stalls
@0 P21.11 (hwtile) tile trace flag: inst_trace,landing,stalls
@0 P0.12 (hwtile) tile trace flag: inst_trace,landing,stalls
@0 P1.12 (hwtile) tile trace flag: inst_trace,landing,stalls
@0 P2.12 (hwtile) tile trace flag: inst_trace,landing,stalls
@0 P3.12 (hwtile) tile trace flag: inst_trace,landing,stalls
@0 P4.12 (hwtile) tile trace flag: inst_trace,landing,stalls
@0 P5.12 (hwtile) tile trace flag: inst_trace,landing,stalls
@0 P6.12 (hwtile) tile trace flag: inst_trace,landing,stalls
@0 P7.12 (hwtile) tile trace flag: inst_trace,landing,stalls
@0 P8.12 (hwtile) tile trace flag: inst_trace,landing,stalls
@0 P9.12 (hwtile) tile trace flag: inst_trace,landing,stalls
@0 P10.12 (hwtile) tile trace flag: inst_trace,landing,stalls
@0 P11.12 (hwtile) tile trace flag: inst_trace,landing,stalls
@0 P12.12 (hwtile) tile trace flag: inst_trace,landing,stalls
@0 P13.12 (hwtile) tile trace flag: inst_trace,landing,stalls
@0 P14.12 (hwtile) tile trace flag: inst_trace,landing,stalls
@0 P15.12 (hwtile) tile trace flag: inst_trace,landing,stalls
@0 P16.12 (hwtile) tile trace flag: inst_trace,landing,stalls
@0 P17.12 (hwtile) tile trace flag: inst_trace,landing,stalls
@0 P18.12 (hwtile) tile trace flag: inst_trace,landing,stalls
@0 P19.12 (hwtile) tile trace flag: inst_trace,landing,stalls
@0 P20.12 (hwtile) tile trace flag: inst_trace,landing,stalls
@0 P21.12 (hwtile) tile trace flag: inst_trace,landing,stalls
@0 P0.13 (hwtile) tile trace flag: inst_trace,landing,stalls
@0 P1.13 (hwtile) tile trace flag: inst_trace,landing,stalls
@0 P2.13 (hwtile) tile trace flag: inst_trace,landing,stalls
@0 P3.13 (hwtile) tile trace flag: inst_trace,landing,stalls
@0 P4.13 (hwtile) tile trace flag: inst_trace,landing,stalls
@0 P5.13 (hwtile) tile trace flag: inst_trace,landing,stalls
@0 P6.13 (hwtile) tile trace flag: inst_trace,landing,stalls
@0 P7.13 (hwtile) tile trace flag: inst_trace,landing,stalls
@0 P8.13 (hwtile) tile trace flag: inst_trace,landing,stalls
@0 P9.13 (hwtile) tile trace flag: inst_trace,landing,stalls
@0 P10.13 (hwtile) tile trace flag: inst_trace,landing,stalls
@0 P11.13 (hwtile) tile trace flag: inst_trace,landing,stalls
@0 P12.13 (hwtile) tile trace flag: inst_trace,landing,stalls
@0 P13.13 (hwtile) tile trace flag: inst_trace,landing,stalls
@0 P14.13 (hwtile) tile trace flag: inst_trace,landing,stalls
@0 P15.13 (hwtile) tile trace flag: inst_trace,landing,stalls
@0 P16.13 (hwtile) tile trace flag: inst_trace,landing,stalls
@0 P17.13 (hwtile) tile trace flag: inst_trace,landing,stalls
@0 P18.13 (hwtile) tile trace flag: inst_trace,landing,stalls
@0 P19.13 (hwtile) tile trace flag: inst_trace,landing,stalls
@0 P20.13 (hwtile) tile trace flag: inst_trace,landing,stalls
@0 P21.13 (hwtile) tile trace flag: inst_trace,landing,stalls
@0 P0.14 (hwtile) tile trace flag: inst_trace,landing,stalls
@0 P1.14 (hwtile) tile trace flag: inst_trace,landing,stalls
@0 P2.14 (hwtile) tile trace flag: inst_trace,landing,stalls
@0 P3.14 (hwtile) tile trace flag: inst_trace,landing,stalls
@0 P4.14 (hwtile) tile trace flag: inst_trace,landing,stalls
@0 P5.14 (hwtile) tile trace flag: inst_trace,landing,stalls
@0 P6.14 (hwtile) tile trace flag: inst_trace,landing,stalls
@0 P7.14 (hwtile) tile trace flag: inst_trace,landing,stalls
@0 P8.14 (hwtile) tile trace flag: inst_trace,landing,stalls
@0 P9.14 (hwtile) tile trace flag: inst_trace,landing,stalls
@0 P10.14 (hwtile) tile trace flag: inst_trace,landing,stalls
@0 P11.14 (hwtile) tile trace flag: inst_trace,landing,stalls
@0 P12.14 (hwtile) tile trace flag: inst_trace,landing,stalls
@0 P13.14 (hwtile) tile trace flag: inst_trace,landing,stalls
@0 P14.14 (hwtile) tile trace flag: inst_trace,landing,stalls
@0 P15.14 (hwtile) tile trace flag: inst_trace,landing,stalls
@0 P16.14 (hwtile) tile trace flag: inst_trace,landing,stalls
@0 P17.14 (hwtile) tile trace flag: inst_trace,landing,stalls
@0 P18.14 (hwtile) tile trace flag: inst_trace,landing,stalls
@0 P19.14 (hwtile) tile trace flag: inst_trace,landing,stalls
@0 P20.14 (hwtile) tile trace flag: inst_trace,landing,stalls
@0 P21.14 (hwtile) tile trace flag: inst_trace,landing,stalls
@0 P0.15 (hwtile) tile trace flag: inst_trace,landing,stalls
@0 P1.15 (hwtile) tile trace flag: inst_trace,landing,stalls
@0 P2.15 (hwtile) tile trace flag: inst_trace,landing,stalls
@0 P3.15 (hwtile) tile trace flag: inst_trace,landing,stalls
@0 P4.15 (hwtile) tile trace flag: inst_trace,landing,stalls
@0 P5.15 (hwtile) tile trace flag: inst_trace,landing,stalls
@0 P6.15 (hwtile) tile trace flag: inst_trace,landing,stalls
@0 P7.15 (hwtile) tile trace flag: inst_trace,landing,stalls
@0 P8.15 (hwtile) tile trace flag: inst_trace,landing,stalls
@0 P9.15 (hwtile) tile trace flag: inst_trace,landing,stalls
@0 P10.15 (hwtile) tile trace flag: inst_trace,landing,stalls
@0 P11.15 (hwtile) tile trace flag: inst_trace,landing,stalls
@0 P12.15 (hwtile) tile trace flag: inst_trace,landing,stalls
@0 P13.15 (hwtile) tile trace flag: inst_trace,landing,stalls
@0 P14.15 (hwtile) tile trace flag: inst_trace,landing,stalls
@0 P15.15 (hwtile) tile trace flag: inst_trace,landing,stalls
@0 P16.15 (hwtile) tile trace flag: inst_trace,landing,stalls
@0 P17.15 (hwtile) tile trace flag: inst_trace,landing,stalls
@0 P18.15 (hwtile) tile trace flag: inst_trace,landing,stalls
@0 P19.15 (hwtile) tile trace flag: inst_trace,landing,stalls
@0 P20.15 (hwtile) tile trace flag: inst_trace,landing,stalls
@0 P21.15 (hwtile) tile trace flag: inst_trace,landing,stalls
@0 P0.16 (hwtile) tile trace flag: inst_trace,landing,stalls
@0 P1.16 (hwtile) tile trace flag: inst_trace,landing,stalls
@0 P2.16 (hwtile) tile trace flag: inst_trace,landing,stalls
@0 P3.16 (hwtile) tile trace flag: inst_trace,landing,stalls
@0 P4.16 (hwtile) tile trace flag: inst_trace,landing,stalls
@0 P5.16 (hwtile) tile trace flag: inst_trace,landing,stalls
@0 P6.16 (hwtile) tile trace flag: inst_trace,landing,stalls
@0 P7.16 (hwtile) tile trace flag: inst_trace,landing,stalls
@0 P8.16 (hwtile) tile trace flag: inst_trace,landing,stalls
@0 P9.16 (hwtile) tile trace flag: inst_trace,landing,stalls
@0 P10.16 (hwtile) tile trace flag: inst_trace,landing,stalls
@0 P11.16 (hwtile) tile trace flag: inst_trace,landing,stalls
@0 P12.16 (hwtile) tile trace flag: inst_trace,landing,stalls
@0 P13.16 (hwtile) tile trace flag: inst_trace,landing,stalls
@0 P14.16 (hwtile) tile trace flag: inst_trace,landing,stalls
@0 P15.16 (hwtile) tile trace flag: inst_trace,landing,stalls
@0 P16.16 (hwtile) tile trace flag: inst_trace,landing,stalls
@0 P17.16 (hwtile) tile trace flag: inst_trace,landing,stalls
@0 P18.16 (hwtile) tile trace flag: inst_trace,landing,stalls
@0 P19.16 (hwtile) tile trace flag: inst_trace,landing,stalls
@0 P20.16 (hwtile) tile trace flag: inst_trace,landing,stalls
@0 P21.16 (hwtile) tile trace flag: inst_trace,landing,stalls
@0 LW0 (nul) tile trace flag: inst_trace,landing,stalls
@0 LW1 (iotile) tile trace flag: inst_trace,landing,stalls
@0 LW2 (nul) tile trace flag: inst_trace,landing,stalls
@0 LW3 (nul) tile trace flag: inst_trace,landing,stalls
@0 LW4 (nul) tile trace flag: inst_trace,landing,stalls
@0 LW5 (nul) tile trace flag: inst_trace,landing,stalls
@0 LW6 (nul) tile trace flag: inst_trace,landing,stalls
@0 LW7 (nul) tile trace flag: inst_trace,landing,stalls
@0 LW8 (nul) tile trace flag: inst_trace,landing,stalls
@0 LW9 (nul) tile trace flag: inst_trace,landing,stalls
@0 LW10 (nul) tile trace flag: inst_trace,landing,stalls
@0 LW11 (nul) tile trace flag: inst_trace,landing,stalls
@0 LW12 (nul) tile trace flag: inst_trace,landing,stalls
@0 LW13 (nul) tile trace flag: inst_trace,landing,stalls
@0 LW14 (nul) tile trace flag: inst_trace,landing,stalls
@0 LW15 (iotile) tile trace flag: inst_trace,landing,stalls
@0 LW16 (nul) tile trace flag: inst_trace,landing,stalls
@0 LE0 (nul) tile trace flag: inst_trace,landing,stalls
@0 LE1 (nul) tile trace flag: inst_trace,landing,stalls
@0 LE2 (nul) tile trace flag: inst_trace,landing,stalls
@0 LE3 (nul) tile trace flag: inst_trace,landing,stalls
@0 LE4 (nul) tile trace flag: inst_trace,landing,stalls
@0 LE5 (nul) tile trace flag: inst_trace,landing,stalls
@0 LE6 (nul) tile trace flag: inst_trace,landing,stalls
@0 LE7 (nul) tile trace flag: inst_trace,landing,stalls
@0 LE8 (nul) tile trace flag: inst_trace,landing,stalls
@0 LE9 (nul) tile trace flag: inst_trace,landing,stalls
@0 LE10 (nul) tile trace flag: inst_trace,landing,stalls
@0 LE11 (nul) tile trace flag: inst_trace,landing,stalls
@0 LE12 (nul) tile trace flag: inst_trace,landing,stalls
@0 LE13 (nul) tile trace flag: inst_trace,landing,stalls
@0 LE14 (iotile) tile trace flag: inst_trace,landing,stalls
@0 LE15 (iotile) tile trace flag: inst_trace,landing,stalls
@0 LE16 (nul) tile trace flag: inst_trace,landing,stalls
@0 LN0 (nul) tile trace flag: inst_trace,landing,stalls
@0 LN1 (nul) tile trace flag: inst_trace,landing,stalls
@0 LN2 (nul) tile trace flag: inst_trace,landing,stalls
@0 LN3 (nul) tile trace flag: inst_trace,landing,stalls
@0 LN4 (nul) tile trace flag: inst_trace,landing,stalls
@0 LN5 (nul) tile trace flag: inst_trace,landing,stalls
@0 LN6 (nul) tile trace flag: inst_trace,landing,stalls
@0 LN7 (nul) tile trace flag: inst_trace,landing,stalls
@0 LN8 (nul) tile trace flag: inst_trace,landing,stalls
@0 LN9 (nul) tile trace flag: inst_trace,landing,stalls
@0 LN10 (nul) tile trace flag: inst_trace,landing,stalls
@0 LN11 (nul) tile trace flag: inst_trace,landing,stalls
@0 LN12 (nul) tile trace flag: inst_trace,landing,stalls
@0 LN13 (nul) tile trace flag: inst_trace,landing,stalls
@0 LN14 (nul) tile trace flag: inst_trace,landing,stalls
@0 LN15 (nul) tile trace flag: inst_trace,landing,stalls
@0 LN16 (nul) tile trace flag: inst_trace,landing,stalls
@0 LN17 (nul) tile trace flag: inst_trace,landing,stalls
@0 LN18 (nul) tile trace flag: inst_trace,landing,stalls
@0 LN19 (nul) tile trace flag: inst_trace,landing,stalls
@0 LN20 (nul) tile trace flag: inst_trace,landing,stalls
@0 LN21 (nul) tile trace flag: inst_trace,landing,stalls
@0 LS0 (nul) tile trace flag: inst_trace,landing,stalls
@0 LS1 (nul) tile trace flag: inst_trace,landing,stalls
@0 LS2 (nul) tile trace flag: inst_trace,landing,stalls
@0 LS3 (nul) tile trace flag: inst_trace,landing,stalls
@0 LS4 (nul) tile trace flag: inst_trace,landing,stalls
@0 LS5 (nul) tile trace flag: inst_trace,landing,stalls
@0 LS6 (nul) tile trace flag: inst_trace,landing,stalls
@0 LS7 (nul) tile trace flag: inst_trace,landing,stalls
@0 LS8 (nul) tile trace flag: inst_trace,landing,stalls
@0 LS9 (nul) tile trace flag: inst_trace,landing,stalls
@0 LS10 (nul) tile trace flag: inst_trace,landing,stalls
@0 LS11 (nul) tile trace flag: inst_trace,landing,stalls
@0 LS12 (nul) tile trace flag: inst_trace,landing,stalls
@0 LS13 (nul) tile trace flag: inst_trace,landing,stalls
@0 LS14 (nul) tile trace flag: inst_trace,landing,stalls
@0 LS15 (nul) tile trace flag: inst_trace,landing,stalls
@0 LS16 (nul) tile trace flag: inst_trace,landing,stalls
@0 LS17 (nul) tile trace flag: inst_trace,landing,stalls
@0 LS18 (nul) tile trace flag: inst_trace,landing,stalls
@0 LS19 (nul) tile trace flag: inst_trace,landing,stalls
@0 LS20 (nul) tile trace flag: inst_trace,landing,stalls
@0 LS21 (nul) tile trace flag: inst_trace,landing,stalls
@0 Architecture is: FYN
@0 Simtile is: hwtile
@0 Sim stats: config-time=0.23, nodes=1, threads=5
@0 Sim stats: tiles=452, simulated_tiles=378, hwtile=374, iotile=4, nultile=74
@53046 Stopping due to user request
@53046 1987 cycles since an instruction was executed, 2014 cycles since a wavelet landed
@53046 Simulation used 29.48 seconds, init-time=0.25, total-time=29.74, cycles=53046, cyc/sec=1799.33, tile-cyc/sec=680147.79, tile-cyc/sec-thread=136029.56
@53046 CTF Stats: num_stalls_       =    116907692
@53046 CTF Stats: num_wavelets      =       568133
@53046 CTF Stats: num_inst_dispatch =      1352783
@53046 CTF Stats: num_inst_pipe     =      2757119
@53046 CTF Stats: num_switch_pos    =            0
