Timestamps transfer done
246566.57411764705
Traceback (most recent call last):
  File "./run.py", line 166, in <module>
    np.testing.assert_allclose(C_expected, C, rtol=1e-05, atol=1e-06)
  File "/python/python-x86_64/lib/python3.8/site-packages/numpy/testing/_private/utils.py", line 1592, in assert_allclose
    assert_array_compare(compare, actual, desired, err_msg=str(err_msg),
  File "/cb/toolchains/buildroot/monolith-default/202403181828-238-5e1418a5/rootfs-x86_64/usr/lib/python3.8/contextlib.py", line 75, in inner
    return func(*args, **kwds)
  File "/python/python-x86_64/lib/python3.8/site-packages/numpy/testing/_private/utils.py", line 862, in assert_array_compare
    raise AssertionError(msg)
AssertionError: 
Not equal to tolerance rtol=1e-05, atol=1e-06

Mismatched elements: 26080 / 1036840000 (0.00252%)
Max absolute difference: 0.12060547
Max relative difference: 1.5111995e-05
 x: array([[8072.5513, 8026.4736, 8027.3804, ..., 7971.834 , 7993.4136,
        8058.193 ],
       [8116.5796, 8091.9663, 8075.8384, ..., 8034.5186, 8053.943 ,...
 y: array([[8072.531 , 8026.457 , 8027.3623, ..., 7971.8   , 7993.3984,
        8058.177 ],
       [8116.5786, 8091.966 , 8075.8496, ..., 8034.518 , 8053.9404,...
Program completed in: 00:17:56
