Timestamps transfer done
176114.67647058825
Traceback (most recent call last):
  File "./run.py", line 166, in <module>
    np.testing.assert_allclose(C_expected, C, rtol=1e-05, atol=1e-06)
  File "/python/python-x86_64/lib/python3.8/site-packages/numpy/testing/_private/utils.py", line 1592, in assert_allclose
    assert_array_compare(compare, actual, desired, err_msg=str(err_msg),
  File "/cb/toolchains/buildroot/monolith-default/202403181828-238-5e1418a5/rootfs-x86_64/usr/lib/python3.8/contextlib.py", line 75, in inner
    return func(*args, **kwds)
  File "/python/python-x86_64/lib/python3.8/site-packages/numpy/testing/_private/utils.py", line 862, in assert_array_compare
    raise AssertionError(msg)
AssertionError: 
Not equal to tolerance rtol=1e-05, atol=1e-06

Mismatched elements: 9215 / 529000000 (0.00174%)
Max absolute difference: 0.08105469
Max relative difference: 1.41877745e-05
 x: array([[5705.934 , 5678.364 , 5756.2188, ..., 5736.546 , 5694.088 ,
        5733.7104],
       [5717.216 , 5688.6343, 5745.1997, ..., 5784.639 , 5749.5664,...
 y: array([[5705.933 , 5678.3657, 5756.2324, ..., 5736.5405, 5694.079 ,
        5733.709 ],
       [5717.219 , 5688.6167, 5745.1816, ..., 5784.6367, 5749.581 ,...
Program completed in: 00:07:41
