INFO: Using SIF: /shared/data1/Projects/Cerebras/acceptance/hpc/cs_sdk_1.1.0/sdk-cbcore-202404122356-8-a1162951.sif
out/bin  
out/out.json .json 
out/east  
out/west  
out/generated  
out/bin/out_rpc.json .json 
out/bin/out_1_0.elf .elf 
out/bin/out_0_0.elf .elf 
out/bin/out_2_0.elf .elf 
out/bin/out_4_12.elf .elf 
out/bin/out_8_0.elf .elf 
out/bin/out_3_0.elf .elf 
out/bin/out_4_40.elf .elf 
out/bin/out_4_124.elf .elf 
out/bin/out_4_88.elf .elf 
out/bin/out_4_56.elf .elf 
out/bin/out_7_0.elf .elf 
out/bin/out_4_80.elf .elf 
out/bin/out_4_140.elf .elf 
out/bin/out_4_64.elf .elf 
out/bin/out_4_4.elf .elf 
out/bin/out_4_136.elf .elf 
out/bin/out_4_8.elf .elf 
out/bin/out_4_0.elf .elf 
out/bin/out_4_60.elf .elf 
out/bin/out_4_24.elf .elf 
out/bin/out_4_84.elf .elf 
out/bin/out_4_96.elf .elf 
out/bin/out_4_44.elf .elf 
out/bin/out_4_108.elf .elf 
out/bin/out_4_156.elf .elf 
out/bin/out_4_28.elf .elf 
out/bin/out_4_32.elf .elf 
out/bin/out_4_192.elf .elf 
out/bin/out_4_92.elf .elf 
out/bin/out_4_120.elf .elf 
out/bin/out_4_112.elf .elf 
out/bin/out_4_193.elf .elf 
out/bin/out_4_68.elf .elf 
out/bin/out_4_164.elf .elf 
out/bin/out_4_144.elf .elf 
out/bin/out_5_0.elf .elf 
out/bin/out_4_160.elf .elf 
out/bin/out_6_0.elf .elf 
out/bin/out_4_104.elf .elf 
out/bin/out_4_116.elf .elf 
out/bin/out_4_168.elf .elf 
out/bin/out_4_16.elf .elf 
out/bin/out_4_128.elf .elf 
out/bin/out_4_72.elf .elf 
out/bin/out_4_100.elf .elf 
out/bin/out_4_76.elf .elf 
out/bin/out_4_176.elf .elf 
out/bin/out_4_188.elf .elf 
out/bin/out_4_52.elf .elf 
out/bin/out_4_36.elf .elf 
out/bin/out_4_73.elf .elf 
out/bin/out_4_148.elf .elf 
out/bin/out_4_20.elf .elf 
out/bin/out_4_184.elf .elf 
out/bin/out_4_132.elf .elf 
out/bin/out_4_180.elf .elf 
out/bin/out_4_172.elf .elf 
out/bin/out_4_48.elf .elf 
out/bin/out_4_152.elf .elf 
out/bin/out_4_57.elf .elf 
out/bin/out_4_125.elf .elf 
out/bin/out_4_41.elf .elf 
out/bin/out_4_89.elf .elf 
out/bin/out_4_25.elf .elf 
out/bin/out_4_9.elf .elf 
out/bin/out_4_61.elf .elf 
out/bin/out_4_1.elf .elf 
out/bin/out_4_65.elf .elf 
out/bin/out_4_81.elf .elf 
out/bin/out_4_5.elf .elf 
out/bin/out_4_157.elf .elf 
out/bin/out_4_85.elf .elf 
out/bin/out_4_13.elf .elf 
out/bin/out_4_141.elf .elf 
out/bin/out_4_109.elf .elf 
out/bin/out_4_29.elf .elf 
out/bin/out_4_45.elf .elf 
out/bin/out_4_93.elf .elf 
out/bin/out_4_33.elf .elf 
out/bin/out_4_137.elf .elf 
out/bin/out_4_165.elf .elf 
out/bin/out_4_121.elf .elf 
out/bin/out_4_117.elf .elf 
out/bin/out_4_129.elf .elf 
out/bin/out_4_37.elf .elf 
out/bin/out_4_69.elf .elf 
out/bin/out_4_161.elf .elf 
out/bin/out_4_21.elf .elf 
out/bin/out_4_173.elf .elf 
out/bin/out_4_77.elf .elf 
out/bin/out_4_145.elf .elf 
out/bin/out_4_113.elf .elf 
out/bin/out_4_97.elf .elf 
out/bin/out_4_49.elf .elf 
out/bin/out_4_169.elf .elf 
out/bin/out_4_142.elf .elf 
out/bin/out_4_185.elf .elf 
out/bin/out_4_177.elf .elf 
out/bin/out_4_105.elf .elf 
out/bin/out_4_189.elf .elf 
out/bin/out_4_17.elf .elf 
out/bin/out_4_101.elf .elf 
out/bin/out_4_149.elf .elf 
out/bin/out_4_153.elf .elf 
out/bin/out_4_181.elf .elf 
out/bin/out_4_53.elf .elf 
out/bin/out_4_133.elf .elf 
out/bin/out_4_126.elf .elf 
out/bin/out_4_42.elf .elf 
out/bin/out_4_58.elf .elf 
out/bin/out_4_10.elf .elf 
out/bin/out_4_90.elf .elf 
out/bin/out_4_62.elf .elf 
out/bin/out_4_66.elf .elf 
out/bin/out_4_2.elf .elf 
out/bin/out_4_110.elf .elf 
out/bin/out_4_82.elf .elf 
out/bin/out_4_14.elf .elf 
out/bin/out_4_158.elf .elf 
out/bin/out_4_86.elf .elf 
out/bin/out_4_78.elf .elf 
out/bin/out_4_6.elf .elf 
out/bin/out_4_26.elf .elf 
out/bin/out_4_30.elf .elf 
out/bin/out_4_34.elf .elf 
out/bin/out_4_46.elf .elf 
out/bin/out_4_94.elf .elf 
out/bin/out_4_166.elf .elf 
out/bin/out_4_138.elf .elf 
out/bin/out_4_50.elf .elf 
out/bin/out_4_22.elf .elf 
out/bin/out_4_118.elf .elf 
out/bin/out_4_174.elf .elf 
out/bin/out_4_130.elf .elf 
out/bin/out_4_38.elf .elf 
out/bin/out_4_122.elf .elf 
out/bin/out_4_162.elf .elf 
out/bin/out_4_114.elf .elf 
out/bin/out_4_106.elf .elf 
out/bin/out_4_178.elf .elf 
out/bin/out_4_70.elf .elf 
out/bin/out_4_146.elf .elf 
out/bin/out_4_186.elf .elf 
out/bin/out_4_170.elf .elf 
out/bin/out_4_102.elf .elf 
out/bin/out_4_54.elf .elf 
out/bin/out_4_74.elf .elf 
out/bin/out_4_43.elf .elf 
out/bin/out_4_190.elf .elf 
out/bin/out_4_98.elf .elf 
out/bin/out_4_18.elf .elf 
out/bin/out_4_150.elf .elf 
out/bin/out_4_154.elf .elf 
out/bin/out_4_134.elf .elf 
out/bin/out_4_182.elf .elf 
out/bin/out_4_91.elf .elf 
out/bin/out_4_11.elf .elf 
out/bin/out_4_63.elf .elf 
out/bin/out_4_127.elf .elf 
out/bin/out_4_83.elf .elf 
out/bin/out_4_67.elf .elf 
out/bin/out_4_107.elf .elf 
out/bin/out_4_3.elf .elf 
out/bin/out_4_59.elf .elf 
out/bin/out_4_31.elf .elf 
out/bin/out_4_159.elf .elf 
out/bin/out_4_111.elf .elf 
out/bin/out_4_15.elf .elf 
out/bin/out_4_87.elf .elf 
out/bin/out_4_143.elf .elf 
out/bin/out_4_7.elf .elf 
out/bin/out_4_27.elf .elf 
out/bin/out_4_35.elf .elf 
out/bin/out_4_47.elf .elf 
out/bin/out_4_95.elf .elf 
out/bin/out_4_167.elf .elf 
out/bin/out_4_23.elf .elf 
out/bin/out_4_139.elf .elf 
out/bin/out_4_103.elf .elf 
out/bin/out_4_191.elf .elf 
out/bin/out_4_51.elf .elf 
out/bin/out_4_123.elf .elf 
out/bin/out_4_71.elf .elf 
out/bin/out_4_135.elf .elf 
out/bin/out_4_131.elf .elf 
out/bin/out_4_175.elf .elf 
out/bin/out_4_119.elf .elf 
out/bin/out_4_163.elf .elf 
out/bin/out_4_39.elf .elf 
out/bin/out_4_183.elf .elf 
out/bin/out_4_147.elf .elf 
out/bin/out_4_19.elf .elf 
out/bin/out_4_115.elf .elf 
out/bin/out_4_171.elf .elf 
out/bin/out_4_151.elf .elf 
out/bin/out_4_187.elf .elf 
out/bin/out_4_79.elf .elf 
out/bin/out_4_155.elf .elf 
out/bin/out_4_179.elf .elf 
out/bin/out_4_75.elf .elf 
out/bin/out_4_55.elf .elf 
out/bin/out_4_99.elf .elf 
out/west/bin/out_7_0.elf .elf 
out/west/bin/out_2_0.elf .elf 
out/west/bin/out_3_0.elf .elf 
out/west/bin/out_0_0.elf .elf 
out/west/bin/out_5_0.elf .elf 
out/west/bin/out_4_0.elf .elf 
out/west/bin/out_1_0.elf .elf 
out/west/bin/out_6_0.elf .elf 
out/east/bin/out_5_0.elf .elf 
out/east/bin/out_2_0.elf .elf 
out/east/bin/out_0_0.elf .elf 
out/east/bin/out_3_0.elf .elf 
out/east/bin/out_4_0.elf .elf 
out/east/bin/out_1_0.elf .elf 
out/west/bin  
out/west/out.json .json 
out/east/bin  
out/east/out.json .json 
Reading file out/out.json
Reading file out/bin/out_rpc.json
Reading file out/west/out.json
Reading file out/east/out.json
fab w,h = 757,996
Kernel x,y w,h = 4,1 700,700
memcpy x,y w,h = 1,1 705,700
Traceback (most recent call last):
  File "./run.py", line 114, in <module>
    np.testing.assert_allclose(C_expected, C, rtol=1e-05, atol=1e-06)
  File "/python/python-x86_64/lib/python3.8/site-packages/numpy/testing/_private/utils.py", line 1592, in assert_allclose
    assert_array_compare(compare, actual, desired, err_msg=str(err_msg),
  File "/cb/toolchains/buildroot/monolith-default/202402082122-236-081a464e/rootfs-x86_64/usr/lib/python3.8/contextlib.py", line 75, in inner
    return func(*args, **kwds)
  File "/python/python-x86_64/lib/python3.8/site-packages/numpy/testing/_private/utils.py", line 862, in assert_array_compare
    raise AssertionError(msg)
AssertionError: 
Not equal to tolerance rtol=1e-05, atol=1e-06

Mismatched elements: 31907 / 1082410000 (0.00295%)
Max absolute difference: 0.11914062
Max relative difference: 1.44643855e-05
 x: array([[8187.292 , 8139.5625, 8174.8774, ..., 8195.304 , 8218.241 ,
        8168.6396],
       [8254.345 , 8210.403 , 8235.061 , ..., 8254.247 , 8289.694 ,...
 y: array([[8187.273 , 8139.537 , 8174.941 , ..., 8195.272 , 8218.251 ,
        8168.647 ],
       [8254.345 , 8210.384 , 8235.074 , ..., 8254.258 , 8289.686 ,...
