Timestamps transfer done
211338.8211764706
Traceback (most recent call last):
  File "./run.py", line 166, in <module>
    np.testing.assert_allclose(C_expected, C, rtol=1e-05, atol=1e-06)
  File "/python/python-x86_64/lib/python3.8/site-packages/numpy/testing/_private/utils.py", line 1592, in assert_allclose
    assert_array_compare(compare, actual, desired, err_msg=str(err_msg),
  File "/cb/toolchains/buildroot/monolith-default/202403181828-238-5e1418a5/rootfs-x86_64/usr/lib/python3.8/contextlib.py", line 75, in inner
    return func(*args, **kwds)
  File "/python/python-x86_64/lib/python3.8/site-packages/numpy/testing/_private/utils.py", line 862, in assert_array_compare
    raise AssertionError(msg)
AssertionError: 
Not equal to tolerance rtol=1e-05, atol=1e-06

Mismatched elements: 21898 / 761760000 (0.00287%)
Max absolute difference: 0.10009766
Max relative difference: 1.4528036e-05
 x: array([[6883.1006, 6861.265 , 6839.662 , ..., 6934.766 , 6879.807 ,
        6872.349 ],
       [6936.335 , 6945.5596, 6891.0513, ..., 6980.7446, 6911.1763,...
 y: array([[6883.0854, 6861.2495, 6839.645 , ..., 6934.7407, 6879.8213,
        6872.341 ],
       [6936.343 , 6945.527 , 6891.045 , ..., 6980.7427, 6911.2017,...
Program completed in: 00:11:56
