@0 GITREV=f03c8e31a208070842975ce20c951fbe74e36afa, GITCLEAN=1
@0 Create from size nx=11 ny=5
@0 dimX=11, dimY=5
@0 Invocation key is: sim2C7FEF43F148735741BFF7D61231500F
@0 Plan key is: plan1CF4D8CCB45EFFA425EC354E2F44B708
@0 SimTraceCtf, flags:  wavelets=0 landing=1 inst=1 switch_positions=0 stalls=1
@0 P0.0 (hwtile) tile trace flag: inst_trace,landing,stalls
@0 P1.0 (hwtile) tile trace flag: inst_trace,landing,stalls
@0 P2.0 (hwtile) tile trace flag: inst_trace,landing,stalls
@0 P3.0 (hwtile) tile trace flag: inst_trace,landing,stalls
@0 P4.0 (hwtile) tile trace flag: inst_trace,landing,stalls
@0 P5.0 (hwtile) tile trace flag: inst_trace,landing,stalls
@0 P6.0 (hwtile) tile trace flag: inst_trace,landing,stalls
@0 P7.0 (hwtile) tile trace flag: inst_trace,landing,stalls
@0 P8.0 (hwtile) tile trace flag: inst_trace,landing,stalls
@0 P9.0 (hwtile) tile trace flag: inst_trace,landing,stalls
@0 P10.0 (hwtile) tile trace flag: inst_trace,landing,stalls
@0 P0.1 (hwtile) tile trace flag: inst_trace,landing,stalls
@0 P1.1 (hwtile) tile trace flag: inst_trace,landing,stalls
@0 P2.1 (hwtile) tile trace flag: inst_trace,landing,stalls
@0 P3.1 (hwtile) tile trace flag: inst_trace,landing,stalls
@0 P4.1 (hwtile) tile trace flag: inst_trace,landing,stalls
@0 P5.1 (hwtile) tile trace flag: inst_trace,landing,stalls
@0 P6.1 (hwtile) tile trace flag: inst_trace,landing,stalls
@0 P7.1 (hwtile) tile trace flag: inst_trace,landing,stalls
@0 P8.1 (hwtile) tile trace flag: inst_trace,landing,stalls
@0 P9.1 (hwtile) tile trace flag: inst_trace,landing,stalls
@0 P10.1 (hwtile) tile trace flag: inst_trace,landing,stalls
@0 P0.2 (hwtile) tile trace flag: inst_trace,landing,stalls
@0 P1.2 (hwtile) tile trace flag: inst_trace,landing,stalls
@0 P2.2 (hwtile) tile trace flag: inst_trace,landing,stalls
@0 P3.2 (hwtile) tile trace flag: inst_trace,landing,stalls
@0 P4.2 (hwtile) tile trace flag: inst_trace,landing,stalls
@0 P5.2 (hwtile) tile trace flag: inst_trace,landing,stalls
@0 P6.2 (hwtile) tile trace flag: inst_trace,landing,stalls
@0 P7.2 (hwtile) tile trace flag: inst_trace,landing,stalls
@0 P8.2 (hwtile) tile trace flag: inst_trace,landing,stalls
@0 P9.2 (hwtile) tile trace flag: inst_trace,landing,stalls
@0 P10.2 (hwtile) tile trace flag: inst_trace,landing,stalls
@0 P0.3 (hwtile) tile trace flag: inst_trace,landing,stalls
@0 P1.3 (hwtile) tile trace flag: inst_trace,landing,stalls
@0 P2.3 (hwtile) tile trace flag: inst_trace,landing,stalls
@0 P3.3 (hwtile) tile trace flag: inst_trace,landing,stalls
@0 P4.3 (hwtile) tile trace flag: inst_trace,landing,stalls
@0 P5.3 (hwtile) tile trace flag: inst_trace,landing,stalls
@0 P6.3 (hwtile) tile trace flag: inst_trace,landing,stalls
@0 P7.3 (hwtile) tile trace flag: inst_trace,landing,stalls
@0 P8.3 (hwtile) tile trace flag: inst_trace,landing,stalls
@0 P9.3 (hwtile) tile trace flag: inst_trace,landing,stalls
@0 P10.3 (hwtile) tile trace flag: inst_trace,landing,stalls
@0 P0.4 (hwtile) tile trace flag: inst_trace,landing,stalls
@0 P1.4 (hwtile) tile trace flag: inst_trace,landing,stalls
@0 P2.4 (hwtile) tile trace flag: inst_trace,landing,stalls
@0 P3.4 (hwtile) tile trace flag: inst_trace,landing,stalls
@0 P4.4 (hwtile) tile trace flag: inst_trace,landing,stalls
@0 P5.4 (hwtile) tile trace flag: inst_trace,landing,stalls
@0 P6.4 (hwtile) tile trace flag: inst_trace,landing,stalls
@0 P7.4 (hwtile) tile trace flag: inst_trace,landing,stalls
@0 P8.4 (hwtile) tile trace flag: inst_trace,landing,stalls
@0 P9.4 (hwtile) tile trace flag: inst_trace,landing,stalls
@0 P10.4 (hwtile) tile trace flag: inst_trace,landing,stalls
@0 LW0 (nul) tile trace flag: inst_trace,landing,stalls
@0 LW1 (iotile) tile trace flag: inst_trace,landing,stalls
@0 LW2 (nul) tile trace flag: inst_trace,landing,stalls
@0 LW3 (iotile) tile trace flag: inst_trace,landing,stalls
@0 LW4 (nul) tile trace flag: inst_trace,landing,stalls
@0 LE0 (nul) tile trace flag: inst_trace,landing,stalls
@0 LE1 (nul) tile trace flag: inst_trace,landing,stalls
@0 LE2 (iotile) tile trace flag: inst_trace,landing,stalls
@0 LE3 (iotile) tile trace flag: inst_trace,landing,stalls
@0 LE4 (nul) tile trace flag: inst_trace,landing,stalls
@0 LN0 (nul) tile trace flag: inst_trace,landing,stalls
@0 LN1 (nul) tile trace flag: inst_trace,landing,stalls
@0 LN2 (nul) tile trace flag: inst_trace,landing,stalls
@0 LN3 (nul) tile trace flag: inst_trace,landing,stalls
@0 LN4 (nul) tile trace flag: inst_trace,landing,stalls
@0 LN5 (nul) tile trace flag: inst_trace,landing,stalls
@0 LN6 (nul) tile trace flag: inst_trace,landing,stalls
@0 LN7 (nul) tile trace flag: inst_trace,landing,stalls
@0 LN8 (nul) tile trace flag: inst_trace,landing,stalls
@0 LN9 (nul) tile trace flag: inst_trace,landing,stalls
@0 LN10 (nul) tile trace flag: inst_trace,landing,stalls
@0 LS0 (nul) tile trace flag: inst_trace,landing,stalls
@0 LS1 (nul) tile trace flag: inst_trace,landing,stalls
@0 LS2 (nul) tile trace flag: inst_trace,landing,stalls
@0 LS3 (nul) tile trace flag: inst_trace,landing,stalls
@0 LS4 (nul) tile trace flag: inst_trace,landing,stalls
@0 LS5 (nul) tile trace flag: inst_trace,landing,stalls
@0 LS6 (nul) tile trace flag: inst_trace,landing,stalls
@0 LS7 (nul) tile trace flag: inst_trace,landing,stalls
@0 LS8 (nul) tile trace flag: inst_trace,landing,stalls
@0 LS9 (nul) tile trace flag: inst_trace,landing,stalls
@0 LS10 (nul) tile trace flag: inst_trace,landing,stalls
@0 Architecture is: FYN
@0 Simtile is: hwtile
@0 Sim stats: config-time=0.06, nodes=1, threads=5
@0 Sim stats: tiles=87, simulated_tiles=59, hwtile=55, iotile=4, nultile=28
@10161 Stopping due to user request
@10161 8112 cycles since an instruction was executed, 8141 cycles since a wavelet landed
@10161 Simulation used 1.33 seconds, init-time=0.14, total-time=1.48, cycles=10161, cyc/sec=7625.15, tile-cyc/sec=449884.12, tile-cyc/sec-thread=89976.82
@10161 CTF Stats: num_stalls_       =      5870342
@10161 CTF Stats: num_wavelets      =         2131
@10161 CTF Stats: num_inst_dispatch =        17258
@10161 CTF Stats: num_inst_pipe     =        34921
@10161 CTF Stats: num_switch_pos    =            0
