M: 1024, K: 1024, N: 1024, Mt: 16, Kt: 16, Nt: 16, Pr: 64, Cycle: 64, Pc: 64, channel: 2, buffer: 0
A matrix: 

[[0.2446 0.7068 0.7921 ... 0.8299 0.0198 0.4129]
 [0.4511 0.3834 0.5324 ... 0.1296 0.362  0.9327]
 [0.2577 0.8875 0.9253 ... 0.6704 0.4263 0.1933]
 ...
 [0.1604 0.1554 0.0095 ... 0.084  0.0354 0.5872]
 [0.7092 0.2323 0.3321 ... 0.0152 0.4745 0.0343]
 [0.9685 0.0048 0.8981 ... 0.7163 0.9376 0.8934]]
B matrix: 

[[0.617  0.1476 0.5679 ... 0.1076 0.6667 0.2247]
 [0.5782 0.1277 0.8859 ... 0.2294 0.5126 0.3485]
 [0.3691 0.3731 0.4626 ... 0.1166 0.3985 0.9497]
 ...
 [0.4577 0.6748 0.0134 ... 0.4996 0.437  0.4449]
 [0.6488 0.7112 0.8433 ... 0.6149 0.6481 0.2311]
 [0.1948 0.245  0.2153 ... 0.2922 0.7931 0.3024]]
RPC_SYNC DONE
C transfer done
Timestamps transfer done
[[254.4102  258.7547  258.07025 ... 255.47726 247.2583  253.31813]
 [250.80519 253.1114  257.75592 ... 250.07469 249.4232  255.21854]
 [252.53221 258.7569  258.36752 ... 259.33182 252.89648 255.13654]
 ...
 [261.0481  253.25554 263.3488  ... 250.53236 258.94284 258.04318]
 [245.05315 244.40544 248.75258 ... 246.7003  250.30576 249.26909]
 [267.3467  271.12878 270.2969  ... 261.53107 264.85886 263.6097 ]]
[[254.41032 258.75476 258.0703  ... 255.4773  247.25824 253.31805]
 [250.80527 253.1113  257.75586 ... 250.07465 249.423   255.2187 ]
 [252.53229 258.75693 258.36765 ... 259.33176 252.89664 255.1365 ]
 ...
 [261.04785 253.2555  263.34875 ... 250.53244 258.94287 258.04303]
 [245.05304 244.40556 248.7526  ... 246.70038 250.3058  249.26917]
 [267.34674 271.1288  270.29706 ... 261.5311  264.8589  263.60965]]
26262.970588235297
SUCCESS!
Program completed in: 00:01:25
channel=2
buffer=0