M: 1024, K: 1024, N: 1024, Mt: 16, Kt: 16, Nt: 16, Pr: 64, Cycle: 64, Pc: 64
A matrix: 

[[1.000000e+00 2.000000e+00 3.000000e+00 ... 1.022000e+03 1.023000e+03
  1.024000e+03]
 [1.025000e+03 1.026000e+03 1.027000e+03 ... 2.046000e+03 2.047000e+03
  2.048000e+03]
 [2.049000e+03 2.050000e+03 2.051000e+03 ... 3.070000e+03 3.071000e+03
  3.072000e+03]
 ...
 [1.045505e+06 1.045506e+06 1.045507e+06 ... 1.046526e+06 1.046527e+06
  1.046528e+06]
 [1.046529e+06 1.046530e+06 1.046531e+06 ... 1.047550e+06 1.047551e+06
  1.047552e+06]
 [1.047553e+06 1.047554e+06 1.047555e+06 ... 1.048574e+06 1.048575e+06
  1.048576e+06]]
B matrix: 

[[1.000000e+00 2.000000e+00 3.000000e+00 ... 1.022000e+03 1.023000e+03
  1.024000e+03]
 [1.025000e+03 1.026000e+03 1.027000e+03 ... 2.046000e+03 2.047000e+03
  2.048000e+03]
 [2.049000e+03 2.050000e+03 2.051000e+03 ... 3.070000e+03 3.071000e+03
  3.072000e+03]
 ...
 [1.045505e+06 1.045506e+06 1.045507e+06 ... 1.046526e+06 1.046527e+06
  1.046528e+06]
 [1.046529e+06 1.046530e+06 1.046531e+06 ... 1.047550e+06 1.047551e+06
  1.047552e+06]
 [1.047553e+06 1.047554e+06 1.047555e+06 ... 1.048574e+06 1.048575e+06
  1.048576e+06]]
RPC_SYNC DONE
C transfer done
Timestamps transfer done
[[3.6650415e+11 3.6650428e+11 3.6650523e+11 ... 3.6703918e+11
  3.6704050e+11 3.6704053e+11]
 [9.1572358e+11 9.1572542e+11 9.1572706e+11 ... 9.1733053e+11
  9.1733098e+11 9.1733361e+11]
 [1.4649444e+12 1.4649465e+12 1.4649493e+12 ... 1.4676193e+12
  1.4676230e+12 1.4676268e+12]
 ...
 [5.6112006e+14 5.6112120e+14 5.6112224e+14 ... 5.6221380e+14
  5.6221484e+14 5.6221588e+14]
 [5.6166895e+14 5.6166995e+14 5.6167099e+14 ... 5.6276379e+14
  5.6276490e+14 5.6276587e+14]
 [5.6221847e+14 5.6221954e+14 5.6222082e+14 ... 5.6331435e+14
  5.6331543e+14 5.6331643e+14]]
[[3.6650402e+11 3.6650438e+11 3.6650523e+11 ... 3.6703981e+11
  3.6704046e+11 3.6704059e+11]
 [9.1572365e+11 9.1572535e+11 9.1572706e+11 ... 9.1733059e+11
  9.1733138e+11 9.1733308e+11]
 [1.4649443e+12 1.4649464e+12 1.4649493e+12 ... 1.4676212e+12
  1.4676231e+12 1.4676260e+12]
 ...
 [5.6112016e+14 5.6112124e+14 5.6112224e+14 ... 5.6221374e+14
  5.6221481e+14 5.6221585e+14]
 [5.6166918e+14 5.6167019e+14 5.6167126e+14 ... 5.6276406e+14
  5.6276507e+14 5.6276611e+14]
 [5.6221853e+14 5.6221957e+14 5.6222068e+14 ... 5.6331435e+14
  5.6331550e+14 5.6331650e+14]]
29014.30823529412
SUCCESS!
Program completed in: 00:01:25
channel=2
buffer=0