M: 1024, K: 1024, N: 1024, Mt: 16, Kt: 16, Nt: 16, Pr: 64, Cycle: 64, Pc: 64
A matrix: 

[[0.396  0.7262 0.531  ... 0.5012 0.0702 0.974 ]
 [0.1724 0.3393 0.5724 ... 0.5592 0.5092 0.447 ]
 [0.4598 0.1787 0.4741 ... 0.0269 0.9015 0.566 ]
 ...
 [0.3493 0.0199 0.3138 ... 0.1673 0.217  0.8627]
 [0.1187 0.5428 0.6281 ... 0.9084 0.1405 0.8931]
 [0.0816 0.2105 0.929  ... 0.6277 0.1085 0.1109]]
B matrix: 

[[0.7146 0.8105 0.0354 ... 0.5666 0.7066 0.6232]
 [0.6272 0.9554 0.1118 ... 0.2711 0.4175 0.8187]
 [0.584  0.3767 0.0376 ... 0.3298 0.7893 0.1663]
 ...
 [0.963  0.5363 0.3121 ... 0.2848 0.1989 0.2219]
 [0.4155 0.7796 0.1738 ... 0.2836 0.5608 0.991 ]
 [0.5052 0.8566 0.9323 ... 0.2941 0.1073 0.1938]]
RPC_SYNC DONE
C transfer done
Timestamps transfer done
[[260.4115  259.72574 262.36066 ... 253.1572  256.43164 246.19714]
 [257.11124 262.6775  255.34358 ... 250.9797  255.95186 245.85162]
 [255.909   257.7534  254.37572 ... 251.74518 253.3812  244.9037 ]
 ...
 [259.1027  266.22134 255.06638 ... 253.39825 257.3527  249.55252]
 [257.47342 257.02747 258.3824  ... 254.76418 256.3498  250.25972]
 [259.2611  263.08466 265.25204 ... 257.18967 259.38486 257.57208]]
[[260.4114  259.72574 262.36093 ... 253.1573  256.43176 246.19705]
 [257.11115 262.67737 255.34346 ... 250.97995 255.95172 245.85168]
 [255.90906 257.75357 254.37567 ... 251.74504 253.38129 244.90356]
 ...
 [259.10272 266.22128 255.06638 ... 253.39825 257.35266 249.55255]
 [257.47345 257.02753 258.38257 ... 254.76416 256.34973 250.2598 ]
 [259.26123 263.08463 265.25186 ... 257.18988 259.3849  257.5722 ]]
39069.29529411765
SUCCESS!
Program completed in: 00:01:25
channel=5
buffer=0