M: 1024, K: 1024, N: 1024, Mt: 16, Kt: 16, Nt: 16, Pr: 64, Cycle: 64, Pc: 64
A matrix: 

[[0.0419 0.0901 0.3975 ... 0.1453 0.2645 0.0488]
 [0.5052 0.8613 0.7306 ... 0.7228 0.8067 0.3799]
 [0.8883 0.2377 0.2251 ... 0.5735 0.3841 0.8743]
 ...
 [0.9112 0.1548 0.9629 ... 0.7739 0.3291 0.2123]
 [0.644  0.0346 0.9368 ... 0.2706 0.2434 0.247 ]
 [0.143  0.7264 0.5291 ... 0.159  0.8568 0.4792]]
B matrix: 

[[0.9046 0.9094 0.173  ... 0.6396 0.3573 0.4044]
 [0.8551 0.0646 0.5446 ... 0.7968 0.2625 0.9622]
 [0.7635 0.5888 0.5074 ... 0.104  0.524  0.7413]
 ...
 [0.5631 0.5466 0.4752 ... 0.6004 0.3268 0.8397]
 [0.0082 0.5217 0.1311 ... 0.0179 0.1219 0.8255]
 [0.0898 0.2255 0.6857 ... 0.7623 0.4158 0.8241]]
RPC_SYNC DONE
C transfer done
Timestamps transfer done
[[255.41399 244.94739 254.57639 ... 257.74463 254.0461  247.51762]
 [251.61848 237.17812 248.43637 ... 257.95944 248.19382 246.04143]
 [249.7684  246.35179 255.82234 ... 260.0839  251.51172 253.93054]
 ...
 [258.12616 258.64783 264.73434 ... 264.88248 256.39108 258.23645]
 [255.69789 248.1342  257.50592 ... 257.95706 254.27599 245.43213]
 [247.33585 246.38011 252.76201 ... 255.0638  255.17033 248.17867]]
[[255.41418 244.94748 254.57657 ... 257.74454 254.04622 247.51746]
 [251.6185  237.17813 248.43631 ... 257.9595  248.19397 246.04134]
 [249.7683  246.35176 255.82199 ... 260.0841  251.5116  253.93045]
 ...
 [258.1262  258.648   264.73438 ... 264.8825  256.39105 258.23657]
 [255.69783 248.13431 257.5057  ... 257.95712 254.27585 245.43207]
 [247.33585 246.38019 252.76202 ... 255.06381 255.1702  248.17871]]
25731.42117647059
SUCCESS!
Program completed in: 00:01:25
channel=2
buffer=0